-----------------------------------------------------------------
[12792] 2017/12/12 11:45:47.954 Connect Server: FORT03.capital.com.tw 443
[12792] 2017/12/12 11:45:51.582 SK_SUBJECT_CONNECTION_CONNECTED메Code: 0
[12792] 2017/12/12 11:45:52.503 OnConnect ( 3001 , 0 ) 
[12792] 2017/12/12 11:45:56.802 SKOSQuoteLib_RequestKLine (,0)
[12792] 2017/12/12 11:45:56.802 KLine Format Error !
[12792] 2017/12/12 11:45:56.807 SKOSQuoteLib_RequestKLine (,1)
[12792] 2017/12/12 11:45:56.807 KLine Format Error !
[12796] 2017/12/12 12:01:25.927 Connect Server: FORT03.capital.com.tw 443
[12796] 2017/12/12 12:01:29.149 SK_SUBJECT_CONNECTION_CONNECTED메Code: 0
[12796] 2017/12/12 12:01:29.933 OnConnect ( 3001 , 0 ) 
[12796] 2017/12/12 12:01:36.248 SKOSQuoteLib_RequestKLine (,0)
[12796] 2017/12/12 12:01:36.248 KLine Format Error !
[12796] 2017/12/12 12:01:36.257 SKOSQuoteLib_RequestKLine (,1)
[12796] 2017/12/12 12:01:36.257 KLine Format Error !
[8880] 2017/12/12 12:03:36.944 Connect Server: FORT03.capital.com.tw 443
[8880] 2017/12/12 12:03:40.193 SK_SUBJECT_CONNECTION_CONNECTED메Code: 0
[8880] 2017/12/12 12:03:41.158 OnConnect ( 3001 , 0 ) 
[8880] 2017/12/12 12:03:47.212 SKOSQuoteLib_RequestKLine (,0)
[8880] 2017/12/12 12:03:47.213 KLine Format Error !
[8880] 2017/12/12 12:03:47.217 SKOSQuoteLib_RequestKLine (,1)
[8880] 2017/12/12 12:03:47.217 KLine Format Error !
[15920] 2017/12/12 12:09:43.229 Connect Server: FORT14.capital.com.tw 443
[15920] 2017/12/12 12:09:46.501 SK_SUBJECT_CONNECTION_CONNECTED메Code: 0
[15920] 2017/12/12 12:09:47.411 OnConnect ( 3001 , 0 ) 
[15920] 2017/12/12 12:09:51.545 SKOSQuoteLib_RequestKLine (,0)
[15920] 2017/12/12 12:09:51.545 KLine Format Error !
[15920] 2017/12/12 12:09:51.550 SKOSQuoteLib_RequestKLine (,1)
[15920] 2017/12/12 12:09:51.550 KLine Format Error !
[15920] 2017/12/12 12:12:23.271 SK_SUBJECT_CONNECTION_DISCONNECT메Code: 10054
[15920] 2017/12/12 12:12:23.273 OnConnect ( 3002 , 10054 ) 
[9656] 2017/12/12 12:15:46.169 Connect Server: FORT03.capital.com.tw 443
[9656] 2017/12/12 12:15:49.415 SK_SUBJECT_CONNECTION_CONNECTED메Code: 0
[9656] 2017/12/12 12:15:50.325 OnConnect ( 3001 , 0 ) 
[13308] 2017/12/12 12:16:37.020 Connect Server: FORT03.capital.com.tw 443
[13308] 2017/12/12 12:16:40.117 SK_SUBJECT_CONNECTION_CONNECTED메Code: 0
[13308] 2017/12/12 12:16:41.063 OnConnect ( 3001 , 0 ) 
[13308] 2017/12/12 12:16:47.297 SKOSQuoteLib_RequestKLine (,0)
[13308] 2017/12/12 12:16:47.297 KLine Format Error !
[13308] 2017/12/12 12:16:47.300 SKOSQuoteLib_RequestKLine (,1)
[13308] 2017/12/12 12:16:47.300 KLine Format Error !
[11700] 2017/12/12 12:19:38.087 Connect Server: FORT14.capital.com.tw 443
[11700] 2017/12/12 12:19:46.650 SK_SUBJECT_CONNECTION_CONNECTED메Code: 0
[11700] 2017/12/12 12:19:47.111 OnConnect ( 3001 , 0 ) 
[11700] 2017/12/12 12:19:52.440 SKOSQuoteLib_RequestKLine (,0)
[11700] 2017/12/12 12:19:52.440 KLine Format Error !
[11700] 2017/12/12 12:19:52.443 SKOSQuoteLib_RequestKLine (,1)
[11700] 2017/12/12 12:19:52.443 KLine Format Error !
[11700] 2017/12/12 12:22:23.396 SK_SUBJECT_CONNECTION_DISCONNECT메Code: 10054
[11700] 2017/12/12 12:22:23.397 OnConnect ( 3002 , 10054 ) 
[15484] 2017/12/12 12:33:06.532 Connect Server: FORT14.capital.com.tw 443
[15484] 2017/12/12 12:33:09.891 SK_SUBJECT_CONNECTION_CONNECTED메Code: 0
[15484] 2017/12/12 12:33:10.789 OnConnect ( 3001 , 0 ) 
[15484] 2017/12/12 12:33:15.054 SKOSQuoteLib_RequestKLine (,0)
[15484] 2017/12/12 12:33:15.054 KLine Format Error !
[15484] 2017/12/12 12:33:15.058 SKOSQuoteLib_RequestKLine (,1)
[15484] 2017/12/12 12:33:15.058 KLine Format Error !
[10440] 2017/12/12 12:35:54.710 Connect Server: FORT03.capital.com.tw 443
[10440] 2017/12/12 12:35:57.944 SK_SUBJECT_CONNECTION_CONNECTED메Code: 0
[10440] 2017/12/12 12:35:58.843 OnConnect ( 3001 , 0 ) 
[10440] 2017/12/12 12:36:03.155 SKOSQuoteLib_RequestKLine (,0)
[10440] 2017/12/12 12:36:03.155 KLine Format Error !
[10440] 2017/12/12 12:36:03.159 SKOSQuoteLib_RequestKLine (,1)
[10440] 2017/12/12 12:36:03.159 KLine Format Error !
[15180] 2017/12/12 12:36:37.965 Connect Server: FORT03.capital.com.tw 443
[15180] 2017/12/12 12:36:41.112 SK_SUBJECT_CONNECTION_CONNECTED메Code: 0
[15180] 2017/12/12 12:36:42.064 OnConnect ( 3001 , 0 ) 
[15180] 2017/12/12 12:36:49.413 SKOSQuoteLib_RequestKLine (,0)
[15180] 2017/12/12 12:36:49.413 KLine Format Error !
[15180] 2017/12/12 12:36:49.417 SKOSQuoteLib_RequestKLine (,1)
[15180] 2017/12/12 12:36:49.417 KLine Format Error !
[15180] 2017/12/12 12:39:17.471 SK_SUBJECT_CONNECTION_DISCONNECT메Code: 10054
[15180] 2017/12/12 12:39:17.473 OnConnect ( 3002 , 10054 ) 
[7640] 2017/12/12 12:43:09.364 Connect Server: FORT14.capital.com.tw 443
[7640] 2017/12/12 12:43:12.863 SK_SUBJECT_CONNECTION_CONNECTED메Code: 0
[7640] 2017/12/12 12:43:13.742 OnConnect ( 3001 , 0 ) 
[7640] 2017/12/12 12:43:17.946 SKOSQuoteLib_RequestKLine (,0)
[7640] 2017/12/12 12:43:17.946 KLine Format Error !
[7640] 2017/12/12 12:43:17.950 SKOSQuoteLib_RequestKLine (,1)
[7640] 2017/12/12 12:43:17.950 KLine Format Error !
[15852] 2017/12/12 12:44:15.949 Connect Server: FORT14.capital.com.tw 443
[15852] 2017/12/12 12:44:19.139 SK_SUBJECT_CONNECTION_CONNECTED메Code: 0
[15852] 2017/12/12 12:44:20.090 OnConnect ( 3001 , 0 ) 
[15852] 2017/12/12 12:44:26.698 SKOSQuoteLib_RequestKLine (,0)
[15852] 2017/12/12 12:44:26.698 KLine Format Error !
[15852] 2017/12/12 12:44:26.702 SKOSQuoteLib_RequestKLine (,1)
[15852] 2017/12/12 12:44:26.703 KLine Format Error !
[15372] 2017/12/12 12:46:32.614 Connect Server: FORT14.capital.com.tw 443
[15372] 2017/12/12 12:46:35.997 SK_SUBJECT_CONNECTION_CONNECTED메Code: 0
[15372] 2017/12/12 12:46:36.908 OnConnect ( 3001 , 0 ) 
[15372] 2017/12/12 12:46:43.856 SKOSQuoteLib_RequestKLine (,0)
[15372] 2017/12/12 12:46:43.856 KLine Format Error !
[15372] 2017/12/12 12:46:43.859 SKOSQuoteLib_RequestKLine (,1)
[15372] 2017/12/12 12:46:43.859 KLine Format Error !
[11332] 2017/12/12 15:02:02.699 Connect Server: FORT03.capital.com.tw 443
[11332] 2017/12/12 15:02:06.320 SK_SUBJECT_CONNECTION_CONNECTED메Code: 0
[11332] 2017/12/12 15:02:07.245 OnConnect ( 3001 , 0 ) 
[11332] 2017/12/12 15:02:11.557 SKOSQuoteLib_RequestKLine (,0)
[11332] 2017/12/12 15:02:11.557 KLine Format Error !
[11332] 2017/12/12 15:02:11.561 SKOSQuoteLib_RequestKLine (,1)
[11332] 2017/12/12 15:02:11.561 KLine Format Error !
[14064] 2017/12/12 15:03:35.879 Connect Server: FORT03.capital.com.tw 443
[14064] 2017/12/12 15:03:39.267 SK_SUBJECT_CONNECTION_CONNECTED메Code: 0
[14064] 2017/12/12 15:03:40.233 OnConnect ( 3001 , 0 ) 
[12852] 2017/12/12 15:07:07.673 Connect Server: FORT14.capital.com.tw 443
[12852] 2017/12/12 15:07:11.344 SK_SUBJECT_CONNECTION_CONNECTED메Code: 0
[12852] 2017/12/12 15:07:12.247 OnConnect ( 3001 , 0 ) 
[12852] 2017/12/12 15:07:50.438 SKOSQuoteLib_RequestKLine (,0)
[12852] 2017/12/12 15:07:50.438 KLine Format Error !
[12852] 2017/12/12 15:07:50.441 SKOSQuoteLib_RequestKLine (,1)
[12852] 2017/12/12 15:07:50.441 KLine Format Error !
[12636] 2017/12/12 15:15:49.140 Connect Server: FORT14.capital.com.tw 443
[12636] 2017/12/12 15:15:53.765 SK_SUBJECT_CONNECTION_CONNECTED메Code: 0
[12636] 2017/12/12 15:15:54.358 OnConnect ( 3001 , 0 ) 
[12636] 2017/12/12 15:15:59.347 SKOSQuoteLib_RequestKLine (,0)
[12636] 2017/12/12 15:15:59.347 KLine Format Error !
[12636] 2017/12/12 15:15:59.350 SKOSQuoteLib_RequestKLine (,1)
[12636] 2017/12/12 15:15:59.350 KLine Format Error !
[11388] 2017/12/12 15:23:50.380 Connect Server: FORT14.capital.com.tw 443
[11388] 2017/12/12 15:23:53.569 SK_SUBJECT_CONNECTION_CONNECTED메Code: 0
[11388] 2017/12/12 15:23:54.411 OnConnect ( 3001 , 0 ) 
[11388] 2017/12/12 15:24:42.963 SKOSQuoteLib_RequestKLine (,0)
[11388] 2017/12/12 15:24:42.963 KLine Format Error !
[11388] 2017/12/12 15:24:42.966 SKOSQuoteLib_RequestKLine (,1)
[11388] 2017/12/12 15:24:42.967 KLine Format Error !
[15364] 2017/12/12 15:27:00.307 Connect Server: FORT14.capital.com.tw 443
[15364] 2017/12/12 15:27:04.037 SK_SUBJECT_CONNECTION_CONNECTED메Code: 0
[15364] 2017/12/12 15:27:04.872 OnConnect ( 3001 , 0 ) 
[15364] 2017/12/12 15:27:09.313 SKOSQuoteLib_RequestKLine (,0)
[15364] 2017/12/12 15:27:09.314 KLine Format Error !
[15364] 2017/12/12 15:27:09.318 SKOSQuoteLib_RequestKLine (,1)
[15364] 2017/12/12 15:27:09.318 KLine Format Error !
[13372] 2017/12/12 15:28:54.635 Connect Server: FORT14.capital.com.tw 443
[13372] 2017/12/12 15:28:58.301 SK_SUBJECT_CONNECTION_CONNECTED메Code: 0
[13372] 2017/12/12 15:28:59.160 OnConnect ( 3001 , 0 ) 
[13372] 2017/12/12 15:29:05.290 SKOSQuoteLib_RequestKLine (,0)
[13372] 2017/12/12 15:29:05.290 KLine Format Error !
[13372] 2017/12/12 15:29:05.294 SKOSQuoteLib_RequestKLine (,1)
[13372] 2017/12/12 15:29:05.294 KLine Format Error !
[13832] 2017/12/12 15:35:58.115 Connect Server: FORT14.capital.com.tw 443
[13832] 2017/12/12 15:36:01.615 SK_SUBJECT_CONNECTION_CONNECTED메Code: 0
[13832] 2017/12/12 15:36:02.437 OnConnect ( 3001 , 0 ) 
[13832] 2017/12/12 15:36:06.656 SKOSQuoteLib_RequestKLine (,0)
[13832] 2017/12/12 15:36:06.656 KLine Format Error !
[13832] 2017/12/12 15:36:06.660 SKOSQuoteLib_RequestKLine (,1)
[13832] 2017/12/12 15:36:06.660 KLine Format Error !
[16260] 2017/12/12 17:37:36.607 Connect Server: FORT14.capital.com.tw 443
[16260] 2017/12/12 17:37:40.737 SK_SUBJECT_CONNECTION_CONNECTED메Code: 0
[16260] 2017/12/12 17:37:41.545 OnConnect ( 3001 , 0 ) 
[16260] 2017/12/12 17:37:48.003 SKOSQuoteLib_RequestKLine (,0)
[16260] 2017/12/12 17:37:48.003 KLine Format Error !
[16260] 2017/12/12 17:37:48.007 SKOSQuoteLib_RequestKLine (,1)
[16260] 2017/12/12 17:37:48.007 KLine Format Error !
[13856] 2017/12/12 17:38:49.257 Connect Server: FORT14.capital.com.tw 443
[13856] 2017/12/12 17:38:53.046 SK_SUBJECT_CONNECTION_CONNECTED메Code: 0
[13856] 2017/12/12 17:38:54.002 OnConnect ( 3001 , 0 ) 
[13856] 2017/12/12 17:39:02.324 SKOSQuoteLib_RequestKLine (,0)
[13856] 2017/12/12 17:39:02.324 KLine Format Error !
[13856] 2017/12/12 17:39:02.329 SKOSQuoteLib_RequestKLine (,1)
[13856] 2017/12/12 17:39:02.329 KLine Format Error !
[12748] 2017/12/12 17:40:50.553 Connect Server: FORT14.capital.com.tw 443
[12748] 2017/12/12 17:40:54.455 SK_SUBJECT_CONNECTION_CONNECTED메Code: 0
[12748] 2017/12/12 17:40:55.366 OnConnect ( 3001 , 0 ) 
[12748] 2017/12/12 17:40:59.569 SKOSQuoteLib_RequestKLine (,0)
[12748] 2017/12/12 17:40:59.570 KLine Format Error !
[12748] 2017/12/12 17:40:59.572 SKOSQuoteLib_RequestKLine (,1)
[12748] 2017/12/12 17:40:59.572 KLine Format Error !
[4836] 2017/12/12 17:43:01.264 Connect Server: FORT03.capital.com.tw 443
[4836] 2017/12/12 17:43:04.696 SK_SUBJECT_CONNECTION_CONNECTED메Code: 0
[4836] 2017/12/12 17:43:05.572 OnConnect ( 3001 , 0 ) 
[4836] 2017/12/12 17:43:14.191 SKOSQuoteLib_RequestKLine (,0)
[4836] 2017/12/12 17:43:14.191 KLine Format Error !
[4836] 2017/12/12 17:43:14.198 SKOSQuoteLib_RequestKLine (,1)
[4836] 2017/12/12 17:43:14.198 KLine Format Error !
[14324] 2017/12/12 17:58:39.822 Connect Server: FORT03.capital.com.tw 443
[14324] 2017/12/12 17:58:43.302 SK_SUBJECT_CONNECTION_CONNECTED메Code: 0
[14324] 2017/12/12 17:58:44.179 OnConnect ( 3001 , 0 ) 
[14324] 2017/12/12 17:58:48.311 SKOSQuoteLib_RequestKLine (,0)
[14324] 2017/12/12 17:58:48.311 KLine Format Error !
[14324] 2017/12/12 17:58:48.316 SKOSQuoteLib_RequestKLine (,1)
[14324] 2017/12/12 17:58:48.316 KLine Format Error !
[9684] 2017/12/12 17:59:21.164 Connect Server: FORT03.capital.com.tw 443
[9684] 2017/12/12 17:59:24.357 SK_SUBJECT_CONNECTION_CONNECTED메Code: 0
[9684] 2017/12/12 17:59:25.310 OnConnect ( 3001 , 0 ) 
[15068] 2017/12/12 18:00:48.813 Connect Server: FORT03.capital.com.tw 443
[15068] 2017/12/12 18:00:51.999 SK_SUBJECT_CONNECTION_CONNECTED메Code: 0
[15068] 2017/12/12 18:00:52.951 OnConnect ( 3001 , 0 ) 
[15068] 2017/12/12 18:01:31.851 SKOSQuoteLib_RequestKLine (TX00,0)
[15068] 2017/12/12 18:01:31.851 KLine Format Error !
[15068] 2017/12/12 18:01:31.959 SKOSQuoteLib_RequestKLine (TX00,1)
[15068] 2017/12/12 18:01:31.959 KLine Format Error !
[15068] 2017/12/12 18:01:34.209 SKOSQuoteLib_RequestTicks (0,TX00)
[15068] 2017/12/12 18:01:34.209 StockNo Format Error 
[13204] 2017/12/12 19:51:00.777 Connect Server: FORT03.capital.com.tw 443
[13204] 2017/12/12 19:51:09.794 SK_SUBJECT_CONNECTION_CONNECTED메Code: 0
[13204] 2017/12/12 19:51:10.721 OnConnect ( 3001 , 0 ) 
[13204] 2017/12/12 19:51:16.992 SKOSQuoteLib_RequestKLine (,0)
[13204] 2017/12/12 19:51:16.992 KLine Format Error !
[13204] 2017/12/12 19:51:16.996 SKOSQuoteLib_RequestKLine (,1)
[13204] 2017/12/12 19:51:16.996 KLine Format Error !
[13204] 2017/12/12 19:53:46.186 SK_SUBJECT_CONNECTION_DISCONNECT메Code: 10054
[13204] 2017/12/12 19:53:46.187 OnConnect ( 3002 , 10054 ) 
[13204] 2017/12/12 19:55:18.947 SKOSQuoteLib_RequestKLine (TX00,0)
[13204] 2017/12/12 19:55:18.947 KLine Format Error !
[13204] 2017/12/12 19:55:19.036 SKOSQuoteLib_RequestKLine (TX00,1)
[13204] 2017/12/12 19:55:19.036 KLine Format Error !
[13204] 2017/12/12 19:55:21.766 SKOSQuoteLib_RequestTicks (0,TX00)
[13204] 2017/12/12 19:55:21.766 StockNo Format Error 
[13204] 2017/12/12 19:55:43.006 SKOSQuoteLib_RequestKLine (CME,ES_1712,0)
[13204] 2017/12/12 19:55:44.969 SKOSQuoteLib_RequestKLine (CME,ES_1712,1)
[13204] 2017/12/12 19:55:45.896 SKOSQuoteLib_RequestTicks (0,CME,ES_1712)
[15800] 2017/12/12 20:00:00.632 Connect Server: FORT14.capital.com.tw 443
[15800] 2017/12/12 20:00:04.059 SK_SUBJECT_CONNECTION_CONNECTED메Code: 0
[15800] 2017/12/12 20:00:04.970 OnConnect ( 3001 , 0 ) 
[15800] 2017/12/12 20:00:11.253 SKOSQuoteLib_RequestKLine (CME,ES_1712,0)
[15800] 2017/12/12 20:00:13.081 SKOSQuoteLib_RequestKLine (CME,ES_1712,1)
[15800] 2017/12/12 20:00:13.982 SKOSQuoteLib_RequestTicks (0,CME,ES_1712)
[15800] 2017/12/12 20:00:14.338 execute OnNotifyHistoryTicks event exception, please check it
[15800] 2017/12/12 20:00:14.421 execute OnNotifyHistoryTicks event exception, please check it
[15800] 2017/12/12 20:00:14.470 execute OnNotifyHistoryTicks event exception, please check it
[15800] 2017/12/12 20:00:14.490 execute OnNotifyHistoryTicks event exception, please check it
[15800] 2017/12/12 20:00:14.537 execute OnNotifyHistoryTicks event exception, please check it
[15800] 2017/12/12 20:00:14.627 execute OnNotifyHistoryTicks event exception, please check it
[15800] 2017/12/12 20:00:14.641 execute OnNotifyHistoryTicks event exception, please check it
[15800] 2017/12/12 20:00:14.648 execute OnNotifyHistoryTicks event exception, please check it
[15800] 2017/12/12 20:00:14.651 execute OnNotifyHistoryTicks event exception, please check it
[15800] 2017/12/12 20:00:14.678 execute OnNotifyHistoryTicks event exception, please check it
