-----------------------------------------------------------------
[15004] 2017/12/14 16:24:05.496 Connect Server: FORT14.capital.com.tw 443
[15004] 2017/12/14 16:24:09.026 SK_SUBJECT_CONNECTION_CONNECTED메Code: 0
[15004] 2017/12/14 16:24:09.944 OnConnect ( 3001 , 0 ) 
[6116] 2017/12/14 16:26:48.998 Connect Server: FORT14.capital.com.tw 443
[6116] 2017/12/14 16:26:52.192 SK_SUBJECT_CONNECTION_CONNECTED메Code: 0
[6116] 2017/12/14 16:26:53.146 OnConnect ( 3001 , 0 ) 
[15868] 2017/12/14 16:38:56.545 Connect Server: FORT14.capital.com.tw 443
[15868] 2017/12/14 16:38:59.743 SK_SUBJECT_CONNECTION_CONNECTED메Code: 0
[15868] 2017/12/14 16:39:00.650 OnConnect ( 3001 , 0 ) 
[11976] 2017/12/14 16:44:39.990 Connect Server: FORT03.capital.com.tw 443
[11976] 2017/12/14 16:44:43.311 SK_SUBJECT_CONNECTION_CONNECTED메Code: 0
[11976] 2017/12/14 16:44:44.229 OnConnect ( 3001 , 0 ) 
[15064] 2017/12/14 16:46:08.966 Connect Server: FORT03.capital.com.tw 443
[15064] 2017/12/14 16:46:12.351 SK_SUBJECT_CONNECTION_CONNECTED메Code: 0
[15064] 2017/12/14 16:46:13.332 OnConnect ( 3001 , 0 ) 
[13852] 2017/12/14 16:49:47.055 Connect Server: FORT14.capital.com.tw 443
[13852] 2017/12/14 16:49:50.471 SK_SUBJECT_CONNECTION_CONNECTED메Code: 0
[13852] 2017/12/14 16:49:51.377 OnConnect ( 3001 , 0 ) 
[13852] 2017/12/14 16:50:29.802 SKOSQuoteLib_RequestKLine (CME,ES_1712,0)
[13852] 2017/12/14 16:50:31.626 SKOSQuoteLib_RequestKLine (CME,ES_1712,1)
[13852] 2017/12/14 16:50:34.765 SKOSQuoteLib_RequestTicks (0,CME,ES_1712)
[13852] 2017/12/14 16:50:35.087 execute OnNotifyHistoryTicks event exception, please check it
[13852] 2017/12/14 16:50:35.156 execute OnNotifyHistoryTicks event exception, please check it
[13852] 2017/12/14 16:50:35.160 execute OnNotifyHistoryTicks event exception, please check it
[13852] 2017/12/14 16:52:26.450 -----------------------------------------------------------------
[12964] 2017/12/14 16:52:48.061 Connect Server: FORT14.capital.com.tw 443
[12964] 2017/12/14 16:52:51.429 SK_SUBJECT_CONNECTION_CONNECTED메Code: 0
[12964] 2017/12/14 16:52:52.341 OnConnect ( 3001 , 0 ) 
[12964] 2017/12/14 16:52:57.230 SKOSQuoteLib_RequestKLine (TX00,0)
[12964] 2017/12/14 16:52:57.230 KLine Format Error !
[12964] 2017/12/14 16:52:57.381 SKOSQuoteLib_RequestKLine (TX00,1)
[12964] 2017/12/14 16:52:57.381 KLine Format Error !
[12964] 2017/12/14 16:52:59.733 SKOSQuoteLib_RequestTicks (0,TX00)
[12964] 2017/12/14 16:52:59.733 StockNo Format Error 
[14436] 2017/12/14 16:58:47.501 Connect Server: FORT14.capital.com.tw 443
[14436] 2017/12/14 16:58:50.922 SK_SUBJECT_CONNECTION_CONNECTED메Code: 0
[14436] 2017/12/14 16:58:51.827 OnConnect ( 3001 , 0 ) 
[14436] 2017/12/14 16:58:57.993 SKOSQuoteLib_RequestKLine (TX00,0)
[14436] 2017/12/14 16:58:57.993 KLine Format Error !
[14436] 2017/12/14 16:58:58.138 SKOSQuoteLib_RequestKLine (TX00,1)
[14436] 2017/12/14 16:58:58.138 KLine Format Error !
[14436] 2017/12/14 16:59:00.907 SKOSQuoteLib_RequestTicks (0,TX00)
[14436] 2017/12/14 16:59:00.907 StockNo Format Error 
[9396] 2017/12/14 17:34:08.406 Connect Server: FORT14.capital.com.tw 443
[9396] 2017/12/14 17:34:13.146 SK_SUBJECT_CONNECTION_CONNECTED메Code: 0
[9396] 2017/12/14 17:34:14.028 OnConnect ( 3001 , 0 ) 
[9396] 2017/12/14 17:34:21.645 SKOSQuoteLib_RequestKLine (TX00,0)
[9396] 2017/12/14 17:34:21.646 KLine Format Error !
[9396] 2017/12/14 17:34:21.805 SKOSQuoteLib_RequestKLine (TX00,1)
[9396] 2017/12/14 17:34:21.805 KLine Format Error !
[9396] 2017/12/14 17:34:29.259 SKOSQuoteLib_RequestTicks (0,TX00)
[9396] 2017/12/14 17:34:29.259 StockNo Format Error 
[15836] 2017/12/14 18:06:49.489 Connect Server: FORT14.capital.com.tw 443
[15836] 2017/12/14 18:06:53.033 SK_SUBJECT_CONNECTION_CONNECTED메Code: 0
[15836] 2017/12/14 18:06:53.924 OnConnect ( 3001 , 0 ) 
[15836] 2017/12/14 18:07:19.911 SKOSQuoteLib_RequestKLine (CME,ES_1712,0)
[15836] 2017/12/14 18:07:21.576 SKOSQuoteLib_RequestKLine (CME,ES_1712,1)
[15836] 2017/12/14 18:07:24.447 SKOSQuoteLib_RequestTicks (0,CME,ES_1712)
[16608] 2017/12/14 23:00:49.476 Connect Server: FORT14.capital.com.tw 443
[16608] 2017/12/14 23:00:56.193 SK_SUBJECT_CONNECTION_CONNECTED메Code: 0
[16608] 2017/12/14 23:00:57.145 OnConnect ( 3001 , 0 ) 
[16608] 2017/12/14 23:03:53.202 SK_SUBJECT_CONNECTION_DISCONNECT메Code: 10054
[16608] 2017/12/14 23:03:55.860 OnConnect ( 3002 , 10054 ) 
