-----------------------------------------------------------------
[1816] 2017/11/28 09:46:10.850 Connect Server: FORT14.capital.com.tw 443
[1816] 2017/11/28 09:46:14.348 SK_SUBJECT_CONNECTION_CONNECTED메Code: 0
[1816] 2017/11/28 09:46:15.243 OnConnect ( 3001 , 0 ) 
[1816] 2017/11/28 09:46:22.148 SKOSQuoteLib_RequestStocks (0,TX00)
[1816] 2017/11/28 09:46:22.148 TX00 StockNo Format Error 
[1816] 2017/11/28 09:46:22.151 SKOSQuoteLib_RequestTicks (0,TX00)
[1816] 2017/11/28 09:46:22.151 StockNo Format Error 
[6404] 2017/11/28 09:47:15.979 Connect Server: FORT03.capital.com.tw 443
[6404] 2017/11/28 09:47:19.411 SK_SUBJECT_CONNECTION_CONNECTED메Code: 0
[6404] 2017/11/28 09:47:20.253 OnConnect ( 3001 , 0 ) 
[6404] 2017/11/28 09:47:24.808 SKOSQuoteLib_RequestStocks (0,CME,ES_1712)
[6404] 2017/11/28 09:47:24.873 SKOSQuoteLib_RequestTicks (1,CME,ES_1712)
[1772] 2017/11/28 09:47:58.684 Connect Server: FORT14.capital.com.tw 443
[1772] 2017/11/28 09:48:01.700 SK_SUBJECT_CONNECTION_CONNECTED메Code: 0
[1772] 2017/11/28 09:48:02.643 OnConnect ( 3001 , 0 ) 
[1772] 2017/11/28 09:48:11.689 SKOSQuoteLib_RequestStocks (0,TX00)
[1772] 2017/11/28 09:48:11.689 TX00 StockNo Format Error 
[1772] 2017/11/28 09:48:11.693 SKOSQuoteLib_RequestTicks (0,TX00)
[1772] 2017/11/28 09:48:11.693 StockNo Format Error 
[12336] 2017/11/28 09:53:33.695 Connect Server: FORT14.capital.com.tw 443
[12336] 2017/11/28 09:53:36.799 SK_SUBJECT_CONNECTION_CONNECTED메Code: 0
[12336] 2017/11/28 09:53:37.674 OnConnect ( 3001 , 0 ) 
[12336] 2017/11/28 09:53:47.914 SKOSQuoteLib_RequestStocks (0,TX00)
[12336] 2017/11/28 09:53:47.914 TX00 StockNo Format Error 
[12336] 2017/11/28 09:53:47.917 SKOSQuoteLib_RequestTicks (0,TX00)
[12336] 2017/11/28 09:53:47.917 StockNo Format Error 
[4092] 2017/11/28 09:56:35.829 Connect Server: FORT03.capital.com.tw 443
[4092] 2017/11/28 09:56:38.909 SK_SUBJECT_CONNECTION_CONNECTED메Code: 0
[4092] 2017/11/28 09:56:39.782 OnConnect ( 3001 , 0 ) 
[4092] 2017/11/28 09:56:46.169 SKOSQuoteLib_RequestStocks (0,CME,ES_1712)
[4092] 2017/11/28 09:56:46.174 SKOSQuoteLib_RequestTicks (1,CME,ES_1712)
[6080] 2017/11/28 09:57:24.390 Connect Server: FORT03.capital.com.tw 443
[6080] 2017/11/28 09:57:27.354 SK_SUBJECT_CONNECTION_CONNECTED메Code: 0
[6080] 2017/11/28 09:57:28.304 OnConnect ( 3001 , 0 ) 
[6080] 2017/11/28 09:57:38.747 SKOSQuoteLib_RequestStocks (0,TX00)
[6080] 2017/11/28 09:57:38.747 TX00 StockNo Format Error 
[6080] 2017/11/28 09:57:38.750 SKOSQuoteLib_RequestTicks (0,TX00)
[6080] 2017/11/28 09:57:38.750 StockNo Format Error 
[6700] 2017/11/28 17:13:00.929 Connect Server: FORT03.capital.com.tw 443
[6700] 2017/11/28 17:13:04.288 SK_SUBJECT_CONNECTION_CONNECTED메Code: 0
[6700] 2017/11/28 17:13:05.184 OnConnect ( 3001 , 0 ) 
[6700] 2017/11/28 17:13:10.364 SKOSQuoteLib_RequestStocks (0,TX00)
[6700] 2017/11/28 17:13:10.364 TX00 StockNo Format Error 
[6700] 2017/11/28 17:13:10.367 SKOSQuoteLib_RequestTicks (0,TX00)
[6700] 2017/11/28 17:13:10.367 StockNo Format Error 
[12960] 2017/11/28 17:13:41.165 Connect Server: FORT03.capital.com.tw 443
[12960] 2017/11/28 17:13:44.124 SK_SUBJECT_CONNECTION_CONNECTED메Code: 0
[12960] 2017/11/28 17:13:45.071 OnConnect ( 3001 , 0 ) 
[12960] 2017/11/28 17:13:55.147 SKOSQuoteLib_RequestStocks (0,TX00)
[12960] 2017/11/28 17:13:55.147 TX00 StockNo Format Error 
[12960] 2017/11/28 17:13:55.150 SKOSQuoteLib_RequestTicks (0,TX00)
[12960] 2017/11/28 17:13:55.150 StockNo Format Error 
[2288] 2017/11/28 18:20:21.879 Connect Server: FORT14.capital.com.tw 443
[2288] 2017/11/28 18:20:22.455 SK_SUBJECT_CONNECTION_CONNECTED메Code: 0
[2288] 2017/11/28 18:20:23.376 OnConnect ( 3001 , 0 ) 
[2288] 2017/11/28 18:20:28.342 SKOSQuoteLib_RequestStocks (0,CME,ES_1712)
[2288] 2017/11/28 18:20:28.346 SKOSQuoteLib_RequestTicks (1,CME,ES_1712)
[2288] 2017/11/28 18:20:42.466 -----------------------------------------------------------------
[164] 2017/11/28 18:20:56.761 Connect Server: FORT03.capital.com.tw 443
[164] 2017/11/28 18:20:57.932 SK_SUBJECT_CONNECTION_CONNECTED메Code: 0
[164] 2017/11/28 18:20:58.850 OnConnect ( 3001 , 0 ) 
[164] 2017/11/28 18:21:08.207 SKOSQuoteLib_RequestStocks (0,TX00)
[164] 2017/11/28 18:21:08.207 TX00 StockNo Format Error 
[164] 2017/11/28 18:21:08.210 SKOSQuoteLib_RequestTicks (0,TX00)
[164] 2017/11/28 18:21:08.210 StockNo Format Error 
[192] 2017/11/28 18:48:19.889 Connect Server: FORT03.capital.com.tw 443
[192] 2017/11/28 18:48:23.155 SK_SUBJECT_CONNECTION_CONNECTED메Code: 0
[192] 2017/11/28 18:48:24.045 OnConnect ( 3001 , 0 ) 
[192] 2017/11/28 18:48:29.458 SKOSQuoteLib_RequestStocks (0,CME,ES_1712)
[192] 2017/11/28 18:48:29.463 SKOSQuoteLib_RequestTicks (1,CME,ES_1712)
[192] 2017/11/28 18:48:44.246 SKOSQuoteLib_RequestStocks (0,CME,ES_1712)
[192] 2017/11/28 18:48:44.249 SKOSQuoteLib_RequestTicks (2,CME,ES_1712)
[192] 2017/11/28 18:48:52.696 SKOSQuoteLib_RequestStocks (0,TX00)
[192] 2017/11/28 18:48:52.696 TX00 StockNo Format Error 
[192] 2017/11/28 18:48:52.696 SKOSQuoteLib_RequestTicks (0,TX00)
[192] 2017/11/28 18:48:52.696 StockNo Format Error 
[13980] 2017/11/28 19:46:36.159 Connect Server: FORT03.capital.com.tw 443
[2808] 2017/11/28 19:47:58.924 Connect Server: FORT14.capital.com.tw 443
[2808] 2017/11/28 19:48:01.917 SK_SUBJECT_CONNECTION_CONNECTED메Code: 0
[2808] 2017/11/28 19:48:02.797 OnConnect ( 3001 , 0 ) 
[2808] 2017/11/28 19:48:07.454 SKOSQuoteLib_RequestStocks (0,CME,ES_1712)
[2808] 2017/11/28 19:48:07.460 SKOSQuoteLib_RequestTicks (1,CME,ES_1712)
[6608] 2017/11/28 22:23:40.660 Connect Server: FORT14.capital.com.tw 443
[6608] 2017/11/28 22:23:44.053 SK_SUBJECT_CONNECTION_CONNECTED메Code: 0
[6608] 2017/11/28 22:23:44.957 OnConnect ( 3001 , 0 ) 
[6608] 2017/11/28 22:23:49.460 SKOSQuoteLib_RequestStocks (0,CME,ES_1712)
[6608] 2017/11/28 22:23:49.467 SKOSQuoteLib_RequestTicks (1,CME,ES_1712)
[3604] 2017/11/28 22:24:59.129 Connect Server: FORT03.capital.com.tw 443
[3604] 2017/11/28 22:25:02.549 SK_SUBJECT_CONNECTION_CONNECTED메Code: 0
[3604] 2017/11/28 22:25:03.444 OnConnect ( 3001 , 0 ) 
[3604] 2017/11/28 22:25:10.250 SKOSQuoteLib_RequestStocks (0,CME,ES_1712)
[3604] 2017/11/28 22:25:10.255 SKOSQuoteLib_RequestTicks (1,CME,ES_1712)
[12064] 2017/11/28 22:27:13.029 Connect Server: FORT03.capital.com.tw 443
[12064] 2017/11/28 22:27:16.175 SK_SUBJECT_CONNECTION_CONNECTED메Code: 0
[12064] 2017/11/28 22:27:17.126 OnConnect ( 3001 , 0 ) 
[12064] 2017/11/28 22:27:21.600 SKOSQuoteLib_RequestStocks (0,CME,ES_1712)
[12064] 2017/11/28 22:27:21.604 SKOSQuoteLib_RequestTicks (1,CME,ES_1712)
[11912] 2017/11/28 22:29:50.412 Connect Server: FORT03.capital.com.tw 443
[11912] 2017/11/28 22:29:53.664 SK_SUBJECT_CONNECTION_CONNECTED메Code: 0
[11912] 2017/11/28 22:29:54.563 OnConnect ( 3001 , 0 ) 
[11912] 2017/11/28 22:30:00.593 SKOSQuoteLib_RequestStocks (0,CME,ES_1712)
[11912] 2017/11/28 22:30:00.598 SKOSQuoteLib_RequestTicks (1,CME,ES_1712)
[5624] 2017/11/28 22:40:56.944 Connect Server: FORT03.capital.com.tw 443
[5624] 2017/11/28 22:41:00.065 SK_SUBJECT_CONNECTION_CONNECTED메Code: 0
[5624] 2017/11/28 22:41:00.963 OnConnect ( 3001 , 0 ) 
[5624] 2017/11/28 22:41:06.195 SKOSQuoteLib_RequestStocks (0,CME,ES_1712)
[5624] 2017/11/28 22:41:06.201 SKOSQuoteLib_RequestTicks (1,CME,ES_1712)
[7608] 2017/11/28 22:44:39.103 Connect Server: FORT03.capital.com.tw 443
[7608] 2017/11/28 22:44:42.639 SK_SUBJECT_CONNECTION_CONNECTED메Code: 0
[7608] 2017/11/28 22:44:43.537 OnConnect ( 3001 , 0 ) 
[7348] 2017/11/28 22:58:22.505 Connect Server: FORT03.capital.com.tw 443
[7348] 2017/11/28 22:58:25.984 SK_SUBJECT_CONNECTION_CONNECTED메Code: 0
[13432] 2017/11/28 23:02:21.956 Connect Server: FORT03.capital.com.tw 443
[13432] 2017/11/28 23:02:25.068 SK_SUBJECT_CONNECTION_CONNECTED메Code: 0
[13432] 2017/11/28 23:02:25.968 OnConnect ( 3001 , 0 ) 
[13432] 2017/11/28 23:02:39.128 SKOSQuoteLib_RequestKLine (CME,ES_1712,1)
[13432] 2017/11/28 23:02:39.764 SKOSQuoteLib_RequestStocks (0,CME,ES_1712)
[13432] 2017/11/28 23:02:39.770 SKOSQuoteLib_RequestTicks (1,CME,ES_1712)
[8980] 2017/11/28 23:04:17.169 Connect Server: FORT14.capital.com.tw 443
[8980] 2017/11/28 23:04:20.107 SK_SUBJECT_CONNECTION_CONNECTED메Code: 0
[8980] 2017/11/28 23:04:21.010 OnConnect ( 3001 , 0 ) 
[8980] 2017/11/28 23:04:30.255 SKOSQuoteLib_RequestKLine (CME,ES_1712,1)
[3852] 2017/11/28 23:07:07.597 Connect Server: FORT14.capital.com.tw 443
[3852] 2017/11/28 23:07:10.750 SK_SUBJECT_CONNECTION_CONNECTED메Code: 0
[3852] 2017/11/28 23:07:11.700 OnConnect ( 3001 , 0 ) 
