-----------------------------------------------------------------
[1816] 2017/11/28 09:46:07.560 >> Host srvsolace-fg.capital.com.tw
[1816] 2017/11/28 09:46:10.044 連線
[6404] 2017/11/28 09:47:12.896 >> Host srvsolace-fg.capital.com.tw
[6404] 2017/11/28 09:47:15.319 連線
[1772] 2017/11/28 09:47:55.530 >> Host srvsolace-fg.capital.com.tw
[1772] 2017/11/28 09:47:57.939 連線
[12336] 2017/11/28 09:53:30.583 >> Host srvsolace-tp.capital.com.tw
[12336] 2017/11/28 09:53:32.999 連線
[4092] 2017/11/28 09:56:32.604 >> Host srvsolace-fg.capital.com.tw
[4092] 2017/11/28 09:56:35.135 連線
[6080] 2017/11/28 09:57:21.368 >> Host srvsolace-fg.capital.com.tw
[6080] 2017/11/28 09:57:23.644 連線
[6700] 2017/11/28 17:12:57.520 >> Host srvsolace-tp.capital.com.tw
[6700] 2017/11/28 17:12:59.857 連線
[12960] 2017/11/28 17:13:38.078 >> Host srvsolace-fg.capital.com.tw
[12960] 2017/11/28 17:13:40.468 連線
[2288] 2017/11/28 18:20:19.531 >> Host srvsolace-fg.capital.com.tw
[2288] 2017/11/28 18:20:21.567 連線
[2288] 2017/11/28 18:20:42.466 -----------------------------------------------------------------
[164] 2017/11/28 18:20:54.378 >> Host srvsolace-fg.capital.com.tw
[164] 2017/11/28 18:20:56.514 連線
[192] 2017/11/28 18:48:17.240 >> Host srvsolace-fg.capital.com.tw
[192] 2017/11/28 18:48:19.247 連線
[13980] 2017/11/28 19:46:33.208 >> Host srvsolace-tp.capital.com.tw
[13980] 2017/11/28 19:46:35.505 連線
[2808] 2017/11/28 19:47:56.001 >> Host srvsolace-fg.capital.com.tw
[2808] 2017/11/28 19:47:58.245 連線
[6608] 2017/11/28 22:23:37.371 >> Host srvsolace-tp.capital.com.tw
[6608] 2017/11/28 22:23:39.899 連線
[3604] 2017/11/28 22:24:56.039 >> Host srvsolace-fg.capital.com.tw
[3604] 2017/11/28 22:24:58.484 連線
[12064] 2017/11/28 22:27:09.896 >> Host srvsolace-fg.capital.com.tw
[12064] 2017/11/28 22:27:12.398 連線
[11912] 2017/11/28 22:29:47.303 >> Host srvsolace-fg.capital.com.tw
[11912] 2017/11/28 22:29:49.638 連線
[5624] 2017/11/28 22:40:53.829 >> Host srvsolace-tp.capital.com.tw
[5624] 2017/11/28 22:40:56.322 連線
[7608] 2017/11/28 22:44:35.999 >> Host srvsolace-fg.capital.com.tw
[7608] 2017/11/28 22:44:38.461 連線
[7348] 2017/11/28 22:58:19.543 >> Host srvsolace-fg.capital.com.tw
[7348] 2017/11/28 22:58:21.854 連線
[13432] 2017/11/28 23:02:18.927 >> Host srvsolace-fg.capital.com.tw
[13432] 2017/11/28 23:02:21.298 連線
[8980] 2017/11/28 23:04:13.598 >> Host srvsolace-fg.capital.com.tw
[8980] 2017/11/28 23:04:16.510 連線
[3852] 2017/11/28 23:07:04.325 >> Host srvsolace-fg.capital.com.tw
[3852] 2017/11/28 23:07:06.905 連線
