-----------------------------------------------------------------
[1032] 2017/12/20 10:09:03.295 SK_SUBJECT_CONNECTION_CONNECTED메Code: 0
[1032] 2017/12/20 10:09:03.669 SKQuoteLib_EnterMonitor IP멚srvsolace-fg.capital.com.tw
[1032] 2017/12/20 10:09:03.966 market(0)  Ready!
[1032] 2017/12/20 10:09:03.977 market(3)  Ready!
[1032] 2017/12/20 10:09:04.014 market(1)  Ready!
[1032] 2017/12/20 10:09:04.019 market(2)  Ready!
[1032] 2017/12/20 10:09:04.024 market(4)  Ready!
[1032] 2017/12/20 10:09:07.380 Market Info is OK!
[1032] 2017/12/20 10:09:08.113 Catalog info is OK!
[6728] 2017/12/20 10:09:55.402 SK_SUBJECT_CONNECTION_CONNECTED메Code: 0
[6728] 2017/12/20 10:09:55.726 SKQuoteLib_EnterMonitor IP멚srvsolace-tp.capital.com.tw
[6728] 2017/12/20 10:09:56.042 market(0)  Ready!
[6728] 2017/12/20 10:09:56.047 market(1)  Ready!
[6728] 2017/12/20 10:09:56.048 market(3)  Ready!
[6728] 2017/12/20 10:09:56.048 market(2)  Ready!
[6728] 2017/12/20 10:09:56.215 market(4)  Ready!
[6728] 2017/12/20 10:09:59.315 Market Info is OK!
[6728] 2017/12/20 10:09:59.726 SKQuoteLib_RequestServerTime()
[6728] 2017/12/20 10:09:59.978 Catalog info is OK!
[10988] 2017/12/20 10:22:35.066 SK_SUBJECT_CONNECTION_CONNECTED메Code: 0
[10988] 2017/12/20 10:22:35.388 SKQuoteLib_EnterMonitor IP멚srvsolace-tp.capital.com.tw
[10988] 2017/12/20 10:22:35.740 market(0)  Ready!
[10988] 2017/12/20 10:22:35.812 market(1)  Ready!
[10988] 2017/12/20 10:22:35.863 market(3)  Ready!
[10988] 2017/12/20 10:22:35.884 market(4)  Ready!
[10988] 2017/12/20 10:22:35.889 market(2)  Ready!
[10988] 2017/12/20 10:22:38.837 Market Info is OK!
[10988] 2017/12/20 10:22:39.335 SKQuoteLib_RequestServerTime()
[10988] 2017/12/20 10:22:39.593 Catalog info is OK!
[12756] 2017/12/20 10:44:44.792 SK_SUBJECT_CONNECTION_CONNECTED메Code: 0
[12756] 2017/12/20 10:44:45.106 SKQuoteLib_EnterMonitor IP멚srvsolace-fg.capital.com.tw
[12756] 2017/12/20 10:44:45.466 market(0)  Ready!
[12756] 2017/12/20 10:44:45.530 market(3)  Ready!
[12756] 2017/12/20 10:44:45.534 market(1)  Ready!
[12756] 2017/12/20 10:44:45.578 market(4)  Ready!
[12756] 2017/12/20 10:44:45.600 market(2)  Ready!
[12756] 2017/12/20 10:44:48.601 Market Info is OK!
[12756] 2017/12/20 10:44:49.143 SKQuoteLib_RequestServerTime()
[12756] 2017/12/20 10:44:55.381 Catalog info is OK!
[11672] 2017/12/20 10:48:48.479 SK_SUBJECT_CONNECTION_CONNECTED메Code: 0
[11672] 2017/12/20 10:48:48.809 SKQuoteLib_EnterMonitor IP멚srvsolace-fg.capital.com.tw
[11672] 2017/12/20 10:48:49.175 market(0)  Ready!
[11672] 2017/12/20 10:48:49.240 market(1)  Ready!
[11672] 2017/12/20 10:48:49.253 market(2)  Ready!
[11672] 2017/12/20 10:48:49.253 market(3)  Ready!
[11672] 2017/12/20 10:48:49.259 market(4)  Ready!
[11672] 2017/12/20 10:48:52.275 Market Info is OK!
[11672] 2017/12/20 10:48:53.035 Catalog info is OK!
[2956] 2017/12/20 10:51:20.144 SK_SUBJECT_CONNECTION_CONNECTED메Code: 0
[2956] 2017/12/20 10:51:20.510 SKQuoteLib_EnterMonitor IP멚srvsolace-tp.capital.com.tw
[2956] 2017/12/20 10:51:21.458 market(2)  Ready!
[2956] 2017/12/20 10:51:21.458 market(4)  Ready!
[2956] 2017/12/20 10:51:21.460 market(0)  Ready!
[2956] 2017/12/20 10:51:21.465 market(3)  Ready!
[2956] 2017/12/20 10:51:21.470 market(1)  Ready!
[2956] 2017/12/20 10:51:24.025 Market Info is OK!
[2956] 2017/12/20 10:51:24.458 SKQuoteLib_RequestServerTime()
[2956] 2017/12/20 10:51:36.999 Catalog info is OK!
[6380] 2017/12/20 10:52:05.431 SK_SUBJECT_CONNECTION_CONNECTED메Code: 0
[6380] 2017/12/20 10:52:05.731 SKQuoteLib_EnterMonitor IP멚srvsolace-fg.capital.com.tw
[6380] 2017/12/20 10:52:06.154 market(0)  Ready!
[6380] 2017/12/20 10:52:06.210 market(1)  Ready!
[6380] 2017/12/20 10:52:06.210 market(3)  Ready!
[6380] 2017/12/20 10:52:06.216 market(2)  Ready!
[6380] 2017/12/20 10:52:06.260 market(4)  Ready!
[6380] 2017/12/20 10:52:09.158 Market Info is OK!
[6380] 2017/12/20 10:52:09.884 Catalog info is OK!
[9248] 2017/12/20 10:56:13.686 SK_SUBJECT_CONNECTION_CONNECTED메Code: 0
[9248] 2017/12/20 10:56:14.058 SKQuoteLib_EnterMonitor IP멚srvsolace-fg.capital.com.tw
[9248] 2017/12/20 10:56:14.355 market(0)  Ready!
[9248] 2017/12/20 10:56:14.407 market(1)  Ready!
[9248] 2017/12/20 10:56:14.409 market(2)  Ready!
[9248] 2017/12/20 10:56:14.454 market(3)  Ready!
[9248] 2017/12/20 10:56:14.454 market(4)  Ready!
[9248] 2017/12/20 10:56:22.149 Market Info is OK!
[9248] 2017/12/20 10:56:29.999 Catalog info is OK!
[10000] 2017/12/20 11:11:35.343 SK_SUBJECT_CONNECTION_CONNECTED메Code: 0
[10000] 2017/12/20 11:11:35.668 SKQuoteLib_EnterMonitor IP멚srvsolace-fg.capital.com.tw
[10000] 2017/12/20 11:11:36.043 market(0)  Ready!
[10000] 2017/12/20 11:11:36.043 market(3)  Ready!
[10000] 2017/12/20 11:11:36.043 market(1)  Ready!
[10000] 2017/12/20 11:11:36.114 market(4)  Ready!
[10000] 2017/12/20 11:11:36.139 market(2)  Ready!
[10000] 2017/12/20 11:11:39.918 Market Info is OK!
[10000] 2017/12/20 11:11:39.937 SKQuoteLib_RequestServerTime()
[10000] 2017/12/20 11:11:42.391 Catalog info is OK!
[11144] 2017/12/20 11:14:39.012 SK_SUBJECT_CONNECTION_CONNECTED메Code: 0
[11144] 2017/12/20 11:14:39.302 SKQuoteLib_EnterMonitor IP멚srvsolace-fg.capital.com.tw
[11144] 2017/12/20 11:14:39.585 market(0)  Ready!
[11144] 2017/12/20 11:14:39.593 market(1)  Ready!
[11144] 2017/12/20 11:14:39.594 market(3)  Ready!
[11144] 2017/12/20 11:14:39.594 market(2)  Ready!
[11144] 2017/12/20 11:14:39.647 market(4)  Ready!
[11144] 2017/12/20 11:14:42.629 Market Info is OK!
[11144] 2017/12/20 11:14:43.346 Catalog info is OK!
[10284] 2017/12/20 11:15:36.255 SK_SUBJECT_CONNECTION_CONNECTED메Code: 0
[10284] 2017/12/20 11:15:36.542 SKQuoteLib_EnterMonitor IP멚srvsolace-tp.capital.com.tw
[10284] 2017/12/20 11:15:36.947 market(0)  Ready!
[10284] 2017/12/20 11:15:36.947 market(1)  Ready!
[10284] 2017/12/20 11:15:37.006 market(4)  Ready!
[10284] 2017/12/20 11:15:37.008 market(2)  Ready!
[10284] 2017/12/20 11:15:37.038 market(3)  Ready!
[10284] 2017/12/20 11:15:39.746 Market Info is OK!
[10284] 2017/12/20 11:15:40.387 Catalog info is OK!
[10764] 2017/12/20 11:18:24.175 SK_SUBJECT_CONNECTION_CONNECTED메Code: 0
[10764] 2017/12/20 11:18:24.451 SKQuoteLib_EnterMonitor IP멚srvsolace-fg.capital.com.tw
[10764] 2017/12/20 11:18:24.689 market(0)  Ready!
[10764] 2017/12/20 11:18:24.749 market(3)  Ready!
[10764] 2017/12/20 11:18:24.750 market(4)  Ready!
[10764] 2017/12/20 11:18:24.750 market(1)  Ready!
[10764] 2017/12/20 11:18:24.815 market(2)  Ready!
[10764] 2017/12/20 11:18:27.947 Market Info is OK!
[10764] 2017/12/20 11:18:28.705 Catalog info is OK!
[10764] 2017/12/20 11:19:02.146 -----------------------------------------------------------------
[7496] 2017/12/20 11:20:04.633 SK_SUBJECT_CONNECTION_CONNECTED메Code: 0
[7496] 2017/12/20 11:20:04.906 SKQuoteLib_EnterMonitor IP멚srvsolace-fg.capital.com.tw
[7496] 2017/12/20 11:20:05.136 market(0)  Ready!
[7496] 2017/12/20 11:20:05.200 market(1)  Ready!
[7496] 2017/12/20 11:20:05.201 market(2)  Ready!
[7496] 2017/12/20 11:20:05.201 market(3)  Ready!
[7496] 2017/12/20 11:20:05.242 market(4)  Ready!
[7496] 2017/12/20 11:20:08.429 Market Info is OK!
[7496] 2017/12/20 11:20:09.137 Catalog info is OK!
[7496] 2017/12/20 11:20:25.277  SKQuoteLib_RequestTicks ( 0 , CME,ES_1803 )
[10340] 2017/12/20 11:21:25.936 SK_SUBJECT_CONNECTION_CONNECTED메Code: 0
[10340] 2017/12/20 11:21:26.178 SKQuoteLib_EnterMonitor IP멚srvsolace-tp.capital.com.tw
[10340] 2017/12/20 11:21:26.408 market(0)  Ready!
[10340] 2017/12/20 11:21:26.409 market(2)  Ready!
[10340] 2017/12/20 11:21:26.409 market(1)  Ready!
[10340] 2017/12/20 11:21:26.462 market(4)  Ready!
[10340] 2017/12/20 11:21:26.519 market(3)  Ready!
[10340] 2017/12/20 11:21:29.796 Market Info is OK!
[10340] 2017/12/20 11:21:30.215 SKQuoteLib_RequestServerTime()
[10340] 2017/12/20 11:21:30.329 SKQuoteLib_RequestServerTime()
[10340] 2017/12/20 11:21:30.377 Catalog info is OK!
[10340] 2017/12/20 11:21:31.329 SKQuoteLib_RequestServerTime()
[10340] 2017/12/20 11:21:32.342 SKQuoteLib_RequestServerTime()
[10340] 2017/12/20 11:21:33.331 SKQuoteLib_RequestServerTime()
[10340] 2017/12/20 11:21:34.333 SKQuoteLib_RequestServerTime()
[10340] 2017/12/20 11:21:35.330 SKQuoteLib_RequestServerTime()
[10340] 2017/12/20 11:21:36.330 SKQuoteLib_RequestServerTime()
[10340] 2017/12/20 11:21:37.329 SKQuoteLib_RequestServerTime()
[10340] 2017/12/20 11:21:38.329 SKQuoteLib_RequestServerTime()
[10340] 2017/12/20 11:21:39.329 SKQuoteLib_RequestServerTime()
[10340] 2017/12/20 11:21:40.330 SKQuoteLib_RequestServerTime()
[10340] 2017/12/20 11:21:41.333 SKQuoteLib_RequestServerTime()
[10340] 2017/12/20 11:21:42.344 SKQuoteLib_RequestServerTime()
[10340] 2017/12/20 11:21:43.105  SKQuoteLib_RequestTicks ( 0 , TX00 )
[10340] 2017/12/20 11:21:43.105 Return PageNo멚 0 
[10340] 2017/12/20 11:21:43.329 SKQuoteLib_RequestServerTime()
[10340] 2017/12/20 11:21:44.329 SKQuoteLib_RequestServerTime()
[10340] 2017/12/20 11:21:44.735 execute OnNotifyHistoryTicks event exception, please check it
[10340] 2017/12/20 11:21:45.336 SKQuoteLib_RequestServerTime()
[10340] 2017/12/20 11:21:46.334 SKQuoteLib_RequestServerTime()
[10340] 2017/12/20 11:21:47.330 SKQuoteLib_RequestServerTime()
[10340] 2017/12/20 11:21:48.090 execute OnNotifyHistoryTicks event exception, please check it
[10340] 2017/12/20 11:21:48.333 SKQuoteLib_RequestServerTime()
[10340] 2017/12/20 11:21:48.446 execute OnNotifyHistoryTicks event exception, please check it
[10340] 2017/12/20 11:21:49.020 execute OnNotifyHistoryTicks event exception, please check it
[4156] 2017/12/20 11:23:19.069 SK_SUBJECT_CONNECTION_CONNECTED메Code: 0
[4156] 2017/12/20 11:23:19.300 SKQuoteLib_EnterMonitor IP멚srvsolace-fg.capital.com.tw
[4156] 2017/12/20 11:23:19.522 market(1)  Ready!
[4156] 2017/12/20 11:23:19.523 market(3)  Ready!
[4156] 2017/12/20 11:23:19.523 market(2)  Ready!
[4156] 2017/12/20 11:23:19.524 market(4)  Ready!
[4156] 2017/12/20 11:23:19.527 market(0)  Ready!
[4156] 2017/12/20 11:23:22.899 Market Info is OK!
[4156] 2017/12/20 11:23:23.453 SKQuoteLib_RequestServerTime()
[4156] 2017/12/20 11:23:23.581 SKQuoteLib_RequestServerTime()
[4156] 2017/12/20 11:23:23.600 Catalog info is OK!
[4156] 2017/12/20 11:23:24.581 SKQuoteLib_RequestServerTime()
[4156] 2017/12/20 11:23:25.579 SKQuoteLib_RequestServerTime()
[4156] 2017/12/20 11:23:26.580 SKQuoteLib_RequestServerTime()
[4156] 2017/12/20 11:23:27.582 SKQuoteLib_RequestServerTime()
[4156] 2017/12/20 11:23:28.580 SKQuoteLib_RequestServerTime()
[4156] 2017/12/20 11:23:29.581 SKQuoteLib_RequestServerTime()
[4156] 2017/12/20 11:23:30.582 SKQuoteLib_RequestServerTime()
[4156] 2017/12/20 11:23:31.583 SKQuoteLib_RequestServerTime()
[4156] 2017/12/20 11:23:32.578 SKQuoteLib_RequestServerTime()
[4156] 2017/12/20 11:23:33.580 SKQuoteLib_RequestServerTime()
[4156] 2017/12/20 11:23:34.579 SKQuoteLib_RequestServerTime()
[4156] 2017/12/20 11:23:35.580 SKQuoteLib_RequestServerTime()
[4156] 2017/12/20 11:23:36.580 SKQuoteLib_RequestServerTime()
[4156] 2017/12/20 11:23:37.579 SKQuoteLib_RequestServerTime()
[4156] 2017/12/20 11:23:38.584 SKQuoteLib_RequestServerTime()
[4156] 2017/12/20 11:23:39.579 SKQuoteLib_RequestServerTime()
[4156] 2017/12/20 11:23:40.580 SKQuoteLib_RequestServerTime()
[4156] 2017/12/20 11:23:41.583 SKQuoteLib_RequestServerTime()
[4156] 2017/12/20 11:23:42.581 SKQuoteLib_RequestServerTime()
[4156] 2017/12/20 11:23:43.579 SKQuoteLib_RequestServerTime()
[4156] 2017/12/20 11:23:44.580 SKQuoteLib_RequestServerTime()
[4156] 2017/12/20 11:23:45.579 SKQuoteLib_RequestServerTime()
[4156] 2017/12/20 11:23:46.581 SKQuoteLib_RequestServerTime()
[4156] 2017/12/20 11:23:47.580 SKQuoteLib_RequestServerTime()
[4156] 2017/12/20 11:23:48.579 SKQuoteLib_RequestServerTime()
[4156] 2017/12/20 11:23:49.581 SKQuoteLib_RequestServerTime()
[4156] 2017/12/20 11:23:50.579 SKQuoteLib_RequestServerTime()
[4156] 2017/12/20 11:23:51.580 SKQuoteLib_RequestServerTime()
[4156] 2017/12/20 11:23:52.585 SKQuoteLib_RequestServerTime()
[4156] 2017/12/20 11:23:53.579 SKQuoteLib_RequestServerTime()
[4156] 2017/12/20 11:23:54.578 SKQuoteLib_RequestServerTime()
[4156] 2017/12/20 11:23:55.581 SKQuoteLib_RequestServerTime()
[4156] 2017/12/20 11:23:56.580 SKQuoteLib_RequestServerTime()
[4156] 2017/12/20 11:23:57.579 SKQuoteLib_RequestServerTime()
[4156] 2017/12/20 11:23:58.605 SKQuoteLib_RequestServerTime()
[4156] 2017/12/20 11:23:59.579 SKQuoteLib_RequestServerTime()
[4156] 2017/12/20 11:24:00.580 SKQuoteLib_RequestServerTime()
[4156] 2017/12/20 11:24:01.580 SKQuoteLib_RequestServerTime()
[4156] 2017/12/20 11:24:02.580 SKQuoteLib_RequestServerTime()
[4156] 2017/12/20 11:24:03.725 SKQuoteLib_RequestServerTime()
[4156] 2017/12/20 11:24:04.579 SKQuoteLib_RequestServerTime()
[4156] 2017/12/20 11:24:05.581 SKQuoteLib_RequestServerTime()
[4156] 2017/12/20 11:24:06.584 SKQuoteLib_RequestServerTime()
[4156] 2017/12/20 11:24:07.579 SKQuoteLib_RequestServerTime()
[4156] 2017/12/20 11:24:08.778  SKQuoteLib_RequestTicks ( 0 , TX00 )
[4156] 2017/12/20 11:24:08.778 Return PageNo멚 0 
[4156] 2017/12/20 11:24:08.782 SKQuoteLib_RequestServerTime()
[4156] 2017/12/20 11:24:09.583 SKQuoteLib_RequestServerTime()
[4156] 2017/12/20 11:24:10.038 execute OnNotifyHistoryTicks event exception, please check it
[4156] 2017/12/20 11:24:10.581 SKQuoteLib_RequestServerTime()
[4156] 2017/12/20 11:24:11.128 execute OnNotifyHistoryTicks event exception, please check it
[4156] 2017/12/20 11:24:11.321 execute OnNotifyHistoryTicks event exception, please check it
[4156] 2017/12/20 11:24:11.580 SKQuoteLib_RequestServerTime()
[4156] 2017/12/20 11:24:12.138 execute OnNotifyHistoryTicks event exception, please check it
[4156] 2017/12/20 11:24:12.586 SKQuoteLib_RequestServerTime()
[4156] 2017/12/20 11:24:13.583 SKQuoteLib_RequestServerTime()
[4156] 2017/12/20 11:24:14.580 SKQuoteLib_RequestServerTime()
[4156] 2017/12/20 11:24:14.705 execute OnNotifyHistoryTicks event exception, please check it
[8116] 2017/12/20 11:26:13.238 SK_SUBJECT_CONNECTION_CONNECTED메Code: 0
[8116] 2017/12/20 11:26:13.458 SKQuoteLib_EnterMonitor IP멚srvsolace-fg.capital.com.tw
[8116] 2017/12/20 11:26:13.645 market(0)  Ready!
[8116] 2017/12/20 11:26:13.739 market(3)  Ready!
[8116] 2017/12/20 11:26:13.782 market(1)  Ready!
[8116] 2017/12/20 11:26:13.782 market(4)  Ready!
[8116] 2017/12/20 11:26:13.783 market(2)  Ready!
[8116] 2017/12/20 11:26:22.350 Market Info is OK!
[8116] 2017/12/20 11:26:22.985 SKQuoteLib_RequestServerTime()
[8116] 2017/12/20 11:26:23.077 Catalog info is OK!
[9192] 2017/12/20 11:27:07.517 SK_SUBJECT_CONNECTION_CONNECTED메Code: 0
[9192] 2017/12/20 11:27:07.766 SKQuoteLib_EnterMonitor IP멚srvsolace-fg.capital.com.tw
[9192] 2017/12/20 11:27:08.074 market(0)  Ready!
[9192] 2017/12/20 11:27:08.078 market(3)  Ready!
[9192] 2017/12/20 11:27:08.078 market(4)  Ready!
[9192] 2017/12/20 11:27:08.116 market(1)  Ready!
[9192] 2017/12/20 11:27:08.118 market(2)  Ready!
[9192] 2017/12/20 11:27:11.412 Market Info is OK!
[9192] 2017/12/20 11:27:11.967 SKQuoteLib_RequestServerTime()
[9192] 2017/12/20 11:27:12.079 SKQuoteLib_RequestServerTime()
[9192] 2017/12/20 11:27:12.104 Catalog info is OK!
[9192] 2017/12/20 11:27:13.080 SKQuoteLib_RequestServerTime()
[9192] 2017/12/20 11:27:14.092 SKQuoteLib_RequestServerTime()
[9192] 2017/12/20 11:27:15.081 SKQuoteLib_RequestServerTime()
[9192] 2017/12/20 11:27:16.081 SKQuoteLib_RequestServerTime()
[9192] 2017/12/20 11:27:17.231  SKQuoteLib_RequestTicks ( 0 , TX00 )
[9192] 2017/12/20 11:27:17.231 Return PageNo멚 0 
[9192] 2017/12/20 11:27:17.244 SKQuoteLib_RequestServerTime()
[9192] 2017/12/20 11:27:18.078 SKQuoteLib_RequestServerTime()
[9192] 2017/12/20 11:27:18.166 execute OnNotifyHistoryTicks event exception, please check it
[9192] 2017/12/20 11:27:18.872 execute OnNotifyHistoryTicks event exception, please check it
[9192] 2017/12/20 11:27:19.080 SKQuoteLib_RequestServerTime()
[9192] 2017/12/20 11:27:20.089 SKQuoteLib_RequestServerTime()
[9192] 2017/12/20 11:27:20.620 execute OnNotifyHistoryTicks event exception, please check it
[9192] 2017/12/20 11:27:21.091 SKQuoteLib_RequestServerTime()
[9192] 2017/12/20 11:27:22.081 SKQuoteLib_RequestServerTime()
[9192] 2017/12/20 11:27:22.222 execute OnNotifyHistoryTicks event exception, please check it
[9192] 2017/12/20 11:27:23.080 SKQuoteLib_RequestServerTime()
[1652] 2017/12/20 11:28:12.141 SK_SUBJECT_CONNECTION_CONNECTED메Code: 0
[1652] 2017/12/20 11:28:12.372 SKQuoteLib_EnterMonitor IP멚srvsolace-tp.capital.com.tw
[1652] 2017/12/20 11:28:12.654 market(1)  Ready!
[1652] 2017/12/20 11:28:12.654 market(2)  Ready!
[1652] 2017/12/20 11:28:12.710 market(0)  Ready!
[1652] 2017/12/20 11:28:12.764 market(4)  Ready!
[1652] 2017/12/20 11:28:12.764 market(3)  Ready!
[1652] 2017/12/20 11:28:15.835 Market Info is OK!
[1652] 2017/12/20 11:28:16.433 SKQuoteLib_RequestServerTime()
[1652] 2017/12/20 11:28:16.577 Catalog info is OK!
[1652] 2017/12/20 11:28:17.426 SKQuoteLib_RequestServerTime()
[1652] 2017/12/20 11:28:18.423 SKQuoteLib_RequestServerTime()
[1652] 2017/12/20 11:28:19.425 SKQuoteLib_RequestServerTime()
[1652] 2017/12/20 11:28:20.424 SKQuoteLib_RequestServerTime()
[1652] 2017/12/20 11:28:21.425 SKQuoteLib_RequestServerTime()
[1652] 2017/12/20 11:28:22.422 SKQuoteLib_RequestServerTime()
[1652] 2017/12/20 11:28:23.425 SKQuoteLib_RequestServerTime()
[1652] 2017/12/20 11:28:24.432 SKQuoteLib_RequestServerTime()
[1652] 2017/12/20 11:28:25.422 SKQuoteLib_RequestServerTime()
[560] 2017/12/20 11:29:00.119 SK_SUBJECT_CONNECTION_CONNECTED메Code: 0
[560] 2017/12/20 11:29:00.341 SKQuoteLib_EnterMonitor IP멚srvsolace-tp.capital.com.tw
[560] 2017/12/20 11:29:00.636 market(0)  Ready!
[560] 2017/12/20 11:29:00.647 market(1)  Ready!
[560] 2017/12/20 11:29:00.695 market(4)  Ready!
[560] 2017/12/20 11:29:00.695 market(2)  Ready!
[560] 2017/12/20 11:29:00.701 market(3)  Ready!
[560] 2017/12/20 11:29:03.820 Market Info is OK!
[560] 2017/12/20 11:29:04.363 SKQuoteLib_RequestServerTime()
[560] 2017/12/20 11:29:04.419 Catalog info is OK!
[560] 2017/12/20 11:29:04.518 SKQuoteLib_RequestServerTime()
[560] 2017/12/20 11:29:05.518 SKQuoteLib_RequestServerTime()
[560] 2017/12/20 11:29:06.519 SKQuoteLib_RequestServerTime()
[560] 2017/12/20 11:29:07.517 SKQuoteLib_RequestServerTime()
[560] 2017/12/20 11:29:08.519 SKQuoteLib_RequestServerTime()
[560] 2017/12/20 11:29:09.519 SKQuoteLib_RequestServerTime()
[560] 2017/12/20 11:29:10.519 SKQuoteLib_RequestServerTime()
[560] 2017/12/20 11:29:11.518 SKQuoteLib_RequestServerTime()
[560] 2017/12/20 11:29:12.517 SKQuoteLib_RequestServerTime()
[7956] 2017/12/20 11:46:34.996 SK_SUBJECT_CONNECTION_CONNECTED메Code: 0
[7956] 2017/12/20 11:46:35.256 SKQuoteLib_EnterMonitor IP멚srvsolace-fg.capital.com.tw
[7956] 2017/12/20 11:46:35.528 market(0)  Ready!
[7956] 2017/12/20 11:46:35.585 market(3)  Ready!
[7956] 2017/12/20 11:46:35.585 market(4)  Ready!
[7956] 2017/12/20 11:46:35.626 market(1)  Ready!
[7956] 2017/12/20 11:46:35.678 market(2)  Ready!
[6928] 2017/12/20 11:47:13.251 SK_SUBJECT_CONNECTION_CONNECTED메Code: 0
[6928] 2017/12/20 11:47:13.478 SKQuoteLib_EnterMonitor IP멚srvsolace-tp.capital.com.tw
[6928] 2017/12/20 11:47:19.144 market(0)  Ready!
[6928] 2017/12/20 11:47:19.149 market(1)  Ready!
[6928] 2017/12/20 11:47:19.149 market(2)  Ready!
[6928] 2017/12/20 11:47:19.267 market(4)  Ready!
[6928] 2017/12/20 11:47:19.267 market(3)  Ready!
[8120] 2017/12/20 11:56:10.944 SK_SUBJECT_CONNECTION_CONNECTED메Code: 0
[8120] 2017/12/20 11:56:11.182 SKQuoteLib_EnterMonitor IP멚srvsolace-fg.capital.com.tw
[8120] 2017/12/20 11:56:11.417 market(0)  Ready!
[8120] 2017/12/20 11:56:11.422 market(3)  Ready!
[8120] 2017/12/20 11:56:11.467 market(1)  Ready!
[8120] 2017/12/20 11:56:11.467 market(2)  Ready!
[8120] 2017/12/20 11:56:11.467 market(4)  Ready!
[8120] 2017/12/20 11:56:14.756 Market Info is OK!
[8120] 2017/12/20 11:56:15.446 Catalog info is OK!
[8120] 2017/12/20 11:56:33.272  SKQuoteLib_RequestTicks ( 0 , TX00 )
[8120] 2017/12/20 11:56:33.272 Return PageNo멚 0 
[8120] 2017/12/20 11:56:34.076 execute OnNotifyHistoryTicks event exception, please check it
[8120] 2017/12/20 11:56:34.288 execute OnNotifyHistoryTicks event exception, please check it
[8120] 2017/12/20 11:56:35.076 execute OnNotifyHistoryTicks event exception, please check it
[8120] 2017/12/20 11:56:36.062 execute OnNotifyHistoryTicks event exception, please check it
[8120] 2017/12/20 11:56:36.400 execute OnNotifyHistoryTicks event exception, please check it
[8120] 2017/12/20 11:56:37.118 execute OnNotifyHistoryTicks event exception, please check it
[8120] 2017/12/20 11:56:37.272 execute OnNotifyHistoryTicks event exception, please check it
[8120] 2017/12/20 11:56:37.693 execute OnNotifyHistoryTicks event exception, please check it
[8120] 2017/12/20 11:56:39.397 execute OnNotifyHistoryTicks event exception, please check it
[2336] 2017/12/20 11:56:55.416 SK_SUBJECT_CONNECTION_CONNECTED메Code: 0
[2336] 2017/12/20 11:56:55.657 SKQuoteLib_EnterMonitor IP멚srvsolace-tp.capital.com.tw
[2336] 2017/12/20 11:56:55.942 market(0)  Ready!
[2336] 2017/12/20 11:56:55.985 market(1)  Ready!
[2336] 2017/12/20 11:56:55.986 market(3)  Ready!
[2336] 2017/12/20 11:56:55.986 market(4)  Ready!
[2336] 2017/12/20 11:56:55.986 market(2)  Ready!
[2336] 2017/12/20 11:56:59.267 Market Info is OK!
[2336] 2017/12/20 11:56:59.914 Catalog info is OK!
[2336] 2017/12/20 11:57:10.085  SKQuoteLib_RequestTicks ( 0 , CME,ES_1803 )
[7224] 2017/12/20 12:02:48.277 SK_SUBJECT_CONNECTION_CONNECTED메Code: 0
[7224] 2017/12/20 12:02:48.512 SKQuoteLib_EnterMonitor IP멚srvsolace-tp.capital.com.tw
[7224] 2017/12/20 12:02:48.757 market(0)  Ready!
[7224] 2017/12/20 12:02:48.812 market(3)  Ready!
[7224] 2017/12/20 12:02:48.812 market(1)  Ready!
[7224] 2017/12/20 12:02:48.813 market(2)  Ready!
[7224] 2017/12/20 12:02:48.856 market(4)  Ready!
[7224] 2017/12/20 12:02:52.280 Market Info is OK!
[7224] 2017/12/20 12:02:52.959 Catalog info is OK!
[7224] 2017/12/20 12:03:09.092  SKQuoteLib_RequestTicks ( 0 , CME,ES_1803 )
[8476] 2017/12/20 12:17:10.460 SK_SUBJECT_CONNECTION_CONNECTED메Code: 0
[8476] 2017/12/20 12:17:10.714 SKQuoteLib_EnterMonitor IP멚srvsolace-tp.capital.com.tw
[8476] 2017/12/20 12:17:11.073 market(2)  Ready!
[8476] 2017/12/20 12:17:11.074 market(0)  Ready!
[8476] 2017/12/20 12:17:11.074 market(4)  Ready!
[8476] 2017/12/20 12:17:11.081 market(3)  Ready!
[8476] 2017/12/20 12:17:11.116 market(1)  Ready!
[8476] 2017/12/20 12:17:14.158 Market Info is OK!
[8476] 2017/12/20 12:17:16.909 SKQuoteLib_RequestServerTime()
[3060] 2017/12/20 12:20:14.232 SK_SUBJECT_CONNECTION_CONNECTED메Code: 0
[3060] 2017/12/20 12:20:14.508 SKQuoteLib_EnterMonitor IP멚srvsolace-tp.capital.com.tw
[3060] 2017/12/20 12:20:14.794 market(0)  Ready!
[3060] 2017/12/20 12:20:14.795 market(4)  Ready!
[3060] 2017/12/20 12:20:14.796 market(2)  Ready!
[3060] 2017/12/20 12:20:14.839 market(1)  Ready!
[3060] 2017/12/20 12:20:14.840 market(3)  Ready!
[3060] 2017/12/20 12:20:18.053 Market Info is OK!
[3060] 2017/12/20 12:20:18.325 Catalog info is OK!
[1892] 2017/12/20 12:21:49.548 SK_SUBJECT_CONNECTION_CONNECTED메Code: 0
[1892] 2017/12/20 12:21:49.800 SKQuoteLib_EnterMonitor IP멚srvsolace-fg.capital.com.tw
[1892] 2017/12/20 12:21:50.033 market(0)  Ready!
[1892] 2017/12/20 12:21:50.097 market(4)  Ready!
[1892] 2017/12/20 12:21:50.097 market(3)  Ready!
[1892] 2017/12/20 12:21:50.098 market(1)  Ready!
[1892] 2017/12/20 12:21:50.099 market(2)  Ready!
[1892] 2017/12/20 12:21:52.979 Market Info is OK!
[1892] 2017/12/20 12:21:53.672 Catalog info is OK!
[9188] 2017/12/20 12:22:16.972 SK_SUBJECT_CONNECTION_CONNECTED메Code: 0
[9188] 2017/12/20 12:22:17.215 SKQuoteLib_EnterMonitor IP멚srvsolace-fg.capital.com.tw
[9188] 2017/12/20 12:22:17.453 market(0)  Ready!
[9188] 2017/12/20 12:22:17.500 market(1)  Ready!
[9188] 2017/12/20 12:22:17.501 market(3)  Ready!
[9188] 2017/12/20 12:22:17.542 market(2)  Ready!
[9188] 2017/12/20 12:22:17.543 market(4)  Ready!
[9188] 2017/12/20 12:22:20.159 Market Info is OK!
[9188] 2017/12/20 12:22:20.924 Catalog info is OK!
[9188] 2017/12/20 12:22:21.735 SKQuoteLib_RequestServerTime()
[1272] 2017/12/20 12:28:06.616 SK_SUBJECT_CONNECTION_CONNECTED메Code: 0
[1272] 2017/12/20 12:28:06.889 SKQuoteLib_EnterMonitor IP멚srvsolace-fg.capital.com.tw
[1272] 2017/12/20 12:28:07.064 market(0)  Ready!
[1272] 2017/12/20 12:28:07.184 market(1)  Ready!
[1272] 2017/12/20 12:28:07.184 market(2)  Ready!
[1272] 2017/12/20 12:28:07.184 market(3)  Ready!
[1272] 2017/12/20 12:28:07.184 market(4)  Ready!
[1272] 2017/12/20 12:28:10.036 Market Info is OK!
[1272] 2017/12/20 12:28:10.736 Catalog info is OK!
[1272] 2017/12/20 12:28:11.533 SKQuoteLib_RequestServerTime()
[1272] 2017/12/20 12:28:12.535 SKQuoteLib_RequestServerTime()
[1272] 2017/12/20 12:28:13.535 SKQuoteLib_RequestServerTime()
[1272] 2017/12/20 12:28:14.534 SKQuoteLib_RequestServerTime()
[1272] 2017/12/20 12:28:15.535 SKQuoteLib_RequestServerTime()
[1272] 2017/12/20 12:28:16.535 SKQuoteLib_RequestServerTime()
[1272] 2017/12/20 12:28:17.534 SKQuoteLib_RequestServerTime()
[1272] 2017/12/20 12:28:18.535 SKQuoteLib_RequestServerTime()
[1272] 2017/12/20 12:28:19.533 SKQuoteLib_RequestServerTime()
[1272] 2017/12/20 12:28:20.536 SKQuoteLib_RequestServerTime()
[1272] 2017/12/20 12:28:37.681 -----------------------------------------------------------------
[10268] 2017/12/20 12:29:06.585 SK_SUBJECT_CONNECTION_CONNECTED메Code: 0
[10268] 2017/12/20 12:29:06.924 SKQuoteLib_EnterMonitor IP멚srvsolace-tp.capital.com.tw
[10268] 2017/12/20 12:29:07.182 market(0)  Ready!
[10268] 2017/12/20 12:29:07.230 market(1)  Ready!
[10268] 2017/12/20 12:29:07.231 market(3)  Ready!
[10268] 2017/12/20 12:29:07.273 market(2)  Ready!
[10268] 2017/12/20 12:29:07.274 market(4)  Ready!
[10268] 2017/12/20 12:29:09.964 Market Info is OK!
[10268] 2017/12/20 12:29:10.725 Catalog info is OK!
[6372] 2017/12/20 12:31:06.108 SK_SUBJECT_CONNECTION_CONNECTED메Code: 0
[6372] 2017/12/20 12:31:06.362 SKQuoteLib_EnterMonitor IP멚srvsolace-tp.capital.com.tw
[6372] 2017/12/20 12:31:06.665 market(4)  Ready!
[6372] 2017/12/20 12:31:06.780 market(0)  Ready!
[6372] 2017/12/20 12:31:06.780 market(3)  Ready!
[6372] 2017/12/20 12:31:06.780 market(1)  Ready!
[6372] 2017/12/20 12:31:06.785 market(2)  Ready!
[6372] 2017/12/20 12:31:09.464 Market Info is OK!
[6372] 2017/12/20 12:31:10.180 Catalog info is OK!
[6296] 2017/12/20 12:33:07.738 SK_SUBJECT_CONNECTION_CONNECTED메Code: 0
[6296] 2017/12/20 12:33:07.991 SKQuoteLib_EnterMonitor IP멚srvsolace-fg.capital.com.tw
[6296] 2017/12/20 12:33:08.187 market(0)  Ready!
[6296] 2017/12/20 12:33:08.236 market(1)  Ready!
[6296] 2017/12/20 12:33:08.236 market(3)  Ready!
[6296] 2017/12/20 12:33:08.239 market(2)  Ready!
[6296] 2017/12/20 12:33:08.239 market(4)  Ready!
[6296] 2017/12/20 12:33:10.957 Market Info is OK!
[6296] 2017/12/20 12:33:11.811 Catalog info is OK!
[5108] 2017/12/20 12:33:31.431 SK_SUBJECT_CONNECTION_CONNECTED메Code: 0
[5108] 2017/12/20 12:33:31.683 SKQuoteLib_EnterMonitor IP멚srvsolace-fg.capital.com.tw
[5108] 2017/12/20 12:33:32.040 market(0)  Ready!
[5108] 2017/12/20 12:33:32.042 market(4)  Ready!
[5108] 2017/12/20 12:33:32.044 market(2)  Ready!
[5108] 2017/12/20 12:33:32.048 market(1)  Ready!
[5108] 2017/12/20 12:33:32.080 market(3)  Ready!
[5108] 2017/12/20 12:33:34.813 Market Info is OK!
[5108] 2017/12/20 12:33:35.427 Catalog info is OK!
[6440] 2017/12/20 12:34:30.743 SK_SUBJECT_CONNECTION_CONNECTED메Code: 0
[6440] 2017/12/20 12:34:30.996 SKQuoteLib_EnterMonitor IP멚srvsolace-tp.capital.com.tw
[6440] 2017/12/20 12:34:31.235 market(0)  Ready!
[6440] 2017/12/20 12:34:31.364 market(3)  Ready!
[6440] 2017/12/20 12:34:31.364 market(4)  Ready!
[6440] 2017/12/20 12:34:31.366 market(2)  Ready!
[6440] 2017/12/20 12:34:31.367 market(1)  Ready!
[6440] 2017/12/20 12:34:34.075 Market Info is OK!
[6440] 2017/12/20 12:34:34.713 Catalog info is OK!
[6440] 2017/12/20 12:35:16.119  SKQuoteLib_RequestTicks ( 0 , CME,ES_1803 )
[9340] 2017/12/20 12:43:39.296 SK_SUBJECT_CONNECTION_CONNECTED메Code: 0
[9340] 2017/12/20 12:43:39.545 SKQuoteLib_EnterMonitor IP멚srvsolace-fg.capital.com.tw
[9340] 2017/12/20 12:43:39.866 market(0)  Ready!
[9340] 2017/12/20 12:43:39.867 market(1)  Ready!
[9340] 2017/12/20 12:43:39.867 market(3)  Ready!
[9340] 2017/12/20 12:43:39.920 market(4)  Ready!
[9340] 2017/12/20 12:43:39.921 market(2)  Ready!
[9340] 2017/12/20 12:43:42.671 Market Info is OK!
[9340] 2017/12/20 12:43:43.284 Catalog info is OK!
[9340] 2017/12/20 12:43:48.260 SKQuoteLib_GetKLine(0,TX00 )
[5880] 2017/12/20 12:44:29.911 SK_SUBJECT_CONNECTION_CONNECTED메Code: 0
[5880] 2017/12/20 12:44:30.169 SKQuoteLib_EnterMonitor IP멚srvsolace-fg.capital.com.tw
[5880] 2017/12/20 12:44:30.397 market(0)  Ready!
[5880] 2017/12/20 12:44:30.404 market(2)  Ready!
[5880] 2017/12/20 12:44:30.405 market(1)  Ready!
[5880] 2017/12/20 12:44:30.461 market(3)  Ready!
[5880] 2017/12/20 12:44:30.461 market(4)  Ready!
[5880] 2017/12/20 12:44:33.429 Market Info is OK!
[5880] 2017/12/20 12:44:34.105 Catalog info is OK!
[5880] 2017/12/20 12:44:39.660 SKQuoteLib_GetKLine(0,TX00 )
[9368] 2017/12/20 12:47:40.416 SK_SUBJECT_CONNECTION_CONNECTED메Code: 0
[9368] 2017/12/20 12:47:40.678 SKQuoteLib_EnterMonitor IP멚srvsolace-tp.capital.com.tw
[9368] 2017/12/20 12:47:40.992 market(0)  Ready!
[9368] 2017/12/20 12:47:41.033 market(3)  Ready!
[9368] 2017/12/20 12:47:41.035 market(1)  Ready!
[9368] 2017/12/20 12:47:41.039 market(4)  Ready!
[9368] 2017/12/20 12:47:41.042 market(2)  Ready!
[9368] 2017/12/20 12:47:43.892 Market Info is OK!
[9368] 2017/12/20 12:47:44.538 Catalog info is OK!
[9368] 2017/12/20 12:47:47.884 SKQuoteLib_GetKLine(0,TX00 )
[3904] 2017/12/20 13:19:16.658 SK_SUBJECT_CONNECTION_CONNECTED메Code: 0
[3904] 2017/12/20 13:19:16.963 SKQuoteLib_EnterMonitor IP멚srvsolace-fg.capital.com.tw
[3904] 2017/12/20 13:19:17.284 market(0)  Ready!
[3904] 2017/12/20 13:19:17.302 market(2)  Ready!
[3904] 2017/12/20 13:19:17.302 market(1)  Ready!
[3904] 2017/12/20 13:19:17.302 market(3)  Ready!
[3904] 2017/12/20 13:19:17.302 market(4)  Ready!
[3904] 2017/12/20 13:19:20.394 Market Info is OK!
[3904] 2017/12/20 13:19:21.220 Catalog info is OK!
[3904] 2017/12/20 13:19:55.489 SKQuoteLib_GetKLine(0,TX00 )
[7564] 2017/12/20 13:20:29.158 SK_SUBJECT_CONNECTION_CONNECTED메Code: 0
[7564] 2017/12/20 13:20:29.460 SKQuoteLib_EnterMonitor IP멚srvsolace-fg.capital.com.tw
[7564] 2017/12/20 13:20:29.695 market(0)  Ready!
[7564] 2017/12/20 13:20:29.761 market(1)  Ready!
[7564] 2017/12/20 13:20:29.767 market(2)  Ready!
[7564] 2017/12/20 13:20:29.825 market(3)  Ready!
[7564] 2017/12/20 13:20:29.828 market(4)  Ready!
[7564] 2017/12/20 13:20:32.782 Market Info is OK!
[7564] 2017/12/20 13:20:33.418 Catalog info is OK!
[7564] 2017/12/20 13:20:38.001 SKQuoteLib_GetKLine(0,TX00 )
[7220] 2017/12/20 13:35:33.198 SK_SUBJECT_CONNECTION_CONNECTED메Code: 0
[7220] 2017/12/20 13:35:33.448 SKQuoteLib_EnterMonitor IP멚srvsolace-fg.capital.com.tw
[7220] 2017/12/20 13:35:33.748 market(0)  Ready!
[7220] 2017/12/20 13:35:33.793 market(1)  Ready!
[7220] 2017/12/20 13:35:33.805 market(4)  Ready!
[7220] 2017/12/20 13:35:33.805 market(2)  Ready!
[7220] 2017/12/20 13:35:33.805 market(3)  Ready!
[7220] 2017/12/20 13:35:36.462 Market Info is OK!
[7220] 2017/12/20 13:35:37.186 Catalog info is OK!
[7220] 2017/12/20 13:35:46.519 SKQuoteLib_GetKLine(0,CME,ES_1803 )
[7220] 2017/12/20 13:36:52.018  SKQuoteLib_RequestTicks ( 0 , CME,ES_1803 )
[7220] 2017/12/20 13:36:59.751 SKQuoteLib_GetKLine(0,TX00 )
[7436] 2017/12/20 13:44:41.788 SK_SUBJECT_CONNECTION_CONNECTED메Code: 0
[7436] 2017/12/20 13:44:42.032 SKQuoteLib_EnterMonitor IP멚srvsolace-tp.capital.com.tw
[7436] 2017/12/20 13:44:42.266 market(0)  Ready!
[7436] 2017/12/20 13:44:42.275 market(1)  Ready!
[7436] 2017/12/20 13:44:42.276 market(2)  Ready!
[7436] 2017/12/20 13:44:42.328 market(3)  Ready!
[7436] 2017/12/20 13:44:42.328 market(4)  Ready!
[7436] 2017/12/20 13:44:45.075 Market Info is OK!
[7436] 2017/12/20 13:44:45.821 Catalog info is OK!
[7436] 2017/12/20 13:44:53.408 SKQuoteLib_GetKLine(0,TX00 )
[6812] 2017/12/20 13:46:27.556 SK_SUBJECT_CONNECTION_CONNECTED메Code: 0
[6812] 2017/12/20 13:46:27.812 SKQuoteLib_EnterMonitor IP멚srvsolace-tp.capital.com.tw
[6812] 2017/12/20 13:46:27.986 market(0)  Ready!
[6812] 2017/12/20 13:46:28.034 market(1)  Ready!
[6812] 2017/12/20 13:46:28.034 market(2)  Ready!
[6812] 2017/12/20 13:46:28.034 market(3)  Ready!
[6812] 2017/12/20 13:46:28.034 market(4)  Ready!
[6812] 2017/12/20 13:46:30.850 Market Info is OK!
[6812] 2017/12/20 13:46:31.543 Catalog info is OK!
[6812] 2017/12/20 13:46:40.833 SKQuoteLib_GetKLine(0,TX00 )
[6812] 2017/12/20 13:46:46.225 SKQuoteLib_GetKLine(1,TX00 )
[7896] 2017/12/20 13:50:10.195 SK_SUBJECT_CONNECTION_CONNECTED메Code: 0
[7896] 2017/12/20 13:50:10.437 SKQuoteLib_EnterMonitor IP멚srvsolace-tp.capital.com.tw
[7896] 2017/12/20 13:50:10.658 market(0)  Ready!
[7896] 2017/12/20 13:50:10.668 market(1)  Ready!
[7896] 2017/12/20 13:50:10.668 market(2)  Ready!
[7896] 2017/12/20 13:50:10.722 market(3)  Ready!
[7896] 2017/12/20 13:50:10.723 market(4)  Ready!
[7896] 2017/12/20 13:50:13.527 Market Info is OK!
[7896] 2017/12/20 13:50:14.273 Catalog info is OK!
[7896] 2017/12/20 13:50:23.001 SKQuoteLib_GetKLine(0,TX00 )
[7896] 2017/12/20 13:50:28.488 SKQuoteLib_GetKLine(3,TX00 )
[7896] 2017/12/20 13:50:31.328  SKQuoteLib_RequestTicks ( 0 , TX00 )
[7896] 2017/12/20 13:50:31.328 Return PageNo멚 0 
[7896] 2017/12/20 13:50:32.031 execute OnNotifyHistoryTicks event exception, please check it
[7896] 2017/12/20 13:50:33.393 execute OnNotifyHistoryTicks event exception, please check it
[7896] 2017/12/20 13:50:34.205 execute OnNotifyHistoryTicks event exception, please check it
[7896] 2017/12/20 13:50:37.370 execute OnNotifyHistoryTicks event exception, please check it
[2376] 2017/12/20 13:51:19.199 SK_SUBJECT_CONNECTION_CONNECTED메Code: 0
[2376] 2017/12/20 13:51:19.461 SKQuoteLib_EnterMonitor IP멚srvsolace-fg.capital.com.tw
[2376] 2017/12/20 13:51:19.733 market(0)  Ready!
[2376] 2017/12/20 13:51:19.738 market(1)  Ready!
[2376] 2017/12/20 13:51:19.780 market(2)  Ready!
[2376] 2017/12/20 13:51:19.785 market(4)  Ready!
[2376] 2017/12/20 13:51:19.788 market(3)  Ready!
[2376] 2017/12/20 13:51:22.356 Market Info is OK!
[2376] 2017/12/20 13:51:23.131 Catalog info is OK!
[2376] 2017/12/20 13:51:29.600 SKQuoteLib_GetKLine(0,CME,ES_1803 )
[2376] 2017/12/20 13:51:31.115 SKQuoteLib_GetKLine(3,CME,ES_1803 )
[2376] 2017/12/20 13:51:35.018  SKQuoteLib_RequestTicks ( 0 , CME,ES_1803 )
[2376] 2017/12/20 13:51:48.494 SKQuoteLib_GetKLine(0,TX00 )
[2376] 2017/12/20 13:51:54.965 SKQuoteLib_GetKLine(3,TX00 )
[2376] 2017/12/20 13:51:58.883  SKQuoteLib_RequestTicks ( 0 , TX00 )
[2376] 2017/12/20 13:51:58.883 Return PageNo멚 0 
[2376] 2017/12/20 13:51:59.287 execute OnNotifyHistoryTicks event exception, please check it
[2376] 2017/12/20 13:52:02.952 execute OnNotifyHistoryTicks event exception, please check it
[2376] 2017/12/20 13:52:03.493 execute OnNotifyHistoryTicks event exception, please check it
[2376] 2017/12/20 13:52:05.627 execute OnNotifyHistoryTicks event exception, please check it
[5708] 2017/12/20 13:54:23.979 SK_SUBJECT_CONNECTION_CONNECTED메Code: 0
[5708] 2017/12/20 13:54:24.231 SKQuoteLib_EnterMonitor IP멚srvsolace-tp.capital.com.tw
[5708] 2017/12/20 13:54:24.455 market(0)  Ready!
[5708] 2017/12/20 13:54:24.518 market(1)  Ready!
[5708] 2017/12/20 13:54:24.518 market(3)  Ready!
[5708] 2017/12/20 13:54:24.518 market(4)  Ready!
[5708] 2017/12/20 13:54:24.568 market(2)  Ready!
[5708] 2017/12/20 13:54:27.237 Market Info is OK!
[5708] 2017/12/20 13:54:27.992 Catalog info is OK!
[5708] 2017/12/20 13:54:30.000 SKQuoteLib_GetKLine(0,TX00 )
[5708] 2017/12/20 13:54:37.093 SKQuoteLib_GetKLine(3,TX00 )
[5708] 2017/12/20 13:54:41.475  SKQuoteLib_RequestTicks ( 0 , TX00 )
[5708] 2017/12/20 13:54:41.475 Return PageNo멚 0 
[5708] 2017/12/20 13:54:43.136 execute OnNotifyHistoryTicks event exception, please check it
[5708] 2017/12/20 13:54:44.314 execute OnNotifyHistoryTicks event exception, please check it
[5708] 2017/12/20 13:54:45.266 execute OnNotifyHistoryTicks event exception, please check it
[5708] 2017/12/20 13:54:45.693 execute OnNotifyHistoryTicks event exception, please check it
[5708] 2017/12/20 13:54:45.749 execute OnNotifyHistoryTicks event exception, please check it
[10520] 2017/12/20 13:55:24.618 SK_SUBJECT_CONNECTION_CONNECTED메Code: 0
[10520] 2017/12/20 13:55:24.882 SKQuoteLib_EnterMonitor IP멚srvsolace-fg.capital.com.tw
[10520] 2017/12/20 13:55:25.115 market(0)  Ready!
[10520] 2017/12/20 13:55:25.161 market(1)  Ready!
[10520] 2017/12/20 13:55:25.163 market(3)  Ready!
[10520] 2017/12/20 13:55:25.167 market(2)  Ready!
[10520] 2017/12/20 13:55:25.209 market(4)  Ready!
[10520] 2017/12/20 13:55:27.865 Market Info is OK!
[10520] 2017/12/20 13:55:28.551 Catalog info is OK!
[10520] 2017/12/20 13:55:51.280 SKQuoteLib_GetKLine(0,CME,ES_1803 )
[10520] 2017/12/20 13:55:52.756 SKQuoteLib_GetKLine(3,CME,ES_1803 )
[10520] 2017/12/20 13:55:54.751  SKQuoteLib_RequestTicks ( 0 , CME,ES_1803 )
[2916] 2017/12/20 14:02:52.035 SK_SUBJECT_CONNECTION_CONNECTED메Code: 0
[2916] 2017/12/20 14:02:52.304 SKQuoteLib_EnterMonitor IP멚srvsolace-tp.capital.com.tw
[2916] 2017/12/20 14:02:52.607 market(0)  Ready!
[2916] 2017/12/20 14:02:52.608 market(1)  Ready!
[2916] 2017/12/20 14:02:52.608 market(3)  Ready!
[2916] 2017/12/20 14:02:52.651 market(2)  Ready!
[2916] 2017/12/20 14:02:52.660 market(4)  Ready!
[2916] 2017/12/20 14:02:55.362 Market Info is OK!
[2916] 2017/12/20 14:02:56.090 Catalog info is OK!
[2916] 2017/12/20 14:03:03.065 SKQuoteLib_GetKLine(0,TX00 )
[2916] 2017/12/20 14:03:09.635 SKQuoteLib_GetKLine(3,TX00 )
[2916] 2017/12/20 14:03:13.685  SKQuoteLib_RequestTicks ( 0 , TX00 )
[2916] 2017/12/20 14:03:13.685 Return PageNo멚 0 
[2916] 2017/12/20 14:03:14.171 execute OnNotifyHistoryTicks event exception, please check it
[2916] 2017/12/20 14:03:14.872 execute OnNotifyHistoryTicks event exception, please check it
[2916] 2017/12/20 14:03:16.610 execute OnNotifyHistoryTicks event exception, please check it
[2916] 2017/12/20 14:03:16.787 execute OnNotifyHistoryTicks event exception, please check it
[2916] 2017/12/20 14:03:17.175 execute OnNotifyHistoryTicks event exception, please check it
[2916] 2017/12/20 14:03:17.690 execute OnNotifyHistoryTicks event exception, please check it
[2916] 2017/12/20 14:03:18.664 execute OnNotifyHistoryTicks event exception, please check it
[2916] 2017/12/20 14:03:29.585 SKQuoteLib_GetKLine(0,CME,ES_1803 )
[2916] 2017/12/20 14:03:31.216 SKQuoteLib_GetKLine(3,CME,ES_1803 )
[2916] 2017/12/20 14:03:32.286  SKQuoteLib_RequestTicks ( 0 , CME,ES_1803 )
[2916] 2017/12/20 14:03:32.401 SKQuoteLib_GetKLine(0,CME,ES_1803 )
[2916] 2017/12/20 14:03:35.894 SKQuoteLib_GetKLine(3,CME,ES_1803 )
[2916] 2017/12/20 14:03:37.251  SKQuoteLib_RequestTicks ( 0 , CME,ES_1803 )
[8640] 2017/12/20 14:25:29.748 SK_SUBJECT_CONNECTION_CONNECTED메Code: 0
[8640] 2017/12/20 14:25:30.017 SKQuoteLib_EnterMonitor IP멚srvsolace-tp.capital.com.tw
[8640] 2017/12/20 14:25:30.244 market(0)  Ready!
[8640] 2017/12/20 14:25:30.311 market(1)  Ready!
[8640] 2017/12/20 14:25:30.311 market(3)  Ready!
[8640] 2017/12/20 14:25:30.312 market(2)  Ready!
[8640] 2017/12/20 14:25:30.356 market(4)  Ready!
[8640] 2017/12/20 14:25:33.239 Market Info is OK!
[8640] 2017/12/20 14:25:33.838 Catalog info is OK!
[8640] 2017/12/20 14:26:40.159 SKQuoteLib_LeaveMonitor() 
[3592] 2017/12/20 14:41:32.673 SK_SUBJECT_CONNECTION_CONNECTED메Code: 0
[3592] 2017/12/20 14:41:32.912 SKQuoteLib_EnterMonitor IP멚srvsolace-fg.capital.com.tw
[3592] 2017/12/20 14:41:33.132 market(1)  Ready!
[3592] 2017/12/20 14:41:33.133 market(2)  Ready!
[3592] 2017/12/20 14:41:33.133 market(3)  Ready!
[3592] 2017/12/20 14:41:33.133 market(4)  Ready!
[3592] 2017/12/20 14:41:33.137 market(0)  Ready!
[3592] 2017/12/20 14:41:35.981 Market Info is OK!
[3592] 2017/12/20 14:41:36.730 Catalog info is OK!
[8364] 2017/12/20 16:39:30.548 SK_SUBJECT_CONNECTION_CONNECTED메Code: 0
[8364] 2017/12/20 16:39:30.813 SKQuoteLib_EnterMonitor IP멚srvsolace-tp.capital.com.tw
[8364] 2017/12/20 16:39:30.893 SKQuoteLib_GetKLine(0,TX00 )
[8364] 2017/12/20 16:39:30.896 SKQuoteLib_GetKLine(3,TX00 )
[8364] 2017/12/20 16:39:31.031 market(0)  Ready!
[8364] 2017/12/20 16:39:31.040 market(1)  Ready!
[8364] 2017/12/20 16:39:31.042 market(2)  Ready!
[8364] 2017/12/20 16:39:31.045 market(3)  Ready!
[8364] 2017/12/20 16:39:31.069 market(4)  Ready!
[8364] 2017/12/20 16:39:32.269 Market Info is OK!
[8364] 2017/12/20 16:39:32.957 Catalog info is OK!
[8364] 2017/12/20 16:39:34.314  SKQuoteLib_RequestTicks ( 0 , TX00 )
[5820] 2017/12/20 16:45:58.661 SKQuoteLib_LeaveMonitor() 
[5820] 2017/12/20 16:45:59.916 -----------------------------------------------------------------
[10864] 2017/12/20 16:52:03.885 SKQuoteLib_LeaveMonitor() 
[10864] 2017/12/20 16:52:04.700 -----------------------------------------------------------------
[5460] 2017/12/20 16:53:33.777 SK_SUBJECT_CONNECTION_CONNECTED메Code: 0
[5460] 2017/12/20 16:53:33.823 SKQuoteLib_EnterMonitor IP멚srvsolace-tp.capital.com.tw
[5460] 2017/12/20 16:53:41.206 market(0)  Ready!
[5460] 2017/12/20 16:53:41.247 market(3)  Ready!
[5460] 2017/12/20 16:53:41.250 market(1)  Ready!
[5460] 2017/12/20 16:53:41.294 market(4)  Ready!
[5460] 2017/12/20 16:53:41.294 market(2)  Ready!
[5460] 2017/12/20 16:53:45.500 Market Info is OK!
[5460] 2017/12/20 16:53:45.685 Catalog info is OK!
[5460] 2017/12/20 16:54:27.804 SKQuoteLib_LeaveMonitor() 
[5460] 2017/12/20 16:54:35.612 SKQuoteLib_GetKLine(0,CME,ES_1803 )
[5460] 2017/12/20 16:54:37.095 SKQuoteLib_GetKLine(3,CME,ES_1803 )
[5460] 2017/12/20 16:54:39.040  SKQuoteLib_RequestTicks ( 0 , CME,ES_1803 )
[5460] 2017/12/20 16:54:51.381 SKQuoteLib_LeaveMonitor() 
[5460] 2017/12/20 16:54:54.173 SK_SUBJECT_CONNECTION_CONNECTED메Code: 0
[5460] 2017/12/20 16:54:54.414 SKQuoteLib_EnterMonitor IP멚srvsolace-tp.capital.com.tw
[5460] 2017/12/20 16:54:54.634 market(0)  Ready!
[5460] 2017/12/20 16:54:54.673 market(1)  Ready!
[5460] 2017/12/20 16:54:54.676 market(3)  Ready!
[5460] 2017/12/20 16:54:54.680 market(4)  Ready!
[5460] 2017/12/20 16:54:54.718 market(2)  Ready!
[5460] 2017/12/20 16:55:10.179 Market Info is OK!
[5460] 2017/12/20 16:55:10.311 Catalog info is OK!
[5460] 2017/12/20 16:55:18.728 SKQuoteLib_GetKLine(0,TX00 )
[5460] 2017/12/20 16:55:32.845 SKQuoteLib_GetKLine(3,TX00 )
[5460] 2017/12/20 16:55:37.157  SKQuoteLib_RequestTicks ( 0 , TX00 )
[5460] 2017/12/20 16:55:37.157 Return PageNo멚 0 
[5460] 2017/12/20 16:55:51.107 SKQuoteLib_LeaveMonitor() 
[5460] 2017/12/20 16:56:03.694 SKQuoteLib_GetKLine(0,CME,ES_1803 )
[5460] 2017/12/20 16:56:05.198 SKQuoteLib_GetKLine(3,CME,ES_1803 )
[5460] 2017/12/20 16:56:06.638  SKQuoteLib_RequestTicks ( 0 , CME,ES_1803 )
[2652] 2017/12/20 17:14:00.007 SK_SUBJECT_CONNECTION_CONNECTED메Code: 0
[2652] 2017/12/20 17:14:00.284 SKQuoteLib_EnterMonitor IP멚srvsolace-fg.capital.com.tw
[2652] 2017/12/20 17:14:00.498 market(0)  Ready!
[2652] 2017/12/20 17:14:00.503 market(1)  Ready!
[2652] 2017/12/20 17:14:00.505 market(3)  Ready!
[2652] 2017/12/20 17:14:00.532 market(2)  Ready!
[2652] 2017/12/20 17:14:00.538 market(4)  Ready!
[2652] 2017/12/20 17:14:01.641 Market Info is OK!
[2652] 2017/12/20 17:14:01.818 Catalog info is OK!
[2652] 2017/12/20 17:14:19.304 SKQuoteLib_GetKLine(0,TX00 )
[2652] 2017/12/20 17:14:24.852 SKQuoteLib_GetKLine(3,TX00 )
[2652] 2017/12/20 17:14:29.246  SKQuoteLib_RequestTicks ( 0 , TX00 )
[2652] 2017/12/20 17:14:29.246 Return PageNo멚 0 
[2652] 2017/12/20 17:14:29.641 execute OnNotifyHistoryTicks event exception, please check it
[2652] 2017/12/20 17:14:39.045 SKQuoteLib_LeaveMonitor() 
[2652] 2017/12/20 17:14:46.752 SKQuoteLib_GetKLine(0,CME,ES_1803 )
[2652] 2017/12/20 17:14:48.356 SKQuoteLib_GetKLine(3,CME,ES_1803 )
[2652] 2017/12/20 17:14:56.773 SKQuoteLib_GetKLine(0,CME,ES_1803 )
[2652] 2017/12/20 17:14:58.368 SKQuoteLib_GetKLine(3,CME,ES_1803 )
[2652] 2017/12/20 17:15:00.806  SKQuoteLib_RequestTicks ( 0 , CME,ES_1803 )
[2652] 2017/12/20 17:15:02.873  SKQuoteLib_RequestTicks ( 0 , CME,ES_1803 )
[5084] 2017/12/20 17:16:08.390 SK_SUBJECT_CONNECTION_CONNECTED메Code: 0
[5084] 2017/12/20 17:16:08.550 SKQuoteLib_EnterMonitor IP멚srvsolace-fg.capital.com.tw
[5084] 2017/12/20 17:16:08.857 market(1)  Ready!
[5084] 2017/12/20 17:16:08.860 market(4)  Ready!
[5084] 2017/12/20 17:16:08.862 market(0)  Ready!
[5084] 2017/12/20 17:16:08.863 market(2)  Ready!
[5084] 2017/12/20 17:16:08.906 market(3)  Ready!
[5084] 2017/12/20 17:16:10.069 Market Info is OK!
[5084] 2017/12/20 17:16:10.244 Catalog info is OK!
[5084] 2017/12/20 17:25:49.440 SKQuoteLib_GetKLine(0,TX00 )
[5084] 2017/12/20 17:25:54.941 SKQuoteLib_GetKLine(3,TX00 )
[5084] 2017/12/20 17:25:59.026  SKQuoteLib_RequestTicks ( 0 , TX00 )
[5084] 2017/12/20 17:25:59.026 Return PageNo멚 0 
[5084] 2017/12/20 17:26:05.853 SKQuoteLib_LeaveMonitor() 
[5084] 2017/12/20 17:26:11.772 SKQuoteLib_GetKLine(0,CME,ES_1803 )
[5084] 2017/12/20 17:26:13.297 SKQuoteLib_GetKLine(3,CME,ES_1803 )
[5084] 2017/12/20 17:26:14.492  SKQuoteLib_RequestTicks ( 0 , CME,ES_1803 )
[5084] 2017/12/20 17:26:14.604 SKQuoteLib_GetKLine(0,CME,ES_1803 )
[5084] 2017/12/20 17:26:16.480 SKQuoteLib_GetKLine(3,CME,ES_1803 )
[5084] 2017/12/20 17:26:17.993  SKQuoteLib_RequestTicks ( 0 , CME,ES_1803 )
[8404] 2017/12/20 17:29:45.110 SK_SUBJECT_CONNECTION_CONNECTED메Code: 0
[8404] 2017/12/20 17:29:45.366 SKQuoteLib_EnterMonitor IP멚srvsolace-fg.capital.com.tw
[8404] 2017/12/20 17:29:45.586 market(0)  Ready!
[8404] 2017/12/20 17:29:45.628 market(3)  Ready!
[8404] 2017/12/20 17:29:45.631 market(1)  Ready!
[8404] 2017/12/20 17:29:45.634 market(4)  Ready!
[8404] 2017/12/20 17:29:45.640 market(2)  Ready!
[8404] 2017/12/20 17:29:46.803 Market Info is OK!
[8404] 2017/12/20 17:29:46.983 Catalog info is OK!
[8404] 2017/12/20 17:29:50.785 SKQuoteLib_GetKLine(0,TX00 )
[8404] 2017/12/20 17:29:57.463 SKQuoteLib_GetKLine(3,TX00 )
[8404] 2017/12/20 17:30:01.942  SKQuoteLib_RequestTicks ( 0 , TX00 )
[8404] 2017/12/20 17:30:01.942 Return PageNo멚 0 
[8404] 2017/12/20 17:30:02.298 execute OnNotifyHistoryTicks event exception, please check it
[8404] 2017/12/20 17:30:07.302 SKQuoteLib_LeaveMonitor() 
[8404] 2017/12/20 17:30:15.446 SKQuoteLib_GetKLine(0,CME,ES_1803 )
[8404] 2017/12/20 17:30:16.942 SKQuoteLib_GetKLine(3,CME,ES_1803 )
[8404] 2017/12/20 17:30:18.690  SKQuoteLib_RequestTicks ( 0 , CME,ES_1803 )
[8404] 2017/12/20 17:30:29.209 SKQuoteLib_LeaveMonitor() 
[8404] 2017/12/20 17:30:31.818 SK_SUBJECT_CONNECTION_CONNECTED메Code: 0
[8404] 2017/12/20 17:30:32.086 SKQuoteLib_EnterMonitor IP멚srvsolace-fg.capital.com.tw
[8404] 2017/12/20 17:30:32.358 market(4)  Ready!
[8404] 2017/12/20 17:30:32.401 market(0)  Ready!
[8404] 2017/12/20 17:30:32.402 market(2)  Ready!
[8404] 2017/12/20 17:30:32.402 market(3)  Ready!
[8404] 2017/12/20 17:30:32.402 market(1)  Ready!
[8404] 2017/12/20 17:30:44.697 SKQuoteLib_GetKLine(0,TX00 )
[8404] 2017/12/20 17:30:44.745 SKQuoteLib_GetKLine(3,TX00 )
[8404] 2017/12/20 17:30:46.509 Market Info is OK!
[8404] 2017/12/20 17:30:47.521  SKQuoteLib_RequestTicks ( 0 , TX00 )
[8404] 2017/12/20 17:30:47.696 Catalog info is OK!
[8404] 2017/12/20 17:30:55.063 SKQuoteLib_LeaveMonitor() 
[5512] 2017/12/20 17:31:37.575 SK_SUBJECT_CONNECTION_CONNECTED메Code: 0
[5512] 2017/12/20 17:31:37.834 SKQuoteLib_EnterMonitor IP멚srvsolace-fg.capital.com.tw
[5512] 2017/12/20 17:31:38.051 market(0)  Ready!
[5512] 2017/12/20 17:31:38.061 market(2)  Ready!
[5512] 2017/12/20 17:31:38.086 market(1)  Ready!
[5512] 2017/12/20 17:31:38.087 market(3)  Ready!
[5512] 2017/12/20 17:31:38.095 market(4)  Ready!
[5512] 2017/12/20 17:31:39.227 Market Info is OK!
[5512] 2017/12/20 17:31:39.406 Catalog info is OK!
[5512] 2017/12/20 19:35:27.754 SKQuoteLib_LeaveMonitor() 
[5512] 2017/12/20 19:35:32.027 SKQuoteLib_GetKLine(0,CME,ES_1803 )
[5512] 2017/12/20 19:35:33.514 SKQuoteLib_GetKLine(3,CME,ES_1803 )
[5512] 2017/12/20 19:35:35.951  SKQuoteLib_RequestTicks ( 0 , CME,ES_1803 )
[5512] 2017/12/20 19:35:36.064 SKQuoteLib_GetKLine(0,CME,ES_1803 )
[5512] 2017/12/20 19:35:38.413 SKQuoteLib_GetKLine(3,CME,ES_1803 )
[5512] 2017/12/20 19:35:39.301  SKQuoteLib_RequestTicks ( 0 , CME,ES_1803 )
[5512] 2017/12/20 19:35:46.619 SKQuoteLib_LeaveMonitor() 
[5512] 2017/12/20 19:35:49.496 SK_SUBJECT_CONNECTION_CONNECTED메Code: 0
[5512] 2017/12/20 19:35:49.757 SKQuoteLib_EnterMonitor IP멚srvsolace-fg.capital.com.tw
[5512] 2017/12/20 19:35:49.969 market(0)  Ready!
[5512] 2017/12/20 19:35:49.975 market(1)  Ready!
[5512] 2017/12/20 19:35:49.975 market(3)  Ready!
[5512] 2017/12/20 19:35:49.976 market(2)  Ready!
[5512] 2017/12/20 19:35:49.976 market(4)  Ready!
[5512] 2017/12/20 19:35:55.268 SKQuoteLib_GetKLine(0,TX00 )
[5512] 2017/12/20 19:35:55.314 SKQuoteLib_GetKLine(3,TX00 )
[10124] 2017/12/20 20:05:20.808 SK_SUBJECT_CONNECTION_CONNECTED메Code: 0
[10124] 2017/12/20 20:05:21.075 SKQuoteLib_EnterMonitor IP멚srvsolace-fg.capital.com.tw
[10124] 2017/12/20 20:05:21.286 market(0)  Ready!
[10124] 2017/12/20 20:05:21.308 market(1)  Ready!
[10124] 2017/12/20 20:05:21.324 market(3)  Ready!
[10124] 2017/12/20 20:05:21.330 market(2)  Ready!
[10124] 2017/12/20 20:05:21.332 market(4)  Ready!
[10124] 2017/12/20 20:05:22.463 Market Info is OK!
[10124] 2017/12/20 20:05:22.639 Catalog info is OK!
[10124] 2017/12/20 20:05:24.691 SKQuoteLib_LeaveMonitor() 
[10124] 2017/12/20 20:05:31.917 SKQuoteLib_GetKLine(0,CME,ES_1803 )
[10124] 2017/12/20 20:05:33.379 SKQuoteLib_GetKLine(3,CME,ES_1803 )
[10124] 2017/12/20 20:05:34.140 SKQuoteLib_GetKLine(0,CME,ES_1803 )
[10124] 2017/12/20 20:05:35.620 SKQuoteLib_GetKLine(3,CME,ES_1803 )
[10124] 2017/12/20 20:05:37.270  SKQuoteLib_RequestTicks ( 0 , CME,ES_1803 )
[10124] 2017/12/20 20:05:38.104  SKQuoteLib_RequestTicks ( 0 , CME,ES_1803 )
[4060] 2017/12/20 20:07:29.760 SK_SUBJECT_CONNECTION_CONNECTED메Code: 0
[4060] 2017/12/20 20:07:30.022 SKQuoteLib_EnterMonitor IP멚srvsolace-fg.capital.com.tw
[4060] 2017/12/20 20:07:30.281 market(0)  Ready!
[4060] 2017/12/20 20:07:30.288 market(1)  Ready!
[4060] 2017/12/20 20:07:30.293 market(2)  Ready!
[4060] 2017/12/20 20:07:30.328 market(3)  Ready!
[4060] 2017/12/20 20:07:30.331 market(4)  Ready!
[4060] 2017/12/20 20:07:31.447 Market Info is OK!
[4060] 2017/12/20 20:07:31.629 Catalog info is OK!
[4060] 2017/12/20 20:07:34.209 SKQuoteLib_LeaveMonitor() 
[4060] 2017/12/20 20:07:37.893 SKQuoteLib_GetKLine(0,CME,ES_1803 )
[4060] 2017/12/20 20:07:39.357 SKQuoteLib_GetKLine(3,CME,ES_1803 )
[4060] 2017/12/20 20:07:41.031  SKQuoteLib_RequestTicks ( 0 , CME,ES_1803 )
[4060] 2017/12/20 20:07:44.236 SKQuoteLib_GetKLine(0,CME,ES_1803 )
[4060] 2017/12/20 20:07:45.821 SKQuoteLib_GetKLine(3,CME,ES_1803 )
[4060] 2017/12/20 20:07:46.555  SKQuoteLib_RequestTicks ( 0 , CME,ES_1803 )
[10644] 2017/12/20 20:09:27.280 SK_SUBJECT_CONNECTION_CONNECTED메Code: 0
[10644] 2017/12/20 20:09:27.533 SKQuoteLib_EnterMonitor IP멚srvsolace-fg.capital.com.tw
[10644] 2017/12/20 20:09:27.753 market(0)  Ready!
[10644] 2017/12/20 20:09:27.791 market(1)  Ready!
[10644] 2017/12/20 20:09:27.794 market(3)  Ready!
[10644] 2017/12/20 20:09:27.799 market(4)  Ready!
[10644] 2017/12/20 20:09:27.837 market(2)  Ready!
[10644] 2017/12/20 20:09:28.920 Market Info is OK!
[10644] 2017/12/20 20:09:29.100 Catalog info is OK!
[10644] 2017/12/20 20:09:31.850 SKQuoteLib_LeaveMonitor() 
[10644] 2017/12/20 20:09:39.736 SKQuoteLib_GetKLine(0,CME,ES_1803 )
[10644] 2017/12/20 20:09:41.207 SKQuoteLib_GetKLine(3,CME,ES_1803 )
[10644] 2017/12/20 20:09:42.890  SKQuoteLib_RequestTicks ( 0 , CME,ES_1803 )
[3064] 2017/12/20 20:15:04.706 SKQuoteLib_GetKLine(0,CME,ES_1803 )
[3064] 2017/12/20 20:15:06.185 SKQuoteLib_GetKLine(3,CME,ES_1803 )
[3064] 2017/12/20 20:15:07.743  SKQuoteLib_RequestTicks ( 0 , CME,ES_1803 )
[9864] 2017/12/20 20:17:41.039 SKQuoteLib_GetKLine(0,CME,ES_1803 )
[9864] 2017/12/20 20:17:42.585 SKQuoteLib_GetKLine(3,CME,ES_1803 )
[9864] 2017/12/20 20:17:44.252  SKQuoteLib_RequestTicks ( 0 , CME,ES_1803 )
[11908] 2017/12/20 20:19:26.589 SKQuoteLib_GetKLine(0,CME,ES_1803 )
[11908] 2017/12/20 20:19:28.189 SKQuoteLib_GetKLine(3,CME,ES_1803 )
[11908] 2017/12/20 20:19:29.742  SKQuoteLib_RequestTicks ( 0 , CME,ES_1803 )
[11340] 2017/12/20 20:23:33.618 SKQuoteLib_GetKLine(0,CME,ES_1803 )
[11340] 2017/12/20 20:23:35.113 SKQuoteLib_GetKLine(3,CME,ES_1803 )
[11340] 2017/12/20 20:23:36.731  SKQuoteLib_RequestTicks ( 0 , CME,ES_1803 )
[7852] 2017/12/20 20:25:09.165 SKQuoteLib_GetKLine(0,CME,ES_1803 )
[7852] 2017/12/20 20:25:10.735 SKQuoteLib_GetKLine(3,CME,ES_1803 )
[7852] 2017/12/20 20:25:12.437  SKQuoteLib_RequestTicks ( 0 , CME,ES_1803 )
[11704] 2017/12/20 20:28:26.477 SKQuoteLib_GetKLine(0,CME,ES_1803 )
[11704] 2017/12/20 20:28:27.969 SKQuoteLib_GetKLine(3,CME,ES_1803 )
[11704] 2017/12/20 20:28:29.519  SKQuoteLib_RequestTicks ( 0 , CME,ES_1803 )
[4232] 2017/12/20 20:41:25.388 SKQuoteLib_GetKLine(0,CME,ES_1803 )
[4232] 2017/12/20 20:41:26.952 SKQuoteLib_GetKLine(3,CME,ES_1803 )
[4232] 2017/12/20 20:41:28.668  SKQuoteLib_RequestTicks ( 0 , CME,ES_1803 )
[11912] 2017/12/20 20:42:16.091 SKQuoteLib_GetKLine(0,CME,ES_1803 )
[11912] 2017/12/20 20:42:17.683 SKQuoteLib_GetKLine(3,CME,ES_1803 )
[11912] 2017/12/20 20:42:19.444  SKQuoteLib_RequestTicks ( 0 , CME,ES_1803 )
[7632] 2017/12/20 20:48:42.978 SKQuoteLib_GetKLine(0,CME,ES_1803 )
[7632] 2017/12/20 20:48:44.482 SKQuoteLib_GetKLine(3,CME,ES_1803 )
[7632] 2017/12/20 20:48:46.301  SKQuoteLib_RequestTicks ( 0 , CME,ES_1803 )
[11380] 2017/12/20 20:56:21.840 SKQuoteLib_GetKLine(0,CME,ES_1803 )
[11380] 2017/12/20 20:56:23.328 SKQuoteLib_GetKLine(3,CME,ES_1803 )
[11380] 2017/12/20 20:56:24.944  SKQuoteLib_RequestTicks ( 0 , CME,ES_1803 )
[5876] 2017/12/20 20:58:36.508 SKQuoteLib_GetKLine(0,CME,ES_1803 )
[5876] 2017/12/20 20:58:38.106 SKQuoteLib_GetKLine(3,CME,ES_1803 )
[5876] 2017/12/20 20:58:39.875  SKQuoteLib_RequestTicks ( 0 , CME,ES_1803 )
[5876] 2017/12/20 20:59:31.613 SKQuoteLib_LeaveMonitor() 
[5876] 2017/12/20 20:59:33.106 -----------------------------------------------------------------
[4684] 2017/12/20 21:01:47.680 SKQuoteLib_GetKLine(0,CME,ES_1803 )
[4684] 2017/12/20 21:01:49.285 SKQuoteLib_GetKLine(3,CME,ES_1803 )
[4684] 2017/12/20 21:01:51.126  SKQuoteLib_RequestTicks ( 0 , CME,ES_1803 )
