-----------------------------------------------------------------
[3188] 2017/12/17 17:13:12.770 SK_SUBJECT_CONNECTION_CONNECTED메Code: 0
[3188] 2017/12/17 17:13:13.194 SKQuoteLib_EnterMonitor IP멚srvsolace-fg.capital.com.tw
[3188] 2017/12/17 17:13:13.514 market(0)  Ready!
[3188] 2017/12/17 17:13:13.585 market(1)  Ready!
[3188] 2017/12/17 17:13:13.586 market(3)  Ready!
[3188] 2017/12/17 17:13:13.587 market(4)  Ready!
[3188] 2017/12/17 17:13:13.590 market(2)  Ready!
[3188] 2017/12/17 17:13:17.160 Market Info is OK!
[3188] 2017/12/17 17:13:17.919 Catalog info is OK!
[9548] 2017/12/17 17:15:46.287 SK_SUBJECT_CONNECTION_CONNECTED메Code: 0
[9548] 2017/12/17 17:15:46.687 SKQuoteLib_EnterMonitor IP멚srvsolace-tp.capital.com.tw
[9548] 2017/12/17 17:15:47.027 market(0)  Ready!
[9548] 2017/12/17 17:15:47.033 market(3)  Ready!
[9548] 2017/12/17 17:15:47.048 market(1)  Ready!
[9548] 2017/12/17 17:15:47.054 market(2)  Ready!
[9548] 2017/12/17 17:15:47.114 market(4)  Ready!
[9548] 2017/12/17 17:15:50.680 Market Info is OK!
[9548] 2017/12/17 17:15:51.247 SKQuoteLib_RequestServerTime()
[9548] 2017/12/17 17:15:51.329 Catalog info is OK!
[9548] 2017/12/17 17:15:51.895 SKQuoteLib_RequestServerTime()
[9548] 2017/12/17 17:15:52.885 SKQuoteLib_RequestServerTime()
[9548] 2017/12/17 17:15:53.886 SKQuoteLib_RequestServerTime()
[9548] 2017/12/17 17:15:54.887 SKQuoteLib_RequestServerTime()
[9548] 2017/12/17 17:15:55.888 SKQuoteLib_RequestServerTime()
[9548] 2017/12/17 17:15:56.889 SKQuoteLib_RequestServerTime()
[9548] 2017/12/17 17:15:58.039 SKQuoteLib_RequestServerTime()
[9548] 2017/12/17 17:15:58.887 SKQuoteLib_RequestServerTime()
[9548] 2017/12/17 17:15:59.886 SKQuoteLib_RequestServerTime()
[9548] 2017/12/17 17:16:00.886 SKQuoteLib_RequestServerTime()
[9548] 2017/12/17 17:16:01.891 SKQuoteLib_RequestServerTime()
[9548] 2017/12/17 17:16:02.887 SKQuoteLib_RequestServerTime()
[9548] 2017/12/17 17:16:04.041 SKQuoteLib_RequestServerTime()
[9548] 2017/12/17 17:16:04.887 SKQuoteLib_RequestServerTime()
[9548] 2017/12/17 17:16:05.885 SKQuoteLib_RequestServerTime()
[9548] 2017/12/17 17:16:06.886 SKQuoteLib_RequestServerTime()
[9548] 2017/12/17 17:16:07.886 SKQuoteLib_RequestServerTime()
[9548] 2017/12/17 17:16:08.889 SKQuoteLib_RequestServerTime()
[9548] 2017/12/17 17:16:10.027 SKQuoteLib_RequestServerTime()
[9548] 2017/12/17 17:16:10.887 SKQuoteLib_RequestServerTime()
[9548] 2017/12/17 17:16:11.903 SKQuoteLib_RequestServerTime()
[9548] 2017/12/17 17:16:12.958 SKQuoteLib_RequestServerTime()
[9548] 2017/12/17 17:16:13.891 SKQuoteLib_RequestServerTime()
[9548] 2017/12/17 17:16:14.885 SKQuoteLib_RequestServerTime()
[9548] 2017/12/17 17:16:16.027 SKQuoteLib_RequestServerTime()
[9548] 2017/12/17 17:16:16.889 SKQuoteLib_RequestServerTime()
[9548] 2017/12/17 17:16:17.892 SKQuoteLib_RequestServerTime()
[9548] 2017/12/17 17:16:18.886 SKQuoteLib_RequestServerTime()
[9548] 2017/12/17 17:16:19.892 SKQuoteLib_RequestServerTime()
[9548] 2017/12/17 17:16:20.889 SKQuoteLib_RequestServerTime()
[9548] 2017/12/17 17:16:22.031 SKQuoteLib_RequestServerTime()
[9548] 2017/12/17 17:16:22.894 SKQuoteLib_RequestServerTime()
[9548] 2017/12/17 17:16:23.998 SKQuoteLib_RequestServerTime()
[9548] 2017/12/17 17:16:24.885 SKQuoteLib_RequestServerTime()
[9548] 2017/12/17 17:16:25.888 SKQuoteLib_RequestServerTime()
[9548] 2017/12/17 17:16:26.887 SKQuoteLib_RequestServerTime()
[9548] 2017/12/17 17:16:28.027 SKQuoteLib_RequestServerTime()
[9548] 2017/12/17 17:16:28.886 SKQuoteLib_RequestServerTime()
[9548] 2017/12/17 17:16:30.046 SKQuoteLib_RequestServerTime()
[9548] 2017/12/17 17:16:30.887 SKQuoteLib_RequestServerTime()
[9548] 2017/12/17 17:16:31.887 SKQuoteLib_RequestServerTime()
[9548] 2017/12/17 17:16:32.886 SKQuoteLib_RequestServerTime()
[9548] 2017/12/17 17:16:34.013 SKQuoteLib_RequestServerTime()
[9548] 2017/12/17 17:16:34.886 SKQuoteLib_RequestServerTime()
[9548] 2017/12/17 17:16:35.887 SKQuoteLib_RequestServerTime()
[9548] 2017/12/17 17:16:37.241 SKQuoteLib_RequestServerTime()
[9548] 2017/12/17 17:16:37.888 SKQuoteLib_RequestServerTime()
[9548] 2017/12/17 17:16:38.890 SKQuoteLib_RequestServerTime()
[9548] 2017/12/17 17:16:40.018 SKQuoteLib_RequestServerTime()
[9548] 2017/12/17 17:16:40.887 SKQuoteLib_RequestServerTime()
[9548] 2017/12/17 17:16:41.887 SKQuoteLib_RequestServerTime()
[9548] 2017/12/17 17:16:42.895 SKQuoteLib_RequestServerTime()
[9548] 2017/12/17 17:16:43.895 SKQuoteLib_RequestServerTime()
[9548] 2017/12/17 17:16:44.887 SKQuoteLib_RequestServerTime()
[9548] 2017/12/17 17:16:46.013 SKQuoteLib_RequestServerTime()
[9548] 2017/12/17 17:16:46.886 SKQuoteLib_RequestServerTime()
[9548] 2017/12/17 17:16:47.887 SKQuoteLib_RequestServerTime()
[9548] 2017/12/17 17:16:48.887 SKQuoteLib_RequestServerTime()
[9548] 2017/12/17 17:16:49.886 SKQuoteLib_RequestServerTime()
[9548] 2017/12/17 17:16:50.886 SKQuoteLib_RequestServerTime()
[9548] 2017/12/17 17:16:52.029 SKQuoteLib_RequestServerTime()
[9548] 2017/12/17 17:16:52.894 SKQuoteLib_RequestServerTime()
[9548] 2017/12/17 17:16:53.887 SKQuoteLib_RequestServerTime()
[9548] 2017/12/17 17:16:54.886 SKQuoteLib_RequestServerTime()
[9548] 2017/12/17 17:16:55.886 SKQuoteLib_RequestServerTime()
[9548] 2017/12/17 17:16:57.042 SKQuoteLib_RequestServerTime()
[9548] 2017/12/17 17:16:58.021 SKQuoteLib_RequestServerTime()
[9548] 2017/12/17 17:16:58.891 SKQuoteLib_RequestServerTime()
[9548] 2017/12/17 17:16:59.889 SKQuoteLib_RequestServerTime()
[9548] 2017/12/17 17:17:00.887 SKQuoteLib_RequestServerTime()
[9548] 2017/12/17 17:17:01.887 SKQuoteLib_RequestServerTime()
[9548] 2017/12/17 17:17:02.896 SKQuoteLib_RequestServerTime()
[9548] 2017/12/17 17:17:04.042 SKQuoteLib_RequestServerTime()
[9548] 2017/12/17 17:17:04.888 SKQuoteLib_RequestServerTime()
[9548] 2017/12/17 17:17:05.886 SKQuoteLib_RequestServerTime()
[9548] 2017/12/17 17:17:06.892 SKQuoteLib_RequestServerTime()
[9548] 2017/12/17 17:17:07.886 SKQuoteLib_RequestServerTime()
[9548] 2017/12/17 17:17:08.885 SKQuoteLib_RequestServerTime()
[9548] 2017/12/17 17:17:10.061 SKQuoteLib_RequestServerTime()
[9548] 2017/12/17 17:17:10.886 SKQuoteLib_RequestServerTime()
[9548] 2017/12/17 17:17:11.887 SKQuoteLib_RequestServerTime()
[9548] 2017/12/17 17:17:12.886 SKQuoteLib_RequestServerTime()
[9548] 2017/12/17 17:17:14.119 SKQuoteLib_RequestServerTime()
[9548] 2017/12/17 17:17:14.888 SKQuoteLib_RequestServerTime()
[9548] 2017/12/17 17:17:16.075 SKQuoteLib_RequestServerTime()
[9548] 2017/12/17 17:17:17.237 SKQuoteLib_RequestServerTime()
[9548] 2017/12/17 17:17:17.888 SKQuoteLib_RequestServerTime()
[9548] 2017/12/17 17:17:18.887 SKQuoteLib_RequestServerTime()
[9548] 2017/12/17 17:17:19.887 SKQuoteLib_RequestServerTime()
[9548] 2017/12/17 17:17:21.074 SKQuoteLib_RequestServerTime()
[9548] 2017/12/17 17:17:22.028 SKQuoteLib_RequestServerTime()
[9548] 2017/12/17 17:17:22.891 SKQuoteLib_RequestServerTime()
[9548] 2017/12/17 17:17:23.886 SKQuoteLib_RequestServerTime()
[9548] 2017/12/17 17:17:24.916 SKQuoteLib_RequestServerTime()
[9548] 2017/12/17 17:17:25.893 SKQuoteLib_RequestServerTime()
[9548] 2017/12/17 17:17:26.889 SKQuoteLib_RequestServerTime()
[9548] 2017/12/17 17:17:28.031 SKQuoteLib_RequestServerTime()
[9548] 2017/12/17 17:17:28.885 SKQuoteLib_RequestServerTime()
[9548] 2017/12/17 17:17:29.885 SKQuoteLib_RequestServerTime()
[9548] 2017/12/17 17:17:30.893 SKQuoteLib_RequestServerTime()
[9548] 2017/12/17 17:17:31.887 SKQuoteLib_RequestServerTime()
[9548] 2017/12/17 17:17:32.895 SKQuoteLib_RequestServerTime()
[9548] 2017/12/17 17:17:34.008 SKQuoteLib_RequestServerTime()
[9548] 2017/12/17 17:17:34.887 SKQuoteLib_RequestServerTime()
[9548] 2017/12/17 17:17:35.887 SKQuoteLib_RequestServerTime()
[9548] 2017/12/17 17:17:36.886 SKQuoteLib_RequestServerTime()
[9548] 2017/12/17 17:17:37.887 SKQuoteLib_RequestServerTime()
[9548] 2017/12/17 17:17:38.895 SKQuoteLib_RequestServerTime()
[9548] 2017/12/17 17:17:40.022 SKQuoteLib_RequestServerTime()
[9548] 2017/12/17 17:17:40.888 SKQuoteLib_RequestServerTime()
[9548] 2017/12/17 17:17:41.891 SKQuoteLib_RequestServerTime()
[9548] 2017/12/17 17:17:43.083 SKQuoteLib_RequestServerTime()
[9548] 2017/12/17 17:17:43.889 SKQuoteLib_RequestServerTime()
[9548] 2017/12/17 17:17:44.887 SKQuoteLib_RequestServerTime()
[9548] 2017/12/17 17:17:45.992 SKQuoteLib_RequestServerTime()
[9548] 2017/12/17 17:17:46.886 SKQuoteLib_RequestServerTime()
[9548] 2017/12/17 17:17:47.889 SKQuoteLib_RequestServerTime()
[9548] 2017/12/17 17:17:48.890 SKQuoteLib_RequestServerTime()
[9548] 2017/12/17 17:17:49.889 SKQuoteLib_RequestServerTime()
[9548] 2017/12/17 17:17:50.886 SKQuoteLib_RequestServerTime()
[9548] 2017/12/17 17:17:52.047 SKQuoteLib_RequestServerTime()
[9548] 2017/12/17 17:17:52.886 SKQuoteLib_RequestServerTime()
[9548] 2017/12/17 17:17:53.887 SKQuoteLib_RequestServerTime()
[9548] 2017/12/17 17:17:55.034 SKQuoteLib_RequestServerTime()
[9548] 2017/12/17 17:17:55.896 SKQuoteLib_RequestServerTime()
[9548] 2017/12/17 17:17:56.885 SKQuoteLib_RequestServerTime()
[9548] 2017/12/17 17:17:58.021 SKQuoteLib_RequestServerTime()
[9548] 2017/12/17 17:17:58.891 SKQuoteLib_RequestServerTime()
[9548] 2017/12/17 17:17:59.891 SKQuoteLib_RequestServerTime()
[9548] 2017/12/17 17:18:00.888 SKQuoteLib_RequestServerTime()
[9548] 2017/12/17 17:18:01.885 SKQuoteLib_RequestServerTime()
[9548] 2017/12/17 17:18:02.888 SKQuoteLib_RequestServerTime()
[9548] 2017/12/17 17:18:04.033 SKQuoteLib_RequestServerTime()
[9548] 2017/12/17 17:18:04.887 SKQuoteLib_RequestServerTime()
[9548] 2017/12/17 17:18:05.887 SKQuoteLib_RequestServerTime()
[9548] 2017/12/17 17:18:06.886 SKQuoteLib_RequestServerTime()
[9548] 2017/12/17 17:18:07.887 SKQuoteLib_RequestServerTime()
[9548] 2017/12/17 17:18:08.889 SKQuoteLib_RequestServerTime()
[9548] 2017/12/17 17:18:10.012 SKQuoteLib_RequestServerTime()
[9548] 2017/12/17 17:18:10.886 SKQuoteLib_RequestServerTime()
[9548] 2017/12/17 17:18:11.888 SKQuoteLib_RequestServerTime()
[9548] 2017/12/17 17:18:12.890 SKQuoteLib_RequestServerTime()
[9548] 2017/12/17 17:18:13.886 SKQuoteLib_RequestServerTime()
[9548] 2017/12/17 17:18:14.896 SKQuoteLib_RequestServerTime()
[9548] 2017/12/17 17:18:15.996 SKQuoteLib_RequestServerTime()
[9548] 2017/12/17 17:18:16.890 SKQuoteLib_RequestServerTime()
[9548] 2017/12/17 17:18:17.888 SKQuoteLib_RequestServerTime()
[9548] 2017/12/17 17:18:18.886 SKQuoteLib_RequestServerTime()
[9548] 2017/12/17 17:18:19.885 SKQuoteLib_RequestServerTime()
[9548] 2017/12/17 17:18:20.888 SKQuoteLib_RequestServerTime()
[9548] 2017/12/17 17:18:22.016 SKQuoteLib_RequestServerTime()
[9548] 2017/12/17 17:18:22.887 SKQuoteLib_RequestServerTime()
[9548] 2017/12/17 17:18:23.892 SKQuoteLib_RequestServerTime()
[9548] 2017/12/17 17:18:24.887 SKQuoteLib_RequestServerTime()
[9548] 2017/12/17 17:18:25.888 SKQuoteLib_RequestServerTime()
[9548] 2017/12/17 17:18:26.886 SKQuoteLib_RequestServerTime()
[9548] 2017/12/17 17:18:28.017 SKQuoteLib_RequestServerTime()
[9548] 2017/12/17 17:18:28.896 SKQuoteLib_RequestServerTime()
[9548] 2017/12/17 17:18:29.888 SKQuoteLib_RequestServerTime()
[9548] 2017/12/17 17:18:30.889 SKQuoteLib_RequestServerTime()
[9548] 2017/12/17 17:18:31.889 SKQuoteLib_RequestServerTime()
[9548] 2017/12/17 17:18:32.886 SKQuoteLib_RequestServerTime()
[9548] 2017/12/17 17:18:34.002 SKQuoteLib_RequestServerTime()
[9548] 2017/12/17 17:18:34.886 SKQuoteLib_RequestServerTime()
[9548] 2017/12/17 17:18:35.887 SKQuoteLib_RequestServerTime()
[9548] 2017/12/17 17:18:36.886 SKQuoteLib_RequestServerTime()
[9548] 2017/12/17 17:18:37.886 SKQuoteLib_RequestServerTime()
[9548] 2017/12/17 17:18:38.886 SKQuoteLib_RequestServerTime()
[9548] 2017/12/17 17:18:40.010 SKQuoteLib_RequestServerTime()
[9548] 2017/12/17 17:18:40.886 SKQuoteLib_RequestServerTime()
[9548] 2017/12/17 17:18:41.887 SKQuoteLib_RequestServerTime()
[9548] 2017/12/17 17:18:42.888 SKQuoteLib_RequestServerTime()
[9548] 2017/12/17 17:18:43.890 SKQuoteLib_RequestServerTime()
[9548] 2017/12/17 17:18:44.886 SKQuoteLib_RequestServerTime()
[9548] 2017/12/17 17:18:46.053 SKQuoteLib_RequestServerTime()
[9548] 2017/12/17 17:18:46.887 SKQuoteLib_RequestServerTime()
[9548] 2017/12/17 17:18:47.894 SKQuoteLib_RequestServerTime()
[9548] 2017/12/17 17:18:48.888 SKQuoteLib_RequestServerTime()
[9548] 2017/12/17 17:18:49.887 SKQuoteLib_RequestServerTime()
[9548] 2017/12/17 17:18:50.887 SKQuoteLib_RequestServerTime()
[9548] 2017/12/17 17:18:52.009 SKQuoteLib_RequestServerTime()
[9548] 2017/12/17 17:18:52.890 SKQuoteLib_RequestServerTime()
[9548] 2017/12/17 17:18:53.887 SKQuoteLib_RequestServerTime()
[9548] 2017/12/17 17:18:54.887 SKQuoteLib_RequestServerTime()
[9548] 2017/12/17 17:18:55.889 SKQuoteLib_RequestServerTime()
[9548] 2017/12/17 17:18:56.895 SKQuoteLib_RequestServerTime()
[9548] 2017/12/17 17:18:58.038 SKQuoteLib_RequestServerTime()
[9548] 2017/12/17 17:18:58.885 SKQuoteLib_RequestServerTime()
[9548] 2017/12/17 17:18:59.888 SKQuoteLib_RequestServerTime()
[9548] 2017/12/17 17:19:00.886 SKQuoteLib_RequestServerTime()
[9548] 2017/12/17 17:19:01.892 SKQuoteLib_RequestServerTime()
[9548] 2017/12/17 17:19:02.887 SKQuoteLib_RequestServerTime()
[9548] 2017/12/17 17:19:04.000 SKQuoteLib_RequestServerTime()
[9548] 2017/12/17 17:19:04.892 SKQuoteLib_RequestServerTime()
[9548] 2017/12/17 17:19:05.888 SKQuoteLib_RequestServerTime()
[9548] 2017/12/17 17:19:06.889 SKQuoteLib_RequestServerTime()
[9548] 2017/12/17 17:19:07.886 SKQuoteLib_RequestServerTime()
[9548] 2017/12/17 17:19:08.886 SKQuoteLib_RequestServerTime()
[9548] 2017/12/17 17:19:10.048 SKQuoteLib_RequestServerTime()
[9548] 2017/12/17 17:19:10.886 SKQuoteLib_RequestServerTime()
[9548] 2017/12/17 17:19:11.889 SKQuoteLib_RequestServerTime()
[9548] 2017/12/17 17:19:12.888 SKQuoteLib_RequestServerTime()
[9548] 2017/12/17 17:19:13.885 SKQuoteLib_RequestServerTime()
[9548] 2017/12/17 17:19:14.885 SKQuoteLib_RequestServerTime()
[9548] 2017/12/17 17:19:16.030 SKQuoteLib_RequestServerTime()
[9548] 2017/12/17 17:19:16.885 SKQuoteLib_RequestServerTime()
[9548] 2017/12/17 17:19:17.886 SKQuoteLib_RequestServerTime()
[9548] 2017/12/17 17:19:18.890 SKQuoteLib_RequestServerTime()
[9548] 2017/12/17 17:19:19.885 SKQuoteLib_RequestServerTime()
[9548] 2017/12/17 17:19:20.888 SKQuoteLib_RequestServerTime()
[9548] 2017/12/17 17:19:22.062 SKQuoteLib_RequestServerTime()
[9548] 2017/12/17 17:19:22.885 SKQuoteLib_RequestServerTime()
[9548] 2017/12/17 17:19:23.888 SKQuoteLib_RequestServerTime()
[9548] 2017/12/17 17:19:24.887 SKQuoteLib_RequestServerTime()
[9548] 2017/12/17 17:19:25.887 SKQuoteLib_RequestServerTime()
[9548] 2017/12/17 17:19:26.892 SKQuoteLib_RequestServerTime()
[9548] 2017/12/17 17:19:28.026 SKQuoteLib_RequestServerTime()
[9548] 2017/12/17 17:19:28.887 SKQuoteLib_RequestServerTime()
[9548] 2017/12/17 17:19:29.894 SKQuoteLib_RequestServerTime()
[9548] 2017/12/17 17:19:30.885 SKQuoteLib_RequestServerTime()
[9548] 2017/12/17 17:19:31.887 SKQuoteLib_RequestServerTime()
[9548] 2017/12/17 17:19:32.889 SKQuoteLib_RequestServerTime()
[9548] 2017/12/17 17:19:34.056 SKQuoteLib_RequestServerTime()
[9548] 2017/12/17 17:19:34.971 SKQuoteLib_RequestServerTime()
[9548] 2017/12/17 17:19:35.895 SKQuoteLib_RequestServerTime()
[9548] 2017/12/17 17:19:36.886 SKQuoteLib_RequestServerTime()
[9548] 2017/12/17 17:19:37.885 SKQuoteLib_RequestServerTime()
[9548] 2017/12/17 17:19:38.887 SKQuoteLib_RequestServerTime()
[9548] 2017/12/17 17:19:40.010 SKQuoteLib_RequestServerTime()
[9548] 2017/12/17 17:19:40.894 SKQuoteLib_RequestServerTime()
[9548] 2017/12/17 17:19:41.886 SKQuoteLib_RequestServerTime()
[9548] 2017/12/17 17:19:42.891 SKQuoteLib_RequestServerTime()
[9548] 2017/12/17 17:19:44.943 SKQuoteLib_RequestServerTime()
[9548] 2017/12/17 17:19:46.199 SKQuoteLib_RequestServerTime()
[9548] 2017/12/17 17:19:46.850  SKQuoteLib_RequestTicks ( 0 , CME,ES_1712 )
[9548] 2017/12/17 17:19:46.888 SKQuoteLib_RequestServerTime()
[9548] 2017/12/17 17:19:47.889 SKQuoteLib_RequestServerTime()
[9548] 2017/12/17 17:19:48.885 SKQuoteLib_RequestServerTime()
[9548] 2017/12/17 17:19:49.888 SKQuoteLib_RequestServerTime()
[9548] 2017/12/17 17:19:50.887 SKQuoteLib_RequestServerTime()
[9548] 2017/12/17 17:19:52.039 SKQuoteLib_RequestServerTime()
[9548] 2017/12/17 17:19:52.896 SKQuoteLib_RequestServerTime()
[9548] 2017/12/17 17:19:53.888 SKQuoteLib_RequestServerTime()
[9548] 2017/12/17 17:19:55.067 SKQuoteLib_RequestServerTime()
[9548] 2017/12/17 17:19:56.271 SKQuoteLib_RequestServerTime()
[9548] 2017/12/17 17:19:56.892 SKQuoteLib_RequestServerTime()
[9548] 2017/12/17 17:19:57.887 SKQuoteLib_RequestServerTime()
[9548] 2017/12/17 17:19:59.757 SKQuoteLib_RequestServerTime()
[9548] 2017/12/17 17:20:00.699  SKQuoteLib_RequestTicks ( 0 , TX00 )
[9548] 2017/12/17 17:20:00.700 Return PageNo멚 0 
[9548] 2017/12/17 17:20:00.704 SKQuoteLib_RequestServerTime()
[9548] 2017/12/17 17:20:01.076 SKQuoteLib_RequestServerTime()
[9548] 2017/12/17 17:20:01.890 SKQuoteLib_RequestServerTime()
[9548] 2017/12/17 17:20:02.889 SKQuoteLib_RequestServerTime()
[12060] 2017/12/17 17:20:29.533 SK_SUBJECT_CONNECTION_CONNECTED메Code: 0
[12060] 2017/12/17 17:20:29.953 SKQuoteLib_EnterMonitor IP멚srvsolace-tp.capital.com.tw
[12060] 2017/12/17 17:20:30.277 market(0)  Ready!
[12060] 2017/12/17 17:20:30.302 market(1)  Ready!
[12060] 2017/12/17 17:20:30.314 market(4)  Ready!
[12060] 2017/12/17 17:20:30.361 market(2)  Ready!
[12060] 2017/12/17 17:20:30.361 market(3)  Ready!
[12060] 2017/12/17 17:20:33.753 Market Info is OK!
[12060] 2017/12/17 17:20:34.513 Catalog info is OK!
[5804] 2017/12/17 17:21:16.876 SK_SUBJECT_CONNECTION_CONNECTED메Code: 0
[5804] 2017/12/17 17:21:17.251 SKQuoteLib_EnterMonitor IP멚srvsolace-tp.capital.com.tw
[5804] 2017/12/17 17:21:17.490 market(0)  Ready!
[5804] 2017/12/17 17:21:17.496 market(1)  Ready!
[5804] 2017/12/17 17:21:17.503 market(2)  Ready!
[5804] 2017/12/17 17:21:17.571 market(3)  Ready!
[5804] 2017/12/17 17:21:17.640 market(4)  Ready!
[5804] 2017/12/17 17:21:21.114 Market Info is OK!
[5804] 2017/12/17 17:21:21.855 Catalog info is OK!
[6612] 2017/12/17 17:31:42.379 SK_SUBJECT_CONNECTION_CONNECTED메Code: 0
[6612] 2017/12/17 17:31:42.622 SKQuoteLib_EnterMonitor IP멚srvsolace-fg.capital.com.tw
[6612] 2017/12/17 17:31:43.082 market(0)  Ready!
[6612] 2017/12/17 17:31:43.082 market(3)  Ready!
[6612] 2017/12/17 17:31:43.159 market(1)  Ready!
[6612] 2017/12/17 17:31:43.160 market(2)  Ready!
[6612] 2017/12/17 17:31:43.160 market(4)  Ready!
[6612] 2017/12/17 17:31:46.765 Market Info is OK!
[6612] 2017/12/17 17:31:47.321 Catalog info is OK!
[6612] 2017/12/17 17:31:47.344 SKQuoteLib_RequestServerTime()
[6612] 2017/12/17 17:31:47.791 SKQuoteLib_RequestServerTime()
[6612] 2017/12/17 17:31:48.792 SKQuoteLib_RequestServerTime()
[6612] 2017/12/17 17:31:49.792 SKQuoteLib_RequestServerTime()
[6612] 2017/12/17 17:31:50.794 SKQuoteLib_RequestServerTime()
[6612] 2017/12/17 17:31:51.804 SKQuoteLib_RequestServerTime()
[6612] 2017/12/17 17:31:52.792 SKQuoteLib_RequestServerTime()
[6612] 2017/12/17 17:31:53.792 SKQuoteLib_RequestServerTime()
[6612] 2017/12/17 17:31:54.792 SKQuoteLib_RequestServerTime()
[6612] 2017/12/17 17:31:55.794 SKQuoteLib_RequestServerTime()
[6612] 2017/12/17 17:31:56.792 SKQuoteLib_RequestServerTime()
[6612] 2017/12/17 17:31:57.792 SKQuoteLib_RequestServerTime()
[6612] 2017/12/17 17:31:58.795 SKQuoteLib_RequestServerTime()
[6612] 2017/12/17 17:31:59.791 SKQuoteLib_RequestServerTime()
[6612] 2017/12/17 17:32:00.911 SKQuoteLib_RequestServerTime()
[6612] 2017/12/17 17:32:01.793 SKQuoteLib_RequestServerTime()
[6612] 2017/12/17 17:32:02.793 SKQuoteLib_RequestServerTime()
[6612] 2017/12/17 17:32:03.794 SKQuoteLib_RequestServerTime()
[6612] 2017/12/17 17:32:04.794 SKQuoteLib_RequestServerTime()
[6612] 2017/12/17 17:32:05.795 SKQuoteLib_RequestServerTime()
[6612] 2017/12/17 17:32:06.795 SKQuoteLib_RequestServerTime()
[6612] 2017/12/17 17:32:07.793 SKQuoteLib_RequestServerTime()
[6612] 2017/12/17 17:32:08.793 SKQuoteLib_RequestServerTime()
[6612] 2017/12/17 17:32:09.795 SKQuoteLib_RequestServerTime()
[6612] 2017/12/17 17:32:10.794 SKQuoteLib_RequestServerTime()
[6612] 2017/12/17 17:32:11.793 SKQuoteLib_RequestServerTime()
[6612] 2017/12/17 17:32:12.793 SKQuoteLib_RequestServerTime()
[6612] 2017/12/17 17:32:13.795 SKQuoteLib_RequestServerTime()
[6612] 2017/12/17 17:32:14.793 SKQuoteLib_RequestServerTime()
[6612] 2017/12/17 17:32:15.794 SKQuoteLib_RequestServerTime()
[6612] 2017/12/17 17:32:16.793 SKQuoteLib_RequestServerTime()
[6612] 2017/12/17 17:32:17.794 SKQuoteLib_RequestServerTime()
[6612] 2017/12/17 17:32:18.793 SKQuoteLib_RequestServerTime()
[6612] 2017/12/17 17:32:19.792 SKQuoteLib_RequestServerTime()
[6612] 2017/12/17 17:32:20.792 SKQuoteLib_RequestServerTime()
[6612] 2017/12/17 17:32:21.795 SKQuoteLib_RequestServerTime()
[6612] 2017/12/17 17:32:22.794 SKQuoteLib_RequestServerTime()
[6612] 2017/12/17 17:32:23.792 SKQuoteLib_RequestServerTime()
[6612] 2017/12/17 17:32:24.795 SKQuoteLib_RequestServerTime()
[6612] 2017/12/17 17:32:25.794 SKQuoteLib_RequestServerTime()
[6612] 2017/12/17 17:32:26.793 SKQuoteLib_RequestServerTime()
[6612] 2017/12/17 17:32:27.793 SKQuoteLib_RequestServerTime()
[6612] 2017/12/17 17:32:28.793 SKQuoteLib_RequestServerTime()
[6612] 2017/12/17 17:32:29.792 SKQuoteLib_RequestServerTime()
[6612] 2017/12/17 17:32:30.794 SKQuoteLib_RequestServerTime()
[6612] 2017/12/17 17:32:31.794 SKQuoteLib_RequestServerTime()
[6612] 2017/12/17 17:32:32.793 SKQuoteLib_RequestServerTime()
[6612] 2017/12/17 17:32:33.793 SKQuoteLib_RequestServerTime()
[6612] 2017/12/17 17:32:34.793 SKQuoteLib_RequestServerTime()
[6612] 2017/12/17 17:32:35.792 SKQuoteLib_RequestServerTime()
[6612] 2017/12/17 17:32:36.794 SKQuoteLib_RequestServerTime()
[6612] 2017/12/17 17:32:37.791 SKQuoteLib_RequestServerTime()
[6612] 2017/12/17 17:32:38.843 SKQuoteLib_RequestServerTime()
[6612] 2017/12/17 17:32:39.793 SKQuoteLib_RequestServerTime()
[6612] 2017/12/17 17:32:40.793 SKQuoteLib_RequestServerTime()
[6612] 2017/12/17 17:32:41.792 SKQuoteLib_RequestServerTime()
[6612] 2017/12/17 17:32:42.795 SKQuoteLib_RequestServerTime()
[6612] 2017/12/17 17:32:43.794 SKQuoteLib_RequestServerTime()
[6612] 2017/12/17 17:32:44.795 SKQuoteLib_RequestServerTime()
[6612] 2017/12/17 17:32:45.794 SKQuoteLib_RequestServerTime()
[6612] 2017/12/17 17:32:46.792 SKQuoteLib_RequestServerTime()
[6612] 2017/12/17 17:32:47.793 SKQuoteLib_RequestServerTime()
[6612] 2017/12/17 17:32:48.791 SKQuoteLib_RequestServerTime()
[6612] 2017/12/17 17:32:49.791 SKQuoteLib_RequestServerTime()
[6612] 2017/12/17 17:32:50.794 SKQuoteLib_RequestServerTime()
[6612] 2017/12/17 17:32:51.792 SKQuoteLib_RequestServerTime()
[6612] 2017/12/17 17:32:52.793 SKQuoteLib_RequestServerTime()
[6612] 2017/12/17 17:32:53.792 SKQuoteLib_RequestServerTime()
[6612] 2017/12/17 17:32:54.794 SKQuoteLib_RequestServerTime()
[6612] 2017/12/17 17:32:55.793 SKQuoteLib_RequestServerTime()
[6612] 2017/12/17 17:32:56.792 SKQuoteLib_RequestServerTime()
[6612] 2017/12/17 17:32:57.793 SKQuoteLib_RequestServerTime()
[6612] 2017/12/17 17:32:58.793 SKQuoteLib_RequestServerTime()
[6612] 2017/12/17 17:32:59.792 SKQuoteLib_RequestServerTime()
[6612] 2017/12/17 17:33:00.525  SKQuoteLib_RequestTicks ( 0 , CME,ES_1712 )
[6612] 2017/12/17 17:33:00.796 SKQuoteLib_RequestServerTime()
[6612] 2017/12/17 17:33:01.793 SKQuoteLib_RequestServerTime()
[6612] 2017/12/17 17:33:02.795 SKQuoteLib_RequestServerTime()
