-----------------------------------------------------------------
[11916] 2017/11/29 09:42:09.319 Connect Server: FORT14.capital.com.tw 443
[11916] 2017/11/29 09:42:12.563 SK_SUBJECT_CONNECTION_CONNECTED메Code: 0
[11916] 2017/11/29 09:42:13.458 OnConnect ( 3001 , 0 ) 
[11916] 2017/11/29 09:42:19.857 SKOSQuoteLib_RequestKLine (TX00,1)
[11916] 2017/11/29 09:42:19.857 KLine Format Error !
[11916] 2017/11/29 09:42:24.277 SKOSQuoteLib_RequestStocks (0,TX00)
[11916] 2017/11/29 09:42:24.277 TX00 StockNo Format Error 
[11916] 2017/11/29 09:42:24.281 SKOSQuoteLib_RequestTicks (0,TX00)
[11916] 2017/11/29 09:42:24.281 StockNo Format Error 
[3144] 2017/11/29 09:43:24.456 Connect Server: FORT14.capital.com.tw 443
[3144] 2017/11/29 09:43:27.365 SK_SUBJECT_CONNECTION_CONNECTED메Code: 0
[3144] 2017/11/29 09:43:28.316 OnConnect ( 3001 , 0 ) 
[3144] 2017/11/29 09:43:35.410 SKOSQuoteLib_RequestKLine (TX00,1)
[3144] 2017/11/29 09:43:35.410 KLine Format Error !
[3144] 2017/11/29 09:43:39.141 SKOSQuoteLib_RequestStocks (0,TX00)
[3144] 2017/11/29 09:43:39.141 TX00 StockNo Format Error 
[3144] 2017/11/29 09:43:39.146 SKOSQuoteLib_RequestTicks (0,TX00)
[3144] 2017/11/29 09:43:39.146 StockNo Format Error 
[12172] 2017/11/29 09:51:30.419 Connect Server: FORT03.capital.com.tw 443
[12172] 2017/11/29 09:51:33.403 SK_SUBJECT_CONNECTION_CONNECTED메Code: 0
[12172] 2017/11/29 09:51:34.297 OnConnect ( 3001 , 0 ) 
[12172] 2017/11/29 09:51:40.752 SKOSQuoteLib_RequestKLine (TX00,1)
[12172] 2017/11/29 09:51:40.752 KLine Format Error !
[12172] 2017/11/29 09:51:44.138 SKOSQuoteLib_RequestStocks (0,TX00)
[12172] 2017/11/29 09:51:44.138 TX00 StockNo Format Error 
[12172] 2017/11/29 09:51:44.141 SKOSQuoteLib_RequestTicks (0,TX00)
[12172] 2017/11/29 09:51:44.141 StockNo Format Error 
[9324] 2017/11/29 09:52:03.292 Connect Server: FORT14.capital.com.tw 443
[9324] 2017/11/29 09:52:06.206 SK_SUBJECT_CONNECTION_CONNECTED메Code: 0
[9324] 2017/11/29 09:52:07.092 OnConnect ( 3001 , 0 ) 
[9324] 2017/11/29 09:52:12.826 SKOSQuoteLib_RequestKLine (CME,ES_1712,1)
[9324] 2017/11/29 09:52:13.602 SKOSQuoteLib_RequestStocks (0,CME,ES_1712)
[9324] 2017/11/29 09:52:13.606 SKOSQuoteLib_RequestTicks (1,CME,ES_1712)
[7336] 2017/11/29 09:53:32.224 Connect Server: FORT14.capital.com.tw 443
[7336] 2017/11/29 09:53:35.140 SK_SUBJECT_CONNECTION_CONNECTED메Code: 0
[7336] 2017/11/29 09:53:36.084 OnConnect ( 3001 , 0 ) 
[7336] 2017/11/29 09:53:40.347 SKOSQuoteLib_RequestKLine (CME,ES_1712,1)
[7336] 2017/11/29 09:53:41.143 SKOSQuoteLib_RequestStocks (0,CME,ES_1712)
[7336] 2017/11/29 09:53:41.149 SKOSQuoteLib_RequestTicks (1,CME,ES_1712)
[11720] 2017/11/29 09:59:59.915 Connect Server: FORT14.capital.com.tw 443
[11720] 2017/11/29 10:00:02.809 SK_SUBJECT_CONNECTION_CONNECTED메Code: 0
[11720] 2017/11/29 10:00:03.710 OnConnect ( 3001 , 0 ) 
[11720] 2017/11/29 10:00:10.377 SKOSQuoteLib_RequestKLine (TX00,1)
[11720] 2017/11/29 10:00:10.377 KLine Format Error !
[11720] 2017/11/29 10:00:14.032 SKOSQuoteLib_RequestStocks (0,TX00)
[11720] 2017/11/29 10:00:14.032 TX00 StockNo Format Error 
[11720] 2017/11/29 10:00:14.034 SKOSQuoteLib_RequestTicks (0,TX00)
[11720] 2017/11/29 10:00:14.034 StockNo Format Error 
