-----------------------------------------------------------------
[15004] 2017/12/14 16:24:01.974 >> Host srvsolace-fg.capital.com.tw
[15004] 2017/12/14 16:24:04.553 連線
[6116] 2017/12/14 16:26:45.694 >> Host srvsolace-fg.capital.com.tw
[6116] 2017/12/14 16:26:48.246 連線
[15868] 2017/12/14 16:38:53.191 >> Host srvsolace-fg.capital.com.tw
[15868] 2017/12/14 16:38:55.743 連線
[11976] 2017/12/14 16:44:36.676 >> Host srvsolace-fg.capital.com.tw
[11976] 2017/12/14 16:44:39.214 連線
[15064] 2017/12/14 16:46:05.800 >> Host srvsolace-fg.capital.com.tw
[15064] 2017/12/14 16:46:08.193 連線
[13852] 2017/12/14 16:49:43.626 >> Host srvsolace-fg.capital.com.tw
[13852] 2017/12/14 16:49:46.320 連線
[13852] 2017/12/14 16:52:26.452 -----------------------------------------------------------------
[12964] 2017/12/14 16:52:44.832 >> Host srvsolace-fg.capital.com.tw
[12964] 2017/12/14 16:52:47.363 連線
[14436] 2017/12/14 16:58:44.213 >> Host srvsolace-fg.capital.com.tw
[14436] 2017/12/14 16:58:46.778 連線
[9396] 2017/12/14 17:34:02.105 >> Host srvsolace-fg.capital.com.tw
[9396] 2017/12/14 17:34:06.206 連線
[15836] 2017/12/14 18:06:46.013 >> Host srvsolace-fg.capital.com.tw
[15836] 2017/12/14 18:06:48.695 連線
[16608] 2017/12/14 23:00:45.833 >> Host srvsolace-tp.capital.com.tw
[16608] 2017/12/14 23:00:48.446 連線
[7004] 2017/12/14 23:54:00.596 >> Host srvsolace-fg.capital.com.tw
[7004] 2017/12/14 23:54:03.200 連線
