-----------------------------------------------------------------
[18580] 2017/10/26 09:15:10.404 Connect Server: FORT14.capital.com.tw 443
[18580] 2017/10/26 09:15:13.779 SK_SUBJECT_CONNECTION_CONNECTED，Code: 0
[18580] 2017/10/26 09:15:14.666 OnConnect ( 3001 , 0 ) 
[18580] 2017/10/26 09:15:22.849 SKOSQuoteLib_RequestTicks (0,CME,ES_1712)
[16672] 2017/10/26 09:33:39.248 Connect Server: FORT03.capital.com.tw 443
[16672] 2017/10/26 09:33:42.582 SK_SUBJECT_CONNECTION_CONNECTED，Code: 0
[16672] 2017/10/26 09:33:43.363 OnConnect ( 3001 , 0 ) 
[16672] 2017/10/26 09:33:56.338 SKOSQuoteLib_RequestStocks (0,CME,ES_1712)
[16672] 2017/10/26 09:34:19.819 SKOSQuoteLib_RequestTicks (1,CME,ES_1712)
[16672] 2017/10/26 09:39:25.590 -----------------------------------------------------------------
[20388] 2017/10/26 09:58:50.690 Connect Server: FORT14.capital.com.tw 443
[20388] 2017/10/26 09:58:51.425 SK_SUBJECT_CONNECTION_CONNECTED，Code: 0
[20388] 2017/10/26 09:58:52.321 OnConnect ( 3001 , 0 ) 
[20388] 2017/10/26 09:58:56.922 SKOSQuoteLib_RequestStocks (0,CME,ES_1712)
[20388] 2017/10/26 09:58:56.923 SKOSQuoteLib_RequestTicks (1,CME,ES_1712)
[20388] 2017/10/26 10:07:46.317 -----------------------------------------------------------------
[20972] 2017/10/26 10:08:06.176 Connect Server: FORT14.capital.com.tw 443
[20972] 2017/10/26 10:08:06.815 SK_SUBJECT_CONNECTION_CONNECTED，Code: 0
[20972] 2017/10/26 10:08:07.711 OnConnect ( 3001 , 0 ) 
[20972] 2017/10/26 10:08:12.312 SKOSQuoteLib_RequestStocks (0,CME,ES_1712)
[20972] 2017/10/26 10:08:12.313 SKOSQuoteLib_RequestTicks (1,CME,ES_1712)
[20972] 2017/10/26 10:09:59.890 -----------------------------------------------------------------
[18216] 2017/10/26 10:13:41.075 Connect Server: FORT14.capital.com.tw 443
[18216] 2017/10/26 10:13:41.719 SK_SUBJECT_CONNECTION_CONNECTED，Code: 0
[18216] 2017/10/26 10:13:42.567 OnConnect ( 3001 , 0 ) 
[18216] 2017/10/26 10:13:47.154 SKOSQuoteLib_RequestStocks (0,CME,ES_1712)
[18216] 2017/10/26 10:13:47.155 SKOSQuoteLib_RequestTicks (1,CME,ES_1712)
[18216] 2017/10/26 10:16:18.792 -----------------------------------------------------------------
[8584] 2017/10/26 11:18:13.940 Connect Server: FORT03.capital.com.tw 443
[8584] 2017/10/26 11:18:14.518 SK_SUBJECT_CONNECTION_CONNECTED，Code: 0
[8584] 2017/10/26 11:18:15.408 OnConnect ( 3001 , 0 ) 
[8584] 2017/10/26 11:18:19.953 SKOSQuoteLib_RequestStocks (0,CME,ES_1712)
[8584] 2017/10/26 11:18:19.953 SKOSQuoteLib_RequestTicks (1,CME,ES_1712)
[8584] 2017/10/26 11:18:43.420 -----------------------------------------------------------------
[20064] 2017/10/26 11:21:02.934 Connect Server: FORT14.capital.com.tw 443
[16304] 2017/10/26 11:22:20.901 Connect Server: FORT14.capital.com.tw 443
[16304] 2017/10/26 11:22:21.385 SK_SUBJECT_CONNECTION_CONNECTED，Code: 0
[16304] 2017/10/26 11:22:22.357 OnConnect ( 3001 , 0 ) 
[16304] 2017/10/26 11:22:26.951 SKOSQuoteLib_RequestStocks (0,CME,ES_1712)
[16304] 2017/10/26 11:22:26.951 SKOSQuoteLib_RequestTicks (1,CME,ES_1712)
[16304] 2017/10/26 11:22:36.761 -----------------------------------------------------------------
[21376] 2017/10/26 12:15:53.171 Connect Server: FORT03.capital.com.tw 443
[21376] 2017/10/26 12:15:56.365 SK_SUBJECT_CONNECTION_CONNECTED，Code: 0
[21376] 2017/10/26 12:15:57.273 OnConnect ( 3001 , 0 ) 
[21376] 2017/10/26 12:16:08.226 SKOSQuoteLib_RequestStocks (0,CME,ES_1712)
[21376] 2017/10/26 12:16:09.786 SKOSQuoteLib_RequestTicks (1,CME,ES_1712)
[21376] 2017/10/26 12:16:35.079 SKOSQuoteLib_RequestStocks (0,CME,ES_1712)
[21376] 2017/10/26 12:16:50.584 SKOSQuoteLib_RequestTicks (2,CME,ES_1712)
[21376] 2017/10/26 12:17:08.159 SKOSQuoteLib_RequestStocks (0,TX00)
[21376] 2017/10/26 12:17:08.159 TX00 StockNo Format Error 
[21376] 2017/10/26 12:17:11.114 SKOSQuoteLib_RequestTicks (3,TX00)
[21376] 2017/10/26 12:17:11.114 StockNo Format Error 
[21376] 2017/10/26 12:18:10.653 SKOSQuoteLib_RequestStocks (0,TX00)
[21376] 2017/10/26 12:18:10.653 TX00 StockNo Format Error 
[21376] 2017/10/26 12:18:24.189 SKOSQuoteLib_RequestTicks (4,TX00)
[21376] 2017/10/26 12:18:24.189 StockNo Format Error 
[17788] 2017/10/26 13:36:53.505 Connect Server: FORT14.capital.com.tw 443
[17788] 2017/10/26 13:36:56.808 SK_SUBJECT_CONNECTION_CONNECTED，Code: 0
[17788] 2017/10/26 13:36:57.711 OnConnect ( 3001 , 0 ) 
[17788] 2017/10/26 13:37:02.442 SKOSQuoteLib_RequestStocks (0,CME,ES_1712)
[17788] 2017/10/26 13:37:04.408 SKOSQuoteLib_RequestTicks (1,CME,ES_1712)
[20560] 2017/10/26 13:38:06.802 Connect Server: FORT14.capital.com.tw 443
[20560] 2017/10/26 13:38:09.927 SK_SUBJECT_CONNECTION_CONNECTED，Code: 0
[20560] 2017/10/26 13:38:10.877 OnConnect ( 3001 , 0 ) 
[20560] 2017/10/26 13:38:22.928 SKOSQuoteLib_RequestTicks (1,CME,ES_1712)
[20560] 2017/10/26 13:38:38.711 SKOSQuoteLib_RequestTicks (2,TX00)
[20560] 2017/10/26 13:38:38.711 StockNo Format Error 
[20756] 2017/10/26 13:45:42.781 Connect Server: FORT03.capital.com.tw 443
[20756] 2017/10/26 13:45:45.928 SK_SUBJECT_CONNECTION_CONNECTED，Code: 0
[20756] 2017/10/26 13:45:46.825 OnConnect ( 3001 , 0 ) 
[20756] 2017/10/26 13:46:00.623 SKOSQuoteLib_RequestTicks (1,CME,ES_1712)
[20756] 2017/10/26 13:46:28.392 SKOSQuoteLib_RequestTicks (2,TX00)
[20756] 2017/10/26 13:46:28.392 StockNo Format Error 
[13524] 2017/10/26 13:48:36.225 Connect Server: FORT03.capital.com.tw 443
[13524] 2017/10/26 13:48:39.219 SK_SUBJECT_CONNECTION_CONNECTED，Code: 0
[13524] 2017/10/26 13:48:40.171 OnConnect ( 3001 , 0 ) 
[9648] 2017/10/26 14:01:32.608 Connect Server: FORT14.capital.com.tw 443
[9648] 2017/10/26 14:01:35.886 SK_SUBJECT_CONNECTION_CONNECTED，Code: 0
[9648] 2017/10/26 14:01:36.783 OnConnect ( 3001 , 0 ) 
[9648] 2017/10/26 14:01:42.606 SKOSQuoteLib_RequestStocks (0,CME,ES_1712)
[9648] 2017/10/26 14:01:42.613 SKOSQuoteLib_RequestTicks (1,CME,ES_1712)
[9648] 2017/10/26 14:01:58.295 SKOSQuoteLib_RequestStocks (0,TX00)
[9648] 2017/10/26 14:01:58.295 TX00 StockNo Format Error 
[9648] 2017/10/26 14:01:58.299 SKOSQuoteLib_RequestTicks (2,TX00)
[9648] 2017/10/26 14:01:58.299 StockNo Format Error 
[9648] 2017/10/26 14:02:21.003 SKOSQuoteLib_RequestStocks (0,TX00)
[9648] 2017/10/26 14:02:21.003 TX00 StockNo Format Error 
[9648] 2017/10/26 14:02:21.004 SKOSQuoteLib_RequestTicks (3,TX00)
[9648] 2017/10/26 14:02:21.004 StockNo Format Error 
[15912] 2017/10/26 14:07:25.754 Connect Server: FORT14.capital.com.tw 443
[15912] 2017/10/26 14:07:29.072 SK_SUBJECT_CONNECTION_CONNECTED，Code: 0
[15912] 2017/10/26 14:07:29.969 OnConnect ( 3001 , 0 ) 
[15912] 2017/10/26 14:07:36.580 SKOSQuoteLib_RequestStocks (0,CME,ES_1712)
[15912] 2017/10/26 14:07:36.587 SKOSQuoteLib_RequestTicks (1,CME,ES_1712)
[15912] 2017/10/26 14:07:55.436 SKOSQuoteLib_RequestStocks (0,TX00)
[15912] 2017/10/26 14:07:55.436 TX00 StockNo Format Error 
[15912] 2017/10/26 14:07:59.430 SKOSQuoteLib_RequestTicks (2,TX00)
[15912] 2017/10/26 14:07:59.430 StockNo Format Error 
[16116] 2017/10/26 14:09:50.509 Connect Server: FORT03.capital.com.tw 443
[16116] 2017/10/26 14:09:53.888 SK_SUBJECT_CONNECTION_CONNECTED，Code: 0
[16116] 2017/10/26 14:09:54.787 OnConnect ( 3001 , 0 ) 
[16116] 2017/10/26 14:10:01.162 SKOSQuoteLib_RequestStocks (0,CME,ES_1712)
[16116] 2017/10/26 14:10:10.828 SKOSQuoteLib_RequestStocks (0,TX00)
[16116] 2017/10/26 14:10:10.828 TX00 StockNo Format Error 
[17352] 2017/10/26 14:10:47.787 Connect Server: FORT14.capital.com.tw 443
[17352] 2017/10/26 14:10:51.166 SK_SUBJECT_CONNECTION_CONNECTED，Code: 0
[17352] 2017/10/26 14:10:52.068 OnConnect ( 3001 , 0 ) 
[17352] 2017/10/26 14:10:58.380 SKOSQuoteLib_RequestStocks (0,CME,ES_1712)
[17352] 2017/10/26 14:11:08.349 SKOSQuoteLib_RequestStocks (0,TX00)
[17352] 2017/10/26 14:11:08.349 TX00 StockNo Format Error 
[21024] 2017/10/26 14:14:32.888 SKOSQuoteLib_RequestStocks (0,CME,ES_1712)
[21024] 2017/10/26 14:14:32.939 SKOSQuoteLib_RequestStocks 查無商品代號：[CME,ES_1712]
[21024] 2017/10/26 14:14:40.161 SKOSQuoteLib_RequestStocks (0,TX00)
[21024] 2017/10/26 14:14:40.161 TX00 StockNo Format Error 
[1984] 2017/10/26 14:15:52.989 Connect Server: FORT14.capital.com.tw 443
[1984] 2017/10/26 14:15:56.319 SK_SUBJECT_CONNECTION_CONNECTED，Code: 0
[1984] 2017/10/26 14:15:57.068 OnConnect ( 3001 , 0 ) 
[1984] 2017/10/26 14:16:04.598 SKOSQuoteLib_RequestStocks (0,CME,ES_1712)
[1984] 2017/10/26 14:16:14.434 SKOSQuoteLib_RequestStocks (0,TX00)
[1984] 2017/10/26 14:16:14.434 TX00 StockNo Format Error 
[10024] 2017/10/26 14:45:01.224 Connect Server: FORT03.capital.com.tw 443
[10024] 2017/10/26 14:45:04.514 SK_SUBJECT_CONNECTION_CONNECTED，Code: 0
[10024] 2017/10/26 14:45:05.413 OnConnect ( 3001 , 0 ) 
[10024] 2017/10/26 14:45:11.850 SKOSQuoteLib_RequestStocks (0,CME,ES_1712)
[10024] 2017/10/26 14:45:11.871 SKOSQuoteLib_RequestTicks (1,CME,ES_1712)
[10024] 2017/10/26 14:46:05.440 SKOSQuoteLib_RequestStocks (0,CME,E71772)
[10024] 2017/10/26 14:46:05.441 No Quote of Foreign: CME,E71772
[10024] 2017/10/26 14:46:05.445 SKOSQuoteLib_RequestTicks (0,CME,E71772)
[10024] 2017/10/26 14:46:05.451 No Tick of Foreign : CME,E71772
[10024] 2017/10/26 14:46:21.982 SKOSQuoteLib_RequestStocks (0,CME,E71712)
[10024] 2017/10/26 14:46:21.984 SKOSQuoteLib_RequestTicks (2,CME,E71712)
[10024] 2017/10/26 14:46:42.611 SKOSQuoteLib_RequestStocks (0,TX00)
[10024] 2017/10/26 14:46:42.611 TX00 StockNo Format Error 
[10024] 2017/10/26 14:46:42.615 SKOSQuoteLib_RequestTicks (3,TX00)
[10024] 2017/10/26 14:46:42.781 StockNo Format Error 
[21132] 2017/10/26 14:58:03.672 Connect Server: FORT03.capital.com.tw 443
[21132] 2017/10/26 14:58:07.232 SK_SUBJECT_CONNECTION_CONNECTED，Code: 0
[21132] 2017/10/26 14:58:08.137 OnConnect ( 3001 , 0 ) 
[21132] 2017/10/26 14:58:16.080 SKOSQuoteLib_RequestStocks (0,CME,ES_1712)
[21132] 2017/10/26 14:58:16.089 SKOSQuoteLib_RequestTicks (1,CME,ES_1712)
[21132] 2017/10/26 14:59:07.785 SKOSQuoteLib_RequestStocks (0,TX00)
[21132] 2017/10/26 14:59:07.785 TX00 StockNo Format Error 
[21132] 2017/10/26 14:59:07.791 SKOSQuoteLib_RequestTicks (2,TX00)
[21132] 2017/10/26 14:59:07.958 StockNo Format Error 
[16872] 2017/10/26 15:00:25.668 Connect Server: FORT14.capital.com.tw 443
[16872] 2017/10/26 15:00:28.931 SK_SUBJECT_CONNECTION_CONNECTED，Code: 0
[16872] 2017/10/26 15:00:29.834 OnConnect ( 3001 , 0 ) 
[21008] 2017/10/26 15:02:53.465 Connect Server: FORT14.capital.com.tw 443
[21008] 2017/10/26 15:02:56.576 SK_SUBJECT_CONNECTION_CONNECTED，Code: 0
[21008] 2017/10/26 15:02:57.525 OnConnect ( 3001 , 0 ) 
[21008] 2017/10/26 15:03:04.241 SKOSQuoteLib_RequestStocks (0,CME,ES_1712)
[21008] 2017/10/26 15:03:07.068 SKOSQuoteLib_RequestTicks (1,CME,ES_1712)
[21008] 2017/10/26 15:03:29.671 SKOSQuoteLib_RequestStocks (0,TX00)
[21008] 2017/10/26 15:03:29.671 TX00 StockNo Format Error 
[21008] 2017/10/26 15:03:29.671 SKOSQuoteLib_RequestTicks (0,TX00)
[21008] 2017/10/26 15:03:29.671 StockNo Format Error 
[20276] 2017/10/26 15:25:31.402 Connect Server: FORT14.capital.com.tw 443
[20276] 2017/10/26 15:25:34.583 SK_SUBJECT_CONNECTION_CONNECTED，Code: 0
[20276] 2017/10/26 15:25:35.449 OnConnect ( 3001 , 0 ) 
[16824] 2017/10/26 15:25:57.127 Connect Server: FORT14.capital.com.tw 443
[16824] 2017/10/26 15:26:00.128 SK_SUBJECT_CONNECTION_CONNECTED，Code: 0
[16824] 2017/10/26 15:26:01.079 OnConnect ( 3001 , 0 ) 
[15300] 2017/10/26 15:26:36.862 Connect Server: FORT14.capital.com.tw 443
[15300] 2017/10/26 15:26:40.054 SK_SUBJECT_CONNECTION_CONNECTED，Code: 0
[15300] 2017/10/26 15:26:40.928 OnConnect ( 3001 , 0 ) 
[20260] 2017/10/26 15:27:17.602 Connect Server: FORT14.capital.com.tw 443
[20260] 2017/10/26 15:27:20.660 SK_SUBJECT_CONNECTION_CONNECTED，Code: 0
[20260] 2017/10/26 15:27:21.607 OnConnect ( 3001 , 0 ) 
[19644] 2017/10/26 15:27:37.469 Connect Server: FORT14.capital.com.tw 443
[19644] 2017/10/26 15:27:38.002 SK_SUBJECT_CONNECTION_CONNECTED，Code: 0
[19644] 2017/10/26 15:27:38.979 OnConnect ( 3001 , 0 ) 
[19644] 2017/10/26 15:28:19.131 SKOSQuoteLib_RequestStocks (0,TX00)
[19644] 2017/10/26 15:28:19.131 TX00 StockNo Format Error 
[19644] 2017/10/26 15:28:19.137 SKOSQuoteLib_RequestTicks (0,TX00)
[19644] 2017/10/26 15:28:19.137 StockNo Format Error 
[1552] 2017/10/26 15:34:29.370 Connect Server: FORT14.capital.com.tw 443
[1552] 2017/10/26 15:34:30.029 SK_SUBJECT_CONNECTION_CONNECTED，Code: 0
[1552] 2017/10/26 15:34:30.946 OnConnect ( 3001 , 0 ) 
[1552] 2017/10/26 15:34:45.634 SKOSQuoteLib_RequestStocks (0,CME,ES_1712)
[1552] 2017/10/26 15:34:45.640 SKOSQuoteLib_RequestTicks (1,CME,ES_1712)
[1552] 2017/10/26 15:35:05.562 SKOSQuoteLib_RequestStocks (0,TX00)
[1552] 2017/10/26 15:35:05.562 TX00 StockNo Format Error 
[1552] 2017/10/26 15:35:05.562 SKOSQuoteLib_RequestTicks (0,TX00)
[1552] 2017/10/26 15:35:05.562 StockNo Format Error 
[1552] 2017/10/26 15:38:12.648 -----------------------------------------------------------------
[2656] 2017/10/26 15:39:26.024 Connect Server: FORT03.capital.com.tw 443
[2656] 2017/10/26 15:39:29.213 SK_SUBJECT_CONNECTION_CONNECTED，Code: 0
[2656] 2017/10/26 15:39:29.996 OnConnect ( 3001 , 0 ) 
[17880] 2017/10/26 15:44:17.426 Connect Server: FORT14.capital.com.tw 443
[17880] 2017/10/26 15:44:20.567 SK_SUBJECT_CONNECTION_CONNECTED，Code: 0
[17880] 2017/10/26 15:44:21.467 OnConnect ( 3001 , 0 ) 
[18052] 2017/10/26 15:45:00.381 Connect Server: FORT03.capital.com.tw 443
[18052] 2017/10/26 15:45:03.549 SK_SUBJECT_CONNECTION_CONNECTED，Code: 0
[18052] 2017/10/26 15:45:04.446 OnConnect ( 3001 , 0 ) 
[18052] 2017/10/26 15:45:15.541 SKOSQuoteLib_RequestStocks (0,TX00)
[18052] 2017/10/26 15:45:15.541 TX00 StockNo Format Error 
[18052] 2017/10/26 15:45:15.548 SKOSQuoteLib_RequestTicks (0,TX00)
[18052] 2017/10/26 15:45:15.548 StockNo Format Error 
[18052] 2017/10/26 15:45:35.327 SKOSQuoteLib_RequestStocks (0,CME,E71712)
[18052] 2017/10/26 15:45:35.500 SKOSQuoteLib_RequestTicks (2,CME,E71712)
[18052] 2017/10/26 15:45:39.714 SKOSQuoteLib_RequestStocks (0,CME,E71712)
[18052] 2017/10/26 15:45:39.716 SKOSQuoteLib_RequestTicks (3,CME,E71712)
[18052] 2017/10/26 15:45:45.014 SKOSQuoteLib_RequestStocks (0,MTX00)
[18052] 2017/10/26 15:45:45.014 MTX00 StockNo Format Error 
[18052] 2017/10/26 15:45:45.014 SKOSQuoteLib_RequestTicks (1,MTX00)
[18052] 2017/10/26 15:45:45.014 StockNo Format Error 
[14172] 2017/10/26 16:29:37.151 Connect Server: FORT14.capital.com.tw 443
[14172] 2017/10/26 16:29:40.820 SK_SUBJECT_CONNECTION_CONNECTED，Code: 0
[14172] 2017/10/26 16:29:41.707 OnConnect ( 3001 , 0 ) 
[14172] 2017/10/26 16:32:17.449 SK_SUBJECT_CONNECTION_DISCONNECT，Code: 10054
[14172] 2017/10/26 16:32:17.450 OnConnect ( 3002 , 10054 ) 
[14172] 2017/10/26 16:35:03.594 SKOSQuoteLib_RequestStocks (0,TX00)
[14172] 2017/10/26 16:35:03.594 TX00 StockNo Format Error 
[14172] 2017/10/26 16:35:03.621 SKOSQuoteLib_RequestTicks (0,TX00)
[14172] 2017/10/26 16:35:03.621 StockNo Format Error 
[14172] 2017/10/26 16:38:09.511 SKOSQuoteLib_RequestStocks (0,CME,E71712)
[14172] 2017/10/26 16:38:09.516 SKOSQuoteLib_RequestTicks (2,CME,E71712)
[1360] 2017/10/26 17:00:55.771 Connect Server: FORT03.capital.com.tw 443
[1360] 2017/10/26 17:00:58.940 SK_SUBJECT_CONNECTION_CONNECTED，Code: 0
[1360] 2017/10/26 17:00:59.827 OnConnect ( 3001 , 0 ) 
[1360] 2017/10/26 17:01:17.364 SKOSQuoteLib_RequestStocks (0,CME,ES_1712)
[1360] 2017/10/26 17:01:17.373 SKOSQuoteLib_RequestTicks (1,CME,ES_1712)
[1360] 2017/10/26 17:01:40.389 SKOSQuoteLib_RequestStocks (0,TX00)
[1360] 2017/10/26 17:01:40.389 TX00 StockNo Format Error 
[1360] 2017/10/26 17:01:40.389 SKOSQuoteLib_RequestTicks (0,TX00)
[1360] 2017/10/26 17:01:40.389 StockNo Format Error 
