-----------------------------------------------------------------
[11324] 2017/12/22 09:13:44.580 Connect Server: FORT14.capital.com.tw 443
[11324] 2017/12/22 09:13:47.375 SK_SUBJECT_CONNECTION_CONNECTED메Code: 0
[11324] 2017/12/22 09:13:47.619 OnConnect ( 3001 , 0 ) 
[11324] 2017/12/22 09:13:48.727 SKOSQuoteLib_RequestServerTime()
[11324] 2017/12/22 09:13:49.614 SKOSQuoteLib_RequestServerTime()
[11324] 2017/12/22 09:13:50.615 SKOSQuoteLib_RequestServerTime()
[11324] 2017/12/22 09:13:51.614 SKOSQuoteLib_RequestServerTime()
[11324] 2017/12/22 09:13:52.612 SKOSQuoteLib_RequestServerTime()
[11324] 2017/12/22 09:13:53.614 SKOSQuoteLib_RequestServerTime()
[11324] 2017/12/22 09:13:54.614 SKOSQuoteLib_RequestServerTime()
[11324] 2017/12/22 09:13:55.612 SKOSQuoteLib_RequestServerTime()
[11324] 2017/12/22 09:13:56.610 SKOSQuoteLib_RequestServerTime()
[11324] 2017/12/22 09:13:57.615 SKOSQuoteLib_RequestServerTime()
[11324] 2017/12/22 09:13:58.615 SKOSQuoteLib_RequestServerTime()
[11324] 2017/12/22 09:13:58.838 SKOSQuoteLib_RequestKLine (CME,ES_1803,0)
[11324] 2017/12/22 09:14:00.339 SKOSQuoteLib_RequestKLine (CME,ES_1803,1)
[11324] 2017/12/22 09:14:01.158 SKOSQuoteLib_RequestServerTime()
[11324] 2017/12/22 09:14:01.682 SKOSQuoteLib_RequestServerTime()
[11324] 2017/12/22 09:14:02.327 SKOSQuoteLib_RequestTicks (0,CME,ES_1803)
[11324] 2017/12/22 09:14:02.613 SKOSQuoteLib_RequestServerTime()
[11324] 2017/12/22 09:14:03.611 SKOSQuoteLib_RequestServerTime()
[11324] 2017/12/22 09:14:04.615 SKOSQuoteLib_RequestServerTime()
[11324] 2017/12/22 09:14:05.645 SKOSQuoteLib_RequestServerTime()
[11324] 2017/12/22 09:14:06.613 SKOSQuoteLib_RequestServerTime()
[11324] 2017/12/22 09:14:07.612 SKOSQuoteLib_RequestServerTime()
[11324] 2017/12/22 09:14:08.613 SKOSQuoteLib_RequestServerTime()
[11324] 2017/12/22 09:14:54.946 SKOSQuoteLib_RequestServerTime()
[11324] 2017/12/22 09:14:55.612 SKOSQuoteLib_RequestServerTime()
[11324] 2017/12/22 09:14:56.610 SKOSQuoteLib_RequestServerTime()
[11324] 2017/12/22 09:14:57.612 SKOSQuoteLib_RequestServerTime()
[11324] 2017/12/22 09:14:58.611 SKOSQuoteLib_RequestServerTime()
[11324] 2017/12/22 09:14:59.613 SKOSQuoteLib_RequestServerTime()
[11324] 2017/12/22 09:15:00.611 SKOSQuoteLib_RequestServerTime()
[11324] 2017/12/22 09:15:01.612 SKOSQuoteLib_RequestServerTime()
[11324] 2017/12/22 09:15:02.617 SKOSQuoteLib_RequestServerTime()
[11324] 2017/12/22 09:15:03.611 SKOSQuoteLib_RequestServerTime()
[11324] 2017/12/22 09:15:04.613 SKOSQuoteLib_RequestServerTime()
[11324] 2017/12/22 09:15:05.619 SKOSQuoteLib_RequestServerTime()
[11324] 2017/12/22 09:15:06.612 SKOSQuoteLib_RequestServerTime()
[11324] 2017/12/22 09:15:07.617 SKOSQuoteLib_RequestServerTime()
[11324] 2017/12/22 09:15:08.612 SKOSQuoteLib_RequestServerTime()
[11324] 2017/12/22 09:15:09.611 SKOSQuoteLib_RequestServerTime()
[11324] 2017/12/22 09:15:10.610 SKOSQuoteLib_RequestServerTime()
[11324] 2017/12/22 09:15:11.612 SKOSQuoteLib_RequestServerTime()
[11324] 2017/12/22 09:15:12.612 SKOSQuoteLib_RequestServerTime()
[11324] 2017/12/22 09:15:13.611 SKOSQuoteLib_RequestServerTime()
[11324] 2017/12/22 09:15:14.615 SKOSQuoteLib_RequestServerTime()
[11324] 2017/12/22 09:15:15.615 SKOSQuoteLib_RequestServerTime()
[11324] 2017/12/22 09:15:16.611 SKOSQuoteLib_RequestServerTime()
[11324] 2017/12/22 09:15:17.615 SKOSQuoteLib_RequestServerTime()
[11324] 2017/12/22 09:15:18.610 SKOSQuoteLib_RequestServerTime()
[11324] 2017/12/22 09:15:19.613 SKOSQuoteLib_RequestServerTime()
[11324] 2017/12/22 09:15:20.615 SKOSQuoteLib_RequestServerTime()
[11324] 2017/12/22 09:15:21.616 SKOSQuoteLib_RequestServerTime()
[11324] 2017/12/22 09:15:22.610 SKOSQuoteLib_RequestServerTime()
[11324] 2017/12/22 09:15:23.610 SKOSQuoteLib_RequestServerTime()
[11324] 2017/12/22 09:15:24.614 SKOSQuoteLib_RequestServerTime()
[11324] 2017/12/22 09:15:25.616 SKOSQuoteLib_RequestServerTime()
[11324] 2017/12/22 09:15:26.612 SKOSQuoteLib_RequestServerTime()
[11324] 2017/12/22 09:15:27.622 SKOSQuoteLib_RequestServerTime()
[11324] 2017/12/22 09:15:28.611 SKOSQuoteLib_RequestServerTime()
[11324] 2017/12/22 09:15:29.615 SKOSQuoteLib_RequestServerTime()
[11324] 2017/12/22 09:15:30.612 SKOSQuoteLib_RequestServerTime()
[11324] 2017/12/22 09:15:31.613 SKOSQuoteLib_RequestServerTime()
[11324] 2017/12/22 09:15:32.623 SKOSQuoteLib_RequestServerTime()
[11324] 2017/12/22 09:15:33.612 SKOSQuoteLib_RequestServerTime()
[11324] 2017/12/22 09:15:34.613 SKOSQuoteLib_RequestServerTime()
[11324] 2017/12/22 09:15:35.613 SKOSQuoteLib_RequestServerTime()
[11324] 2017/12/22 09:15:36.614 SKOSQuoteLib_RequestServerTime()
[11324] 2017/12/22 09:15:37.617 SKOSQuoteLib_RequestServerTime()
[11324] 2017/12/22 09:15:38.613 SKOSQuoteLib_RequestServerTime()
[11324] 2017/12/22 09:15:39.612 SKOSQuoteLib_RequestServerTime()
[11324] 2017/12/22 09:15:40.612 SKOSQuoteLib_RequestServerTime()
[11324] 2017/12/22 09:15:41.613 SKOSQuoteLib_RequestServerTime()
[11324] 2017/12/22 09:15:42.615 SKOSQuoteLib_RequestServerTime()
[11324] 2017/12/22 09:15:43.612 SKOSQuoteLib_RequestServerTime()
[11324] 2017/12/22 09:15:44.612 SKOSQuoteLib_RequestServerTime()
[11324] 2017/12/22 09:15:45.615 SKOSQuoteLib_RequestServerTime()
[11324] 2017/12/22 09:15:46.613 SKOSQuoteLib_RequestServerTime()
[11324] 2017/12/22 09:15:47.611 SKOSQuoteLib_RequestServerTime()
[11324] 2017/12/22 09:15:48.612 SKOSQuoteLib_RequestServerTime()
[11324] 2017/12/22 09:15:49.611 SKOSQuoteLib_RequestServerTime()
[11324] 2017/12/22 09:15:50.613 SKOSQuoteLib_RequestServerTime()
[11324] 2017/12/22 09:15:51.618 SKOSQuoteLib_RequestServerTime()
[11324] 2017/12/22 09:15:52.612 SKOSQuoteLib_RequestServerTime()
[11324] 2017/12/22 09:15:53.613 SKOSQuoteLib_RequestServerTime()
[11324] 2017/12/22 09:15:54.611 SKOSQuoteLib_RequestServerTime()
[11324] 2017/12/22 09:15:55.612 SKOSQuoteLib_RequestServerTime()
[11324] 2017/12/22 09:15:56.616 SKOSQuoteLib_RequestServerTime()
[11324] 2017/12/22 09:15:57.613 SKOSQuoteLib_RequestServerTime()
[11324] 2017/12/22 09:15:58.612 SKOSQuoteLib_RequestServerTime()
[11324] 2017/12/22 09:15:59.617 SKOSQuoteLib_RequestServerTime()
[11324] 2017/12/22 09:16:00.612 SKOSQuoteLib_RequestServerTime()
[11324] 2017/12/22 09:16:01.611 SKOSQuoteLib_RequestServerTime()
[11324] 2017/12/22 09:16:02.613 SKOSQuoteLib_RequestServerTime()
[11324] 2017/12/22 09:16:03.803 SKOSQuoteLib_RequestServerTime()
[11324] 2017/12/22 09:16:04.683 SKOSQuoteLib_RequestServerTime()
[11324] 2017/12/22 09:16:05.616 SKOSQuoteLib_RequestServerTime()
[11324] 2017/12/22 09:16:06.611 SKOSQuoteLib_RequestServerTime()
[11324] 2017/12/22 09:16:07.617 SKOSQuoteLib_RequestServerTime()
[11324] 2017/12/22 09:16:08.933 SKOSQuoteLib_RequestServerTime()
[11324] 2017/12/22 09:16:09.613 SKOSQuoteLib_RequestServerTime()
[11324] 2017/12/22 09:16:10.614 SKOSQuoteLib_RequestServerTime()
[11324] 2017/12/22 09:16:11.614 SKOSQuoteLib_RequestServerTime()
[11324] 2017/12/22 09:16:12.613 SKOSQuoteLib_RequestServerTime()
[11324] 2017/12/22 09:16:13.655 SKOSQuoteLib_RequestServerTime()
[11324] 2017/12/22 09:16:14.614 SKOSQuoteLib_RequestServerTime()
[11324] 2017/12/22 09:16:15.610 SKOSQuoteLib_RequestServerTime()
[11324] 2017/12/22 09:16:16.613 SKOSQuoteLib_RequestServerTime()
[11324] 2017/12/22 09:16:17.613 SKOSQuoteLib_RequestServerTime()
[11324] 2017/12/22 09:16:18.614 SKOSQuoteLib_RequestServerTime()
[11324] 2017/12/22 09:16:19.614 SKOSQuoteLib_RequestServerTime()
[11324] 2017/12/22 09:16:20.620 SKOSQuoteLib_RequestServerTime()
[11324] 2017/12/22 09:16:21.616 SKOSQuoteLib_RequestServerTime()
[11324] 2017/12/22 09:16:23.148 SKOSQuoteLib_RequestServerTime()
[11324] 2017/12/22 09:16:23.612 SKOSQuoteLib_RequestServerTime()
[11324] 2017/12/22 09:16:24.611 SKOSQuoteLib_RequestServerTime()
[11324] 2017/12/22 09:16:25.613 SKOSQuoteLib_RequestServerTime()
[11324] 2017/12/22 09:16:26.611 SKOSQuoteLib_RequestServerTime()
[11324] 2017/12/22 09:16:27.614 SKOSQuoteLib_RequestServerTime()
[11324] 2017/12/22 09:16:28.611 SKOSQuoteLib_RequestServerTime()
[11324] 2017/12/22 09:16:29.612 SKOSQuoteLib_RequestServerTime()
[11324] 2017/12/22 09:16:30.616 SKOSQuoteLib_RequestServerTime()
[11324] 2017/12/22 09:16:31.611 SKOSQuoteLib_RequestServerTime()
[11324] 2017/12/22 09:16:32.614 SKOSQuoteLib_RequestServerTime()
[11324] 2017/12/22 09:16:33.616 SKOSQuoteLib_RequestServerTime()
[11324] 2017/12/22 09:16:34.612 SKOSQuoteLib_RequestServerTime()
[11324] 2017/12/22 09:16:35.621 SKOSQuoteLib_RequestServerTime()
[11324] 2017/12/22 09:16:36.613 SKOSQuoteLib_RequestServerTime()
[11324] 2017/12/22 09:16:37.614 SKOSQuoteLib_RequestServerTime()
[11324] 2017/12/22 09:16:38.616 SKOSQuoteLib_RequestServerTime()
[11324] 2017/12/22 09:16:39.613 SKOSQuoteLib_RequestServerTime()
[11324] 2017/12/22 09:16:40.625 SKOSQuoteLib_RequestServerTime()
[11324] 2017/12/22 09:16:41.613 SKOSQuoteLib_RequestServerTime()
[11324] 2017/12/22 09:16:42.614 SKOSQuoteLib_RequestServerTime()
[11324] 2017/12/22 09:16:43.615 SKOSQuoteLib_RequestServerTime()
[11324] 2017/12/22 09:16:44.615 SKOSQuoteLib_RequestServerTime()
[11324] 2017/12/22 09:16:45.616 SKOSQuoteLib_RequestServerTime()
[11324] 2017/12/22 09:16:46.614 SKOSQuoteLib_RequestServerTime()
[11324] 2017/12/22 09:16:47.618 SKOSQuoteLib_RequestServerTime()
[11324] 2017/12/22 09:16:48.614 SKOSQuoteLib_RequestServerTime()
[11324] 2017/12/22 09:16:49.613 SKOSQuoteLib_RequestServerTime()
[11324] 2017/12/22 09:16:50.612 SKOSQuoteLib_RequestServerTime()
[11324] 2017/12/22 09:16:51.614 SKOSQuoteLib_RequestServerTime()
[11324] 2017/12/22 09:16:52.615 SKOSQuoteLib_RequestServerTime()
[11324] 2017/12/22 09:16:53.615 SKOSQuoteLib_RequestServerTime()
[11324] 2017/12/22 09:16:54.613 SKOSQuoteLib_RequestServerTime()
[11324] 2017/12/22 09:16:55.613 SKOSQuoteLib_RequestServerTime()
[11324] 2017/12/22 09:16:56.613 SKOSQuoteLib_RequestServerTime()
[11324] 2017/12/22 09:16:57.614 SKOSQuoteLib_RequestServerTime()
[11324] 2017/12/22 09:16:58.612 SKOSQuoteLib_RequestServerTime()
[11324] 2017/12/22 09:16:59.615 SKOSQuoteLib_RequestServerTime()
[11324] 2017/12/22 09:17:00.625 SKOSQuoteLib_RequestServerTime()
[11324] 2017/12/22 09:17:01.617 SKOSQuoteLib_RequestServerTime()
[11324] 2017/12/22 09:17:02.613 SKOSQuoteLib_RequestServerTime()
[11324] 2017/12/22 09:17:03.613 SKOSQuoteLib_RequestServerTime()
[11324] 2017/12/22 09:17:04.614 SKOSQuoteLib_RequestServerTime()
[11324] 2017/12/22 09:17:05.612 SKOSQuoteLib_RequestServerTime()
[11324] 2017/12/22 09:17:06.615 SKOSQuoteLib_RequestServerTime()
[11324] 2017/12/22 09:17:07.614 SKOSQuoteLib_RequestServerTime()
[11324] 2017/12/22 09:17:08.618 SKOSQuoteLib_RequestServerTime()
[11324] 2017/12/22 09:17:09.611 SKOSQuoteLib_RequestServerTime()
[11324] 2017/12/22 09:17:10.613 SKOSQuoteLib_RequestServerTime()
[11324] 2017/12/22 09:17:11.614 SKOSQuoteLib_RequestServerTime()
[11324] 2017/12/22 09:17:12.613 SKOSQuoteLib_RequestServerTime()
[11324] 2017/12/22 09:17:13.611 SKOSQuoteLib_RequestServerTime()
[11324] 2017/12/22 09:17:14.614 SKOSQuoteLib_RequestServerTime()
[11324] 2017/12/22 09:17:15.839 SKOSQuoteLib_RequestServerTime()
[11324] 2017/12/22 09:17:16.611 SKOSQuoteLib_RequestServerTime()
[11324] 2017/12/22 09:17:17.118 -----------------------------------------------------------------
[13572] 2017/12/22 10:38:10.696 Connect Server: FORT03.capital.com.tw 443
[13572] 2017/12/22 10:38:13.545 SK_SUBJECT_CONNECTION_CONNECTED메Code: 0
[13572] 2017/12/22 10:38:13.732 OnConnect ( 3001 , 0 ) 
[13572] 2017/12/22 10:38:14.837 SKOSQuoteLib_RequestServerTime()
[13572] 2017/12/22 10:38:15.721 SKOSQuoteLib_RequestServerTime()
[13572] 2017/12/22 10:38:16.720 SKOSQuoteLib_RequestServerTime()
[13572] 2017/12/22 10:38:17.725 SKOSQuoteLib_RequestServerTime()
[13572] 2017/12/22 10:38:18.721 SKOSQuoteLib_RequestServerTime()
[13572] 2017/12/22 10:38:19.720 SKOSQuoteLib_RequestServerTime()
[13572] 2017/12/22 10:38:20.722 SKOSQuoteLib_RequestServerTime()
[13572] 2017/12/22 10:38:21.720 SKOSQuoteLib_RequestServerTime()
[13572] 2017/12/22 10:38:22.615 SKOSQuoteLib_RequestKLine (CME,ES_1803,0)
[13572] 2017/12/22 10:38:24.153 SKOSQuoteLib_RequestKLine (CME,ES_1803,1)
[13572] 2017/12/22 10:38:25.004 SKOSQuoteLib_RequestServerTime()
[13572] 2017/12/22 10:38:26.076 SKOSQuoteLib_RequestTicks (0,CME,ES_1803)
[13572] 2017/12/22 10:38:26.183 SKOSQuoteLib_RequestServerTime()
[13572] 2017/12/22 10:38:26.341 execute OnNotifyHistoryTicks event exception, please check it
[13572] 2017/12/22 10:38:26.363 execute OnNotifyHistoryTicks event exception, please check it
[13572] 2017/12/22 10:38:26.721 SKOSQuoteLib_RequestServerTime()
[13572] 2017/12/22 10:38:27.721 SKOSQuoteLib_RequestServerTime()
[13572] 2017/12/22 10:38:28.722 SKOSQuoteLib_RequestServerTime()
[13572] 2017/12/22 10:38:29.720 SKOSQuoteLib_RequestServerTime()
[13572] 2017/12/22 10:38:30.787 SKOSQuoteLib_RequestServerTime()
[13572] 2017/12/22 10:38:31.721 SKOSQuoteLib_RequestServerTime()
[13572] 2017/12/22 10:38:32.725 SKOSQuoteLib_RequestServerTime()
[13572] 2017/12/22 10:38:33.720 SKOSQuoteLib_RequestServerTime()
[14312] 2017/12/22 12:06:21.656 Connect Server: FORT03.capital.com.tw 443
[14312] 2017/12/22 12:06:24.517 SK_SUBJECT_CONNECTION_CONNECTED메Code: 0
[14312] 2017/12/22 12:06:24.768 OnConnect ( 3001 , 0 ) 
[14312] 2017/12/22 12:06:25.931 SKOSQuoteLib_RequestServerTime()
[14312] 2017/12/22 12:06:26.769 SKOSQuoteLib_RequestServerTime()
[14312] 2017/12/22 12:06:27.770 SKOSQuoteLib_RequestServerTime()
[14312] 2017/12/22 12:06:28.767 SKOSQuoteLib_RequestServerTime()
[14312] 2017/12/22 12:06:29.768 SKOSQuoteLib_RequestServerTime()
[14312] 2017/12/22 12:06:30.773 SKOSQuoteLib_RequestServerTime()
[14312] 2017/12/22 12:06:31.767 SKOSQuoteLib_RequestServerTime()
[14312] 2017/12/22 12:06:32.768 SKOSQuoteLib_RequestServerTime()
[14312] 2017/12/22 12:06:33.769 SKOSQuoteLib_RequestServerTime()
[14312] 2017/12/22 12:06:34.767 SKOSQuoteLib_RequestServerTime()
[14312] 2017/12/22 12:06:35.768 SKOSQuoteLib_RequestServerTime()
[14312] 2017/12/22 12:06:36.770 SKOSQuoteLib_RequestServerTime()
[14312] 2017/12/22 12:06:37.771 SKOSQuoteLib_RequestServerTime()
[14312] 2017/12/22 12:06:38.768 SKOSQuoteLib_RequestServerTime()
[14312] 2017/12/22 12:06:39.767 SKOSQuoteLib_RequestServerTime()
[14312] 2017/12/22 12:06:40.769 SKOSQuoteLib_RequestServerTime()
[14312] 2017/12/22 12:06:41.767 SKOSQuoteLib_RequestServerTime()
[14312] 2017/12/22 12:06:42.767 SKOSQuoteLib_RequestServerTime()
[14312] 2017/12/22 12:06:43.772 SKOSQuoteLib_RequestServerTime()
[14312] 2017/12/22 12:06:44.772 SKOSQuoteLib_RequestServerTime()
[14312] 2017/12/22 12:06:45.769 SKOSQuoteLib_RequestServerTime()
[14312] 2017/12/22 12:06:46.769 SKOSQuoteLib_RequestServerTime()
[14312] 2017/12/22 12:06:47.767 SKOSQuoteLib_RequestServerTime()
[14312] 2017/12/22 12:06:48.769 SKOSQuoteLib_RequestServerTime()
[14312] 2017/12/22 12:06:49.859 SKOSQuoteLib_RequestKLine (CME,ES_1803,0)
[14312] 2017/12/22 12:06:51.369 SKOSQuoteLib_RequestKLine (CME,ES_1803,1)
[14312] 2017/12/22 12:06:52.151 SKOSQuoteLib_RequestServerTime()
[14312] 2017/12/22 12:06:53.290 SKOSQuoteLib_RequestTicks (0,CME,ES_1803)
[14312] 2017/12/22 12:06:53.393 SKOSQuoteLib_RequestServerTime()
[14312] 2017/12/22 12:06:53.769 SKOSQuoteLib_RequestServerTime()
[14312] 2017/12/22 12:06:53.854 execute OnNotifyHistoryTicks event exception, please check it
[14312] 2017/12/22 12:06:54.909 SKOSQuoteLib_RequestServerTime()
[14312] 2017/12/22 12:06:55.768 SKOSQuoteLib_RequestServerTime()
[14312] 2017/12/22 12:06:56.768 SKOSQuoteLib_RequestServerTime()
[4136] 2017/12/22 12:08:06.146 Connect Server: FORT14.capital.com.tw 443
[4136] 2017/12/22 12:08:08.825 SK_SUBJECT_CONNECTION_CONNECTED메Code: 0
[4136] 2017/12/22 12:08:08.943 OnConnect ( 3001 , 0 ) 
[4136] 2017/12/22 12:08:10.037 SKOSQuoteLib_RequestServerTime()
[4136] 2017/12/22 12:08:10.944 SKOSQuoteLib_RequestServerTime()
[4136] 2017/12/22 12:08:11.944 SKOSQuoteLib_RequestServerTime()
[4136] 2017/12/22 12:08:12.939 SKOSQuoteLib_RequestServerTime()
[4136] 2017/12/22 12:08:13.940 SKOSQuoteLib_RequestServerTime()
[4136] 2017/12/22 12:08:14.939 SKOSQuoteLib_RequestServerTime()
[4136] 2017/12/22 12:08:15.217 SKOSQuoteLib_RequestKLine (CME,ES_1803,0)
[4136] 2017/12/22 12:08:16.876 SKOSQuoteLib_RequestKLine (CME,ES_1803,1)
[4136] 2017/12/22 12:08:17.678 SKOSQuoteLib_RequestServerTime()
[4136] 2017/12/22 12:08:18.119 SKOSQuoteLib_RequestServerTime()
[4136] 2017/12/22 12:08:18.695 SKOSQuoteLib_RequestTicks (0,CME,ES_1803)
[4136] 2017/12/22 12:08:18.942 SKOSQuoteLib_RequestServerTime()
[4136] 2017/12/22 12:08:19.006 execute OnNotifyHistoryTicks event exception, please check it
[4136] 2017/12/22 12:08:19.013 execute OnNotifyHistoryTicks event exception, please check it
[4136] 2017/12/22 12:08:20.023 SKOSQuoteLib_RequestServerTime()
[4136] 2017/12/22 12:08:20.940 SKOSQuoteLib_RequestServerTime()
[4136] 2017/12/22 12:08:48.991 SKOSQuoteLib_RequestServerTime()
[4136] 2017/12/22 12:08:49.939 SKOSQuoteLib_RequestServerTime()
[4136] 2017/12/22 12:08:50.939 SKOSQuoteLib_RequestServerTime()
[4136] 2017/12/22 12:08:51.940 SKOSQuoteLib_RequestServerTime()
[4136] 2017/12/22 12:08:52.956 SKOSQuoteLib_RequestServerTime()
[4136] 2017/12/22 12:08:53.939 SKOSQuoteLib_RequestServerTime()
[4136] 2017/12/22 12:08:54.973 SKOSQuoteLib_RequestServerTime()
[4136] 2017/12/22 12:08:55.939 SKOSQuoteLib_RequestServerTime()
[4136] 2017/12/22 12:08:56.941 SKOSQuoteLib_RequestServerTime()
[4136] 2017/12/22 12:08:57.938 SKOSQuoteLib_RequestServerTime()
[4136] 2017/12/22 12:08:58.940 SKOSQuoteLib_RequestServerTime()
