-----------------------------------------------------------------
[8424] 2017/12/19 14:16:36.183 >> Host srvsolace-tp.capital.com.tw
[8424] 2017/12/19 14:16:38.746 連線
[5532] 2017/12/19 14:19:13.186 >> Host srvsolace-fg.capital.com.tw
[5532] 2017/12/19 14:19:15.528 連線
[1844] 2017/12/19 14:37:27.032 >> Host srvsolace-fg.capital.com.tw
[1844] 2017/12/19 14:37:29.488 連線
[11136] 2017/12/19 14:48:17.812 >> Host srvsolace-fg.capital.com.tw
[11136] 2017/12/19 14:48:20.167 連線
[7060] 2017/12/19 14:58:10.033 >> Host srvsolace-fg.capital.com.tw
[7060] 2017/12/19 14:58:12.452 連線
[2736] 2017/12/19 15:07:48.786 >> Host srvsolace-fg.capital.com.tw
[2736] 2017/12/19 15:07:51.285 連線
[12300] 2017/12/19 15:08:56.944 >> Host srvsolace-fg.capital.com.tw
[12300] 2017/12/19 15:08:59.704 連線
[944] 2017/12/19 15:09:36.215 >> Host srvsolace-fg.capital.com.tw
[944] 2017/12/19 15:09:38.640 連線
[944] 2017/12/19 15:57:54.020 SK_SUBJECT_CONNECTION_FAIL_WITHOUTNETWORK，Code: 3
[9624] 2017/12/19 16:44:05.559 >> Host srvsolace-fg.capital.com.tw
[9624] 2017/12/19 16:44:08.030 連線
[3976] 2017/12/19 16:49:08.331 >> Host srvsolace-tp.capital.com.tw
[3976] 2017/12/19 16:49:10.785 連線
[12372] 2017/12/19 16:54:20.776 >> Host srvsolace-fg.capital.com.tw
[12372] 2017/12/19 16:54:23.295 連線
[12740] 2017/12/19 16:54:53.688 >> Host srvsolace-fg.capital.com.tw
[12740] 2017/12/19 16:54:56.191 連線
