-----------------------------------------------------------------
[4704] 2017/12/01 12:03:40.449 >> Host srvsolace-fg.capital.com.tw
[4704] 2017/12/01 12:03:42.954 連線
[10992] 2017/12/01 12:06:04.705 >> Host srvsolace-tp.capital.com.tw
[10992] 2017/12/01 12:06:07.320 連線
[12784] 2017/12/01 12:08:22.347 >> Host srvsolace-tp.capital.com.tw
[12784] 2017/12/01 12:08:24.663 連線
[10632] 2017/12/01 12:14:39.335 >> Host srvsolace-fg.capital.com.tw
[10632] 2017/12/01 12:14:41.738 連線
[10632] 2017/12/01 12:16:38.672 -----------------------------------------------------------------
[2396] 2017/12/01 12:17:37.221 >> Host srvsolace-tp.capital.com.tw
[2396] 2017/12/01 12:17:39.717 連線
[3840] 2017/12/01 12:19:39.837 >> Host srvsolace-tp.capital.com.tw
[3840] 2017/12/01 12:19:42.096 連線
[7932] 2017/12/01 15:17:43.992 >> Host srvsolace-tp.capital.com.tw
[7932] 2017/12/01 15:17:46.402 連線
[11552] 2017/12/01 15:19:22.907 >> Host srvsolace-fg.capital.com.tw
[11552] 2017/12/01 15:19:25.349 連線
[1476] 2017/12/01 20:06:56.562 >> Host srvsolace-tp.capital.com.tw
[1476] 2017/12/01 20:06:59.045 連線
[11992] 2017/12/01 20:09:01.388 >> Host srvsolace-fg.capital.com.tw
[11992] 2017/12/01 20:09:03.820 連線
[4032] 2017/12/01 20:11:16.987 >> Host srvsolace-fg.capital.com.tw
[4032] 2017/12/01 20:11:19.384 連線
[12280] 2017/12/01 20:21:50.807 >> Host srvsolace-fg.capital.com.tw
[12280] 2017/12/01 20:21:53.235 連線
[11468] 2017/12/01 20:22:36.916 >> Host srvsolace-fg.capital.com.tw
[11468] 2017/12/01 20:22:39.202 連線
[13736] 2017/12/01 20:24:13.860 >> Host srvsolace-tp.capital.com.tw
[13736] 2017/12/01 20:24:16.377 連線
[5904] 2017/12/01 20:25:40.933 >> Host srvsolace-fg.capital.com.tw
[5904] 2017/12/01 20:25:43.510 連線
[10100] 2017/12/01 20:29:07.304 >> Host srvsolace-tp.capital.com.tw
[10100] 2017/12/01 20:29:09.708 連線
[7512] 2017/12/01 20:31:51.659 >> Host srvsolace-tp.capital.com.tw
[7512] 2017/12/01 20:31:54.127 連線
[7968] 2017/12/01 20:35:03.384 >> Host srvsolace-tp.capital.com.tw
[7968] 2017/12/01 20:35:05.677 連線
[1760] 2017/12/01 20:37:54.494 >> Host srvsolace-tp.capital.com.tw
[1760] 2017/12/01 20:37:56.749 連線
[11632] 2017/12/01 20:39:30.768 >> Host srvsolace-fg.capital.com.tw
[11632] 2017/12/01 20:39:33.242 連線
[11960] 2017/12/01 20:47:15.343 >> Host srvsolace-fg.capital.com.tw
[11960] 2017/12/01 20:47:17.717 連線
[13428] 2017/12/01 20:48:30.715 >> Host srvsolace-tp.capital.com.tw
[13428] 2017/12/01 20:48:33.032 連線
[2144] 2017/12/01 20:50:06.888 >> Host srvsolace-tp.capital.com.tw
[2144] 2017/12/01 20:50:09.361 連線
[11984] 2017/12/01 20:53:54.608 >> Host srvsolace-fg.capital.com.tw
[11984] 2017/12/01 20:53:56.967 連線
[13068] 2017/12/01 20:55:13.040 >> Host srvsolace-tp.capital.com.tw
[13068] 2017/12/01 20:55:15.394 連線
