-----------------------------------------------------------------
[14012] 2017/12/25 13:52:02.651 Connect Server: FORT14.capital.com.tw 443
[14012] 2017/12/25 13:52:05.566 SK_SUBJECT_CONNECTION_CONNECTED메Code: 0
[14012] 2017/12/25 13:52:06.013 OnConnect ( 3001 , 0 ) 
[14012] 2017/12/25 13:52:07.187 SKOSQuoteLib_RequestServerTime()
[14012] 2017/12/25 13:52:07.998 SKOSQuoteLib_RequestServerTime()
[14012] 2017/12/25 13:52:08.997 SKOSQuoteLib_RequestServerTime()
[14012] 2017/12/25 13:52:09.997 SKOSQuoteLib_RequestServerTime()
[14012] 2017/12/25 13:52:11.000 SKOSQuoteLib_RequestServerTime()
[14012] 2017/12/25 13:52:11.431 SKOSQuoteLib_RequestKLine (CME,ES_1803,0)
[14012] 2017/12/25 13:52:13.125 SKOSQuoteLib_RequestKLine (CME,ES_1803,1)
[14012] 2017/12/25 13:52:14.127 SKOSQuoteLib_RequestServerTime()
[14012] 2017/12/25 13:52:15.145 SKOSQuoteLib_RequestServerTime()
[14012] 2017/12/25 13:52:15.746 SKOSQuoteLib_RequestTicks (0,CME,ES_1803)
[14012] 2017/12/25 13:52:15.997 SKOSQuoteLib_RequestServerTime()
[14012] 2017/12/25 13:52:16.998 SKOSQuoteLib_RequestServerTime()
[14012] 2017/12/25 13:52:17.997 SKOSQuoteLib_RequestServerTime()
[14012] 2017/12/25 13:52:19.000 SKOSQuoteLib_RequestServerTime()
[14012] 2017/12/25 13:52:20.000 SKOSQuoteLib_RequestServerTime()
[14012] 2017/12/25 13:52:20.999 SKOSQuoteLib_RequestServerTime()
[14012] 2017/12/25 13:52:22.001 SKOSQuoteLib_RequestServerTime()
[14012] 2017/12/25 13:52:22.998 SKOSQuoteLib_RequestServerTime()
[14012] 2017/12/25 13:52:23.999 SKOSQuoteLib_RequestServerTime()
[14012] 2017/12/25 13:52:25.000 SKOSQuoteLib_RequestServerTime()
[14012] 2017/12/25 13:52:25.999 SKOSQuoteLib_RequestServerTime()
[14012] 2017/12/25 13:52:26.999 SKOSQuoteLib_RequestServerTime()
[14012] 2017/12/25 13:52:27.998 SKOSQuoteLib_RequestServerTime()
[14012] 2017/12/25 13:52:28.998 SKOSQuoteLib_RequestServerTime()
[14012] 2017/12/25 13:52:29.997 SKOSQuoteLib_RequestServerTime()
[14012] 2017/12/25 13:52:30.633 SKOSQuoteLib_RequestKLine (CME,ES_1803,0)
[14012] 2017/12/25 13:52:33.346 SKOSQuoteLib_RequestKLine (CME,ES_1803,1)
[14012] 2017/12/25 13:52:34.491 SKOSQuoteLib_RequestTicks (0,CME,ES_1803)
[14012] 2017/12/25 13:52:34.495 SKOSQuoteLib_RequestServerTime()
[14012] 2017/12/25 13:52:34.999 SKOSQuoteLib_RequestServerTime()
[14012] 2017/12/25 13:52:35.999 SKOSQuoteLib_RequestServerTime()
[14012] 2017/12/25 13:52:36.999 SKOSQuoteLib_RequestServerTime()
[14012] 2017/12/25 13:52:38.001 SKOSQuoteLib_RequestServerTime()
[14012] 2017/12/25 13:52:38.998 SKOSQuoteLib_RequestServerTime()
[14012] 2017/12/25 13:52:39.999 SKOSQuoteLib_RequestServerTime()
[14012] 2017/12/25 13:52:40.999 SKOSQuoteLib_RequestServerTime()
[14012] 2017/12/25 13:52:41.998 SKOSQuoteLib_RequestServerTime()
[14012] 2017/12/25 13:52:42.997 SKOSQuoteLib_RequestServerTime()
[14012] 2017/12/25 13:52:44.000 SKOSQuoteLib_RequestServerTime()
[14012] 2017/12/25 13:52:44.998 SKOSQuoteLib_RequestServerTime()
[14012] 2017/12/25 13:52:45.998 SKOSQuoteLib_RequestServerTime()
[14012] 2017/12/25 13:52:46.999 SKOSQuoteLib_RequestServerTime()
[14012] 2017/12/25 13:52:47.997 SKOSQuoteLib_RequestServerTime()
[14012] 2017/12/25 13:52:48.997 SKOSQuoteLib_RequestServerTime()
[14012] 2017/12/25 13:52:50.000 SKOSQuoteLib_RequestServerTime()
[14012] 2017/12/25 13:52:51.000 SKOSQuoteLib_RequestServerTime()
[14012] 2017/12/25 13:52:51.997 SKOSQuoteLib_RequestServerTime()
[14012] 2017/12/25 13:52:53.000 SKOSQuoteLib_RequestServerTime()
[14012] 2017/12/25 13:52:53.998 SKOSQuoteLib_RequestServerTime()
[14012] 2017/12/25 13:52:54.998 SKOSQuoteLib_RequestServerTime()
[14012] 2017/12/25 13:52:56.000 SKOSQuoteLib_RequestServerTime()
[14012] 2017/12/25 13:52:56.998 SKOSQuoteLib_RequestServerTime()
[14012] 2017/12/25 13:52:57.997 SKOSQuoteLib_RequestServerTime()
[14012] 2017/12/25 13:52:58.999 SKOSQuoteLib_RequestServerTime()
[14012] 2017/12/25 13:52:59.998 SKOSQuoteLib_RequestServerTime()
[14012] 2017/12/25 13:53:00.998 SKOSQuoteLib_RequestServerTime()
[14012] 2017/12/25 13:53:02.000 SKOSQuoteLib_RequestServerTime()
[14012] 2017/12/25 13:53:02.999 SKOSQuoteLib_RequestServerTime()
[14012] 2017/12/25 13:53:03.998 SKOSQuoteLib_RequestServerTime()
[14012] 2017/12/25 13:53:05.000 SKOSQuoteLib_RequestServerTime()
[14012] 2017/12/25 13:53:06.001 SKOSQuoteLib_RequestServerTime()
[14012] 2017/12/25 13:53:06.999 SKOSQuoteLib_RequestServerTime()
[14012] 2017/12/25 13:53:08.076 SKOSQuoteLib_RequestServerTime()
[14012] 2017/12/25 13:53:09.004 SKOSQuoteLib_RequestServerTime()
[14012] 2017/12/25 13:53:10.003 SKOSQuoteLib_RequestServerTime()
[14012] 2017/12/25 13:53:10.997 SKOSQuoteLib_RequestServerTime()
[14012] 2017/12/25 13:53:11.997 SKOSQuoteLib_RequestServerTime()
[14012] 2017/12/25 13:53:12.999 SKOSQuoteLib_RequestServerTime()
[14012] 2017/12/25 13:53:13.999 SKOSQuoteLib_RequestServerTime()
[14012] 2017/12/25 13:53:14.997 SKOSQuoteLib_RequestServerTime()
[14012] 2017/12/25 13:53:16.000 SKOSQuoteLib_RequestServerTime()
[14012] 2017/12/25 13:53:16.999 SKOSQuoteLib_RequestServerTime()
[14012] 2017/12/25 13:53:18.001 SKOSQuoteLib_RequestServerTime()
[14012] 2017/12/25 13:53:19.221 SKOSQuoteLib_RequestServerTime()
[14012] 2017/12/25 13:53:19.998 SKOSQuoteLib_RequestServerTime()
[14012] 2017/12/25 13:53:21.000 SKOSQuoteLib_RequestServerTime()
[14012] 2017/12/25 13:53:21.999 SKOSQuoteLib_RequestServerTime()
[14012] 2017/12/25 13:53:23.000 SKOSQuoteLib_RequestServerTime()
[14012] 2017/12/25 13:53:23.997 SKOSQuoteLib_RequestServerTime()
[14012] 2017/12/25 13:53:24.999 SKOSQuoteLib_RequestServerTime()
[14012] 2017/12/25 13:53:25.999 SKOSQuoteLib_RequestServerTime()
[14012] 2017/12/25 13:53:26.998 SKOSQuoteLib_RequestServerTime()
[14012] 2017/12/25 13:53:27.999 SKOSQuoteLib_RequestServerTime()
[14012] 2017/12/25 13:53:29.000 SKOSQuoteLib_RequestServerTime()
[14012] 2017/12/25 13:53:30.000 SKOSQuoteLib_RequestServerTime()
[14012] 2017/12/25 13:53:30.998 SKOSQuoteLib_RequestServerTime()
[14012] 2017/12/25 13:53:31.998 SKOSQuoteLib_RequestServerTime()
[14012] 2017/12/25 13:53:32.999 SKOSQuoteLib_RequestServerTime()
[14012] 2017/12/25 13:53:34.276 SKOSQuoteLib_RequestServerTime()
[14012] 2017/12/25 13:53:35.001 SKOSQuoteLib_RequestServerTime()
[14012] 2017/12/25 13:53:35.998 SKOSQuoteLib_RequestServerTime()
[14012] 2017/12/25 13:53:36.999 SKOSQuoteLib_RequestServerTime()
[14012] 2017/12/25 13:53:38.000 SKOSQuoteLib_RequestServerTime()
[14012] 2017/12/25 13:53:39.000 SKOSQuoteLib_RequestServerTime()
[14012] 2017/12/25 13:53:39.999 SKOSQuoteLib_RequestServerTime()
[14012] 2017/12/25 13:53:40.999 SKOSQuoteLib_RequestServerTime()
[14012] 2017/12/25 13:53:41.997 SKOSQuoteLib_RequestServerTime()
[14012] 2017/12/25 13:53:42.997 SKOSQuoteLib_RequestServerTime()
[14012] 2017/12/25 13:53:44.000 SKOSQuoteLib_RequestServerTime()
[14012] 2017/12/25 13:53:44.998 SKOSQuoteLib_RequestServerTime()
[14012] 2017/12/25 13:53:46.000 SKOSQuoteLib_RequestServerTime()
[14012] 2017/12/25 13:53:46.999 SKOSQuoteLib_RequestServerTime()
[14012] 2017/12/25 13:53:47.998 SKOSQuoteLib_RequestServerTime()
[14012] 2017/12/25 13:53:48.999 SKOSQuoteLib_RequestServerTime()
[14012] 2017/12/25 13:53:49.999 SKOSQuoteLib_RequestServerTime()
[14012] 2017/12/25 13:53:51.000 SKOSQuoteLib_RequestServerTime()
[14012] 2017/12/25 13:53:51.999 SKOSQuoteLib_RequestServerTime()
[14012] 2017/12/25 13:53:52.999 SKOSQuoteLib_RequestServerTime()
[14012] 2017/12/25 13:53:53.999 SKOSQuoteLib_RequestServerTime()
[14012] 2017/12/25 13:53:54.999 SKOSQuoteLib_RequestServerTime()
[14012] 2017/12/25 13:53:56.075 SKOSQuoteLib_RequestServerTime()
[14012] 2017/12/25 13:53:56.999 SKOSQuoteLib_RequestServerTime()
[14012] 2017/12/25 13:53:57.999 SKOSQuoteLib_RequestServerTime()
[14012] 2017/12/25 13:53:58.332 -----------------------------------------------------------------
[5512] 2017/12/25 13:54:07.199 Connect Server: FORT03.capital.com.tw 443
[5512] 2017/12/25 13:54:10.030 SK_SUBJECT_CONNECTION_CONNECTED메Code: 0
[5512] 2017/12/25 13:54:10.310 OnConnect ( 3001 , 0 ) 
[5512] 2017/12/25 13:54:11.526 SKOSQuoteLib_RequestServerTime()
[5512] 2017/12/25 13:54:12.312 SKOSQuoteLib_RequestServerTime()
[5512] 2017/12/25 13:54:13.311 SKOSQuoteLib_RequestServerTime()
[5512] 2017/12/25 13:54:14.312 SKOSQuoteLib_RequestServerTime()
[5512] 2017/12/25 13:54:15.312 SKOSQuoteLib_RequestServerTime()
[5512] 2017/12/25 13:54:15.685 SKOSQuoteLib_RequestKLine (CME,ES_1803,0)
[5512] 2017/12/25 13:54:17.200 SKOSQuoteLib_RequestKLine (CME,ES_1803,1)
[5512] 2017/12/25 13:54:17.854 SKOSQuoteLib_RequestTicks (0,CME,ES_1803)
[5512] 2017/12/25 13:54:18.129 SKOSQuoteLib_RequestServerTime()
[5512] 2017/12/25 13:54:18.311 SKOSQuoteLib_RequestServerTime()
[5512] 2017/12/25 13:54:19.312 SKOSQuoteLib_RequestServerTime()
[5512] 2017/12/25 13:54:20.314 SKOSQuoteLib_RequestServerTime()
[5512] 2017/12/25 13:54:21.311 SKOSQuoteLib_RequestServerTime()
[5512] 2017/12/25 13:54:22.310 SKOSQuoteLib_RequestServerTime()
[5512] 2017/12/25 13:54:23.311 SKOSQuoteLib_RequestServerTime()
[5512] 2017/12/25 13:54:24.311 SKOSQuoteLib_RequestServerTime()
[5512] 2017/12/25 13:54:25.312 SKOSQuoteLib_RequestServerTime()
[5512] 2017/12/25 13:54:26.310 SKOSQuoteLib_RequestServerTime()
[5512] 2017/12/25 13:54:26.779 SKOSQuoteLib_RequestKLine (CME,ES_1803,0)
[5512] 2017/12/25 13:54:28.845 SKOSQuoteLib_RequestKLine (CME,ES_1803,1)
[5512] 2017/12/25 13:54:29.818 SKOSQuoteLib_RequestTicks (0,CME,ES_1803)
[5512] 2017/12/25 13:54:29.870 SKOSQuoteLib_RequestServerTime()
[5512] 2017/12/25 13:54:30.310 SKOSQuoteLib_RequestServerTime()
[5512] 2017/12/25 13:54:31.310 SKOSQuoteLib_RequestServerTime()
[5512] 2017/12/25 13:54:32.310 SKOSQuoteLib_RequestServerTime()
[5512] 2017/12/25 13:54:33.310 SKOSQuoteLib_RequestServerTime()
[5512] 2017/12/25 13:54:34.313 SKOSQuoteLib_RequestServerTime()
[5512] 2017/12/25 13:54:35.312 SKOSQuoteLib_RequestServerTime()
[5512] 2017/12/25 13:54:36.310 SKOSQuoteLib_RequestServerTime()
[5512] 2017/12/25 13:54:37.312 SKOSQuoteLib_RequestServerTime()
[5512] 2017/12/25 13:54:38.311 SKOSQuoteLib_RequestServerTime()
[5512] 2017/12/25 13:54:39.312 SKOSQuoteLib_RequestServerTime()
[5512] 2017/12/25 13:54:40.311 SKOSQuoteLib_RequestServerTime()
[5512] 2017/12/25 13:54:41.312 SKOSQuoteLib_RequestServerTime()
[5512] 2017/12/25 13:54:42.312 SKOSQuoteLib_RequestServerTime()
[5512] 2017/12/25 13:54:43.311 SKOSQuoteLib_RequestServerTime()
[5512] 2017/12/25 13:54:44.312 SKOSQuoteLib_RequestServerTime()
[5512] 2017/12/25 13:54:45.311 SKOSQuoteLib_RequestServerTime()
[5512] 2017/12/25 13:54:46.311 SKOSQuoteLib_RequestServerTime()
[5512] 2017/12/25 13:54:47.310 SKOSQuoteLib_RequestServerTime()
[5512] 2017/12/25 13:54:48.312 SKOSQuoteLib_RequestServerTime()
[5512] 2017/12/25 13:54:49.312 SKOSQuoteLib_RequestServerTime()
[5512] 2017/12/25 13:54:50.312 SKOSQuoteLib_RequestServerTime()
[5512] 2017/12/25 13:54:51.311 SKOSQuoteLib_RequestServerTime()
[5512] 2017/12/25 13:54:51.846 -----------------------------------------------------------------
[2940] 2017/12/25 14:16:51.601 Connect Server: FORT14.capital.com.tw 443
[2940] 2017/12/25 14:16:54.551 SK_SUBJECT_CONNECTION_CONNECTED메Code: 0
[2940] 2017/12/25 14:16:54.911 OnConnect ( 3001 , 0 ) 
[2940] 2017/12/25 14:16:56.064 SKOSQuoteLib_RequestServerTime()
[2940] 2017/12/25 14:16:56.904 SKOSQuoteLib_RequestServerTime()
[2940] 2017/12/25 14:16:57.916 SKOSQuoteLib_RequestServerTime()
[2940] 2017/12/25 14:16:58.917 SKOSQuoteLib_RequestServerTime()
[2940] 2017/12/25 14:16:59.908 SKOSQuoteLib_RequestServerTime()
[2940] 2017/12/25 14:17:00.204 SKOSQuoteLib_RequestKLine (CME,ES_1803,0)
[2940] 2017/12/25 14:17:01.607 SKOSQuoteLib_RequestKLine (CME,ES_1803,1)
[2940] 2017/12/25 14:17:13.440 SKOSQuoteLib_RequestServerTime()
[2940] 2017/12/25 14:17:13.923 SKOSQuoteLib_RequestServerTime()
[2940] 2017/12/25 14:17:14.925 SKOSQuoteLib_RequestServerTime()
[2940] 2017/12/25 14:17:15.921 SKOSQuoteLib_RequestServerTime()
[2940] 2017/12/25 14:17:16.919 SKOSQuoteLib_RequestServerTime()
[2940] 2017/12/25 14:17:17.924 SKOSQuoteLib_RequestServerTime()
[2940] 2017/12/25 14:17:18.921 SKOSQuoteLib_RequestServerTime()
[2940] 2017/12/25 14:17:19.921 SKOSQuoteLib_RequestServerTime()
[2940] 2017/12/25 14:17:20.923 SKOSQuoteLib_RequestServerTime()
[2940] 2017/12/25 14:17:21.930 SKOSQuoteLib_RequestServerTime()
[2940] 2017/12/25 14:17:23.014 SKOSQuoteLib_RequestKLine (CME,ES_1803,0)
[2940] 2017/12/25 14:17:24.437 SKOSQuoteLib_RequestKLine (CME,ES_1803,1)
[2940] 2017/12/25 14:17:32.129 SKOSQuoteLib_RequestTicks (0,CME,ES_1803)
[2940] 2017/12/25 14:17:32.417 SKOSQuoteLib_RequestServerTime()
[2940] 2017/12/25 14:17:32.924 SKOSQuoteLib_RequestServerTime()
[2940] 2017/12/25 14:17:33.922 SKOSQuoteLib_RequestServerTime()
[2940] 2017/12/25 14:17:34.923 SKOSQuoteLib_RequestServerTime()
[2940] 2017/12/25 14:17:35.921 SKOSQuoteLib_RequestServerTime()
[2940] 2017/12/25 14:17:36.924 SKOSQuoteLib_RequestServerTime()
[2940] 2017/12/25 14:17:37.921 SKOSQuoteLib_RequestServerTime()
[2940] 2017/12/25 14:17:38.923 SKOSQuoteLib_RequestServerTime()
[2940] 2017/12/25 14:17:39.922 SKOSQuoteLib_RequestServerTime()
[2940] 2017/12/25 14:17:40.921 SKOSQuoteLib_RequestServerTime()
[2940] 2017/12/25 14:17:41.921 SKOSQuoteLib_RequestServerTime()
[2940] 2017/12/25 14:17:42.921 SKOSQuoteLib_RequestServerTime()
[2940] 2017/12/25 14:17:43.924 SKOSQuoteLib_RequestServerTime()
[2940] 2017/12/25 14:17:44.924 SKOSQuoteLib_RequestServerTime()
[2940] 2017/12/25 14:17:45.920 SKOSQuoteLib_RequestServerTime()
[2940] 2017/12/25 14:17:46.924 SKOSQuoteLib_RequestServerTime()
[2940] 2017/12/25 14:17:47.921 SKOSQuoteLib_RequestServerTime()
[2940] 2017/12/25 14:17:48.920 SKOSQuoteLib_RequestServerTime()
[2940] 2017/12/25 14:17:49.920 SKOSQuoteLib_RequestServerTime()
[2940] 2017/12/25 14:17:50.923 SKOSQuoteLib_RequestServerTime()
[2940] 2017/12/25 14:17:51.925 SKOSQuoteLib_RequestServerTime()
[2940] 2017/12/25 14:17:52.920 SKOSQuoteLib_RequestServerTime()
[2940] 2017/12/25 14:17:53.922 SKOSQuoteLib_RequestServerTime()
[2940] 2017/12/25 14:17:54.921 SKOSQuoteLib_RequestServerTime()
[2940] 2017/12/25 14:17:55.923 SKOSQuoteLib_RequestServerTime()
[2940] 2017/12/25 14:17:56.921 SKOSQuoteLib_RequestServerTime()
[2940] 2017/12/25 14:17:57.923 SKOSQuoteLib_RequestServerTime()
[2940] 2017/12/25 14:17:58.920 SKOSQuoteLib_RequestServerTime()
[2940] 2017/12/25 14:17:59.923 SKOSQuoteLib_RequestServerTime()
[2940] 2017/12/25 14:18:00.923 SKOSQuoteLib_RequestServerTime()
[2940] 2017/12/25 14:18:01.922 SKOSQuoteLib_RequestServerTime()
[2940] 2017/12/25 14:18:02.925 SKOSQuoteLib_RequestServerTime()
[2940] 2017/12/25 14:18:04.662 SKOSQuoteLib_RequestServerTime()
[2940] 2017/12/25 14:18:04.920 SKOSQuoteLib_RequestServerTime()
[2940] 2017/12/25 14:18:05.921 SKOSQuoteLib_RequestServerTime()
[2940] 2017/12/25 14:18:06.924 SKOSQuoteLib_RequestServerTime()
[2940] 2017/12/25 14:18:07.921 SKOSQuoteLib_RequestServerTime()
[2940] 2017/12/25 14:18:08.922 SKOSQuoteLib_RequestServerTime()
[2940] 2017/12/25 14:18:09.925 SKOSQuoteLib_RequestServerTime()
[2940] 2017/12/25 14:18:10.928 SKOSQuoteLib_RequestServerTime()
[2940] 2017/12/25 14:18:11.924 SKOSQuoteLib_RequestServerTime()
[2940] 2017/12/25 14:18:12.920 SKOSQuoteLib_RequestServerTime()
[2940] 2017/12/25 14:18:14.105 SKOSQuoteLib_RequestServerTime()
[2940] 2017/12/25 14:18:15.136 SKOSQuoteLib_RequestServerTime()
[2940] 2017/12/25 14:18:15.925 SKOSQuoteLib_RequestServerTime()
[2940] 2017/12/25 14:18:16.925 SKOSQuoteLib_RequestServerTime()
[2940] 2017/12/25 14:18:17.924 SKOSQuoteLib_RequestServerTime()
[2940] 2017/12/25 14:18:18.924 SKOSQuoteLib_RequestServerTime()
[2940] 2017/12/25 14:18:19.924 SKOSQuoteLib_RequestServerTime()
[2940] 2017/12/25 14:18:20.925 SKOSQuoteLib_RequestServerTime()
[2940] 2017/12/25 14:18:21.921 SKOSQuoteLib_RequestServerTime()
[2940] 2017/12/25 14:18:22.923 SKOSQuoteLib_RequestServerTime()
[2940] 2017/12/25 14:18:23.922 SKOSQuoteLib_RequestServerTime()
[2940] 2017/12/25 14:18:24.925 SKOSQuoteLib_RequestServerTime()
[2940] 2017/12/25 14:18:25.925 SKOSQuoteLib_RequestServerTime()
[2940] 2017/12/25 14:18:26.925 SKOSQuoteLib_RequestServerTime()
[2940] 2017/12/25 14:18:27.924 SKOSQuoteLib_RequestServerTime()
[2940] 2017/12/25 14:18:28.919 SKOSQuoteLib_RequestServerTime()
[2940] 2017/12/25 14:18:29.922 SKOSQuoteLib_RequestServerTime()
[2940] 2017/12/25 14:18:30.920 SKOSQuoteLib_RequestServerTime()
[2940] 2017/12/25 14:18:31.919 SKOSQuoteLib_RequestServerTime()
[2940] 2017/12/25 14:18:32.923 SKOSQuoteLib_RequestServerTime()
[2940] 2017/12/25 14:18:33.924 SKOSQuoteLib_RequestServerTime()
[2940] 2017/12/25 14:18:34.922 SKOSQuoteLib_RequestServerTime()
[2940] 2017/12/25 14:18:35.920 SKOSQuoteLib_RequestServerTime()
[2940] 2017/12/25 14:18:36.923 SKOSQuoteLib_RequestServerTime()
[2940] 2017/12/25 14:18:37.922 SKOSQuoteLib_RequestServerTime()
[2940] 2017/12/25 14:18:38.922 SKOSQuoteLib_RequestServerTime()
[2940] 2017/12/25 14:18:39.919 SKOSQuoteLib_RequestServerTime()
[2940] 2017/12/25 14:18:40.924 SKOSQuoteLib_RequestServerTime()
[2940] 2017/12/25 14:18:41.924 SKOSQuoteLib_RequestServerTime()
[2940] 2017/12/25 14:18:42.920 SKOSQuoteLib_RequestServerTime()
[2940] 2017/12/25 14:18:43.925 SKOSQuoteLib_RequestServerTime()
[2940] 2017/12/25 14:18:44.920 SKOSQuoteLib_RequestServerTime()
[2940] 2017/12/25 14:18:45.921 SKOSQuoteLib_RequestServerTime()
[2940] 2017/12/25 14:18:46.923 SKOSQuoteLib_RequestServerTime()
[2940] 2017/12/25 14:18:47.924 SKOSQuoteLib_RequestServerTime()
[2940] 2017/12/25 14:18:48.925 SKOSQuoteLib_RequestServerTime()
[2940] 2017/12/25 14:18:49.919 SKOSQuoteLib_RequestServerTime()
[2940] 2017/12/25 14:18:50.922 SKOSQuoteLib_RequestServerTime()
[2940] 2017/12/25 14:18:51.920 SKOSQuoteLib_RequestServerTime()
[2940] 2017/12/25 14:18:52.921 SKOSQuoteLib_RequestServerTime()
[2940] 2017/12/25 14:18:53.923 SKOSQuoteLib_RequestServerTime()
[2940] 2017/12/25 14:18:54.924 SKOSQuoteLib_RequestServerTime()
[2940] 2017/12/25 14:18:55.921 SKOSQuoteLib_RequestServerTime()
[2940] 2017/12/25 14:18:56.920 SKOSQuoteLib_RequestServerTime()
[2940] 2017/12/25 14:18:57.926 SKOSQuoteLib_RequestServerTime()
[2940] 2017/12/25 14:18:58.921 SKOSQuoteLib_RequestServerTime()
[2940] 2017/12/25 14:18:59.926 SKOSQuoteLib_RequestServerTime()
[2940] 2017/12/25 14:19:01.012 SKOSQuoteLib_RequestServerTime()
[2940] 2017/12/25 14:19:01.925 SKOSQuoteLib_RequestServerTime()
[2940] 2017/12/25 14:19:02.923 SKOSQuoteLib_RequestServerTime()
[2940] 2017/12/25 14:19:03.922 SKOSQuoteLib_RequestServerTime()
[2940] 2017/12/25 14:19:04.921 SKOSQuoteLib_RequestServerTime()
[2940] 2017/12/25 14:19:05.921 SKOSQuoteLib_RequestServerTime()
[2940] 2017/12/25 14:19:06.921 SKOSQuoteLib_RequestServerTime()
[2940] 2017/12/25 14:19:07.919 SKOSQuoteLib_RequestServerTime()
[2940] 2017/12/25 14:19:08.924 SKOSQuoteLib_RequestServerTime()
[2940] 2017/12/25 14:19:09.922 SKOSQuoteLib_RequestServerTime()
[2940] 2017/12/25 14:19:10.920 SKOSQuoteLib_RequestServerTime()
[2940] 2017/12/25 14:19:11.922 SKOSQuoteLib_RequestServerTime()
[2940] 2017/12/25 14:19:12.921 SKOSQuoteLib_RequestServerTime()
[2940] 2017/12/25 14:19:13.920 SKOSQuoteLib_RequestServerTime()
[2940] 2017/12/25 14:19:14.924 SKOSQuoteLib_RequestServerTime()
[2940] 2017/12/25 14:19:15.923 SKOSQuoteLib_RequestServerTime()
[2940] 2017/12/25 14:19:16.923 SKOSQuoteLib_RequestServerTime()
[2940] 2017/12/25 14:19:17.923 SKOSQuoteLib_RequestServerTime()
[2940] 2017/12/25 14:20:10.005 SKOSQuoteLib_RequestServerTime()
[2940] 2017/12/25 14:20:10.923 SKOSQuoteLib_RequestServerTime()
[2940] 2017/12/25 14:20:11.920 SKOSQuoteLib_RequestServerTime()
[2940] 2017/12/25 14:20:12.924 SKOSQuoteLib_RequestServerTime()
[2940] 2017/12/25 14:20:13.923 SKOSQuoteLib_RequestServerTime()
[2940] 2017/12/25 14:20:14.922 SKOSQuoteLib_RequestServerTime()
[2940] 2017/12/25 14:20:15.922 SKOSQuoteLib_RequestServerTime()
[2940] 2017/12/25 14:20:16.920 SKOSQuoteLib_RequestServerTime()
[2940] 2017/12/25 14:20:17.922 SKOSQuoteLib_RequestServerTime()
[2940] 2017/12/25 14:20:18.920 SKOSQuoteLib_RequestServerTime()
[2940] 2017/12/25 14:20:19.924 SKOSQuoteLib_RequestServerTime()
[2940] 2017/12/25 14:20:20.922 SKOSQuoteLib_RequestServerTime()
[2940] 2017/12/25 14:20:21.922 SKOSQuoteLib_RequestServerTime()
[2940] 2017/12/25 14:20:22.924 SKOSQuoteLib_RequestServerTime()
[2940] 2017/12/25 14:20:23.920 SKOSQuoteLib_RequestServerTime()
[2940] 2017/12/25 14:20:24.923 SKOSQuoteLib_RequestServerTime()
[2940] 2017/12/25 14:20:25.921 SKOSQuoteLib_RequestServerTime()
[2940] 2017/12/25 14:20:26.925 SKOSQuoteLib_RequestServerTime()
[2940] 2017/12/25 14:20:27.922 SKOSQuoteLib_RequestServerTime()
[2940] 2017/12/25 14:20:28.921 SKOSQuoteLib_RequestServerTime()
[2940] 2017/12/25 14:20:29.920 SKOSQuoteLib_RequestServerTime()
[2940] 2017/12/25 14:20:30.921 SKOSQuoteLib_RequestServerTime()
[2940] 2017/12/25 14:20:31.923 SKOSQuoteLib_RequestServerTime()
[2940] 2017/12/25 14:20:32.925 SKOSQuoteLib_RequestServerTime()
[2940] 2017/12/25 14:20:33.922 SKOSQuoteLib_RequestServerTime()
[2940] 2017/12/25 14:20:34.920 SKOSQuoteLib_RequestServerTime()
[2940] 2017/12/25 14:20:35.922 SKOSQuoteLib_RequestServerTime()
[2940] 2017/12/25 14:20:37.002 SKOSQuoteLib_RequestServerTime()
[2940] 2017/12/25 14:20:37.920 SKOSQuoteLib_RequestServerTime()
[2940] 2017/12/25 14:20:38.922 SKOSQuoteLib_RequestServerTime()
[2940] 2017/12/25 14:20:39.924 SKOSQuoteLib_RequestServerTime()
[2940] 2017/12/25 14:20:40.920 SKOSQuoteLib_RequestServerTime()
[2940] 2017/12/25 14:20:41.921 SKOSQuoteLib_RequestServerTime()
[2940] 2017/12/25 14:20:42.924 SKOSQuoteLib_RequestServerTime()
[2940] 2017/12/25 14:20:43.921 SKOSQuoteLib_RequestServerTime()
[2940] 2017/12/25 14:20:44.920 SKOSQuoteLib_RequestServerTime()
[2940] 2017/12/25 14:20:45.924 SKOSQuoteLib_RequestServerTime()
[2940] 2017/12/25 14:20:46.924 SKOSQuoteLib_RequestServerTime()
[2940] 2017/12/25 14:20:47.925 SKOSQuoteLib_RequestServerTime()
[2940] 2017/12/25 14:20:48.920 SKOSQuoteLib_RequestServerTime()
[2940] 2017/12/25 14:20:49.921 SKOSQuoteLib_RequestServerTime()
[2940] 2017/12/25 14:20:50.920 SKOSQuoteLib_RequestServerTime()
[2940] 2017/12/25 14:20:51.923 SKOSQuoteLib_RequestServerTime()
[2940] 2017/12/25 14:20:52.922 SKOSQuoteLib_RequestServerTime()
[2940] 2017/12/25 14:20:53.924 SKOSQuoteLib_RequestServerTime()
[2940] 2017/12/25 14:20:54.923 SKOSQuoteLib_RequestServerTime()
[2940] 2017/12/25 14:20:55.920 SKOSQuoteLib_RequestServerTime()
[2940] 2017/12/25 14:20:56.921 SKOSQuoteLib_RequestServerTime()
[2940] 2017/12/25 14:20:57.920 SKOSQuoteLib_RequestServerTime()
[2940] 2017/12/25 14:20:58.921 SKOSQuoteLib_RequestServerTime()
[2940] 2017/12/25 14:20:59.925 SKOSQuoteLib_RequestServerTime()
[2940] 2017/12/25 14:21:00.926 SKOSQuoteLib_RequestServerTime()
[2940] 2017/12/25 14:21:01.924 SKOSQuoteLib_RequestServerTime()
[2940] 2017/12/25 14:21:02.923 SKOSQuoteLib_RequestServerTime()
[2940] 2017/12/25 14:21:03.921 SKOSQuoteLib_RequestServerTime()
[2940] 2017/12/25 14:21:04.920 SKOSQuoteLib_RequestServerTime()
[2940] 2017/12/25 14:21:05.924 SKOSQuoteLib_RequestServerTime()
[2940] 2017/12/25 14:21:06.924 SKOSQuoteLib_RequestServerTime()
[2940] 2017/12/25 14:21:07.925 SKOSQuoteLib_RequestServerTime()
[2940] 2017/12/25 14:21:08.923 SKOSQuoteLib_RequestServerTime()
[2940] 2017/12/25 14:21:09.931 SKOSQuoteLib_RequestServerTime()
[2940] 2017/12/25 14:21:10.920 SKOSQuoteLib_RequestServerTime()
[2940] 2017/12/25 14:21:11.922 SKOSQuoteLib_RequestServerTime()
[2940] 2017/12/25 14:21:12.920 SKOSQuoteLib_RequestServerTime()
[2940] 2017/12/25 14:21:13.925 SKOSQuoteLib_RequestServerTime()
[2940] 2017/12/25 14:21:14.925 SKOSQuoteLib_RequestServerTime()
[2940] 2017/12/25 14:21:15.924 SKOSQuoteLib_RequestServerTime()
[2940] 2017/12/25 14:21:16.920 SKOSQuoteLib_RequestServerTime()
[2940] 2017/12/25 14:21:17.922 SKOSQuoteLib_RequestServerTime()
[2940] 2017/12/25 14:21:18.920 SKOSQuoteLib_RequestServerTime()
[2940] 2017/12/25 14:21:19.920 SKOSQuoteLib_RequestServerTime()
[2940] 2017/12/25 14:21:20.923 SKOSQuoteLib_RequestServerTime()
[2940] 2017/12/25 14:21:21.920 SKOSQuoteLib_RequestServerTime()
[2940] 2017/12/25 14:21:22.922 SKOSQuoteLib_RequestServerTime()
[2940] 2017/12/25 14:21:23.925 SKOSQuoteLib_RequestServerTime()
[2940] 2017/12/25 14:21:24.919 SKOSQuoteLib_RequestServerTime()
[2940] 2017/12/25 14:21:25.922 SKOSQuoteLib_RequestServerTime()
[2940] 2017/12/25 14:21:26.920 SKOSQuoteLib_RequestServerTime()
[2940] 2017/12/25 14:21:27.924 SKOSQuoteLib_RequestServerTime()
[2940] 2017/12/25 14:21:28.923 SKOSQuoteLib_RequestServerTime()
[2940] 2017/12/25 14:21:29.922 SKOSQuoteLib_RequestServerTime()
[2940] 2017/12/25 14:21:30.920 SKOSQuoteLib_RequestServerTime()
[2940] 2017/12/25 14:21:31.920 SKOSQuoteLib_RequestServerTime()
[2940] 2017/12/25 14:21:32.923 SKOSQuoteLib_RequestServerTime()
[2940] 2017/12/25 14:21:33.920 SKOSQuoteLib_RequestServerTime()
[2940] 2017/12/25 14:21:34.922 SKOSQuoteLib_RequestServerTime()
[15080] 2017/12/25 14:21:57.781 Connect Server: FORT03.capital.com.tw 443
[15080] 2017/12/25 14:22:00.600 SK_SUBJECT_CONNECTION_CONNECTED메Code: 0
[15080] 2017/12/25 14:22:00.914 OnConnect ( 3001 , 0 ) 
[15080] 2017/12/25 14:22:02.074 SKOSQuoteLib_RequestServerTime()
[15080] 2017/12/25 14:22:02.907 SKOSQuoteLib_RequestServerTime()
[15080] 2017/12/25 14:22:03.905 SKOSQuoteLib_RequestServerTime()
[15080] 2017/12/25 14:22:04.904 SKOSQuoteLib_RequestServerTime()
[15080] 2017/12/25 14:22:05.906 SKOSQuoteLib_RequestServerTime()
[15080] 2017/12/25 14:22:06.218 SKOSQuoteLib_RequestKLine (CME,ES_1803,0)
[15080] 2017/12/25 14:22:08.610 SKOSQuoteLib_RequestKLine (CME,ES_1803,1)
[8476] 2017/12/25 14:22:32.462 Connect Server: FORT03.capital.com.tw 443
[8476] 2017/12/25 14:22:35.166 SK_SUBJECT_CONNECTION_CONNECTED메Code: 0
[8476] 2017/12/25 14:22:35.509 OnConnect ( 3001 , 0 ) 
[8476] 2017/12/25 14:22:36.624 SKOSQuoteLib_RequestServerTime()
[8476] 2017/12/25 14:22:37.498 SKOSQuoteLib_RequestServerTime()
[8476] 2017/12/25 14:22:38.500 SKOSQuoteLib_RequestServerTime()
[8476] 2017/12/25 14:22:39.498 SKOSQuoteLib_RequestServerTime()
[8476] 2017/12/25 14:22:40.498 SKOSQuoteLib_RequestServerTime()
[8476] 2017/12/25 14:22:40.766 SKOSQuoteLib_RequestKLine (CME,ES_1803,0)
[8476] 2017/12/25 14:22:42.320 SKOSQuoteLib_RequestKLine (CME,ES_1803,1)
[8476] 2017/12/25 14:22:47.022 SKOSQuoteLib_RequestServerTime()
[8476] 2017/12/25 14:22:47.497 SKOSQuoteLib_RequestServerTime()
[8476] 2017/12/25 14:22:48.497 SKOSQuoteLib_RequestServerTime()
[8476] 2017/12/25 14:22:49.499 SKOSQuoteLib_RequestServerTime()
[8476] 2017/12/25 14:22:50.498 SKOSQuoteLib_RequestServerTime()
[8476] 2017/12/25 14:22:51.498 SKOSQuoteLib_RequestServerTime()
[8476] 2017/12/25 14:22:52.498 SKOSQuoteLib_RequestServerTime()
[8476] 2017/12/25 14:22:53.499 SKOSQuoteLib_RequestServerTime()
[8476] 2017/12/25 14:22:54.499 SKOSQuoteLib_RequestServerTime()
[15164] 2017/12/25 14:23:52.400 Connect Server: FORT14.capital.com.tw 443
[15164] 2017/12/25 14:23:55.403 SK_SUBJECT_CONNECTION_CONNECTED메Code: 0
[15164] 2017/12/25 14:23:55.627 OnConnect ( 3001 , 0 ) 
[15164] 2017/12/25 14:23:56.729 SKOSQuoteLib_RequestServerTime()
[15164] 2017/12/25 14:23:57.623 SKOSQuoteLib_RequestServerTime()
[15164] 2017/12/25 14:23:58.624 SKOSQuoteLib_RequestServerTime()
[15164] 2017/12/25 14:23:59.623 SKOSQuoteLib_RequestServerTime()
[15164] 2017/12/25 14:24:00.624 SKOSQuoteLib_RequestServerTime()
[15164] 2017/12/25 14:24:00.876 SKOSQuoteLib_RequestKLine (CME,ES_1803,0)
[15164] 2017/12/25 14:24:02.782 SKOSQuoteLib_RequestKLine (CME,ES_1803,1)
[15164] 2017/12/25 14:24:03.051 SKOSQuoteLib_RequestServerTime()
[15164] 2017/12/25 14:24:03.626 SKOSQuoteLib_RequestServerTime()
[15164] 2017/12/25 14:24:04.625 SKOSQuoteLib_RequestServerTime()
[15164] 2017/12/25 14:24:05.623 SKOSQuoteLib_RequestServerTime()
[15164] 2017/12/25 14:24:06.624 SKOSQuoteLib_RequestServerTime()
[15164] 2017/12/25 14:24:07.624 SKOSQuoteLib_RequestServerTime()
[15164] 2017/12/25 14:24:08.623 SKOSQuoteLib_RequestServerTime()
[15164] 2017/12/25 14:24:09.622 SKOSQuoteLib_RequestServerTime()
[15164] 2017/12/25 14:24:10.623 SKOSQuoteLib_RequestServerTime()
[15164] 2017/12/25 14:24:11.623 SKOSQuoteLib_RequestServerTime()
[15164] 2017/12/25 14:24:12.624 SKOSQuoteLib_RequestServerTime()
[15164] 2017/12/25 14:24:12.813 SKOSQuoteLib_LeaveMonitor() 
[15164] 2017/12/25 14:24:12.816 SK_SUBJECT_CONNECTION_DISCONNECT메Code: 10004
[15164] 2017/12/25 14:24:13.010 OnConnect ( 3002 , 10004 ) 
[15164] 2017/12/25 14:24:13.638 -----------------------------------------------------------------
[11672] 2017/12/25 14:24:51.030 Connect Server: FORT03.capital.com.tw 443
[11672] 2017/12/25 14:24:53.608 SK_SUBJECT_CONNECTION_CONNECTED메Code: 0
[11672] 2017/12/25 14:24:54.021 OnConnect ( 3001 , 0 ) 
[11672] 2017/12/25 14:24:55.177 SKOSQuoteLib_RequestServerTime()
[11672] 2017/12/25 14:24:56.013 SKOSQuoteLib_RequestServerTime()
[11672] 2017/12/25 14:24:57.016 SKOSQuoteLib_RequestServerTime()
[11672] 2017/12/25 14:24:58.016 SKOSQuoteLib_RequestServerTime()
[11672] 2017/12/25 14:24:59.018 SKOSQuoteLib_RequestServerTime()
[11672] 2017/12/25 14:24:59.343 SKOSQuoteLib_RequestKLine (CME,ES_1803,0)
[11672] 2017/12/25 14:25:00.983 SKOSQuoteLib_RequestKLine (CME,ES_1803,1)
[11672] 2017/12/25 14:25:01.293 SKOSQuoteLib_LeaveMonitor() 
[11672] 2017/12/25 14:25:01.296 SK_SUBJECT_CONNECTION_DISCONNECT메Code: 10004
[11672] 2017/12/25 14:25:01.506 OnConnect ( 3002 , 10004 ) 
[11672] 2017/12/25 14:25:01.685 -----------------------------------------------------------------
[3488] 2017/12/25 14:25:48.046 Connect Server: FORT14.capital.com.tw 443
[3488] 2017/12/25 14:25:51.157 SK_SUBJECT_CONNECTION_CONNECTED메Code: 0
[3488] 2017/12/25 14:25:51.541 OnConnect ( 3001 , 0 ) 
[3488] 2017/12/25 14:25:52.654 SKOSQuoteLib_RequestServerTime()
[3488] 2017/12/25 14:25:53.531 SKOSQuoteLib_RequestServerTime()
[3488] 2017/12/25 14:25:54.531 SKOSQuoteLib_RequestServerTime()
[3488] 2017/12/25 14:25:55.529 SKOSQuoteLib_RequestServerTime()
[3488] 2017/12/25 14:25:56.531 SKOSQuoteLib_RequestServerTime()
[3488] 2017/12/25 14:25:56.783 SKOSQuoteLib_RequestKLine (CME,ES_1803,0)
[3488] 2017/12/25 14:25:58.521 SKOSQuoteLib_RequestKLine (CME,ES_1803,1)
[3488] 2017/12/25 14:25:58.857 SKOSQuoteLib_RequestServerTime()
[3488] 2017/12/25 14:25:59.358 SKOSQuoteLib_LeaveMonitor() 
[3488] 2017/12/25 14:25:59.360 SK_SUBJECT_CONNECTION_DISCONNECT메Code: 10004
[3488] 2017/12/25 14:25:59.542 OnConnect ( 3002 , 10004 ) 
[3488] 2017/12/25 14:26:00.531 SKOSQuoteLib_RequestServerTime()
[3488] 2017/12/25 14:26:00.858 -----------------------------------------------------------------
[11724] 2017/12/25 14:26:23.366 Connect Server: FORT03.capital.com.tw 443
[11724] 2017/12/25 14:26:26.377 SK_SUBJECT_CONNECTION_CONNECTED메Code: 0
[11724] 2017/12/25 14:26:26.717 OnConnect ( 3001 , 0 ) 
[11724] 2017/12/25 14:26:27.821 SKOSQuoteLib_RequestServerTime()
[11724] 2017/12/25 14:26:28.729 SKOSQuoteLib_RequestServerTime()
[11724] 2017/12/25 14:26:29.724 SKOSQuoteLib_RequestServerTime()
[11724] 2017/12/25 14:26:30.725 SKOSQuoteLib_RequestServerTime()
[11724] 2017/12/25 14:26:31.716 SKOSQuoteLib_RequestServerTime()
[11724] 2017/12/25 14:26:31.968 SKOSQuoteLib_RequestKLine (CME,ES_1803,0)
[11724] 2017/12/25 14:26:33.713 SKOSQuoteLib_RequestKLine (CME,ES_1803,1)
[11724] 2017/12/25 14:26:34.012 SKOSQuoteLib_RequestServerTime()
[11724] 2017/12/25 14:26:34.718 SKOSQuoteLib_RequestServerTime()
[11724] 2017/12/25 14:26:35.722 SKOSQuoteLib_RequestServerTime()
[11724] 2017/12/25 14:26:36.718 SKOSQuoteLib_RequestServerTime()
[11724] 2017/12/25 14:26:37.718 SKOSQuoteLib_RequestServerTime()
[11724] 2017/12/25 14:26:38.719 SKOSQuoteLib_RequestServerTime()
[11724] 2017/12/25 14:26:39.720 SKOSQuoteLib_RequestServerTime()
[11724] 2017/12/25 14:26:40.718 SKOSQuoteLib_RequestServerTime()
[11724] 2017/12/25 14:26:41.720 SKOSQuoteLib_RequestServerTime()
[11724] 2017/12/25 14:26:42.717 SKOSQuoteLib_RequestServerTime()
[11724] 2017/12/25 14:26:43.719 SKOSQuoteLib_RequestServerTime()
[11724] 2017/12/25 14:26:44.719 SKOSQuoteLib_RequestServerTime()
[11724] 2017/12/25 14:26:45.717 SKOSQuoteLib_RequestServerTime()
[11724] 2017/12/25 14:26:46.719 SKOSQuoteLib_RequestServerTime()
[11724] 2017/12/25 14:26:47.718 SKOSQuoteLib_RequestServerTime()
[11724] 2017/12/25 14:26:48.721 SKOSQuoteLib_RequestServerTime()
[11724] 2017/12/25 14:26:49.718 SKOSQuoteLib_RequestServerTime()
[11724] 2017/12/25 14:26:50.719 SKOSQuoteLib_RequestServerTime()
[11724] 2017/12/25 14:26:51.717 SKOSQuoteLib_RequestServerTime()
[11724] 2017/12/25 14:26:52.718 SKOSQuoteLib_RequestServerTime()
[11724] 2017/12/25 14:26:53.717 SKOSQuoteLib_RequestServerTime()
[11724] 2017/12/25 14:26:54.720 SKOSQuoteLib_RequestServerTime()
[11724] 2017/12/25 14:26:55.720 SKOSQuoteLib_RequestServerTime()
[11724] 2017/12/25 14:26:56.724 SKOSQuoteLib_RequestServerTime()
[11724] 2017/12/25 14:26:57.718 SKOSQuoteLib_RequestServerTime()
[11724] 2017/12/25 14:26:58.716 SKOSQuoteLib_RequestServerTime()
[11724] 2017/12/25 14:26:59.718 SKOSQuoteLib_RequestServerTime()
[11724] 2017/12/25 14:27:00.720 SKOSQuoteLib_RequestServerTime()
[11724] 2017/12/25 14:27:01.720 SKOSQuoteLib_RequestServerTime()
[11724] 2017/12/25 14:27:02.720 SKOSQuoteLib_RequestServerTime()
[11724] 2017/12/25 14:27:03.723 SKOSQuoteLib_RequestServerTime()
[11724] 2017/12/25 14:27:04.720 SKOSQuoteLib_RequestServerTime()
[11724] 2017/12/25 14:27:05.718 SKOSQuoteLib_RequestServerTime()
[11724] 2017/12/25 14:27:06.717 SKOSQuoteLib_RequestServerTime()
[11724] 2017/12/25 14:27:07.718 SKOSQuoteLib_RequestServerTime()
[11724] 2017/12/25 14:27:08.718 SKOSQuoteLib_RequestServerTime()
[11724] 2017/12/25 14:27:09.722 SKOSQuoteLib_RequestServerTime()
[11724] 2017/12/25 14:27:10.718 SKOSQuoteLib_RequestServerTime()
[11724] 2017/12/25 14:27:11.719 SKOSQuoteLib_RequestServerTime()
[11724] 2017/12/25 14:27:12.720 SKOSQuoteLib_RequestServerTime()
[11724] 2017/12/25 14:27:13.719 SKOSQuoteLib_RequestServerTime()
[11724] 2017/12/25 14:27:14.718 SKOSQuoteLib_RequestServerTime()
[11724] 2017/12/25 14:27:15.718 SKOSQuoteLib_RequestServerTime()
[11724] 2017/12/25 14:27:16.720 SKOSQuoteLib_RequestServerTime()
[11724] 2017/12/25 14:27:17.725 SKOSQuoteLib_RequestServerTime()
[11724] 2017/12/25 14:27:18.717 SKOSQuoteLib_RequestServerTime()
[11724] 2017/12/25 14:27:19.717 SKOSQuoteLib_RequestServerTime()
[11724] 2017/12/25 14:27:20.717 SKOSQuoteLib_RequestServerTime()
[11724] 2017/12/25 14:27:21.720 SKOSQuoteLib_RequestServerTime()
[11724] 2017/12/25 14:27:22.717 SKOSQuoteLib_RequestServerTime()
[11724] 2017/12/25 14:27:23.721 SKOSQuoteLib_RequestServerTime()
[11724] 2017/12/25 14:27:24.718 SKOSQuoteLib_RequestServerTime()
[11724] 2017/12/25 14:27:25.719 SKOSQuoteLib_RequestServerTime()
[11724] 2017/12/25 14:27:26.718 SKOSQuoteLib_RequestServerTime()
[11724] 2017/12/25 14:27:27.719 SKOSQuoteLib_RequestServerTime()
[11724] 2017/12/25 14:27:28.718 SKOSQuoteLib_RequestServerTime()
[11724] 2017/12/25 14:27:29.720 SKOSQuoteLib_RequestServerTime()
[11724] 2017/12/25 14:27:30.719 SKOSQuoteLib_RequestServerTime()
[11724] 2017/12/25 14:27:31.718 SKOSQuoteLib_RequestServerTime()
[11724] 2017/12/25 14:27:32.719 SKOSQuoteLib_RequestServerTime()
[11724] 2017/12/25 14:27:33.717 SKOSQuoteLib_RequestServerTime()
[11724] 2017/12/25 14:27:34.720 SKOSQuoteLib_RequestServerTime()
[11724] 2017/12/25 14:27:35.718 SKOSQuoteLib_RequestServerTime()
[11724] 2017/12/25 14:27:36.718 SKOSQuoteLib_RequestServerTime()
[11724] 2017/12/25 14:27:37.720 SKOSQuoteLib_RequestServerTime()
[11724] 2017/12/25 14:27:38.717 SKOSQuoteLib_RequestServerTime()
[11724] 2017/12/25 14:27:39.718 SKOSQuoteLib_RequestServerTime()
[11724] 2017/12/25 14:27:40.719 SKOSQuoteLib_RequestServerTime()
[11724] 2017/12/25 14:27:41.720 SKOSQuoteLib_RequestServerTime()
[11724] 2017/12/25 14:27:42.718 SKOSQuoteLib_RequestServerTime()
[11724] 2017/12/25 14:27:43.717 SKOSQuoteLib_RequestServerTime()
[11724] 2017/12/25 14:27:44.720 SKOSQuoteLib_RequestServerTime()
[11724] 2017/12/25 14:27:45.723 SKOSQuoteLib_RequestServerTime()
[11724] 2017/12/25 14:27:46.719 SKOSQuoteLib_RequestServerTime()
[11724] 2017/12/25 14:27:47.717 SKOSQuoteLib_RequestServerTime()
[11724] 2017/12/25 14:27:48.719 SKOSQuoteLib_RequestServerTime()
[11724] 2017/12/25 14:27:49.717 SKOSQuoteLib_RequestServerTime()
[11724] 2017/12/25 14:27:50.719 SKOSQuoteLib_RequestServerTime()
[11724] 2017/12/25 14:27:51.720 SKOSQuoteLib_RequestServerTime()
[11724] 2017/12/25 14:27:52.719 SKOSQuoteLib_RequestServerTime()
[11724] 2017/12/25 14:27:53.718 SKOSQuoteLib_RequestServerTime()
[11724] 2017/12/25 14:27:54.720 SKOSQuoteLib_RequestServerTime()
[11724] 2017/12/25 14:27:55.717 SKOSQuoteLib_RequestServerTime()
[11724] 2017/12/25 14:27:56.717 SKOSQuoteLib_RequestServerTime()
[11724] 2017/12/25 14:27:57.718 SKOSQuoteLib_RequestServerTime()
[11724] 2017/12/25 14:27:58.717 SKOSQuoteLib_RequestServerTime()
[11724] 2017/12/25 14:27:59.717 SKOSQuoteLib_RequestServerTime()
[11724] 2017/12/25 14:28:00.718 SKOSQuoteLib_RequestServerTime()
[11724] 2017/12/25 14:28:01.717 SKOSQuoteLib_RequestServerTime()
[11724] 2017/12/25 14:28:02.718 SKOSQuoteLib_RequestServerTime()
[11724] 2017/12/25 14:28:03.718 SKOSQuoteLib_RequestServerTime()
[11724] 2017/12/25 14:28:04.719 SKOSQuoteLib_RequestServerTime()
[11724] 2017/12/25 14:28:05.722 SKOSQuoteLib_RequestServerTime()
[11724] 2017/12/25 14:28:06.718 SKOSQuoteLib_RequestServerTime()
[11724] 2017/12/25 14:28:07.716 SKOSQuoteLib_RequestServerTime()
[11724] 2017/12/25 14:28:08.719 SKOSQuoteLib_RequestServerTime()
[11724] 2017/12/25 14:28:09.718 SKOSQuoteLib_RequestServerTime()
[11724] 2017/12/25 14:28:10.719 SKOSQuoteLib_RequestServerTime()
[11724] 2017/12/25 14:28:11.718 SKOSQuoteLib_RequestServerTime()
[11724] 2017/12/25 14:28:12.716 SKOSQuoteLib_RequestServerTime()
[11724] 2017/12/25 14:28:13.723 SKOSQuoteLib_RequestServerTime()
[11724] 2017/12/25 14:28:14.717 SKOSQuoteLib_RequestServerTime()
[11724] 2017/12/25 14:28:15.720 SKOSQuoteLib_RequestServerTime()
[11724] 2017/12/25 14:28:16.866 -----------------------------------------------------------------
