-----------------------------------------------------------------
[4524] 2017/11/27 11:01:41.521 >> Host srvsolace-fg.capital.com.tw
[4524] 2017/11/27 11:01:43.914 連線
[4020] 2017/11/27 11:04:16.839 >> Host srvsolace-fg.capital.com.tw
[4020] 2017/11/27 11:04:19.134 連線
[9600] 2017/11/27 11:25:29.730 >> Host srvsolace-tp.capital.com.tw
[9600] 2017/11/27 11:25:31.820 連線
[12996] 2017/11/27 11:29:12.674 >> Host srvsolace-tp.capital.com.tw
[12996] 2017/11/27 11:29:14.709 連線
[12996] 2017/11/27 11:35:05.655 -----------------------------------------------------------------
[13376] 2017/11/27 11:52:19.840 >> Host srvsolace-fg.capital.com.tw
[13376] 2017/11/27 11:52:22.287 連線
[13376] 2017/11/27 12:02:04.994 -----------------------------------------------------------------
[10780] 2017/11/27 12:02:36.022 >> Host srvsolace-fg.capital.com.tw
[10780] 2017/11/27 12:02:38.566 連線
[3904] 2017/11/27 12:08:24.383 >> Host srvsolace-tp.capital.com.tw
[3904] 2017/11/27 12:08:26.950 連線
[14084] 2017/11/27 12:15:24.552 >> Host srvsolace-fg.capital.com.tw
[14084] 2017/11/27 12:15:26.938 連線
[14084] 2017/11/27 12:17:51.461 -----------------------------------------------------------------
[10600] 2017/11/27 12:31:25.735 >> Host srvsolace-tp.capital.com.tw
[10600] 2017/11/27 12:31:28.201 連線
[3400] 2017/11/27 12:42:46.125 >> Host srvsolace-fg.capital.com.tw
[3400] 2017/11/27 12:42:48.505 連線
[4548] 2017/11/27 12:44:19.746 >> Host srvsolace-fg.capital.com.tw
[4548] 2017/11/27 12:44:22.082 連線
[1796] 2017/11/27 12:45:40.636 >> Host srvsolace-fg.capital.com.tw
[1796] 2017/11/27 12:45:43.036 連線
[8020] 2017/11/27 12:51:25.617 >> Host srvsolace-tp.capital.com.tw
[8020] 2017/11/27 12:51:28.015 連線
[7416] 2017/11/27 13:46:24.022 >> Host srvsolace-fg.capital.com.tw
[7416] 2017/11/27 13:46:26.037 連線
[11260] 2017/11/27 13:48:29.987 >> Host srvsolace-fg.capital.com.tw
[11260] 2017/11/27 13:48:31.939 連線
[7644] 2017/11/27 13:50:07.140 >> Host srvsolace-fg.capital.com.tw
[7644] 2017/11/27 13:50:09.205 連線
[6564] 2017/11/27 14:11:04.620 >> Host srvsolace-tp.capital.com.tw
[6564] 2017/11/27 14:11:06.943 連線
[6564] 2017/11/27 14:12:57.953 -----------------------------------------------------------------
[7800] 2017/11/27 14:39:03.247 >> Host srvsolace-fg.capital.com.tw
[7800] 2017/11/27 14:39:05.586 連線
[14248] 2017/11/27 15:11:05.072 >> Host srvsolace-fg.capital.com.tw
[14248] 2017/11/27 15:11:07.403 連線
[8240] 2017/11/27 15:12:50.051 >> Host srvsolace-tp.capital.com.tw
[8240] 2017/11/27 15:12:52.736 連線
[1964] 2017/11/27 15:14:36.648 >> Host srvsolace-fg.capital.com.tw
[1964] 2017/11/27 15:14:39.186 連線
[2584] 2017/11/27 15:23:01.302 >> Host srvsolace-fg.capital.com.tw
[2584] 2017/11/27 15:23:03.847 連線
[11444] 2017/11/27 15:28:27.425 >> Host srvsolace-fg.capital.com.tw
[11444] 2017/11/27 15:28:29.862 連線
[11444] 2017/11/27 15:30:10.740 -----------------------------------------------------------------
[7012] 2017/11/27 15:38:29.521 >> Host srvsolace-tp.capital.com.tw
[7012] 2017/11/27 15:38:31.842 連線
[11248] 2017/11/27 15:39:15.738 >> Host srvsolace-tp.capital.com.tw
[11248] 2017/11/27 15:39:17.995 連線
[4732] 2017/11/27 15:40:14.365 >> Host srvsolace-fg.capital.com.tw
[4732] 2017/11/27 15:40:16.625 連線
[13120] 2017/11/27 15:41:33.562 >> Host srvsolace-tp.capital.com.tw
[13120] 2017/11/27 15:41:35.804 連線
[9324] 2017/11/27 15:47:26.448 >> Host srvsolace-tp.capital.com.tw
[9324] 2017/11/27 15:47:28.737 連線
[12748] 2017/11/27 16:20:29.032 >> Host srvsolace-fg.capital.com.tw
[12748] 2017/11/27 16:20:31.602 連線
[12904] 2017/11/27 16:20:59.291 >> Host srvsolace-tp.capital.com.tw
[12904] 2017/11/27 16:21:01.448 連線
[8628] 2017/11/27 16:24:50.183 >> Host srvsolace-fg.capital.com.tw
[8628] 2017/11/27 16:24:52.192 連線
[8628] 2017/11/27 16:29:32.784 -----------------------------------------------------------------
[2852] 2017/11/27 18:43:24.199 >> Host srvsolace-tp.capital.com.tw
[2852] 2017/11/27 18:43:26.645 連線
[12516] 2017/11/27 18:48:31.308 >> Host srvsolace-tp.capital.com.tw
[12516] 2017/11/27 18:48:33.583 連線
[10988] 2017/11/27 18:51:04.158 >> Host srvsolace-fg.capital.com.tw
[10988] 2017/11/27 18:51:06.549 連線
[13756] 2017/11/27 18:52:49.675 >> Host srvsolace-fg.capital.com.tw
[13756] 2017/11/27 18:52:51.850 連線
[9324] 2017/11/27 18:55:22.795 >> Host srvsolace-tp.capital.com.tw
[9324] 2017/11/27 18:55:25.202 連線
[11500] 2017/11/27 18:59:38.621 >> Host srvsolace-tp.capital.com.tw
[11500] 2017/11/27 18:59:40.784 連線
[1608] 2017/11/27 19:01:29.785 >> Host srvsolace-tp.capital.com.tw
[1608] 2017/11/27 19:01:32.121 連線
[11396] 2017/11/27 19:30:51.799 >> Host srvsolace-fg.capital.com.tw
[11396] 2017/11/27 19:30:54.231 連線
[8008] 2017/11/27 19:32:36.858 >> Host srvsolace-fg.capital.com.tw
[8008] 2017/11/27 19:32:39.133 連線
[6348] 2017/11/27 19:36:12.569 >> Host srvsolace-fg.capital.com.tw
[6348] 2017/11/27 19:36:15.061 連線
[11844] 2017/11/27 19:38:34.656 >> Host srvsolace-fg.capital.com.tw
[11844] 2017/11/27 19:38:36.773 連線
[6012] 2017/11/27 22:13:33.372 >> Host srvsolace-fg.capital.com.tw
[6012] 2017/11/27 22:13:35.696 連線
[12684] 2017/11/27 22:15:40.662 >> Host srvsolace-fg.capital.com.tw
[12684] 2017/11/27 22:15:42.721 連線
[12684] 2017/11/27 22:15:46.299 -----------------------------------------------------------------
[14152] 2017/11/27 22:16:33.090 >> Host srvsolace-fg.capital.com.tw
[14152] 2017/11/27 22:16:35.253 連線
[14152] 2017/11/27 22:24:17.875 -----------------------------------------------------------------
[14024] 2017/11/27 22:24:42.383 >> Host srvsolace-tp.capital.com.tw
[14024] 2017/11/27 22:24:44.363 連線
[12556] 2017/11/27 22:28:20.750 >> Host srvsolace-fg.capital.com.tw
[12556] 2017/11/27 22:28:22.663 連線
[4636] 2017/11/27 22:30:32.198 >> Host srvsolace-fg.capital.com.tw
[4636] 2017/11/27 22:30:34.062 連線
[8800] 2017/11/27 22:31:39.469 >> Host srvsolace-fg.capital.com.tw
[8800] 2017/11/27 22:31:41.426 連線
[11784] 2017/11/27 22:32:47.214 >> Host srvsolace-fg.capital.com.tw
[11784] 2017/11/27 22:32:49.547 連線
[11784] 2017/11/27 22:50:21.617 -----------------------------------------------------------------
[13376] 2017/11/27 22:52:16.520 >> Host srvsolace-tp.capital.com.tw
[13376] 2017/11/27 22:52:18.926 連線
[9724] 2017/11/27 22:54:17.343 >> Host srvsolace-fg.capital.com.tw
[9724] 2017/11/27 22:54:19.894 連線
[12732] 2017/11/27 22:56:05.454 >> Host srvsolace-fg.capital.com.tw
[12732] 2017/11/27 22:56:07.742 連線
[5532] 2017/11/27 23:01:56.878 >> Host srvsolace-fg.capital.com.tw
[5532] 2017/11/27 23:01:59.295 連線
[8676] 2017/11/27 23:09:21.494 >> Host srvsolace-fg.capital.com.tw
[8676] 2017/11/27 23:09:23.833 連線
[14104] 2017/11/27 23:10:29.532 >> Host srvsolace-fg.capital.com.tw
[14104] 2017/11/27 23:10:31.961 連線
[14104] 2017/11/27 23:41:13.719 SK_SUBJECT_CONNECTION_FAIL_WITHOUTNETWORK，Code: 3
[12740] 2017/11/27 00:02:36.856 >> Host srvsolace-tp.capital.com.tw
[12740] 2017/11/27 00:02:39.263 連線
