-----------------------------------------------------------------
[6032] 2017/12/07 06:57:24.766 Connect Server: FORT14.capital.com.tw 443
[6032] 2017/12/07 06:57:25.548 SK_SUBJECT_CONNECTION_CONNECTED메Code: 0
[6032] 2017/12/07 06:57:26.481 OnConnect ( 3001 , 0 ) 
[6032] 2017/12/07 06:58:06.743 -----------------------------------------------------------------
[7160] 2017/12/07 06:59:30.285 Connect Server: FORT14.capital.com.tw 443
[7160] 2017/12/07 06:59:33.262 SK_SUBJECT_CONNECTION_CONNECTED메Code: 0
[7160] 2017/12/07 06:59:34.226 OnConnect ( 3001 , 0 ) 
[6784] 2017/12/07 07:00:30.380 Connect Server: FORT14.capital.com.tw 443
[6784] 2017/12/07 07:00:30.865 SK_SUBJECT_CONNECTION_CONNECTED메Code: 0
[6784] 2017/12/07 07:00:31.778 OnConnect ( 3001 , 0 ) 
[6784] 2017/12/07 07:01:06.742 -----------------------------------------------------------------
[7032] 2017/12/07 07:46:17.278 Connect Server: FORT14.capital.com.tw 443
[7032] 2017/12/07 07:46:20.418 SK_SUBJECT_CONNECTION_CONNECTED메Code: 0
[7032] 2017/12/07 07:46:21.438 OnConnect ( 3001 , 0 ) 
[7032] 2017/12/07 07:46:39.640 SKOSQuoteLib_RequestKLine (TX00,0)
[7032] 2017/12/07 07:46:39.640 KLine Format Error !
[7032] 2017/12/07 07:46:39.642 SKOSQuoteLib_RequestKLine (TX00,1)
[7032] 2017/12/07 07:46:39.642 KLine Format Error !
[8968] 2017/12/07 08:06:40.850 Connect Server: FORT03.capital.com.tw 443
[8968] 2017/12/07 08:06:43.723 SK_SUBJECT_CONNECTION_CONNECTED메Code: 0
[8968] 2017/12/07 08:06:44.635 OnConnect ( 3001 , 0 ) 
[8968] 2017/12/07 08:07:30.871 SKOSQuoteLib_RequestKLine (TX00,0)
[8968] 2017/12/07 08:07:30.871 KLine Format Error !
[8968] 2017/12/07 08:07:36.670 SKOSQuoteLib_RequestKLine (TX00,1)
[8968] 2017/12/07 08:07:36.670 KLine Format Error !
[7484] 2017/12/07 08:12:06.572 Connect Server: FORT14.capital.com.tw 443
[7484] 2017/12/07 08:12:09.560 SK_SUBJECT_CONNECTION_CONNECTED메Code: 0
[7484] 2017/12/07 08:12:10.475 OnConnect ( 3001 , 0 ) 
[9788] 2017/12/07 08:13:13.189 Connect Server: FORT03.capital.com.tw 443
[9788] 2017/12/07 08:13:16.150 SK_SUBJECT_CONNECTION_CONNECTED메Code: 0
[9788] 2017/12/07 08:13:17.060 OnConnect ( 3001 , 0 ) 
[8840] 2017/12/07 08:14:56.790 Connect Server: FORT14.capital.com.tw 443
[8840] 2017/12/07 08:14:59.617 SK_SUBJECT_CONNECTION_CONNECTED메Code: 0
[8840] 2017/12/07 08:15:00.579 OnConnect ( 3001 , 0 ) 
[8840] 2017/12/07 08:15:25.807 SKOSQuoteLib_RequestKLine (TX00,0)
[8840] 2017/12/07 08:15:25.807 KLine Format Error !
[8840] 2017/12/07 08:15:25.812 SKOSQuoteLib_RequestKLine (TX00,1)
[8840] 2017/12/07 08:15:25.812 KLine Format Error !
[8840] 2017/12/07 08:15:26.085 SKOSQuoteLib_RequestStocks (0,TX00)
[8840] 2017/12/07 08:15:26.085 TX00 StockNo Format Error 
[5896] 2017/12/07 08:26:00.493 Connect Server: FORT14.capital.com.tw 443
[5896] 2017/12/07 08:26:03.385 SK_SUBJECT_CONNECTION_CONNECTED메Code: 0
[5896] 2017/12/07 08:26:04.297 OnConnect ( 3001 , 0 ) 
[9720] 2017/12/07 08:27:07.360 Connect Server: FORT03.capital.com.tw 443
[9720] 2017/12/07 08:27:10.268 SK_SUBJECT_CONNECTION_CONNECTED메Code: 0
[9720] 2017/12/07 08:27:11.189 OnConnect ( 3001 , 0 ) 
[3640] 2017/12/07 08:27:44.964 Connect Server: FORT14.capital.com.tw 443
[3640] 2017/12/07 08:27:47.775 SK_SUBJECT_CONNECTION_CONNECTED메Code: 0
[3640] 2017/12/07 08:27:48.739 OnConnect ( 3001 , 0 ) 
[10232] 2017/12/07 08:28:15.115 Connect Server: FORT03.capital.com.tw 443
[10232] 2017/12/07 08:28:15.571 SK_SUBJECT_CONNECTION_CONNECTED메Code: 0
[10232] 2017/12/07 08:28:16.481 OnConnect ( 3001 , 0 ) 
[10232] 2017/12/07 08:28:20.533 SKOSQuoteLib_RequestKLine (CME,ES_1712,0)
[10232] 2017/12/07 08:28:22.106 SKOSQuoteLib_RequestKLine (CME,ES_1712,1)
[10232] 2017/12/07 08:28:48.878 -----------------------------------------------------------------
[11256] 2017/12/07 08:29:01.153 Connect Server: FORT14.capital.com.tw 443
[11256] 2017/12/07 08:29:01.596 SK_SUBJECT_CONNECTION_CONNECTED메Code: 0
[11256] 2017/12/07 08:29:02.599 OnConnect ( 3001 , 0 ) 
[11256] 2017/12/07 08:29:07.606 SKOSQuoteLib_RequestKLine (CME,ES_1712,0)
[11256] 2017/12/07 08:29:09.034 SKOSQuoteLib_RequestKLine (CME,ES_1712,1)
[11256] 2017/12/07 08:29:19.839 SKOSQuoteLib_RequestKLine (TX00,0)
[11256] 2017/12/07 08:29:19.839 KLine Format Error !
[11256] 2017/12/07 08:29:19.919 SKOSQuoteLib_RequestKLine (TX00,1)
[11256] 2017/12/07 08:29:19.919 KLine Format Error !
[11256] 2017/12/07 08:29:44.979 -----------------------------------------------------------------
[2848] 2017/12/07 08:30:04.001 Connect Server: FORT03.capital.com.tw 443
[2848] 2017/12/07 08:30:06.724 SK_SUBJECT_CONNECTION_CONNECTED메Code: 0
[2848] 2017/12/07 08:30:07.691 OnConnect ( 3001 , 0 ) 
[2848] 2017/12/07 08:30:12.225 SKOSQuoteLib_RequestKLine (TX00,0)
[2848] 2017/12/07 08:30:12.225 KLine Format Error !
[2848] 2017/12/07 08:30:12.301 SKOSQuoteLib_RequestKLine (TX00,1)
[2848] 2017/12/07 08:30:12.301 KLine Format Error !
[2848] 2017/12/07 08:32:43.052 SK_SUBJECT_CONNECTION_DISCONNECT메Code: 10054
[2848] 2017/12/07 08:32:43.053 OnConnect ( 3002 , 10054 ) 
[4848] 2017/12/07 08:52:35.815 Connect Server: FORT03.capital.com.tw 443
[4848] 2017/12/07 08:52:38.752 SK_SUBJECT_CONNECTION_CONNECTED메Code: 0
[4848] 2017/12/07 08:52:39.663 OnConnect ( 3001 , 0 ) 
[4848] 2017/12/07 08:52:44.226 SKOSQuoteLib_RequestKLine (TX00,0)
[4848] 2017/12/07 08:52:44.226 KLine Format Error !
[4848] 2017/12/07 08:52:44.293 SKOSQuoteLib_RequestKLine (TX00,1)
[4848] 2017/12/07 08:52:44.293 KLine Format Error !
[10368] 2017/12/07 10:28:02.565 Connect Server: FORT14.capital.com.tw 443
[10368] 2017/12/07 10:28:06.221 SK_SUBJECT_CONNECTION_CONNECTED메Code: 0
[10368] 2017/12/07 10:28:07.165 OnConnect ( 3001 , 0 ) 
[10368] 2017/12/07 10:28:14.919 SKOSQuoteLib_RequestKLine (TX00,0)
[10368] 2017/12/07 10:28:14.919 KLine Format Error !
[10368] 2017/12/07 10:28:15.089 SKOSQuoteLib_RequestKLine (TX00,1)
[10368] 2017/12/07 10:28:15.089 KLine Format Error !
[10368] 2017/12/07 10:30:12.942 -----------------------------------------------------------------
[2912] 2017/12/07 10:30:48.526 Connect Server: FORT03.capital.com.tw 443
[2912] 2017/12/07 10:30:51.546 SK_SUBJECT_CONNECTION_CONNECTED메Code: 0
[2912] 2017/12/07 10:30:52.457 OnConnect ( 3001 , 0 ) 
[2912] 2017/12/07 10:30:56.918 SKOSQuoteLib_RequestKLine (TX00,0)
[2912] 2017/12/07 10:30:56.918 KLine Format Error !
[2912] 2017/12/07 10:30:56.986 SKOSQuoteLib_RequestKLine (TX00,1)
[2912] 2017/12/07 10:30:56.986 KLine Format Error !
[2912] 2017/12/07 10:31:48.651 -----------------------------------------------------------------
[3356] 2017/12/07 10:32:40.729 Connect Server: FORT14.capital.com.tw 443
[3356] 2017/12/07 10:32:43.609 SK_SUBJECT_CONNECTION_CONNECTED메Code: 0
[3356] 2017/12/07 10:32:44.520 OnConnect ( 3001 , 0 ) 
[3356] 2017/12/07 10:32:49.091 SKOSQuoteLib_RequestKLine (TX00,0)
[3356] 2017/12/07 10:32:49.091 KLine Format Error !
[3356] 2017/12/07 10:32:49.171 SKOSQuoteLib_RequestKLine (TX00,1)
[3356] 2017/12/07 10:32:49.171 KLine Format Error !
[3356] 2017/12/07 10:33:47.411 -----------------------------------------------------------------
[348] 2017/12/07 10:54:34.670 Connect Server: FORT14.capital.com.tw 443
[348] 2017/12/07 10:54:37.727 SK_SUBJECT_CONNECTION_CONNECTED메Code: 0
[348] 2017/12/07 10:54:38.552 OnConnect ( 3001 , 0 ) 
[348] 2017/12/07 10:54:44.960 SKOSQuoteLib_RequestKLine (TX00,0)
[348] 2017/12/07 10:54:44.960 KLine Format Error !
[348] 2017/12/07 10:54:45.040 SKOSQuoteLib_RequestKLine (TX00,1)
[348] 2017/12/07 10:54:45.040 KLine Format Error !
[1820] 2017/12/07 10:56:09.675 Connect Server: FORT03.capital.com.tw 443
[1820] 2017/12/07 10:56:12.717 SK_SUBJECT_CONNECTION_CONNECTED메Code: 0
[1820] 2017/12/07 10:56:13.630 OnConnect ( 3001 , 0 ) 
[1820] 2017/12/07 10:56:18.155 SKOSQuoteLib_RequestKLine (TX00,0)
[1820] 2017/12/07 10:56:18.155 KLine Format Error !
[1820] 2017/12/07 10:56:18.229 SKOSQuoteLib_RequestKLine (TX00,1)
[1820] 2017/12/07 10:56:18.229 KLine Format Error !
[9892] 2017/12/07 11:00:29.922 Connect Server: FORT14.capital.com.tw 443
[9892] 2017/12/07 11:00:32.884 SK_SUBJECT_CONNECTION_CONNECTED메Code: 0
[9892] 2017/12/07 11:00:33.760 OnConnect ( 3001 , 0 ) 
[9892] 2017/12/07 11:00:38.367 SKOSQuoteLib_RequestKLine (TX00,0)
[9892] 2017/12/07 11:00:38.367 KLine Format Error !
[9892] 2017/12/07 11:00:38.435 SKOSQuoteLib_RequestKLine (TX00,1)
[9892] 2017/12/07 11:00:38.435 KLine Format Error !
[9024] 2017/12/07 11:02:09.071 Connect Server: FORT03.capital.com.tw 443
[9024] 2017/12/07 11:02:11.994 SK_SUBJECT_CONNECTION_CONNECTED메Code: 0
[9024] 2017/12/07 11:02:12.904 OnConnect ( 3001 , 0 ) 
[9024] 2017/12/07 11:02:17.467 SKOSQuoteLib_RequestKLine (TX00,0)
[9024] 2017/12/07 11:02:17.468 KLine Format Error !
[9024] 2017/12/07 11:02:17.535 SKOSQuoteLib_RequestKLine (TX00,1)
[9024] 2017/12/07 11:02:17.535 KLine Format Error !
[9024] 2017/12/07 11:04:48.317 SK_SUBJECT_CONNECTION_DISCONNECT메Code: 10054
[9024] 2017/12/07 11:04:48.320 OnConnect ( 3002 , 10054 ) 
[9012] 2017/12/07 11:35:41.889 Connect Server: FORT14.capital.com.tw 443
[9012] 2017/12/07 11:35:44.876 SK_SUBJECT_CONNECTION_CONNECTED메Code: 0
[9012] 2017/12/07 11:35:45.772 OnConnect ( 3001 , 0 ) 
[9012] 2017/12/07 11:35:50.413 SKOSQuoteLib_RequestKLine (TX00,0)
[9012] 2017/12/07 11:35:50.413 KLine Format Error !
[9012] 2017/12/07 11:35:50.478 SKOSQuoteLib_RequestKLine (TX00,1)
[9012] 2017/12/07 11:35:50.478 KLine Format Error !
[9072] 2017/12/07 11:37:40.133 Connect Server: FORT14.capital.com.tw 443
[9072] 2017/12/07 11:37:42.944 SK_SUBJECT_CONNECTION_CONNECTED메Code: 0
[9072] 2017/12/07 11:37:43.912 OnConnect ( 3001 , 0 ) 
[9072] 2017/12/07 11:37:48.473 SKOSQuoteLib_RequestKLine (TX00,0)
[9072] 2017/12/07 11:37:48.473 KLine Format Error !
[9072] 2017/12/07 11:37:48.543 SKOSQuoteLib_RequestKLine (TX00,1)
[9072] 2017/12/07 11:37:48.544 KLine Format Error !
[5620] 2017/12/07 11:39:10.494 Connect Server: FORT14.capital.com.tw 443
[5620] 2017/12/07 11:39:13.451 SK_SUBJECT_CONNECTION_CONNECTED메Code: 0
[5620] 2017/12/07 11:39:14.364 OnConnect ( 3001 , 0 ) 
[5620] 2017/12/07 11:39:18.488 SKOSQuoteLib_RequestKLine (CME,ES_1712,0)
[5620] 2017/12/07 11:39:20.368 SKOSQuoteLib_RequestKLine (CME,ES_1712,1)
[8604] 2017/12/07 11:45:57.440 Connect Server: FORT03.capital.com.tw 443
[8604] 2017/12/07 11:46:00.452 SK_SUBJECT_CONNECTION_CONNECTED메Code: 0
[8604] 2017/12/07 11:46:01.365 OnConnect ( 3001 , 0 ) 
[8604] 2017/12/07 11:46:05.907 SKOSQuoteLib_RequestKLine (TX00,0)
[8604] 2017/12/07 11:46:05.907 KLine Format Error !
[8604] 2017/12/07 11:46:05.982 SKOSQuoteLib_RequestKLine (TX00,1)
[8604] 2017/12/07 11:46:05.982 KLine Format Error !
[8604] 2017/12/07 11:48:36.780 SK_SUBJECT_CONNECTION_DISCONNECT메Code: 10054
[8604] 2017/12/07 11:48:36.782 OnConnect ( 3002 , 10054 ) 
[8932] 2017/12/07 11:50:53.187 Connect Server: FORT14.capital.com.tw 443
[8932] 2017/12/07 11:50:56.341 SK_SUBJECT_CONNECTION_CONNECTED메Code: 0
[8932] 2017/12/07 11:50:57.255 OnConnect ( 3001 , 0 ) 
[8932] 2017/12/07 11:51:01.816 SKOSQuoteLib_RequestKLine (TX00,0)
[8932] 2017/12/07 11:51:01.816 KLine Format Error !
[8932] 2017/12/07 11:51:01.892 SKOSQuoteLib_RequestKLine (TX00,1)
[8932] 2017/12/07 11:51:01.892 KLine Format Error !
[8932] 2017/12/07 11:53:32.056 -----------------------------------------------------------------
[10476] 2017/12/07 11:54:02.311 Connect Server: FORT03.capital.com.tw 443
[10476] 2017/12/07 11:54:02.828 SK_SUBJECT_CONNECTION_CONNECTED메Code: 0
[10476] 2017/12/07 11:54:03.738 OnConnect ( 3001 , 0 ) 
[10476] 2017/12/07 11:54:08.248 SKOSQuoteLib_RequestKLine (TX00,0)
[10476] 2017/12/07 11:54:08.248 KLine Format Error !
[10476] 2017/12/07 11:54:08.321 SKOSQuoteLib_RequestKLine (TX00,1)
[10476] 2017/12/07 11:54:08.321 KLine Format Error !
[10476] 2017/12/07 11:55:42.864 -----------------------------------------------------------------
[5384] 2017/12/07 12:00:02.625 Connect Server: FORT03.capital.com.tw 443
[5384] 2017/12/07 12:00:05.632 SK_SUBJECT_CONNECTION_CONNECTED메Code: 0
[5384] 2017/12/07 12:00:06.534 OnConnect ( 3001 , 0 ) 
[5384] 2017/12/07 12:00:11.059 SKOSQuoteLib_RequestKLine (TX00,0)
[5384] 2017/12/07 12:00:11.059 KLine Format Error !
[5384] 2017/12/07 12:00:11.129 SKOSQuoteLib_RequestKLine (TX00,1)
[5384] 2017/12/07 12:00:11.129 KLine Format Error !
[6572] 2017/12/07 12:02:57.585 Connect Server: FORT03.capital.com.tw 443
[6572] 2017/12/07 12:03:00.479 SK_SUBJECT_CONNECTION_CONNECTED메Code: 0
[6572] 2017/12/07 12:03:01.445 OnConnect ( 3001 , 0 ) 
[6572] 2017/12/07 12:03:05.933 SKOSQuoteLib_RequestKLine (TX00,0)
[6572] 2017/12/07 12:03:05.933 KLine Format Error !
[6572] 2017/12/07 12:03:06.003 SKOSQuoteLib_RequestKLine (TX00,1)
[6572] 2017/12/07 12:03:06.003 KLine Format Error !
[7160] 2017/12/07 12:04:25.854 Connect Server: FORT03.capital.com.tw 443
[7160] 2017/12/07 12:04:28.772 SK_SUBJECT_CONNECTION_CONNECTED메Code: 0
[7160] 2017/12/07 12:04:29.682 OnConnect ( 3001 , 0 ) 
[7160] 2017/12/07 12:04:35.754 SKOSQuoteLib_RequestKLine (TX00,0)
[7160] 2017/12/07 12:04:35.755 KLine Format Error !
[7160] 2017/12/07 12:04:35.827 SKOSQuoteLib_RequestKLine (TX00,1)
[7160] 2017/12/07 12:04:35.827 KLine Format Error !
[8988] 2017/12/07 12:08:12.161 Connect Server: FORT14.capital.com.tw 443
[8988] 2017/12/07 12:08:15.261 SK_SUBJECT_CONNECTION_CONNECTED메Code: 0
[8988] 2017/12/07 12:08:16.088 OnConnect ( 3001 , 0 ) 
[8988] 2017/12/07 12:08:20.779 SKOSQuoteLib_RequestKLine (TX00,0)
[8988] 2017/12/07 12:08:20.779 KLine Format Error !
[8988] 2017/12/07 12:08:20.848 SKOSQuoteLib_RequestKLine (TX00,1)
[8988] 2017/12/07 12:08:20.848 KLine Format Error !
[7632] 2017/12/07 12:09:50.403 Connect Server: FORT14.capital.com.tw 443
[7632] 2017/12/07 12:09:53.301 SK_SUBJECT_CONNECTION_CONNECTED메Code: 0
[7632] 2017/12/07 12:09:54.267 OnConnect ( 3001 , 0 ) 
[7632] 2017/12/07 12:09:58.843 SKOSQuoteLib_RequestKLine (TX00,0)
[7632] 2017/12/07 12:09:58.843 KLine Format Error !
[7632] 2017/12/07 12:09:58.909 SKOSQuoteLib_RequestKLine (TX00,1)
[7632] 2017/12/07 12:09:58.909 KLine Format Error !
[4080] 2017/12/07 12:12:44.840 Connect Server: FORT14.capital.com.tw 443
[4080] 2017/12/07 12:12:47.934 SK_SUBJECT_CONNECTION_CONNECTED메Code: 0
[4080] 2017/12/07 12:12:48.844 OnConnect ( 3001 , 0 ) 
[4080] 2017/12/07 12:12:53.417 SKOSQuoteLib_RequestKLine (TX00,0)
[4080] 2017/12/07 12:12:53.417 KLine Format Error !
[4080] 2017/12/07 12:12:53.487 SKOSQuoteLib_RequestKLine (TX00,1)
[4080] 2017/12/07 12:12:53.488 KLine Format Error !
[7456] 2017/12/07 12:16:32.909 Connect Server: FORT14.capital.com.tw 443
[7456] 2017/12/07 12:16:35.940 SK_SUBJECT_CONNECTION_CONNECTED메Code: 0
[7456] 2017/12/07 12:16:36.852 OnConnect ( 3001 , 0 ) 
[7456] 2017/12/07 12:16:41.417 SKOSQuoteLib_RequestKLine (TX00,0)
[7456] 2017/12/07 12:16:41.417 KLine Format Error !
[7456] 2017/12/07 12:16:41.482 SKOSQuoteLib_RequestKLine (TX00,1)
[7456] 2017/12/07 12:16:41.482 KLine Format Error !
[7456] 2017/12/07 12:33:39.315 SK_SUBJECT_CONNECTION_DISCONNECT메Code: 10054
[7456] 2017/12/07 12:33:39.539 OnConnect ( 3002 , 10054 ) 
[7608] 2017/12/07 12:42:13.418 Connect Server: FORT03.capital.com.tw 443
[7608] 2017/12/07 12:42:16.548 SK_SUBJECT_CONNECTION_CONNECTED메Code: 0
[7608] 2017/12/07 12:42:17.374 OnConnect ( 3001 , 0 ) 
[7608] 2017/12/07 12:42:22.880 SKOSQuoteLib_RequestKLine (TX00,0)
[7608] 2017/12/07 12:42:22.880 KLine Format Error !
[7608] 2017/12/07 12:42:22.947 SKOSQuoteLib_RequestKLine (TX00,1)
[7608] 2017/12/07 12:42:22.947 KLine Format Error !
[4996] 2017/12/07 13:32:27.220 Connect Server: FORT14.capital.com.tw 443
[4996] 2017/12/07 13:32:30.306 SK_SUBJECT_CONNECTION_CONNECTED메Code: 0
[4996] 2017/12/07 13:32:31.217 OnConnect ( 3001 , 0 ) 
[4996] 2017/12/07 13:32:36.960 SKOSQuoteLib_RequestKLine (TX00,0)
[4996] 2017/12/07 13:32:36.960 KLine Format Error !
[4996] 2017/12/07 13:32:37.030 SKOSQuoteLib_RequestKLine (TX00,1)
[4996] 2017/12/07 13:32:37.030 KLine Format Error !
[8656] 2017/12/07 13:35:52.101 Connect Server: FORT14.capital.com.tw 443
[8656] 2017/12/07 13:35:55.148 SK_SUBJECT_CONNECTION_CONNECTED메Code: 0
[8656] 2017/12/07 13:35:56.064 OnConnect ( 3001 , 0 ) 
[8656] 2017/12/07 13:36:00.615 SKOSQuoteLib_RequestKLine (TX00,0)
[8656] 2017/12/07 13:36:00.615 KLine Format Error !
[8656] 2017/12/07 13:36:00.687 SKOSQuoteLib_RequestKLine (TX00,1)
[8656] 2017/12/07 13:36:00.687 KLine Format Error !
[11820] 2017/12/07 13:37:02.494 Connect Server: FORT14.capital.com.tw 443
[11820] 2017/12/07 13:37:05.434 SK_SUBJECT_CONNECTION_CONNECTED메Code: 0
[11820] 2017/12/07 13:37:06.400 OnConnect ( 3001 , 0 ) 
[11820] 2017/12/07 13:37:10.985 SKOSQuoteLib_RequestKLine (TX00,0)
[11820] 2017/12/07 13:37:10.985 KLine Format Error !
[11820] 2017/12/07 13:37:11.051 SKOSQuoteLib_RequestKLine (TX00,1)
[11820] 2017/12/07 13:37:11.051 KLine Format Error !
[4492] 2017/12/07 13:49:46.533 Connect Server: FORT14.capital.com.tw 443
[4492] 2017/12/07 13:49:49.641 SK_SUBJECT_CONNECTION_CONNECTED메Code: 0
[4492] 2017/12/07 13:49:50.467 OnConnect ( 3001 , 0 ) 
[4492] 2017/12/07 13:49:55.018 SKOSQuoteLib_RequestKLine (TX00,0)
[4492] 2017/12/07 13:49:55.018 KLine Format Error !
[4492] 2017/12/07 13:49:55.088 SKOSQuoteLib_RequestKLine (TX00,1)
[4492] 2017/12/07 13:49:55.089 KLine Format Error !
[8456] 2017/12/07 13:56:18.158 Connect Server: FORT03.capital.com.tw 443
[8456] 2017/12/07 13:56:21.218 SK_SUBJECT_CONNECTION_CONNECTED메Code: 0
[8456] 2017/12/07 13:56:22.140 OnConnect ( 3001 , 0 ) 
[8456] 2017/12/07 13:56:28.552 SKOSQuoteLib_RequestKLine (TX00,0)
[8456] 2017/12/07 13:56:28.553 KLine Format Error !
[8456] 2017/12/07 13:56:28.621 SKOSQuoteLib_RequestKLine (TX00,1)
[8456] 2017/12/07 13:56:28.621 KLine Format Error !
[9728] 2017/12/07 13:58:51.016 Connect Server: FORT03.capital.com.tw 443
[9728] 2017/12/07 13:58:53.914 SK_SUBJECT_CONNECTION_CONNECTED메Code: 0
[9728] 2017/12/07 13:58:54.880 OnConnect ( 3001 , 0 ) 
[9728] 2017/12/07 13:58:59.489 SKOSQuoteLib_RequestKLine (TX00,0)
[9728] 2017/12/07 13:58:59.489 KLine Format Error !
[9728] 2017/12/07 13:58:59.556 SKOSQuoteLib_RequestKLine (TX00,1)
[9728] 2017/12/07 13:58:59.556 KLine Format Error !
[9728] 2017/12/07 13:59:09.231 SKOSQuoteLib_RequestKLine (TX00,0)
[9728] 2017/12/07 13:59:09.231 KLine Format Error !
[9728] 2017/12/07 13:59:09.315 SKOSQuoteLib_RequestKLine (TX00,1)
[9728] 2017/12/07 13:59:09.315 KLine Format Error !
[9728] 2017/12/07 14:02:21.382 SK_SUBJECT_CONNECTION_DISCONNECT메Code: 10054
[11892] 2017/12/07 14:03:11.087 Connect Server: FORT03.capital.com.tw 443
[11892] 2017/12/07 14:03:14.240 SK_SUBJECT_CONNECTION_CONNECTED메Code: 0
[11892] 2017/12/07 14:03:15.150 OnConnect ( 3001 , 0 ) 
[11892] 2017/12/07 14:03:19.263 SKOSQuoteLib_RequestKLine (CME,ES_1712,0)
[11892] 2017/12/07 14:03:20.897 SKOSQuoteLib_RequestKLine (CME,ES_1712,1)
[11892] 2017/12/07 14:03:27.597 SKOSQuoteLib_RequestKLine (TX00,0)
[11892] 2017/12/07 14:03:27.597 KLine Format Error !
[11892] 2017/12/07 14:03:27.683 SKOSQuoteLib_RequestKLine (TX00,1)
[11892] 2017/12/07 14:03:27.683 KLine Format Error !
[11892] 2017/12/07 14:06:01.120 SK_SUBJECT_CONNECTION_DISCONNECT메Code: 10054
[5280] 2017/12/07 14:07:45.150 Connect Server: FORT14.capital.com.tw 443
[5280] 2017/12/07 14:07:48.261 SK_SUBJECT_CONNECTION_CONNECTED메Code: 0
[5280] 2017/12/07 14:07:49.172 OnConnect ( 3001 , 0 ) 
[5280] 2017/12/07 14:07:54.618 SKOSQuoteLib_RequestKLine (TX00,0)
[5280] 2017/12/07 14:07:54.618 KLine Format Error !
[5280] 2017/12/07 14:07:54.689 SKOSQuoteLib_RequestKLine (TX00,1)
[5280] 2017/12/07 14:07:54.689 KLine Format Error !
[11608] 2017/12/07 14:10:30.361 Connect Server: FORT03.capital.com.tw 443
[11608] 2017/12/07 14:10:33.410 SK_SUBJECT_CONNECTION_CONNECTED메Code: 0
[11608] 2017/12/07 14:10:34.321 OnConnect ( 3001 , 0 ) 
[11608] 2017/12/07 14:10:38.873 SKOSQuoteLib_RequestKLine (TX00,0)
[11608] 2017/12/07 14:10:38.873 KLine Format Error !
[11608] 2017/12/07 14:10:38.945 SKOSQuoteLib_RequestKLine (TX00,1)
[11608] 2017/12/07 14:10:38.946 KLine Format Error !
[11608] 2017/12/07 14:10:39.448 SKOSQuoteLib_RequestStocks (0,TX00)
[11608] 2017/12/07 14:10:39.448 TX00 StockNo Format Error 
[11644] 2017/12/07 16:44:22.219 Connect Server: FORT03.capital.com.tw 443
[11644] 2017/12/07 16:44:25.308 SK_SUBJECT_CONNECTION_CONNECTED메Code: 0
[11644] 2017/12/07 16:44:26.224 OnConnect ( 3001 , 0 ) 
[11644] 2017/12/07 16:44:33.111 SKOSQuoteLib_RequestKLine (TX00,0)
[11644] 2017/12/07 16:44:33.111 KLine Format Error !
[11644] 2017/12/07 16:44:33.198 SKOSQuoteLib_RequestKLine (TX00,1)
[11644] 2017/12/07 16:44:33.198 KLine Format Error !
[11644] 2017/12/07 16:44:33.742 SKOSQuoteLib_RequestStocks (0,TX00)
[11644] 2017/12/07 16:44:33.742 TX00 StockNo Format Error 
[8532] 2017/12/07 20:28:15.168 Connect Server: FORT03.capital.com.tw 443
[8532] 2017/12/07 20:28:18.161 SK_SUBJECT_CONNECTION_CONNECTED메Code: 0
[8532] 2017/12/07 20:28:19.087 OnConnect ( 3001 , 0 ) 
[8532] 2017/12/07 20:28:29.150 SKOSQuoteLib_RequestKLine (CME,ES_1712,0)
[8532] 2017/12/07 20:28:32.072 SKOSQuoteLib_RequestKLine (CME,ES_1712,1)
[8532] 2017/12/07 20:28:32.793 SKOSQuoteLib_RequestStocks (0,CME,ES_1712)
[8532] 2017/12/07 20:28:36.850 SKOSQuoteLib_RequestKLine (TX00,0)
[8532] 2017/12/07 20:28:36.850 KLine Format Error !
[8532] 2017/12/07 20:28:36.938 SKOSQuoteLib_RequestKLine (TX00,1)
[8532] 2017/12/07 20:28:36.938 KLine Format Error !
[8532] 2017/12/07 20:28:39.609 SKOSQuoteLib_RequestStocks (0,TX00)
[8532] 2017/12/07 20:28:39.609 TX00 StockNo Format Error 
[10996] 2017/12/07 20:29:13.197 Connect Server: FORT03.capital.com.tw 443
[10996] 2017/12/07 20:29:16.021 SK_SUBJECT_CONNECTION_CONNECTED메Code: 0
[10996] 2017/12/07 20:29:16.987 OnConnect ( 3001 , 0 ) 
[10996] 2017/12/07 20:29:21.754 SKOSQuoteLib_RequestKLine (TX00,0)
[10996] 2017/12/07 20:29:21.755 KLine Format Error !
[10996] 2017/12/07 20:29:21.847 SKOSQuoteLib_RequestKLine (TX00,1)
[10996] 2017/12/07 20:29:21.847 KLine Format Error !
[10996] 2017/12/07 20:29:24.572 SKOSQuoteLib_RequestStocks (0,TX00)
[10996] 2017/12/07 20:29:24.572 TX00 StockNo Format Error 
[12844] 2017/12/07 20:29:57.273 Connect Server: FORT03.capital.com.tw 443
[12844] 2017/12/07 20:30:00.436 SK_SUBJECT_CONNECTION_CONNECTED메Code: 0
[12844] 2017/12/07 20:30:01.403 OnConnect ( 3001 , 0 ) 
[12844] 2017/12/07 20:30:06.011 SKOSQuoteLib_RequestKLine (TX00,0)
[12844] 2017/12/07 20:30:06.011 KLine Format Error !
[12844] 2017/12/07 20:30:06.078 SKOSQuoteLib_RequestKLine (TX00,1)
[12844] 2017/12/07 20:30:06.078 KLine Format Error !
[12844] 2017/12/07 20:30:08.725 SKOSQuoteLib_RequestStocks (0,TX00)
[12844] 2017/12/07 20:30:08.725 TX00 StockNo Format Error 
[12844] 2017/12/07 20:30:35.992 -----------------------------------------------------------------
[3488] 2017/12/07 20:34:20.778 Connect Server: FORT14.capital.com.tw 443
[3488] 2017/12/07 20:34:23.907 SK_SUBJECT_CONNECTION_CONNECTED메Code: 0
[3488] 2017/12/07 20:34:24.732 OnConnect ( 3001 , 0 ) 
[3488] 2017/12/07 20:34:29.436 SKOSQuoteLib_RequestKLine (TX00,0)
[3488] 2017/12/07 20:34:29.436 KLine Format Error !
[3488] 2017/12/07 20:34:29.511 SKOSQuoteLib_RequestKLine (TX00,1)
[3488] 2017/12/07 20:34:29.511 KLine Format Error !
[3488] 2017/12/07 20:34:29.834 SKOSQuoteLib_RequestStocks (0,TX00)
[3488] 2017/12/07 20:34:29.834 TX00 StockNo Format Error 
[3488] 2017/12/07 20:34:57.482 -----------------------------------------------------------------
[12760] 2017/12/07 20:35:15.063 Connect Server: FORT03.capital.com.tw 443
[12760] 2017/12/07 20:35:17.990 SK_SUBJECT_CONNECTION_CONNECTED메Code: 0
[12760] 2017/12/07 20:35:18.890 OnConnect ( 3001 , 0 ) 
[12760] 2017/12/07 20:35:28.563 SKOSQuoteLib_RequestKLine (TX00,0)
[12760] 2017/12/07 20:35:28.563 KLine Format Error !
[12760] 2017/12/07 20:35:28.692 SKOSQuoteLib_RequestKLine (TX00,1)
[12760] 2017/12/07 20:35:28.692 KLine Format Error !
[12760] 2017/12/07 20:35:31.035 SKOSQuoteLib_RequestStocks (0,TX00)
[12760] 2017/12/07 20:35:31.035 TX00 StockNo Format Error 
[12760] 2017/12/07 20:36:00.953 -----------------------------------------------------------------
