-----------------------------------------------------------------
[15120] 2017/12/11 17:45:25.299 SK_SUBJECT_CONNECTION_CONNECTED¡ACode: 0
[15120] 2017/12/11 17:45:25.673 SKQuoteLib_EnterMonitor IP¡Gsrvsolace-tp.capital.com.tw
[15120] 2017/12/11 17:45:25.913 market(0)  Ready!
[15120] 2017/12/11 17:45:26.005 market(2)  Ready!
[15120] 2017/12/11 17:45:26.008 market(1)  Ready!
[15120] 2017/12/11 17:45:26.058 market(3)  Ready!
[15120] 2017/12/11 17:45:26.060 market(4)  Ready!
[15120] 2017/12/11 17:45:29.365 Market Info is OK!
[15120] 2017/12/11 17:45:29.945 Catalog info is OK!
[15120] 2017/12/11 17:45:30.951 SKQuoteLib_RequestServerTime()
[15120] 2017/12/11 17:45:31.408 SKQuoteLib_RequestServerTime()
[15120] 2017/12/11 17:45:31.985 SKQuoteLib_RequestServerTime()
[15120] 2017/12/11 17:45:32.979 SKQuoteLib_RequestServerTime()
[15120] 2017/12/11 17:45:34.079 SKQuoteLib_RequestServerTime()
[15120] 2017/12/11 17:45:34.977 SKQuoteLib_RequestServerTime()
[15120] 2017/12/11 17:45:38.750 SKQuoteLib_RequestServerTime()
[15120] 2017/12/11 17:45:38.989 SKQuoteLib_RequestServerTime()
[15120] 2017/12/11 17:45:40.128  SKQuoteLib_RequestTicks ( 0 , CME,ES_1712 )
[15120] 2017/12/11 17:45:40.425 SKQuoteLib_RequestServerTime()
[15120] 2017/12/11 17:45:42.028 SKQuoteLib_RequestServerTime()
[15120] 2017/12/11 17:45:42.980 SKQuoteLib_RequestServerTime()
[15120] 2017/12/11 17:45:43.978 SKQuoteLib_RequestServerTime()
[15120] 2017/12/11 17:45:44.972 SKQuoteLib_RequestServerTime()
[15120] 2017/12/11 17:45:46.097 SKQuoteLib_RequestServerTime()
[15120] 2017/12/11 17:45:46.980 SKQuoteLib_RequestServerTime()
[15120] 2017/12/11 17:45:47.980 SKQuoteLib_RequestServerTime()
[15120] 2017/12/11 17:45:48.972 SKQuoteLib_RequestServerTime()
[15120] 2017/12/11 17:45:49.979 SKQuoteLib_RequestServerTime()
[15120] 2017/12/11 17:45:50.975 SKQuoteLib_RequestServerTime()
[15120] 2017/12/11 17:45:52.122 SKQuoteLib_RequestServerTime()
[15120] 2017/12/11 17:45:52.980 SKQuoteLib_RequestServerTime()
[15120] 2017/12/11 17:45:53.975 SKQuoteLib_RequestServerTime()
[15120] 2017/12/11 17:45:54.972 SKQuoteLib_RequestServerTime()
[15120] 2017/12/11 17:45:55.978 SKQuoteLib_RequestServerTime()
[15120] 2017/12/11 17:45:56.980 SKQuoteLib_RequestServerTime()
[15120] 2017/12/11 17:45:58.110 SKQuoteLib_RequestServerTime()
[15120] 2017/12/11 17:45:58.974 SKQuoteLib_RequestServerTime()
[15120] 2017/12/11 17:45:59.976 SKQuoteLib_RequestServerTime()
[15120] 2017/12/11 17:46:00.977 SKQuoteLib_RequestServerTime()
[15120] 2017/12/11 17:46:01.975 SKQuoteLib_RequestServerTime()
[15120] 2017/12/11 17:46:02.973 SKQuoteLib_RequestServerTime()
[15120] 2017/12/11 17:46:04.109 SKQuoteLib_RequestServerTime()
[15120] 2017/12/11 17:46:05.276 SKQuoteLib_RequestServerTime()
[15120] 2017/12/11 17:46:05.974 SKQuoteLib_RequestServerTime()
[15120] 2017/12/11 17:46:06.972 SKQuoteLib_RequestServerTime()
[15120] 2017/12/11 17:46:07.975 SKQuoteLib_RequestServerTime()
[15120] 2017/12/11 17:46:08.976 SKQuoteLib_RequestServerTime()
[15120] 2017/12/11 17:46:10.143 SKQuoteLib_RequestServerTime()
[15120] 2017/12/11 17:46:10.972 SKQuoteLib_RequestServerTime()
[15120] 2017/12/11 17:46:11.973 SKQuoteLib_RequestServerTime()
[15120] 2017/12/11 17:46:12.974 SKQuoteLib_RequestServerTime()
[15120] 2017/12/11 17:46:13.974 SKQuoteLib_RequestServerTime()
[15120] 2017/12/11 17:46:14.973 SKQuoteLib_RequestServerTime()
[15120] 2017/12/11 17:46:16.110 SKQuoteLib_RequestServerTime()
[15120] 2017/12/11 17:46:16.976 SKQuoteLib_RequestServerTime()
[15120] 2017/12/11 17:46:17.983 SKQuoteLib_RequestServerTime()
[15120] 2017/12/11 17:46:18.975 SKQuoteLib_RequestServerTime()
[15120] 2017/12/11 17:46:19.972 SKQuoteLib_RequestServerTime()
[15120] 2017/12/11 17:46:20.979 SKQuoteLib_RequestServerTime()
[15120] 2017/12/11 17:46:22.212 SKQuoteLib_RequestServerTime()
[15120] 2017/12/11 17:46:23.018 SKQuoteLib_RequestServerTime()
[15120] 2017/12/11 17:46:23.980 SKQuoteLib_RequestServerTime()
[15120] 2017/12/11 17:46:25.401 SKQuoteLib_RequestServerTime()
[15120] 2017/12/11 17:46:26.390 SKQuoteLib_RequestServerTime()
[15120] 2017/12/11 17:46:26.974 SKQuoteLib_RequestServerTime()
[15120] 2017/12/11 17:46:28.171 SKQuoteLib_RequestServerTime()
[15120] 2017/12/11 17:46:28.972 SKQuoteLib_RequestServerTime()
[15120] 2017/12/11 17:46:29.973 SKQuoteLib_RequestServerTime()
[15120] 2017/12/11 17:46:30.979 SKQuoteLib_RequestServerTime()
[15120] 2017/12/11 17:46:31.980 SKQuoteLib_RequestServerTime()
[15120] 2017/12/11 17:46:33.389 SKQuoteLib_RequestServerTime()
[15120] 2017/12/11 17:46:34.128 SKQuoteLib_RequestServerTime()
[15120] 2017/12/11 17:46:34.974 SKQuoteLib_RequestServerTime()
[15120] 2017/12/11 17:46:35.974 SKQuoteLib_RequestServerTime()
[15120] 2017/12/11 17:46:36.975 SKQuoteLib_RequestServerTime()
[15120] 2017/12/11 17:46:37.978 SKQuoteLib_RequestServerTime()
[15120] 2017/12/11 17:46:38.973 SKQuoteLib_RequestServerTime()
[15120] 2017/12/11 17:46:40.158 SKQuoteLib_RequestServerTime()
[15120] 2017/12/11 17:46:40.983 SKQuoteLib_RequestServerTime()
[15120] 2017/12/11 17:46:41.973 SKQuoteLib_RequestServerTime()
[15120] 2017/12/11 17:46:42.973 SKQuoteLib_RequestServerTime()
[15120] 2017/12/11 17:46:43.972 SKQuoteLib_RequestServerTime()
[15120] 2017/12/11 17:46:44.976 SKQuoteLib_RequestServerTime()
[15120] 2017/12/11 17:46:46.083 SKQuoteLib_RequestServerTime()
[15120] 2017/12/11 17:46:46.981 SKQuoteLib_RequestServerTime()
[15120] 2017/12/11 17:46:47.977 SKQuoteLib_RequestServerTime()
[15120] 2017/12/11 17:46:48.975 SKQuoteLib_RequestServerTime()
[15120] 2017/12/11 17:46:49.977 SKQuoteLib_RequestServerTime()
[15120] 2017/12/11 17:46:50.978 SKQuoteLib_RequestServerTime()
[15120] 2017/12/11 17:46:52.117 SKQuoteLib_RequestServerTime()
[15120] 2017/12/11 17:46:52.979 SKQuoteLib_RequestServerTime()
[15120] 2017/12/11 17:46:53.981 SKQuoteLib_RequestServerTime()
[15120] 2017/12/11 17:46:54.973 SKQuoteLib_RequestServerTime()
[15120] 2017/12/11 17:46:55.974 SKQuoteLib_RequestServerTime()
[15120] 2017/12/11 17:46:56.975 SKQuoteLib_RequestServerTime()
[15120] 2017/12/11 17:46:58.100 SKQuoteLib_RequestServerTime()
[15120] 2017/12/11 17:46:58.978 SKQuoteLib_RequestServerTime()
[15120] 2017/12/11 17:46:59.977 SKQuoteLib_RequestServerTime()
[15120] 2017/12/11 17:47:00.973 SKQuoteLib_RequestServerTime()
[15120] 2017/12/11 17:47:01.975 SKQuoteLib_RequestServerTime()
[15120] 2017/12/11 17:47:02.981 SKQuoteLib_RequestServerTime()
[15120] 2017/12/11 17:47:04.138 SKQuoteLib_RequestServerTime()
[15120] 2017/12/11 17:47:04.973 SKQuoteLib_RequestServerTime()
[15120] 2017/12/11 17:47:05.976 SKQuoteLib_RequestServerTime()
[15120] 2017/12/11 17:47:06.980 SKQuoteLib_RequestServerTime()
[15120] 2017/12/11 17:47:07.982 SKQuoteLib_RequestServerTime()
[15120] 2017/12/11 17:47:08.974 SKQuoteLib_RequestServerTime()
[15120] 2017/12/11 17:47:10.060 SKQuoteLib_RequestServerTime()
[15120] 2017/12/11 17:47:10.979 SKQuoteLib_RequestServerTime()
[15120] 2017/12/11 17:47:11.976 SKQuoteLib_RequestServerTime()
[15120] 2017/12/11 17:47:12.976 SKQuoteLib_RequestServerTime()
[15120] 2017/12/11 17:47:13.981 SKQuoteLib_RequestServerTime()
[15120] 2017/12/11 17:47:14.982 SKQuoteLib_RequestServerTime()
[15120] 2017/12/11 17:47:16.135 SKQuoteLib_RequestServerTime()
[15120] 2017/12/11 17:47:16.973 SKQuoteLib_RequestServerTime()
[15120] 2017/12/11 17:47:17.980 SKQuoteLib_RequestServerTime()
[15120] 2017/12/11 17:47:18.973 SKQuoteLib_RequestServerTime()
[15120] 2017/12/11 17:47:19.978 SKQuoteLib_RequestServerTime()
[15120] 2017/12/11 17:47:20.983 SKQuoteLib_RequestServerTime()
[15120] 2017/12/11 17:47:22.082 SKQuoteLib_RequestServerTime()
[15120] 2017/12/11 17:47:22.978 SKQuoteLib_RequestServerTime()
[15120] 2017/12/11 17:47:23.978 SKQuoteLib_RequestServerTime()
[15120] 2017/12/11 17:47:24.975 SKQuoteLib_RequestServerTime()
[15120] 2017/12/11 17:47:25.978 SKQuoteLib_RequestServerTime()
[15120] 2017/12/11 17:47:26.974 SKQuoteLib_RequestServerTime()
[15120] 2017/12/11 17:47:28.150 SKQuoteLib_RequestServerTime()
[15120] 2017/12/11 17:47:28.972 SKQuoteLib_RequestServerTime()
[15120] 2017/12/11 17:47:29.975 SKQuoteLib_RequestServerTime()
[15120] 2017/12/11 17:47:30.972 SKQuoteLib_RequestServerTime()
[15120] 2017/12/11 17:47:31.975 SKQuoteLib_RequestServerTime()
[15120] 2017/12/11 17:47:32.973 SKQuoteLib_RequestServerTime()
[15120] 2017/12/11 17:47:34.124 SKQuoteLib_RequestServerTime()
[15120] 2017/12/11 17:47:34.973 SKQuoteLib_RequestServerTime()
[15120] 2017/12/11 17:47:35.974 SKQuoteLib_RequestServerTime()
[15120] 2017/12/11 17:47:36.974 SKQuoteLib_RequestServerTime()
[15120] 2017/12/11 17:47:37.978 SKQuoteLib_RequestServerTime()
[15120] 2017/12/11 17:47:38.974 SKQuoteLib_RequestServerTime()
[15120] 2017/12/11 17:47:40.089 SKQuoteLib_RequestServerTime()
[15120] 2017/12/11 17:47:40.977 SKQuoteLib_RequestServerTime()
[15120] 2017/12/11 17:47:41.977 SKQuoteLib_RequestServerTime()
[15120] 2017/12/11 17:47:42.973 SKQuoteLib_RequestServerTime()
[15120] 2017/12/11 17:47:43.981 SKQuoteLib_RequestServerTime()
[15120] 2017/12/11 17:47:44.975 SKQuoteLib_RequestServerTime()
[15120] 2017/12/11 17:47:46.100 SKQuoteLib_RequestServerTime()
[15120] 2017/12/11 17:47:46.983 SKQuoteLib_RequestServerTime()
[15120] 2017/12/11 17:47:47.975 SKQuoteLib_RequestServerTime()
[15120] 2017/12/11 17:47:48.976 SKQuoteLib_RequestServerTime()
[15120] 2017/12/11 17:47:49.979 SKQuoteLib_RequestServerTime()
[15120] 2017/12/11 17:47:50.979 SKQuoteLib_RequestServerTime()
[15120] 2017/12/11 17:47:52.112 SKQuoteLib_RequestServerTime()
[15120] 2017/12/11 17:47:52.973 SKQuoteLib_RequestServerTime()
[15120] 2017/12/11 17:47:53.973 SKQuoteLib_RequestServerTime()
[15120] 2017/12/11 17:47:54.978 SKQuoteLib_RequestServerTime()
[15120] 2017/12/11 17:47:55.973 SKQuoteLib_RequestServerTime()
[15120] 2017/12/11 17:47:56.972 SKQuoteLib_RequestServerTime()
[15120] 2017/12/11 17:47:58.108 SKQuoteLib_RequestServerTime()
[15120] 2017/12/11 17:47:58.974 SKQuoteLib_RequestServerTime()
[15120] 2017/12/11 17:47:59.983 SKQuoteLib_RequestServerTime()
[15120] 2017/12/11 17:48:00.979 SKQuoteLib_RequestServerTime()
[15120] 2017/12/11 17:48:01.976 SKQuoteLib_RequestServerTime()
[15120] 2017/12/11 17:48:02.981 SKQuoteLib_RequestServerTime()
[15120] 2017/12/11 17:48:04.111 SKQuoteLib_RequestServerTime()
[15120] 2017/12/11 17:48:04.973 SKQuoteLib_RequestServerTime()
[15120] 2017/12/11 17:48:05.977 SKQuoteLib_RequestServerTime()
[15120] 2017/12/11 17:48:06.982 SKQuoteLib_RequestServerTime()
[15120] 2017/12/11 17:48:07.979 SKQuoteLib_RequestServerTime()
[15120] 2017/12/11 17:48:08.977 SKQuoteLib_RequestServerTime()
[15120] 2017/12/11 17:48:10.104 SKQuoteLib_RequestServerTime()
[15120] 2017/12/11 17:48:10.973 SKQuoteLib_RequestServerTime()
[15120] 2017/12/11 17:48:11.972 SKQuoteLib_RequestServerTime()
[15120] 2017/12/11 17:48:12.977 SKQuoteLib_RequestServerTime()
[15120] 2017/12/11 17:48:13.975 SKQuoteLib_RequestServerTime()
[15120] 2017/12/11 17:48:14.973 SKQuoteLib_RequestServerTime()
[15120] 2017/12/11 17:48:16.106 SKQuoteLib_RequestServerTime()
[15120] 2017/12/11 17:48:16.978 SKQuoteLib_RequestServerTime()
[15120] 2017/12/11 17:48:17.975 SKQuoteLib_RequestServerTime()
[15120] 2017/12/11 17:48:18.977 SKQuoteLib_RequestServerTime()
[15120] 2017/12/11 17:48:19.973 SKQuoteLib_RequestServerTime()
[15120] 2017/12/11 17:48:20.977 SKQuoteLib_RequestServerTime()
[15120] 2017/12/11 17:48:22.082 SKQuoteLib_RequestServerTime()
[15120] 2017/12/11 17:48:22.979 SKQuoteLib_RequestServerTime()
[15120] 2017/12/11 17:48:23.977 SKQuoteLib_RequestServerTime()
[15120] 2017/12/11 17:48:24.972 SKQuoteLib_RequestServerTime()
[15120] 2017/12/11 17:48:25.972 SKQuoteLib_RequestServerTime()
[15120] 2017/12/11 17:48:26.973 SKQuoteLib_RequestServerTime()
[15120] 2017/12/11 17:48:28.120 SKQuoteLib_RequestServerTime()
[15120] 2017/12/11 17:48:28.978 SKQuoteLib_RequestServerTime()
[15120] 2017/12/11 17:48:29.976 SKQuoteLib_RequestServerTime()
[15120] 2017/12/11 17:48:30.972 SKQuoteLib_RequestServerTime()
[15120] 2017/12/11 17:48:31.974 SKQuoteLib_RequestServerTime()
[15120] 2017/12/11 17:48:32.972 SKQuoteLib_RequestServerTime()
[15120] 2017/12/11 17:48:34.117 SKQuoteLib_RequestServerTime()
[15120] 2017/12/11 17:48:34.973 SKQuoteLib_RequestServerTime()
[15120] 2017/12/11 17:48:35.977 SKQuoteLib_RequestServerTime()
[15120] 2017/12/11 17:48:36.973 SKQuoteLib_RequestServerTime()
[15120] 2017/12/11 17:48:37.982 SKQuoteLib_RequestServerTime()
[15120] 2017/12/11 17:48:38.975 SKQuoteLib_RequestServerTime()
[15120] 2017/12/11 17:48:40.103 SKQuoteLib_RequestServerTime()
[15120] 2017/12/11 17:48:40.972 SKQuoteLib_RequestServerTime()
[15120] 2017/12/11 17:48:41.974 SKQuoteLib_RequestServerTime()
[15120] 2017/12/11 17:48:42.994 SKQuoteLib_RequestServerTime()
[15120] 2017/12/11 17:48:43.975 SKQuoteLib_RequestServerTime()
[15120] 2017/12/11 17:48:44.980 SKQuoteLib_RequestServerTime()
[15120] 2017/12/11 17:48:46.105 SKQuoteLib_RequestServerTime()
[15120] 2017/12/11 17:48:46.974 SKQuoteLib_RequestServerTime()
[15120] 2017/12/11 17:48:47.973 SKQuoteLib_RequestServerTime()
[15120] 2017/12/11 17:48:49.314 SKQuoteLib_RequestServerTime()
[15120] 2017/12/11 17:48:49.975 SKQuoteLib_RequestServerTime()
[15120] 2017/12/11 17:48:50.979 SKQuoteLib_RequestServerTime()
[15120] 2017/12/11 17:48:52.176 SKQuoteLib_RequestServerTime()
[15120] 2017/12/11 17:48:52.972 SKQuoteLib_RequestServerTime()
[15120] 2017/12/11 17:48:53.974 SKQuoteLib_RequestServerTime()
[15120] 2017/12/11 17:48:54.979 SKQuoteLib_RequestServerTime()
[15120] 2017/12/11 17:48:55.975 SKQuoteLib_RequestServerTime()
[15120] 2017/12/11 17:48:56.973 SKQuoteLib_RequestServerTime()
[15120] 2017/12/11 17:48:58.108 SKQuoteLib_RequestServerTime()
[15120] 2017/12/11 17:48:58.981 SKQuoteLib_RequestServerTime()
[15120] 2017/12/11 17:48:59.973 SKQuoteLib_RequestServerTime()
[15120] 2017/12/11 17:49:00.977 SKQuoteLib_RequestServerTime()
[15120] 2017/12/11 17:49:01.973 SKQuoteLib_RequestServerTime()
[15120] 2017/12/11 17:49:02.973 SKQuoteLib_RequestServerTime()
[15120] 2017/12/11 17:49:04.129 SKQuoteLib_RequestServerTime()
[15120] 2017/12/11 17:49:04.977 SKQuoteLib_RequestServerTime()
[15120] 2017/12/11 17:49:05.980 SKQuoteLib_RequestServerTime()
[15120] 2017/12/11 17:49:06.973 SKQuoteLib_RequestServerTime()
[15120] 2017/12/11 17:49:07.974 SKQuoteLib_RequestServerTime()
[15120] 2017/12/11 17:49:08.972 SKQuoteLib_RequestServerTime()
[15120] 2017/12/11 17:49:10.154 SKQuoteLib_RequestServerTime()
[15120] 2017/12/11 17:49:10.974 SKQuoteLib_RequestServerTime()
[15120] 2017/12/11 17:49:12.002 SKQuoteLib_RequestServerTime()
[15120] 2017/12/11 17:49:12.977 SKQuoteLib_RequestServerTime()
[15120] 2017/12/11 17:49:13.982 SKQuoteLib_RequestServerTime()
[15120] 2017/12/11 17:49:14.973 SKQuoteLib_RequestServerTime()
[15120] 2017/12/11 17:49:16.122 SKQuoteLib_RequestServerTime()
[15120] 2017/12/11 17:49:16.979 SKQuoteLib_RequestServerTime()
[15120] 2017/12/11 17:49:17.973 SKQuoteLib_RequestServerTime()
[15120] 2017/12/11 17:49:18.973 SKQuoteLib_RequestServerTime()
[15120] 2017/12/11 17:49:19.979 SKQuoteLib_RequestServerTime()
[15120] 2017/12/11 17:49:20.974 SKQuoteLib_RequestServerTime()
[15120] 2017/12/11 17:49:22.077 SKQuoteLib_RequestServerTime()
[15120] 2017/12/11 17:49:22.974 SKQuoteLib_RequestServerTime()
[15120] 2017/12/11 17:49:23.974 SKQuoteLib_RequestServerTime()
[15120] 2017/12/11 17:49:24.978 SKQuoteLib_RequestServerTime()
[15120] 2017/12/11 17:49:25.977 SKQuoteLib_RequestServerTime()
[15120] 2017/12/11 17:49:26.981 SKQuoteLib_RequestServerTime()
[15120] 2017/12/11 17:49:28.122 SKQuoteLib_RequestServerTime()
[15120] 2017/12/11 17:49:28.974 SKQuoteLib_RequestServerTime()
[15120] 2017/12/11 17:49:29.974 SKQuoteLib_RequestServerTime()
[15120] 2017/12/11 17:49:30.978 SKQuoteLib_RequestServerTime()
[15120] 2017/12/11 17:49:31.974 SKQuoteLib_RequestServerTime()
[15120] 2017/12/11 17:49:32.976 SKQuoteLib_RequestServerTime()
[15120] 2017/12/11 17:49:34.113 SKQuoteLib_RequestServerTime()
[15120] 2017/12/11 17:49:34.983 SKQuoteLib_RequestServerTime()
[15120] 2017/12/11 17:49:35.976 SKQuoteLib_RequestServerTime()
[15120] 2017/12/11 17:49:36.980 SKQuoteLib_RequestServerTime()
[15120] 2017/12/11 17:49:37.973 SKQuoteLib_RequestServerTime()
[15120] 2017/12/11 17:49:38.981 SKQuoteLib_RequestServerTime()
[15120] 2017/12/11 17:49:40.105 SKQuoteLib_RequestServerTime()
[15120] 2017/12/11 17:49:40.981 SKQuoteLib_RequestServerTime()
[15120] 2017/12/11 17:49:41.974 SKQuoteLib_RequestServerTime()
[15120] 2017/12/11 17:49:42.977 SKQuoteLib_RequestServerTime()
[15120] 2017/12/11 17:49:43.981 SKQuoteLib_RequestServerTime()
[15120] 2017/12/11 17:49:44.975 SKQuoteLib_RequestServerTime()
[15120] 2017/12/11 17:49:46.114 SKQuoteLib_RequestServerTime()
[15120] 2017/12/11 17:49:46.976 SKQuoteLib_RequestServerTime()
[15120] 2017/12/11 17:49:47.976 SKQuoteLib_RequestServerTime()
[15120] 2017/12/11 17:49:48.974 SKQuoteLib_RequestServerTime()
[15120] 2017/12/11 17:49:49.974 SKQuoteLib_RequestServerTime()
[15120] 2017/12/11 17:49:50.977 SKQuoteLib_RequestServerTime()
[15120] 2017/12/11 17:49:52.106 SKQuoteLib_RequestServerTime()
[15120] 2017/12/11 17:49:52.979 SKQuoteLib_RequestServerTime()
[15120] 2017/12/11 17:49:53.976 SKQuoteLib_RequestServerTime()
[15120] 2017/12/11 17:49:54.973 SKQuoteLib_RequestServerTime()
[15120] 2017/12/11 17:49:55.975 SKQuoteLib_RequestServerTime()
[9584] 2017/12/11 17:58:01.089 SK_SUBJECT_CONNECTION_CONNECTED¡ACode: 0
[9584] 2017/12/11 17:58:01.487 SKQuoteLib_EnterMonitor IP¡Gsrvsolace-fg.capital.com.tw
[9584] 2017/12/11 17:58:01.754 market(0)  Ready!
[9584] 2017/12/11 17:58:01.761 market(1)  Ready!
[9584] 2017/12/11 17:58:01.767 market(2)  Ready!
[9584] 2017/12/11 17:58:01.774 market(3)  Ready!
[9584] 2017/12/11 17:58:01.954 market(4)  Ready!
[9584] 2017/12/11 17:58:05.615 Market Info is OK!
[9584] 2017/12/11 17:58:06.056 SKQuoteLib_RequestServerTime()
[9584] 2017/12/11 17:58:06.113 Catalog info is OK!
[9584] 2017/12/11 17:58:07.578 SKQuoteLib_RequestServerTime()
[9584] 2017/12/11 17:58:08.290 SKQuoteLib_RequestServerTime()
[9584] 2017/12/11 17:58:09.293 SKQuoteLib_RequestServerTime()
[9584] 2017/12/11 17:58:13.288 SKQuoteLib_RequestServerTime()
[9584] 2017/12/11 17:58:15.106  SKQuoteLib_RequestTicks ( 0 , CME,ES_1712 )
[9584] 2017/12/11 17:58:15.216 SKQuoteLib_RequestServerTime()
[9584] 2017/12/11 17:58:15.305 SKQuoteLib_RequestServerTime()
[9584] 2017/12/11 17:58:16.466 SKQuoteLib_RequestServerTime()
[9584] 2017/12/11 17:58:17.290 SKQuoteLib_RequestServerTime()
[9584] 2017/12/11 17:58:18.289 SKQuoteLib_RequestServerTime()
[9584] 2017/12/11 17:58:19.459 SKQuoteLib_RequestServerTime()
[9584] 2017/12/11 17:58:20.293 SKQuoteLib_RequestServerTime()
[9584] 2017/12/11 17:58:21.285 SKQuoteLib_RequestServerTime()
[9584] 2017/12/11 17:58:22.285 SKQuoteLib_RequestServerTime()
[9584] 2017/12/11 17:58:23.290 SKQuoteLib_RequestServerTime()
[9584] 2017/12/11 17:58:24.286 SKQuoteLib_RequestServerTime()
[9584] 2017/12/11 17:58:25.290 SKQuoteLib_RequestServerTime()
[9584] 2017/12/11 17:58:26.286 SKQuoteLib_RequestServerTime()
[9584] 2017/12/11 17:58:27.288 SKQuoteLib_RequestServerTime()
