-----------------------------------------------------------------
[13860] 2017/12/08 10:08:50.293 >> Host srvsolace-fg.capital.com.tw
[13860] 2017/12/08 10:08:52.647 連線
[12596] 2017/12/08 10:13:19.531 >> Host srvsolace-fg.capital.com.tw
[12596] 2017/12/08 10:13:21.811 連線
[14020] 2017/12/08 10:19:59.961 >> Host srvsolace-fg.capital.com.tw
[14020] 2017/12/08 10:20:02.379 連線
[11952] 2017/12/08 10:35:15.195 >> Host srvsolace-fg.capital.com.tw
[11952] 2017/12/08 10:35:17.701 連線
[11876] 2017/12/08 10:38:34.635 >> Host srvsolace-fg.capital.com.tw
[11876] 2017/12/08 10:38:36.959 連線
[11876] 2017/12/08 10:42:50.772 -----------------------------------------------------------------
[12452] 2017/12/08 10:44:32.431 >> Host srvsolace-fg.capital.com.tw
[12452] 2017/12/08 10:44:34.945 連線
[11436] 2017/12/08 10:47:46.351 >> Host srvsolace-tp.capital.com.tw
[11436] 2017/12/08 10:47:48.614 連線
[13828] 2017/12/08 10:55:18.554 >> Host srvsolace-fg.capital.com.tw
[13828] 2017/12/08 10:55:21.093 連線
[12920] 2017/12/08 11:02:53.107 >> Host srvsolace-fg.capital.com.tw
[12920] 2017/12/08 11:02:55.427 連線
[13960] 2017/12/08 11:04:32.671 >> Host srvsolace-tp.capital.com.tw
[13960] 2017/12/08 11:04:35.051 連線
[14120] 2017/12/08 11:06:21.681 >> Host srvsolace-tp.capital.com.tw
[14120] 2017/12/08 11:06:23.823 連線
[8152] 2017/12/08 11:07:34.960 >> Host srvsolace-tp.capital.com.tw
[8152] 2017/12/08 11:07:36.884 連線
[8152] 2017/12/08 11:09:33.523 -----------------------------------------------------------------
[14292] 2017/12/08 11:10:12.795 >> Host srvsolace-fg.capital.com.tw
[14292] 2017/12/08 11:10:14.759 連線
[14292] 2017/12/08 11:15:53.071 -----------------------------------------------------------------
[6336] 2017/12/08 11:39:45.318 >> Host srvsolace-fg.capital.com.tw
[6336] 2017/12/08 11:39:47.520 連線
[14180] 2017/12/08 11:42:44.452 >> Host srvsolace-fg.capital.com.tw
[14180] 2017/12/08 11:42:46.769 連線
[10836] 2017/12/08 11:43:32.466 >> Host srvsolace-fg.capital.com.tw
[10836] 2017/12/08 11:43:34.787 連線
[12340] 2017/12/08 11:44:15.431 >> Host srvsolace-fg.capital.com.tw
[12340] 2017/12/08 11:44:17.687 連線
[8528] 2017/12/08 11:44:56.007 >> Host srvsolace-fg.capital.com.tw
[10132] 2017/12/08 11:45:35.104 >> Host srvsolace-tp.capital.com.tw
[10132] 2017/12/08 11:45:37.584 連線
[12328] 2017/12/08 14:54:01.586 >> Host srvsolace-fg.capital.com.tw
[12328] 2017/12/08 14:54:03.510 連線
[12296] 2017/12/08 14:59:56.893 >> Host srvsolace-tp.capital.com.tw
[12296] 2017/12/08 14:59:58.763 連線
[10172] 2017/12/08 15:00:59.230 >> Host srvsolace-fg.capital.com.tw
[10172] 2017/12/08 15:01:01.362 連線
[10512] 2017/12/08 17:23:12.771 >> Host srvsolace-tp.capital.com.tw
[10512] 2017/12/08 17:23:15.063 連線
[13604] 2017/12/08 17:24:16.131 >> Host srvsolace-fg.capital.com.tw
[13604] 2017/12/08 17:24:18.596 連線
[14236] 2017/12/08 17:30:18.334 >> Host srvsolace-fg.capital.com.tw
[14236] 2017/12/08 17:30:20.806 連線
[11340] 2017/12/08 17:32:38.351 >> Host srvsolace-fg.capital.com.tw
[11340] 2017/12/08 17:32:40.709 連線
[11340] 2017/12/08 19:01:33.010 SK_SUBJECT_CONNECTION_FAIL_WITHOUTNETWORK，Code: 3
[14108] 2017/12/08 19:12:50.324 >> Host srvsolace-tp.capital.com.tw
[14108] 2017/12/08 19:12:52.323 連線
[14108] 2017/12/08 19:14:08.368 -----------------------------------------------------------------
[12868] 2017/12/08 19:15:08.481 >> Host srvsolace-tp.capital.com.tw
[12868] 2017/12/08 19:15:10.858 連線
[15244] 2017/12/08 19:25:24.855 >> Host srvsolace-fg.capital.com.tw
[15244] 2017/12/08 19:25:27.230 連線
[7564] 2017/12/08 19:29:05.854 >> Host srvsolace-fg.capital.com.tw
[7564] 2017/12/08 19:29:07.802 連線
[12688] 2017/12/08 19:30:52.008 >> Host srvsolace-fg.capital.com.tw
[12688] 2017/12/08 19:30:54.352 連線
[12688] 2017/12/08 19:32:50.278 -----------------------------------------------------------------
