-----------------------------------------------------------------
[12380] 2017/12/02 17:05:43.328 >> Host srvsolace-tp.capital.com.tw
[12380] 2017/12/02 17:05:45.965 連線
[12380] 2017/12/02 17:06:13.837 SK_SUBJECT_CONNECTION_FAIL_WITHOUTNETWORK，Code: 3
[3172] 2017/12/02 17:10:12.628 >> Host srvsolace-fg.capital.com.tw
[3172] 2017/12/02 17:10:15.077 連線
[6000] 2017/12/02 17:15:59.454 >> Host srvsolace-fg.capital.com.tw
[6000] 2017/12/02 17:16:01.771 連線
[11560] 2017/12/02 17:19:46.957 >> Host srvsolace-fg.capital.com.tw
[11560] 2017/12/02 17:19:49.249 連線
[10600] 2017/12/02 17:31:57.806 >> Host srvsolace-fg.capital.com.tw
[10600] 2017/12/02 17:32:00.159 連線
[15260] 2017/12/02 17:34:13.833 >> Host srvsolace-tp.capital.com.tw
[15260] 2017/12/02 17:34:16.358 連線
[14696] 2017/12/02 17:34:55.711 >> Host srvsolace-fg.capital.com.tw
[14696] 2017/12/02 17:34:58.159 連線
[10792] 2017/12/02 17:35:49.298 >> Host srvsolace-fg.capital.com.tw
[10792] 2017/12/02 17:35:51.598 連線
[6168] 2017/12/02 17:41:42.361 >> Host srvsolace-fg.capital.com.tw
[6168] 2017/12/02 17:41:44.722 連線
[14544] 2017/12/02 17:45:38.772 >> Host srvsolace-fg.capital.com.tw
[14544] 2017/12/02 17:45:41.316 連線
[668] 2017/12/02 21:08:38.903 >> Host srvsolace-fg.capital.com.tw
[668] 2017/12/02 21:08:41.220 連線
[3644] 2017/12/02 21:24:22.261 >> Host srvsolace-fg.capital.com.tw
[3644] 2017/12/02 21:24:24.468 連線
[10360] 2017/12/02 21:26:59.952 >> Host srvsolace-fg.capital.com.tw
[10360] 2017/12/02 21:27:02.226 連線
[9404] 2017/12/02 21:32:57.367 >> Host srvsolace-fg.capital.com.tw
[9404] 2017/12/02 21:32:59.557 連線
[1268] 2017/12/02 21:33:43.308 >> Host srvsolace-fg.capital.com.tw
[1268] 2017/12/02 21:33:45.512 連線
[32] 2017/12/02 21:35:53.968 >> Host srvsolace-fg.capital.com.tw
[32] 2017/12/02 21:35:56.178 連線
[8168] 2017/12/02 21:37:59.359 >> Host srvsolace-tp.capital.com.tw
[8168] 2017/12/02 21:38:01.693 連線
[12608] 2017/12/02 21:46:36.913 >> Host srvsolace-fg.capital.com.tw
[12608] 2017/12/02 21:46:39.191 連線
[12560] 2017/12/02 22:01:10.593 >> Host srvsolace-tp.capital.com.tw
[12560] 2017/12/02 22:01:12.430 連線
[7656] 2017/12/02 22:31:30.648 >> Host srvsolace-fg.capital.com.tw
[7656] 2017/12/02 22:31:33.481 連線
[12960] 2017/12/02 22:35:06.859 >> Host srvsolace-fg.capital.com.tw
[12960] 2017/12/02 22:35:09.306 連線
[10988] 2017/12/02 22:36:42.275 >> Host srvsolace-tp.capital.com.tw
[10988] 2017/12/02 22:36:44.630 連線
[5644] 2017/12/02 22:38:41.136 >> Host srvsolace-fg.capital.com.tw
[5644] 2017/12/02 22:38:44.038 連線
[10504] 2017/12/02 22:45:40.524 >> Host srvsolace-fg.capital.com.tw
[10504] 2017/12/02 22:45:42.587 連線
[10504] 2017/12/02 22:47:50.238 -----------------------------------------------------------------
[15280] 2017/12/02 22:56:05.416 >> Host srvsolace-fg.capital.com.tw
[15280] 2017/12/02 22:56:07.737 連線
[3676] 2017/12/02 22:57:22.438 >> Host srvsolace-tp.capital.com.tw
[3676] 2017/12/02 22:57:24.585 連線
[5304] 2017/12/02 22:59:34.966 >> Host srvsolace-fg.capital.com.tw
[5304] 2017/12/02 22:59:37.313 連線
[14456] 2017/12/02 23:01:57.661 >> Host srvsolace-tp.capital.com.tw
[14456] 2017/12/02 23:01:59.727 連線
[14456] 2017/12/02 23:03:50.082 -----------------------------------------------------------------
[2588] 2017/12/02 23:04:01.572 >> Host srvsolace-fg.capital.com.tw
[2588] 2017/12/02 23:04:03.512 連線
[8016] 2017/12/02 23:05:57.368 >> Host srvsolace-fg.capital.com.tw
[8016] 2017/12/02 23:05:59.283 連線
[8016] 2017/12/02 23:09:13.818 -----------------------------------------------------------------
[2588] 2017/12/02 23:09:16.105 -----------------------------------------------------------------
[6264] 2017/12/02 23:26:26.946 >> Host srvsolace-fg.capital.com.tw
[6264] 2017/12/02 23:26:28.884 連線
[12260] 2017/12/02 23:32:19.794 >> Host srvsolace-fg.capital.com.tw
[12260] 2017/12/02 23:32:21.692 連線
