-----------------------------------------------------------------
[1032] 2017/12/20 10:09:00.727 >> Host srvsolace-tp.capital.com.tw
[1032] 2017/12/20 10:09:02.947 連線
[6728] 2017/12/20 10:09:52.685 >> Host srvsolace-fg.capital.com.tw
[6728] 2017/12/20 10:09:55.046 連線
[10988] 2017/12/20 10:22:32.543 >> Host srvsolace-fg.capital.com.tw
[10988] 2017/12/20 10:22:34.711 連線
[12756] 2017/12/20 10:44:42.216 >> Host srvsolace-fg.capital.com.tw
[12756] 2017/12/20 10:44:44.475 連線
[11672] 2017/12/20 10:48:45.819 >> Host srvsolace-tp.capital.com.tw
[11672] 2017/12/20 10:48:48.143 連線
[2956] 2017/12/20 10:51:17.549 >> Host srvsolace-fg.capital.com.tw
[2956] 2017/12/20 10:51:19.822 連線
[6380] 2017/12/20 10:52:02.888 >> Host srvsolace-fg.capital.com.tw
[6380] 2017/12/20 10:52:05.104 連線
[9248] 2017/12/20 10:56:11.064 >> Host srvsolace-tp.capital.com.tw
[9248] 2017/12/20 10:56:13.378 連線
[10000] 2017/12/20 11:11:30.188 >> Host srvsolace-tp.capital.com.tw
[10000] 2017/12/20 11:11:32.495 連線
[11144] 2017/12/20 11:14:36.407 >> Host srvsolace-fg.capital.com.tw
[11144] 2017/12/20 11:14:38.706 連線
[10284] 2017/12/20 11:15:33.925 >> Host srvsolace-fg.capital.com.tw
[10284] 2017/12/20 11:15:35.986 連線
[10764] 2017/12/20 11:18:21.724 >> Host srvsolace-fg.capital.com.tw
[10764] 2017/12/20 11:18:23.921 連線
[10764] 2017/12/20 11:19:02.146 -----------------------------------------------------------------
[7496] 2017/12/20 11:20:02.067 >> Host srvsolace-tp.capital.com.tw
[7496] 2017/12/20 11:20:04.399 連線
[10340] 2017/12/20 11:21:23.481 >> Host srvsolace-fg.capital.com.tw
[10340] 2017/12/20 11:21:25.690 連線
[4156] 2017/12/20 11:23:16.624 >> Host srvsolace-fg.capital.com.tw
[4156] 2017/12/20 11:23:18.789 連線
[8116] 2017/12/20 11:26:10.793 >> Host srvsolace-fg.capital.com.tw
[8116] 2017/12/20 11:26:12.990 連線
[9192] 2017/12/20 11:27:05.073 >> Host srvsolace-fg.capital.com.tw
[9192] 2017/12/20 11:27:07.256 連線
[1652] 2017/12/20 11:28:09.660 >> Host srvsolace-fg.capital.com.tw
[1652] 2017/12/20 11:28:11.920 連線
[560] 2017/12/20 11:28:57.741 >> Host srvsolace-fg.capital.com.tw
[560] 2017/12/20 11:28:59.894 連線
[7956] 2017/12/20 11:46:32.451 >> Host srvsolace-fg.capital.com.tw
[7956] 2017/12/20 11:46:34.761 連線
[6928] 2017/12/20 11:47:10.799 >> Host srvsolace-tp.capital.com.tw
[6928] 2017/12/20 11:47:13.003 連線
[8120] 2017/12/20 11:56:08.507 >> Host srvsolace-fg.capital.com.tw
[8120] 2017/12/20 11:56:10.714 連線
[2336] 2017/12/20 11:56:52.985 >> Host srvsolace-tp.capital.com.tw
[2336] 2017/12/20 11:56:55.142 連線
[7224] 2017/12/20 12:02:45.888 >> Host srvsolace-tp.capital.com.tw
[7224] 2017/12/20 12:02:48.047 連線
[8476] 2017/12/20 12:17:07.839 >> Host srvsolace-fg.capital.com.tw
[8476] 2017/12/20 12:17:10.175 連線
[3060] 2017/12/20 12:20:11.750 >> Host srvsolace-fg.capital.com.tw
[3060] 2017/12/20 12:20:13.980 連線
[1892] 2017/12/20 12:21:47.206 >> Host srvsolace-tp.capital.com.tw
[1892] 2017/12/20 12:21:49.312 連線
[9188] 2017/12/20 12:22:14.737 >> Host srvsolace-tp.capital.com.tw
[9188] 2017/12/20 12:22:16.726 連線
[1272] 2017/12/20 12:28:04.129 >> Host srvsolace-fg.capital.com.tw
[1272] 2017/12/20 12:28:06.267 連線
[1272] 2017/12/20 12:28:37.681 -----------------------------------------------------------------
[10268] 2017/12/20 12:29:04.168 >> Host srvsolace-fg.capital.com.tw
[10268] 2017/12/20 12:29:06.326 連線
[6372] 2017/12/20 12:31:03.693 >> Host srvsolace-fg.capital.com.tw
[6372] 2017/12/20 12:31:05.785 連線
[6296] 2017/12/20 12:33:05.327 >> Host srvsolace-fg.capital.com.tw
[6296] 2017/12/20 12:33:07.463 連線
[5108] 2017/12/20 12:33:28.899 >> Host srvsolace-fg.capital.com.tw
[5108] 2017/12/20 12:33:31.129 連線
[6440] 2017/12/20 12:34:28.249 >> Host srvsolace-fg.capital.com.tw
[6440] 2017/12/20 12:34:30.452 連線
[9340] 2017/12/20 12:43:36.815 >> Host srvsolace-tp.capital.com.tw
[9340] 2017/12/20 12:43:39.062 連線
[5880] 2017/12/20 12:44:24.485 >> Host srvsolace-fg.capital.com.tw
[5880] 2017/12/20 12:44:26.638 連線
[9368] 2017/12/20 12:47:37.945 >> Host srvsolace-fg.capital.com.tw
[9368] 2017/12/20 12:47:40.174 連線
[3904] 2017/12/20 13:19:14.044 >> Host srvsolace-fg.capital.com.tw
[3904] 2017/12/20 13:19:16.363 連線
[7564] 2017/12/20 13:20:26.677 >> Host srvsolace-fg.capital.com.tw
[7564] 2017/12/20 13:20:28.877 連線
[7220] 2017/12/20 13:35:30.824 >> Host srvsolace-fg.capital.com.tw
[7220] 2017/12/20 13:35:32.954 連線
[7436] 2017/12/20 13:44:39.303 >> Host srvsolace-fg.capital.com.tw
[7436] 2017/12/20 13:44:41.527 連線
[6812] 2017/12/20 13:46:25.109 >> Host srvsolace-tp.capital.com.tw
[6812] 2017/12/20 13:46:27.316 連線
[7896] 2017/12/20 13:50:07.842 >> Host srvsolace-tp.capital.com.tw
[7896] 2017/12/20 13:50:09.945 連線
[2376] 2017/12/20 13:51:16.798 >> Host srvsolace-fg.capital.com.tw
[2376] 2017/12/20 13:51:18.950 連線
[5708] 2017/12/20 13:54:21.679 >> Host srvsolace-tp.capital.com.tw
[5708] 2017/12/20 13:54:23.722 連線
[10520] 2017/12/20 13:55:22.093 >> Host srvsolace-fg.capital.com.tw
[10520] 2017/12/20 13:55:24.361 連線
[2916] 2017/12/20 14:02:49.569 >> Host srvsolace-fg.capital.com.tw
[2916] 2017/12/20 14:02:51.766 連線
[8640] 2017/12/20 14:25:27.283 >> Host srvsolace-fg.capital.com.tw
[8640] 2017/12/20 14:25:29.490 連線
[3592] 2017/12/20 14:41:30.272 >> Host srvsolace-fg.capital.com.tw
[3592] 2017/12/20 14:41:32.419 連線
[8364] 2017/12/20 16:39:28.320 >> Host srvsolace-tp.capital.com.tw
[8364] 2017/12/20 16:39:30.297 連線
[5460] 2017/12/20 16:53:31.293 >> Host srvsolace-fg.capital.com.tw
[5460] 2017/12/20 16:53:33.476 連線
[5460] 2017/12/20 16:54:51.777 >> Host srvsolace-tp.capital.com.tw
[5460] 2017/12/20 16:54:53.930 連線
[2652] 2017/12/20 17:13:58.032 >> Host srvsolace-fg.capital.com.tw
[2652] 2017/12/20 17:13:59.726 連線
[5084] 2017/12/20 17:16:06.362 >> Host srvsolace-fg.capital.com.tw
[5084] 2017/12/20 17:16:08.164 連線
[8404] 2017/12/20 17:29:42.552 >> Host srvsolace-fg.capital.com.tw
[8404] 2017/12/20 17:29:44.850 連線
[8404] 2017/12/20 17:30:29.448 >> Host srvsolace-fg.capital.com.tw
[8404] 2017/12/20 17:30:31.574 連線
[5512] 2017/12/20 17:31:35.214 >> Host srvsolace-fg.capital.com.tw
[5512] 2017/12/20 17:31:37.317 連線
[5512] 2017/12/20 19:35:47.117 >> Host srvsolace-fg.capital.com.tw
[5512] 2017/12/20 19:35:49.250 連線
[10124] 2017/12/20 20:05:18.019 >> Host srvsolace-fg.capital.com.tw
[10124] 2017/12/20 20:05:20.557 連線
[4060] 2017/12/20 20:07:27.286 >> Host srvsolace-fg.capital.com.tw
[4060] 2017/12/20 20:07:29.515 連線
[10644] 2017/12/20 20:09:24.878 >> Host srvsolace-tp.capital.com.tw
[10644] 2017/12/20 20:09:27.026 連線
