-----------------------------------------------------------------
[8592] 2017/11/20 08:17:52.707 >> Host srvsolace-fg.capital.com.tw
[8592] 2017/11/20 08:17:54.843 連線
[2584] 2017/11/20 09:19:52.117 >> Host srvsolace-fg.capital.com.tw
[2584] 2017/11/20 09:19:54.038 連線
[6368] 2017/11/20 09:22:26.160 >> Host srvsolace-fg.capital.com.tw
[6368] 2017/11/20 09:22:28.386 連線
[10972] 2017/11/20 09:23:06.217 >> Host srvsolace-fg.capital.com.tw
[10972] 2017/11/20 09:23:08.410 連線
[804] 2017/11/20 09:24:18.296 >> Host srvsolace-tp.capital.com.tw
[804] 2017/11/20 09:24:20.539 連線
[7920] 2017/11/20 09:26:52.698 >> Host srvsolace-fg.capital.com.tw
[7920] 2017/11/20 09:26:54.926 連線
[2804] 2017/11/20 09:36:34.898 >> Host srvsolace-fg.capital.com.tw
[2804] 2017/11/20 09:36:37.104 連線
[4684] 2017/11/20 09:38:22.131 >> Host srvsolace-fg.capital.com.tw
[4684] 2017/11/20 09:38:23.889 連線
[8784] 2017/11/20 09:41:20.680 >> Host srvsolace-fg.capital.com.tw
[8784] 2017/11/20 09:41:22.911 連線
[1424] 2017/11/20 09:43:26.998 >> Host srvsolace-fg.capital.com.tw
[1424] 2017/11/20 09:43:29.138 連線
[9136] 2017/11/20 09:45:54.492 >> Host srvsolace-tp.capital.com.tw
[9136] 2017/11/20 09:45:56.778 連線
[9136] 2017/11/20 09:47:38.032 -----------------------------------------------------------------
[8456] 2017/11/20 09:49:01.717 >> Host srvsolace-fg.capital.com.tw
[8456] 2017/11/20 09:49:04.099 連線
[2132] 2017/11/20 09:51:22.665 >> Host srvsolace-fg.capital.com.tw
[2132] 2017/11/20 09:51:24.923 連線
[3344] 2017/11/20 10:00:06.892 >> Host srvsolace-fg.capital.com.tw
[3344] 2017/11/20 10:00:09.157 連線
[1328] 2017/11/20 10:09:34.049 >> Host srvsolace-tp.capital.com.tw
[1328] 2017/11/20 10:09:36.247 連線
[10264] 2017/11/20 10:20:24.363 >> Host srvsolace-fg.capital.com.tw
[10264] 2017/11/20 10:20:26.763 連線
[7300] 2017/11/20 10:25:17.913 >> Host srvsolace-fg.capital.com.tw
[7300] 2017/11/20 10:25:20.170 連線
[9012] 2017/11/20 10:35:27.522 >> Host srvsolace-fg.capital.com.tw
[9012] 2017/11/20 10:35:29.977 連線
[8436] 2017/11/20 10:41:41.678 >> Host srvsolace-fg.capital.com.tw
[4864] 2017/11/20 10:46:32.375 >> Host srvsolace-fg.capital.com.tw
[4864] 2017/11/20 10:46:34.643 連線
[4864] 2017/11/20 10:48:32.019 -----------------------------------------------------------------
[8052] 2017/11/20 10:53:12.290 >> Host srvsolace-tp.capital.com.tw
[8052] 2017/11/20 10:53:14.502 連線
[7296] 2017/11/20 10:54:27.737 >> Host srvsolace-fg.capital.com.tw
[7296] 2017/11/20 10:54:29.692 連線
[4760] 2017/11/20 10:56:23.901 >> Host srvsolace-tp.capital.com.tw
[4760] 2017/11/20 10:56:25.867 連線
[4760] 2017/11/20 10:58:26.103 -----------------------------------------------------------------
[10180] 2017/11/20 14:07:56.662 >> Host srvsolace-fg.capital.com.tw
[10180] 2017/11/20 14:07:58.967 連線
[10180] 2017/11/20 14:15:31.837 -----------------------------------------------------------------
[3196] 2017/11/20 14:16:26.811 >> Host srvsolace-tp.capital.com.tw
[3196] 2017/11/20 14:16:29.089 連線
[3196] 2017/11/20 14:17:38.108 -----------------------------------------------------------------
[4700] 2017/11/20 14:17:49.753 >> Host srvsolace-fg.capital.com.tw
[4700] 2017/11/20 14:17:51.953 連線
[6128] 2017/11/20 14:22:56.566 >> Host srvsolace-tp.capital.com.tw
[6128] 2017/11/20 14:22:58.791 連線
[5864] 2017/11/20 14:26:47.057 >> Host srvsolace-fg.capital.com.tw
[5864] 2017/11/20 14:26:49.276 連線
[7904] 2017/11/20 14:29:29.549 >> Host srvsolace-tp.capital.com.tw
[7904] 2017/11/20 14:29:31.657 連線
[8760] 2017/11/20 14:32:29.184 >> Host srvsolace-fg.capital.com.tw
[8760] 2017/11/20 14:32:31.409 連線
[8352] 2017/11/20 14:36:17.353 >> Host srvsolace-fg.capital.com.tw
[8352] 2017/11/20 14:36:19.455 連線
[7696] 2017/11/20 14:41:55.152 >> Host srvsolace-fg.capital.com.tw
[7696] 2017/11/20 14:41:57.453 連線
[10048] 2017/11/20 14:45:04.038 >> Host srvsolace-fg.capital.com.tw
[10048] 2017/11/20 14:45:06.250 連線
[5424] 2017/11/20 14:45:55.342 >> Host srvsolace-tp.capital.com.tw
[5424] 2017/11/20 14:45:57.506 連線
[9800] 2017/11/20 14:48:36.283 >> Host srvsolace-fg.capital.com.tw
[9800] 2017/11/20 14:48:38.515 連線
[6768] 2017/11/20 14:50:30.892 >> Host srvsolace-fg.capital.com.tw
[6768] 2017/11/20 14:50:33.046 連線
[9260] 2017/11/20 14:55:50.845 >> Host srvsolace-tp.capital.com.tw
[9260] 2017/11/20 14:55:53.076 連線
[2248] 2017/11/20 14:56:31.993 >> Host srvsolace-fg.capital.com.tw
[2248] 2017/11/20 14:56:34.222 連線
[8768] 2017/11/20 15:05:47.412 >> Host srvsolace-tp.capital.com.tw
[8768] 2017/11/20 15:05:49.499 連線
[7992] 2017/11/20 17:28:26.930 >> Host srvsolace-tp.capital.com.tw
[7992] 2017/11/20 17:28:29.055 連線
[8788] 2017/11/20 17:41:14.206 >> Host srvsolace-tp.capital.com.tw
[8788] 2017/11/20 17:41:16.259 連線
