-----------------------------------------------------------------
[3188] 2017/12/17 17:13:13.200 Connect Server: FORT03.capital.com.tw 443
[3188] 2017/12/17 17:13:16.635 SK_SUBJECT_CONNECTION_CONNECTED메Code: 0
[3188] 2017/12/17 17:13:17.608 OnConnect ( 3001 , 0 ) 
[9548] 2017/12/17 17:15:46.691 Connect Server: FORT14.capital.com.tw 443
[9548] 2017/12/17 17:15:50.143 SK_SUBJECT_CONNECTION_CONNECTED메Code: 0
[9548] 2017/12/17 17:15:51.094 OnConnect ( 3001 , 0 ) 
[9548] 2017/12/17 17:19:44.011 SKOSQuoteLib_RequestKLine (CME,ES_1712,0)
[9548] 2017/12/17 17:19:44.016 No KLine of Foreign : CME,ES_1712
[9548] 2017/12/17 17:19:44.056 SKOSQuoteLib_RequestKLine (CME,ES_1712,1)
[9548] 2017/12/17 17:19:44.060 No KLine of Foreign : CME,ES_1712
[9548] 2017/12/17 17:19:46.855 SKOSQuoteLib_RequestTicks (0,CME,ES_1712)
[9548] 2017/12/17 17:19:46.864 No Tick of Foreign : CME,ES_1712
[9548] 2017/12/17 17:19:58.591 SKOSQuoteLib_RequestKLine (TX00,0)
[9548] 2017/12/17 17:19:58.591 KLine Format Error !
[9548] 2017/12/17 17:19:58.633 SKOSQuoteLib_RequestKLine (TX00,1)
[9548] 2017/12/17 17:19:58.633 KLine Format Error !
[9548] 2017/12/17 17:20:00.700 SKOSQuoteLib_RequestTicks (0,TX00)
[9548] 2017/12/17 17:20:00.700 StockNo Format Error 
[12060] 2017/12/17 17:20:29.958 Connect Server: FORT14.capital.com.tw 443
[12060] 2017/12/17 17:20:33.271 SK_SUBJECT_CONNECTION_CONNECTED메Code: 0
[12060] 2017/12/17 17:20:34.230 OnConnect ( 3001 , 0 ) 
[5804] 2017/12/17 17:21:17.255 Connect Server: FORT14.capital.com.tw 443
[5804] 2017/12/17 17:21:20.568 SK_SUBJECT_CONNECTION_CONNECTED메Code: 0
[5804] 2017/12/17 17:21:21.521 OnConnect ( 3001 , 0 ) 
[6612] 2017/12/17 17:31:42.772 Connect Server: FORT03.capital.com.tw 443
[6612] 2017/12/17 17:31:46.249 SK_SUBJECT_CONNECTION_CONNECTED메Code: 0
[6612] 2017/12/17 17:31:47.199 OnConnect ( 3001 , 0 ) 
[6612] 2017/12/17 17:33:00.028 SKOSQuoteLib_RequestKLine (CME,ES_1712,0)
[6612] 2017/12/17 17:33:00.032 No KLine of Foreign : CME,ES_1712
[6612] 2017/12/17 17:33:00.036 SKOSQuoteLib_RequestKLine (CME,ES_1712,1)
[6612] 2017/12/17 17:33:00.041 No KLine of Foreign : CME,ES_1712
[6612] 2017/12/17 17:33:00.530 SKOSQuoteLib_RequestTicks (0,CME,ES_1712)
[6612] 2017/12/17 17:33:00.532 No Tick of Foreign : CME,ES_1712
