-----------------------------------------------------------------
[14072] 2017/12/06 09:23:58.365 Connect Server: FORT14.capital.com.tw 443
[14072] 2017/12/06 09:24:03.070 SK_SUBJECT_CONNECTION_CONNECTED메Code: 0
[14072] 2017/12/06 09:24:04.089 OnConnect ( 3001 , 0 ) 
[14072] 2017/12/06 09:24:08.321 SKOSQuoteLib_RequestKLine (CME,ES_1712,0)
[14072] 2017/12/06 09:24:14.769 SKOSQuoteLib_RequestKLine (CME,ES_1712,1)
[14072] 2017/12/06 09:24:19.518 SKOSQuoteLib_RequestStocks (0,CME,ES_1712)
[14072] 2017/12/06 09:24:19.555 SKOSQuoteLib_RequestTicks (1,CME,ES_1712)
[12404] 2017/12/06 09:24:49.715 Connect Server: FORT14.capital.com.tw 443
[12404] 2017/12/06 09:24:53.001 SK_SUBJECT_CONNECTION_CONNECTED메Code: 0
[12404] 2017/12/06 09:24:53.951 OnConnect ( 3001 , 0 ) 
[12404] 2017/12/06 09:24:58.740 SKOSQuoteLib_RequestKLine (TX00,0)
[12404] 2017/12/06 09:24:58.740 KLine Format Error !
[12404] 2017/12/06 09:24:58.880 SKOSQuoteLib_RequestKLine (TX00,1)
[12404] 2017/12/06 09:24:58.880 KLine Format Error !
[12404] 2017/12/06 09:25:02.423 SKOSQuoteLib_RequestStocks (0,TX00)
[12404] 2017/12/06 09:25:02.424 TX00 StockNo Format Error 
[12404] 2017/12/06 09:25:02.426 SKOSQuoteLib_RequestTicks (0,TX00)
[12404] 2017/12/06 09:25:02.427 StockNo Format Error 
[15836] 2017/12/06 09:25:54.401 Connect Server: FORT14.capital.com.tw 443
[15836] 2017/12/06 09:25:57.570 SK_SUBJECT_CONNECTION_CONNECTED메Code: 0
[15836] 2017/12/06 09:25:58.518 OnConnect ( 3001 , 0 ) 
[15836] 2017/12/06 09:26:03.288 SKOSQuoteLib_RequestKLine (TX00,0)
[15836] 2017/12/06 09:26:03.288 KLine Format Error !
[15836] 2017/12/06 09:26:03.430 SKOSQuoteLib_RequestKLine (TX00,1)
[15836] 2017/12/06 09:26:03.431 KLine Format Error !
[15836] 2017/12/06 09:26:07.214 SKOSQuoteLib_RequestStocks (0,TX00)
[15836] 2017/12/06 09:26:07.214 TX00 StockNo Format Error 
[15836] 2017/12/06 09:26:07.216 SKOSQuoteLib_RequestTicks (0,TX00)
[15836] 2017/12/06 09:26:07.216 StockNo Format Error 
[15836] 2017/12/06 09:35:12.422 -----------------------------------------------------------------
[14920] 2017/12/06 09:36:46.309 Connect Server: FORT03.capital.com.tw 443
[14920] 2017/12/06 09:36:47.001 SK_SUBJECT_CONNECTION_CONNECTED메Code: 0
[14920] 2017/12/06 09:36:47.932 OnConnect ( 3001 , 0 ) 
[14920] 2017/12/06 09:36:52.073 SKOSQuoteLib_RequestKLine (CME,ES_1712,0)
[14920] 2017/12/06 09:36:53.932 SKOSQuoteLib_RequestKLine (CME,ES_1712,1)
[14920] 2017/12/06 09:37:09.676 SKOSQuoteLib_RequestKLine (TX00,0)
[14920] 2017/12/06 09:37:09.676 KLine Format Error !
[14920] 2017/12/06 09:37:09.805 SKOSQuoteLib_RequestKLine (TX00,1)
[14920] 2017/12/06 09:37:09.805 KLine Format Error !
[14920] 2017/12/06 09:37:30.626 -----------------------------------------------------------------
[17352] 2017/12/06 09:37:40.798 Connect Server: FORT03.capital.com.tw 443
[17352] 2017/12/06 09:37:41.300 SK_SUBJECT_CONNECTION_CONNECTED메Code: 0
[17352] 2017/12/06 09:37:41.340 OnConnect ( 3001 , 0 ) 
[17352] 2017/12/06 09:37:45.127 -----------------------------------------------------------------
[2724] 2017/12/06 09:38:21.618 Connect Server: FORT03.capital.com.tw 443
[2724] 2017/12/06 09:38:22.158 SK_SUBJECT_CONNECTION_CONNECTED메Code: 0
[2724] 2017/12/06 09:38:23.125 OnConnect ( 3001 , 0 ) 
[2724] 2017/12/06 09:38:27.994 SKOSQuoteLib_RequestKLine (TX00,0)
[2724] 2017/12/06 09:38:27.994 KLine Format Error !
[2724] 2017/12/06 09:38:28.114 SKOSQuoteLib_RequestKLine (TX00,1)
[2724] 2017/12/06 09:38:28.114 KLine Format Error !
[2724] 2017/12/06 09:40:58.496 SK_SUBJECT_CONNECTION_DISCONNECT메Code: 10054
[2724] 2017/12/06 09:40:58.498 OnConnect ( 3002 , 10054 ) 
[2724] 2017/12/06 09:41:15.572 -----------------------------------------------------------------
[12432] 2017/12/06 10:57:07.715 Connect Server: FORT14.capital.com.tw 443
[12432] 2017/12/06 10:57:11.045 SK_SUBJECT_CONNECTION_CONNECTED메Code: 0
[12432] 2017/12/06 10:57:11.939 OnConnect ( 3001 , 0 ) 
[12432] 2017/12/06 10:57:16.678 SKOSQuoteLib_RequestKLine (TX00,0)
[12432] 2017/12/06 10:57:16.678 KLine Format Error !
[12432] 2017/12/06 10:57:16.792 SKOSQuoteLib_RequestKLine (TX00,1)
[12432] 2017/12/06 10:57:16.793 KLine Format Error !
[12432] 2017/12/06 10:57:17.342 SKOSQuoteLib_RequestStocks (0,TX00)
[12432] 2017/12/06 10:57:17.342 TX00 StockNo Format Error 
[12432] 2017/12/06 10:57:17.346 SKOSQuoteLib_RequestTicks (0,TX00)
[12432] 2017/12/06 10:57:17.346 StockNo Format Error 
[12432] 2017/12/06 10:58:20.076 -----------------------------------------------------------------
[16868] 2017/12/06 12:04:27.423 Connect Server: FORT03.capital.com.tw 443
[16868] 2017/12/06 12:04:30.692 SK_SUBJECT_CONNECTION_CONNECTED메Code: 0
[16868] 2017/12/06 12:04:31.590 OnConnect ( 3001 , 0 ) 
[16868] 2017/12/06 12:04:36.379 SKOSQuoteLib_RequestKLine (TX00,0)
[16868] 2017/12/06 12:04:36.379 KLine Format Error !
[16868] 2017/12/06 12:04:36.517 SKOSQuoteLib_RequestKLine (TX00,1)
[16868] 2017/12/06 12:04:36.517 KLine Format Error !
[16868] 2017/12/06 12:04:36.918 SKOSQuoteLib_RequestTicks (0,TX00)
[16868] 2017/12/06 12:04:36.918 StockNo Format Error 
[16868] 2017/12/06 12:05:08.102 SKOSQuoteLib_RequestKLine (TX00,0)
[16868] 2017/12/06 12:05:08.102 KLine Format Error !
[16868] 2017/12/06 12:05:08.185 SKOSQuoteLib_RequestKLine (TX00,1)
[16868] 2017/12/06 12:05:08.185 KLine Format Error !
[16868] 2017/12/06 12:05:08.744 SKOSQuoteLib_RequestTicks (0,TX00)
[16868] 2017/12/06 12:05:08.744 StockNo Format Error 
[6424] 2017/12/06 12:06:36.025 Connect Server: FORT03.capital.com.tw 443
[6424] 2017/12/06 12:06:39.004 SK_SUBJECT_CONNECTION_CONNECTED메Code: 0
[6424] 2017/12/06 12:06:39.957 OnConnect ( 3001 , 0 ) 
[6424] 2017/12/06 12:06:44.718 SKOSQuoteLib_RequestKLine (TX00,0)
[6424] 2017/12/06 12:06:44.719 KLine Format Error !
[6424] 2017/12/06 12:06:44.844 SKOSQuoteLib_RequestKLine (TX00,1)
[6424] 2017/12/06 12:06:44.844 KLine Format Error !
[6424] 2017/12/06 12:09:15.466 SK_SUBJECT_CONNECTION_DISCONNECT메Code: 10054
[6424] 2017/12/06 12:09:15.467 OnConnect ( 3002 , 10054 ) 
[6424] 2017/12/06 12:15:45.085 -----------------------------------------------------------------
[9796] 2017/12/06 12:17:29.793 Connect Server: FORT03.capital.com.tw 443
[9796] 2017/12/06 12:17:32.870 SK_SUBJECT_CONNECTION_CONNECTED메Code: 0
[9796] 2017/12/06 12:17:33.771 OnConnect ( 3001 , 0 ) 
[9796] 2017/12/06 12:17:40.389 SKOSQuoteLib_RequestKLine (TX00,0)
[9796] 2017/12/06 12:17:40.389 KLine Format Error !
[9796] 2017/12/06 12:17:40.504 SKOSQuoteLib_RequestKLine (TX00,1)
[9796] 2017/12/06 12:17:40.504 KLine Format Error !
[11908] 2017/12/06 20:28:46.939 Connect Server: FORT14.capital.com.tw 443
[11908] 2017/12/06 20:28:50.345 SK_SUBJECT_CONNECTION_CONNECTED메Code: 0
[11908] 2017/12/06 20:28:51.253 OnConnect ( 3001 , 0 ) 
[11528] 2017/12/06 20:29:27.045 Connect Server: FORT14.capital.com.tw 443
[11528] 2017/12/06 20:29:29.916 SK_SUBJECT_CONNECTION_CONNECTED메Code: 0
[11528] 2017/12/06 20:29:30.879 OnConnect ( 3001 , 0 ) 
[11604] 2017/12/06 20:30:12.516 Connect Server: FORT14.capital.com.tw 443
[11604] 2017/12/06 20:30:15.304 SK_SUBJECT_CONNECTION_CONNECTED메Code: 0
[11604] 2017/12/06 20:30:16.267 OnConnect ( 3001 , 0 ) 
[12136] 2017/12/06 20:32:27.798 Connect Server: FORT03.capital.com.tw 443
[12136] 2017/12/06 20:32:30.782 SK_SUBJECT_CONNECTION_CONNECTED메Code: 0
[12136] 2017/12/06 20:32:31.697 OnConnect ( 3001 , 0 ) 
[12136] 2017/12/06 20:33:03.628 SKOSQuoteLib_RequestKLine (CME,ES_1712,0)
[12136] 2017/12/06 20:33:05.629 SKOSQuoteLib_RequestKLine (CME,ES_1712,1)
[6524] 2017/12/06 20:33:23.558 Connect Server: FORT03.capital.com.tw 443
[6524] 2017/12/06 20:33:26.427 SK_SUBJECT_CONNECTION_CONNECTED메Code: 0
[6524] 2017/12/06 20:33:27.389 OnConnect ( 3001 , 0 ) 
[6524] 2017/12/06 20:33:36.819 SKOSQuoteLib_RequestKLine (CME,ES_1712,0)
[6524] 2017/12/06 20:33:38.556 SKOSQuoteLib_RequestKLine (CME,ES_1712,1)
[12184] 2017/12/06 20:36:47.948 Connect Server: FORT14.capital.com.tw 443
[12184] 2017/12/06 20:36:50.916 SK_SUBJECT_CONNECTION_CONNECTED메Code: 0
[12184] 2017/12/06 20:36:51.831 OnConnect ( 3001 , 0 ) 
[12184] 2017/12/06 20:36:56.406 SKOSQuoteLib_RequestKLine (TX00,0)
[12184] 2017/12/06 20:36:56.406 KLine Format Error !
[12184] 2017/12/06 20:36:56.491 SKOSQuoteLib_RequestKLine (TX00,1)
[12184] 2017/12/06 20:36:56.491 KLine Format Error !
[11584] 2017/12/06 20:37:45.655 Connect Server: FORT14.capital.com.tw 443
[11584] 2017/12/06 20:37:48.474 SK_SUBJECT_CONNECTION_CONNECTED메Code: 0
[11584] 2017/12/06 20:37:49.435 OnConnect ( 3001 , 0 ) 
[6492] 2017/12/06 20:38:36.657 Connect Server: FORT03.capital.com.tw 443
[6492] 2017/12/06 20:38:39.555 SK_SUBJECT_CONNECTION_CONNECTED메Code: 0
[6492] 2017/12/06 20:38:40.464 OnConnect ( 3001 , 0 ) 
[11288] 2017/12/06 20:39:34.362 Connect Server: FORT14.capital.com.tw 443
[11288] 2017/12/06 20:39:37.148 SK_SUBJECT_CONNECTION_CONNECTED메Code: 0
[11288] 2017/12/06 20:39:38.112 OnConnect ( 3001 , 0 ) 
[10464] 2017/12/06 20:40:28.954 Connect Server: FORT14.capital.com.tw 443
[10464] 2017/12/06 20:40:31.918 SK_SUBJECT_CONNECTION_CONNECTED메Code: 0
[10464] 2017/12/06 20:40:32.778 OnConnect ( 3001 , 0 ) 
[11384] 2017/12/06 20:41:03.136 Connect Server: FORT03.capital.com.tw 443
[11384] 2017/12/06 20:41:06.300 SK_SUBJECT_CONNECTION_CONNECTED메Code: 0
[11384] 2017/12/06 20:41:07.266 OnConnect ( 3001 , 0 ) 
[11384] 2017/12/06 20:41:21.470 SKOSQuoteLib_RequestKLine (CME,ES_1712,0)
[11384] 2017/12/06 20:41:23.222 SKOSQuoteLib_RequestKLine (CME,ES_1712,1)
[11384] 2017/12/06 20:41:29.612 SKOSQuoteLib_RequestKLine (TX00,0)
[11384] 2017/12/06 20:41:29.612 KLine Format Error !
[11384] 2017/12/06 20:41:29.694 SKOSQuoteLib_RequestKLine (TX00,1)
[11384] 2017/12/06 20:41:29.694 KLine Format Error !
[10736] 2017/12/06 20:42:22.842 Connect Server: FORT14.capital.com.tw 443
[10736] 2017/12/06 20:42:25.638 SK_SUBJECT_CONNECTION_CONNECTED메Code: 0
[10736] 2017/12/06 20:42:26.601 OnConnect ( 3001 , 0 ) 
[11936] 2017/12/06 20:43:52.952 Connect Server: FORT14.capital.com.tw 443
[11936] 2017/12/06 20:43:55.791 SK_SUBJECT_CONNECTION_CONNECTED메Code: 0
[11936] 2017/12/06 20:43:56.699 OnConnect ( 3001 , 0 ) 
[180] 2017/12/06 20:45:24.993 Connect Server: FORT03.capital.com.tw 443
[180] 2017/12/06 20:45:27.875 SK_SUBJECT_CONNECTION_CONNECTED메Code: 0
[180] 2017/12/06 20:45:28.779 OnConnect ( 3001 , 0 ) 
[9748] 2017/12/06 20:46:34.684 Connect Server: FORT03.capital.com.tw 443
[9748] 2017/12/06 20:46:37.447 SK_SUBJECT_CONNECTION_CONNECTED메Code: 0
[9748] 2017/12/06 20:46:38.411 OnConnect ( 3001 , 0 ) 
[6860] 2017/12/06 20:47:16.133 Connect Server: FORT03.capital.com.tw 443
[6860] 2017/12/06 20:47:18.993 SK_SUBJECT_CONNECTION_CONNECTED메Code: 0
[6860] 2017/12/06 20:47:19.957 OnConnect ( 3001 , 0 ) 
[3120] 2017/12/06 20:48:16.461 Connect Server: FORT14.capital.com.tw 443
[3120] 2017/12/06 20:48:19.546 SK_SUBJECT_CONNECTION_CONNECTED메Code: 0
[3120] 2017/12/06 20:48:20.418 OnConnect ( 3001 , 0 ) 
[9492] 2017/12/06 20:48:53.666 Connect Server: FORT14.capital.com.tw 443
[9492] 2017/12/06 20:48:56.440 SK_SUBJECT_CONNECTION_CONNECTED메Code: 0
[9492] 2017/12/06 20:48:57.405 OnConnect ( 3001 , 0 ) 
[9492] 2017/12/06 20:49:05.131 SKOSQuoteLib_RequestKLine (TX00,0)
[9492] 2017/12/06 20:49:05.131 KLine Format Error !
[9492] 2017/12/06 20:49:05.232 SKOSQuoteLib_RequestKLine (TX00,1)
[9492] 2017/12/06 20:49:05.232 KLine Format Error !
[8200] 2017/12/06 20:53:55.795 Connect Server: FORT14.capital.com.tw 443
[8200] 2017/12/06 20:53:58.625 SK_SUBJECT_CONNECTION_CONNECTED메Code: 0
[8200] 2017/12/06 20:53:59.532 OnConnect ( 3001 , 0 ) 
[11424] 2017/12/06 20:54:37.042 Connect Server: FORT03.capital.com.tw 443
[11424] 2017/12/06 20:54:40.101 SK_SUBJECT_CONNECTION_CONNECTED메Code: 0
[11424] 2017/12/06 20:54:41.007 OnConnect ( 3001 , 0 ) 
[8060] 2017/12/06 20:55:04.219 Connect Server: FORT14.capital.com.tw 443
[8060] 2017/12/06 20:55:07.061 SK_SUBJECT_CONNECTION_CONNECTED메Code: 0
[8060] 2017/12/06 20:55:08.024 OnConnect ( 3001 , 0 ) 
[6764] 2017/12/06 20:55:26.086 Connect Server: FORT14.capital.com.tw 443
[6764] 2017/12/06 20:55:28.913 SK_SUBJECT_CONNECTION_CONNECTED메Code: 0
[6764] 2017/12/06 20:55:29.875 OnConnect ( 3001 , 0 ) 
[11752] 2017/12/06 20:56:12.999 Connect Server: FORT14.capital.com.tw 443
[11752] 2017/12/06 20:56:15.801 SK_SUBJECT_CONNECTION_CONNECTED메Code: 0
[11752] 2017/12/06 20:56:16.764 OnConnect ( 3001 , 0 ) 
[10972] 2017/12/06 20:57:54.406 Connect Server: FORT14.capital.com.tw 443
[10972] 2017/12/06 20:57:57.462 SK_SUBJECT_CONNECTION_CONNECTED메Code: 0
[10972] 2017/12/06 20:57:58.374 OnConnect ( 3001 , 0 ) 
[12008] 2017/12/06 20:59:24.128 Connect Server: FORT03.capital.com.tw 443
[12008] 2017/12/06 20:59:24.810 SK_SUBJECT_CONNECTION_CONNECTED메Code: 0
[12008] 2017/12/06 20:59:25.676 OnConnect ( 3001 , 0 ) 
[12008] 2017/12/06 20:59:34.912 -----------------------------------------------------------------
[3800] 2017/12/06 21:00:16.572 Connect Server: FORT14.capital.com.tw 443
[3800] 2017/12/06 21:00:19.457 SK_SUBJECT_CONNECTION_CONNECTED메Code: 0
[3800] 2017/12/06 21:00:20.419 OnConnect ( 3001 , 0 ) 
[7160] 2017/12/06 21:02:08.701 Connect Server: FORT03.capital.com.tw 443
[7160] 2017/12/06 21:02:11.705 SK_SUBJECT_CONNECTION_CONNECTED메Code: 0
[7160] 2017/12/06 21:02:12.669 OnConnect ( 3001 , 0 ) 
[3196] 2017/12/06 21:02:39.296 Connect Server: FORT03.capital.com.tw 443
[3196] 2017/12/06 21:02:42.392 SK_SUBJECT_CONNECTION_CONNECTED메Code: 0
[3196] 2017/12/06 21:02:43.309 OnConnect ( 3001 , 0 ) 
[3196] 2017/12/06 21:02:56.825 SKOSQuoteLib_RequestKLine (TX00,0)
[3196] 2017/12/06 21:02:56.825 KLine Format Error !
[3196] 2017/12/06 21:02:56.828 SKOSQuoteLib_RequestKLine (TX00,1)
[3196] 2017/12/06 21:02:56.828 KLine Format Error !
[1324] 2017/12/06 21:06:34.475 Connect Server: FORT03.capital.com.tw 443
[1324] 2017/12/06 21:06:37.560 SK_SUBJECT_CONNECTION_CONNECTED메Code: 0
[1324] 2017/12/06 21:06:38.397 OnConnect ( 3001 , 0 ) 
[1392] 2017/12/06 21:07:29.684 Connect Server: FORT14.capital.com.tw 443
[1392] 2017/12/06 21:07:32.893 SK_SUBJECT_CONNECTION_CONNECTED메Code: 0
[1392] 2017/12/06 21:07:33.776 OnConnect ( 3001 , 0 ) 
[6944] 2017/12/06 21:08:24.726 Connect Server: FORT14.capital.com.tw 443
[6944] 2017/12/06 21:08:27.678 SK_SUBJECT_CONNECTION_CONNECTED메Code: 0
[6944] 2017/12/06 21:08:28.639 OnConnect ( 3001 , 0 ) 
[6944] 2017/12/06 21:08:34.545 SKOSQuoteLib_RequestKLine (TX00,0)
[6944] 2017/12/06 21:08:34.545 KLine Format Error !
[6944] 2017/12/06 21:08:34.548 SKOSQuoteLib_RequestKLine (TX00,1)
[6944] 2017/12/06 21:08:34.548 KLine Format Error !
[9772] 2017/12/06 21:10:20.126 Connect Server: FORT03.capital.com.tw 443
[9772] 2017/12/06 21:10:23.094 SK_SUBJECT_CONNECTION_CONNECTED메Code: 0
[9772] 2017/12/06 21:10:23.996 OnConnect ( 3001 , 0 ) 
[9772] 2017/12/06 21:10:30.393 SKOSQuoteLib_RequestKLine (TX00,0)
[9772] 2017/12/06 21:10:30.394 KLine Format Error !
[9772] 2017/12/06 21:10:30.396 SKOSQuoteLib_RequestKLine (TX00,1)
[9772] 2017/12/06 21:10:30.396 KLine Format Error !
[1836] 2017/12/06 21:11:58.903 Connect Server: FORT14.capital.com.tw 443
[1836] 2017/12/06 21:12:01.991 SK_SUBJECT_CONNECTION_CONNECTED메Code: 0
[1836] 2017/12/06 21:12:02.812 OnConnect ( 3001 , 0 ) 
[3456] 2017/12/06 21:12:33.848 Connect Server: FORT03.capital.com.tw 443
[3456] 2017/12/06 21:12:36.649 SK_SUBJECT_CONNECTION_CONNECTED메Code: 0
[3456] 2017/12/06 21:12:37.606 OnConnect ( 3001 , 0 ) 
[5576] 2017/12/06 21:13:27.561 Connect Server: FORT14.capital.com.tw 443
[5576] 2017/12/06 21:13:30.403 SK_SUBJECT_CONNECTION_CONNECTED메Code: 0
[5576] 2017/12/06 21:13:31.370 OnConnect ( 3001 , 0 ) 
[7172] 2017/12/06 21:14:13.540 Connect Server: FORT03.capital.com.tw 443
[7172] 2017/12/06 21:14:16.577 SK_SUBJECT_CONNECTION_CONNECTED메Code: 0
[7172] 2017/12/06 21:14:17.483 OnConnect ( 3001 , 0 ) 
[5644] 2017/12/06 21:14:40.541 Connect Server: FORT14.capital.com.tw 443
[5644] 2017/12/06 21:14:40.948 SK_SUBJECT_CONNECTION_CONNECTED메Code: 0
[5644] 2017/12/06 21:14:41.913 OnConnect ( 3001 , 0 ) 
[5644] 2017/12/06 21:14:47.626 -----------------------------------------------------------------
[148] 2017/12/06 21:16:29.123 Connect Server: FORT14.capital.com.tw 443
[148] 2017/12/06 21:16:32.058 SK_SUBJECT_CONNECTION_CONNECTED메Code: 0
[148] 2017/12/06 21:16:32.969 OnConnect ( 3001 , 0 ) 
[8660] 2017/12/06 22:12:30.198 Connect Server: FORT14.capital.com.tw 443
[8660] 2017/12/06 22:12:33.176 SK_SUBJECT_CONNECTION_CONNECTED메Code: 0
[8660] 2017/12/06 22:12:34.090 OnConnect ( 3001 , 0 ) 
