-----------------------------------------------------------------
[4704] 2017/12/01 12:03:43.659 Connect Server: FORT03.capital.com.tw 443
[4704] 2017/12/01 12:03:46.989 SK_SUBJECT_CONNECTION_CONNECTED메Code: 0
[4704] 2017/12/01 12:03:47.886 OnConnect ( 3001 , 0 ) 
[4704] 2017/12/01 12:03:52.024 SKOSQuoteLib_RequestKLine (CME,ES_1712,1)
[4704] 2017/12/01 12:03:52.842 SKOSQuoteLib_RequestStocks (0,CME,ES_1712)
[4704] 2017/12/01 12:03:52.848 SKOSQuoteLib_RequestTicks (1,CME,ES_1712)
[10992] 2017/12/01 12:06:08.061 Connect Server: FORT14.capital.com.tw 443
[10992] 2017/12/01 12:06:11.157 SK_SUBJECT_CONNECTION_CONNECTED메Code: 0
[10992] 2017/12/01 12:06:12.056 OnConnect ( 3001 , 0 ) 
[10992] 2017/12/01 12:06:37.833 SKOSQuoteLib_RequestKLine (CME,ES_1712,1)
[10992] 2017/12/01 12:06:47.541 SKOSQuoteLib_RequestStocks (0,CME,ES_1712)
[10992] 2017/12/01 12:06:47.546 SKOSQuoteLib_RequestTicks (1,CME,ES_1712)
[12784] 2017/12/01 12:08:25.335 Connect Server: FORT03.capital.com.tw 443
[12784] 2017/12/01 12:08:28.582 SK_SUBJECT_CONNECTION_CONNECTED메Code: 0
[12784] 2017/12/01 12:08:29.408 OnConnect ( 3001 , 0 ) 
[12784] 2017/12/01 12:08:42.956 SKOSQuoteLib_RequestKLine (CME,ES_1712,1)
[12784] 2017/12/01 12:14:21.964 SK_SUBJECT_CONNECTION_DISCONNECT메Code: 10054
[12784] 2017/12/01 12:14:22.634 SKOSQuoteLib_RequestStocks (0,CME,ES_1712)
[12784] 2017/12/01 12:14:22.677 SKOSQuoteLib_RequestTicks (1,CME,ES_1712)
[12784] 2017/12/01 12:14:22.680 OnConnect ( 3002 , 10054 ) 
[10632] 2017/12/01 12:14:42.467 Connect Server: FORT14.capital.com.tw 443
[10632] 2017/12/01 12:14:45.655 SK_SUBJECT_CONNECTION_CONNECTED메Code: 0
[10632] 2017/12/01 12:14:46.553 OnConnect ( 3001 , 0 ) 
[10632] 2017/12/01 12:14:54.031 SKOSQuoteLib_RequestKLine (CME,ES_1712,1)
[10632] 2017/12/01 12:14:56.331 SKOSQuoteLib_RequestStocks (0,CME,ES_1712)
[10632] 2017/12/01 12:14:56.337 SKOSQuoteLib_RequestTicks (1,CME,ES_1712)
[10632] 2017/12/01 12:16:38.672 -----------------------------------------------------------------
[2396] 2017/12/01 12:17:40.376 Connect Server: FORT14.capital.com.tw 443
[2396] 2017/12/01 12:17:43.390 SK_SUBJECT_CONNECTION_CONNECTED메Code: 0
[2396] 2017/12/01 12:17:44.342 OnConnect ( 3001 , 0 ) 
[2396] 2017/12/01 12:17:50.556 SKOSQuoteLib_RequestKLine (CME,ES_1712,1)
[2396] 2017/12/01 12:17:51.207 SKOSQuoteLib_RequestStocks (0,CME,ES_1712)
[2396] 2017/12/01 12:17:51.213 SKOSQuoteLib_RequestTicks (1,CME,ES_1712)
[3840] 2017/12/01 12:19:42.882 Connect Server: FORT03.capital.com.tw 443
[3840] 2017/12/01 12:19:52.105 SK_SUBJECT_CONNECTION_CONNECTED메Code: 0
[3840] 2017/12/01 12:19:52.819 OnConnect ( 3001 , 0 ) 
[3840] 2017/12/01 12:20:48.400 SKOSQuoteLib_RequestKLine (CME,ES_1712,1)
[3840] 2017/12/01 12:20:48.973 SKOSQuoteLib_RequestStocks (0,CME,ES_1712)
[3840] 2017/12/01 12:20:48.979 SKOSQuoteLib_RequestTicks (1,CME,ES_1712)
[7932] 2017/12/01 15:17:47.119 Connect Server: FORT03.capital.com.tw 443
[7932] 2017/12/01 15:17:50.233 SK_SUBJECT_CONNECTION_CONNECTED메Code: 0
[7932] 2017/12/01 15:17:51.130 OnConnect ( 3001 , 0 ) 
[7932] 2017/12/01 15:17:57.730 SKOSQuoteLib_RequestKLine (CME,ES_1712,1)
[7932] 2017/12/01 15:18:13.910 SKOSQuoteLib_RequestStocks (0,CME,ES_1712)
[11552] 2017/12/01 15:19:26.049 Connect Server: FORT03.capital.com.tw 443
[11552] 2017/12/01 15:19:29.049 SK_SUBJECT_CONNECTION_CONNECTED메Code: 0
[11552] 2017/12/01 15:19:30.000 OnConnect ( 3001 , 0 ) 
[11552] 2017/12/01 15:20:40.299 SKOSQuoteLib_RequestKLine (CME,ES_1712,1)
[1476] 2017/12/01 20:06:59.796 Connect Server: FORT03.capital.com.tw 443
[1476] 2017/12/01 20:07:02.873 SK_SUBJECT_CONNECTION_CONNECTED메Code: 0
[1476] 2017/12/01 20:07:03.782 OnConnect ( 3001 , 0 ) 
[1476] 2017/12/01 20:07:08.885 SKOSQuoteLib_RequestKLine (CME,ES_1712,1)
[1476] 2017/12/01 20:07:10.786 SKOSQuoteLib_RequestStocks (0,CME,ES_1712)
[1476] 2017/12/01 20:07:17.504 SKOSQuoteLib_RequestTicks (1,CME,ES_1712)
[11992] 2017/12/01 20:09:04.507 Connect Server: FORT14.capital.com.tw 443
[11992] 2017/12/01 20:09:07.698 SK_SUBJECT_CONNECTION_CONNECTED메Code: 0
[11992] 2017/12/01 20:09:08.590 OnConnect ( 3001 , 0 ) 
[11992] 2017/12/01 20:09:14.117 SKOSQuoteLib_RequestKLine (CME,ES_1712,1)
[11992] 2017/12/01 20:09:17.378 SKOSQuoteLib_RequestTicks (0,CME,ES_1712)
[4032] 2017/12/01 20:11:20.064 Connect Server: FORT14.capital.com.tw 443
[4032] 2017/12/01 20:11:22.997 SK_SUBJECT_CONNECTION_CONNECTED메Code: 0
[4032] 2017/12/01 20:11:23.952 OnConnect ( 3001 , 0 ) 
[4032] 2017/12/01 20:11:28.511 SKOSQuoteLib_RequestKLine (CME,ES_1712,1)
[4032] 2017/12/01 20:11:32.284 SKOSQuoteLib_RequestTicks (0,CME,ES_1712)
[12280] 2017/12/01 20:21:53.884 Connect Server: FORT03.capital.com.tw 443
[12280] 2017/12/01 20:21:57.625 SK_SUBJECT_CONNECTION_CONNECTED메Code: 0
[12280] 2017/12/01 20:21:58.521 OnConnect ( 3001 , 0 ) 
[12280] 2017/12/01 20:22:03.588 SKOSQuoteLib_RequestKLine (CME,ES_1712,1)
[11468] 2017/12/01 20:22:39.886 Connect Server: FORT03.capital.com.tw 443
[11468] 2017/12/01 20:22:43.441 SK_SUBJECT_CONNECTION_CONNECTED메Code: 0
[11468] 2017/12/01 20:22:44.390 OnConnect ( 3001 , 0 ) 
[11468] 2017/12/01 20:22:48.550 SKOSQuoteLib_RequestKLine (CME,ES_1712,1)
[13736] 2017/12/01 20:24:17.040 Connect Server: FORT14.capital.com.tw 443
[13736] 2017/12/01 20:24:20.243 SK_SUBJECT_CONNECTION_CONNECTED메Code: 0
[13736] 2017/12/01 20:24:21.125 OnConnect ( 3001 , 0 ) 
[13736] 2017/12/01 20:24:30.449 SKOSQuoteLib_RequestKLine (CME,ES_1712,1)
[5904] 2017/12/01 20:25:44.166 Connect Server: FORT14.capital.com.tw 443
[5904] 2017/12/01 20:25:47.083 SK_SUBJECT_CONNECTION_CONNECTED메Code: 0
[5904] 2017/12/01 20:25:48.038 OnConnect ( 3001 , 0 ) 
[5904] 2017/12/01 20:25:54.431 SKOSQuoteLib_RequestKLine (CME,ES_1712,1)
[10100] 2017/12/01 20:29:10.367 Connect Server: FORT14.capital.com.tw 443
[10100] 2017/12/01 20:29:13.461 SK_SUBJECT_CONNECTION_CONNECTED메Code: 0
[10100] 2017/12/01 20:29:14.341 OnConnect ( 3001 , 0 ) 
[10100] 2017/12/01 20:29:20.009 SKOSQuoteLib_RequestKLine (CME,ES_1712,1)
[10100] 2017/12/01 20:29:30.144 SKOSQuoteLib_RequestKLine (CME,ES_1712,3)
[7512] 2017/12/01 20:31:54.782 Connect Server: FORT03.capital.com.tw 443
[7512] 2017/12/01 20:31:57.801 SK_SUBJECT_CONNECTION_CONNECTED메Code: 0
[7512] 2017/12/01 20:31:58.697 OnConnect ( 3001 , 0 ) 
[7512] 2017/12/01 20:32:03.911 SKOSQuoteLib_RequestKLine (TX00,1)
[7512] 2017/12/01 20:32:03.911 KLine Format Error !
[7512] 2017/12/01 20:33:49.165 SKOSQuoteLib_RequestKLine (TX00,3)
[7512] 2017/12/01 20:33:49.165 KLine Format Error !
[7968] 2017/12/01 20:35:06.796 Connect Server: FORT03.capital.com.tw 443
[7968] 2017/12/01 20:35:10.015 SK_SUBJECT_CONNECTION_CONNECTED메Code: 0
[7968] 2017/12/01 20:35:10.911 OnConnect ( 3001 , 0 ) 
[7968] 2017/12/01 20:35:17.882 SKOSQuoteLib_RequestKLine (CME,ES_1712,0)
[7968] 2017/12/01 20:35:45.313 SKOSQuoteLib_RequestKLine (CME,ES_1712,1)
[1760] 2017/12/01 20:37:57.444 Connect Server: FORT14.capital.com.tw 443
[1760] 2017/12/01 20:38:00.512 SK_SUBJECT_CONNECTION_CONNECTED메Code: 0
[1760] 2017/12/01 20:38:01.403 OnConnect ( 3001 , 0 ) 
[1760] 2017/12/01 20:38:07.643 SKOSQuoteLib_RequestKLine (CME,ES_1712,0)
[1760] 2017/12/01 20:38:14.424 SKOSQuoteLib_RequestKLine (CME,ES_1712,1)
[11632] 2017/12/01 20:39:33.917 Connect Server: FORT03.capital.com.tw 443
[11632] 2017/12/01 20:39:37.037 SK_SUBJECT_CONNECTION_CONNECTED메Code: 0
[11632] 2017/12/01 20:39:37.932 OnConnect ( 3001 , 0 ) 
[11632] 2017/12/01 20:39:43.237 SKOSQuoteLib_RequestKLine (CME,ES_1712,0)
[11632] 2017/12/01 20:39:56.898 SKOSQuoteLib_RequestKLine (CME,ES_1712,1)
[11960] 2017/12/01 20:47:18.382 Connect Server: FORT14.capital.com.tw 443
[11960] 2017/12/01 20:47:21.369 SK_SUBJECT_CONNECTION_CONNECTED메Code: 0
[11960] 2017/12/01 20:47:22.266 OnConnect ( 3001 , 0 ) 
[11960] 2017/12/01 20:47:26.434 SKOSQuoteLib_RequestKLine (CME,ES_1712,0)
[11960] 2017/12/01 20:47:30.591 SKOSQuoteLib_RequestKLine (CME,ES_1712,1)
[13428] 2017/12/01 20:48:33.699 Connect Server: FORT03.capital.com.tw 443
[13428] 2017/12/01 20:48:36.808 SK_SUBJECT_CONNECTION_CONNECTED메Code: 0
[13428] 2017/12/01 20:48:37.616 OnConnect ( 3001 , 0 ) 
[13428] 2017/12/01 20:48:42.315 SKOSQuoteLib_RequestKLine (CME,ES_1712,0)
[13428] 2017/12/01 20:48:46.434 SKOSQuoteLib_RequestKLine (CME,ES_1712,1)
[2144] 2017/12/01 20:50:10.043 Connect Server: FORT14.capital.com.tw 443
[2144] 2017/12/01 20:50:13.017 SK_SUBJECT_CONNECTION_CONNECTED메Code: 0
[2144] 2017/12/01 20:50:13.961 OnConnect ( 3001 , 0 ) 
[2144] 2017/12/01 20:50:19.314 SKOSQuoteLib_RequestKLine (CME,ES_1712,0)
[2144] 2017/12/01 20:50:24.992 SKOSQuoteLib_RequestKLine (CME,ES_1712,1)
[11984] 2017/12/01 20:53:57.642 Connect Server: FORT14.capital.com.tw 443
[11984] 2017/12/01 20:54:00.748 SK_SUBJECT_CONNECTION_CONNECTED메Code: 0
[11984] 2017/12/01 20:54:01.646 OnConnect ( 3001 , 0 ) 
[11984] 2017/12/01 20:54:07.704 SKOSQuoteLib_RequestKLine (CME,ES_1712,0)
[11984] 2017/12/01 20:54:13.164 SKOSQuoteLib_RequestKLine (CME,ES_1712,1)
[11984] 2017/12/01 20:54:26.710 SKOSQuoteLib_RequestStocks (0,CME,ES_1712)
[11984] 2017/12/01 20:54:29.585 SKOSQuoteLib_RequestTicks (1,CME,ES_1712)
[13068] 2017/12/01 20:55:16.074 Connect Server: FORT14.capital.com.tw 443
[13068] 2017/12/01 20:55:19.068 SK_SUBJECT_CONNECTION_CONNECTED메Code: 0
[13068] 2017/12/01 20:55:20.016 OnConnect ( 3001 , 0 ) 
[13068] 2017/12/01 20:55:24.197 SKOSQuoteLib_RequestKLine (CME,ES_1712,0)
[13068] 2017/12/01 20:55:31.219 SKOSQuoteLib_RequestKLine (CME,ES_1712,1)
[13068] 2017/12/01 20:55:34.036 SKOSQuoteLib_RequestStocks (0,CME,ES_1712)
[13068] 2017/12/01 20:55:36.365 SKOSQuoteLib_RequestTicks (1,CME,ES_1712)
