-----------------------------------------------------------------
[6032] 2017/12/07 06:57:22.478 >> Host srvsolace-fg.capital.com.tw
[6032] 2017/12/07 06:57:24.489 連線
[6032] 2017/12/07 06:58:06.743 -----------------------------------------------------------------
[7160] 2017/12/07 06:59:27.421 >> Host srvsolace-tp.capital.com.tw
[7160] 2017/12/07 06:59:29.733 連線
[6784] 2017/12/07 07:00:28.168 >> Host srvsolace-fg.capital.com.tw
[6784] 2017/12/07 07:00:30.198 連線
[6784] 2017/12/07 07:01:06.742 -----------------------------------------------------------------
[7032] 2017/12/07 07:46:14.316 >> Host srvsolace-tp.capital.com.tw
[7032] 2017/12/07 07:46:16.578 連線
[8968] 2017/12/07 08:06:38.098 >> Host srvsolace-tp.capital.com.tw
[8968] 2017/12/07 08:06:40.336 連線
[7484] 2017/12/07 08:12:03.804 >> Host srvsolace-tp.capital.com.tw
[7484] 2017/12/07 08:12:06.052 連線
[9788] 2017/12/07 08:13:10.526 >> Host srvsolace-fg.capital.com.tw
[9788] 2017/12/07 08:13:12.634 連線
[8840] 2017/12/07 08:14:54.151 >> Host srvsolace-fg.capital.com.tw
[8840] 2017/12/07 08:14:56.282 連線
[5896] 2017/12/07 08:25:57.782 >> Host srvsolace-tp.capital.com.tw
[5896] 2017/12/07 08:25:59.946 連線
[9720] 2017/12/07 08:27:04.542 >> Host srvsolace-fg.capital.com.tw
[9720] 2017/12/07 08:27:06.719 連線
[3640] 2017/12/07 08:27:42.413 >> Host srvsolace-tp.capital.com.tw
[3640] 2017/12/07 08:27:44.424 連線
[10232] 2017/12/07 08:28:13.004 >> Host srvsolace-fg.capital.com.tw
[10232] 2017/12/07 08:28:14.910 連線
[10232] 2017/12/07 08:28:48.878 -----------------------------------------------------------------
[11256] 2017/12/07 08:28:59.009 >> Host srvsolace-fg.capital.com.tw
[11256] 2017/12/07 08:29:00.917 連線
[11256] 2017/12/07 08:29:44.979 -----------------------------------------------------------------
[2848] 2017/12/07 08:30:01.363 >> Host srvsolace-fg.capital.com.tw
[2848] 2017/12/07 08:30:03.432 連線
[4848] 2017/12/07 08:52:33.250 >> Host srvsolace-fg.capital.com.tw
[4848] 2017/12/07 08:52:35.283 連線
[10368] 2017/12/07 10:27:59.491 >> Host srvsolace-fg.capital.com.tw
[10368] 2017/12/07 10:28:01.864 連線
[10368] 2017/12/07 10:30:12.942 -----------------------------------------------------------------
[2912] 2017/12/07 10:30:45.602 >> Host srvsolace-tp.capital.com.tw
[2912] 2017/12/07 10:30:47.972 連線
[2912] 2017/12/07 10:31:48.652 -----------------------------------------------------------------
[3356] 2017/12/07 10:32:38.101 >> Host srvsolace-tp.capital.com.tw
[3356] 2017/12/07 10:32:40.170 連線
[3356] 2017/12/07 10:33:47.413 -----------------------------------------------------------------
[348] 2017/12/07 10:54:31.736 >> Host srvsolace-fg.capital.com.tw
[348] 2017/12/07 10:54:34.062 連線
[1820] 2017/12/07 10:56:06.907 >> Host srvsolace-fg.capital.com.tw
[1820] 2017/12/07 10:56:09.102 連線
[9892] 2017/12/07 11:00:27.170 >> Host srvsolace-fg.capital.com.tw
[9892] 2017/12/07 11:00:29.346 連線
[9024] 2017/12/07 11:02:06.452 >> Host srvsolace-fg.capital.com.tw
[9024] 2017/12/07 11:02:08.484 連線
[9012] 2017/12/07 11:35:38.980 >> Host srvsolace-fg.capital.com.tw
[9012] 2017/12/07 11:35:41.297 連線
[9072] 2017/12/07 11:37:37.359 >> Host srvsolace-fg.capital.com.tw
[9072] 2017/12/07 11:37:39.537 連線
[5620] 2017/12/07 11:39:07.563 >> Host srvsolace-fg.capital.com.tw
[5620] 2017/12/07 11:39:09.833 連線
[8604] 2017/12/07 11:45:54.677 >> Host srvsolace-fg.capital.com.tw
[8604] 2017/12/07 11:45:56.870 連線
[8932] 2017/12/07 11:50:50.263 >> Host srvsolace-fg.capital.com.tw
[8932] 2017/12/07 11:50:52.629 連線
[8932] 2017/12/07 11:53:32.056 -----------------------------------------------------------------
[10476] 2017/12/07 11:54:00.175 >> Host srvsolace-tp.capital.com.tw
[10476] 2017/12/07 11:54:02.123 連線
[10476] 2017/12/07 11:55:42.864 -----------------------------------------------------------------
[5384] 2017/12/07 11:59:59.624 >> Host srvsolace-fg.capital.com.tw
[5384] 2017/12/07 12:00:02.070 連線
[6572] 2017/12/07 12:02:54.632 >> Host srvsolace-fg.capital.com.tw
[6572] 2017/12/07 12:02:56.946 連線
[7160] 2017/12/07 12:04:22.901 >> Host srvsolace-fg.capital.com.tw
[7160] 2017/12/07 12:04:25.174 連線
[8988] 2017/12/07 12:08:09.404 >> Host srvsolace-tp.capital.com.tw
[8988] 2017/12/07 12:08:11.549 連線
[7632] 2017/12/07 12:09:47.755 >> Host srvsolace-fg.capital.com.tw
[7632] 2017/12/07 12:09:49.842 連線
[4080] 2017/12/07 12:12:42.063 >> Host srvsolace-tp.capital.com.tw
[4080] 2017/12/07 12:12:44.298 連線
[7456] 2017/12/07 12:16:29.958 >> Host srvsolace-fg.capital.com.tw
[7456] 2017/12/07 12:16:32.305 連線
[7608] 2017/12/07 12:42:10.527 >> Host srvsolace-tp.capital.com.tw
[7608] 2017/12/07 12:42:12.845 連線
[4996] 2017/12/07 13:32:24.180 >> Host srvsolace-tp.capital.com.tw
[4996] 2017/12/07 13:32:26.542 連線
[8656] 2017/12/07 13:35:49.239 >> Host srvsolace-tp.capital.com.tw
[8656] 2017/12/07 13:35:51.535 連線
[11820] 2017/12/07 13:36:59.667 >> Host srvsolace-fg.capital.com.tw
[11820] 2017/12/07 13:37:01.858 連線
[4492] 2017/12/07 13:49:43.456 >> Host srvsolace-tp.capital.com.tw
[4492] 2017/12/07 13:49:45.876 連線
[8456] 2017/12/07 13:56:15.336 >> Host srvsolace-fg.capital.com.tw
[8456] 2017/12/07 13:56:17.585 連線
[9728] 2017/12/07 13:58:48.255 >> Host srvsolace-fg.capital.com.tw
[9728] 2017/12/07 13:58:50.433 連線
[11892] 2017/12/07 14:03:08.003 >> Host srvsolace-fg.capital.com.tw
[11892] 2017/12/07 14:03:10.430 連線
[5280] 2017/12/07 14:07:42.091 >> Host srvsolace-fg.capital.com.tw
[5280] 2017/12/07 14:07:44.499 連線
[11608] 2017/12/07 14:10:27.454 >> Host srvsolace-fg.capital.com.tw
[11608] 2017/12/07 14:10:29.750 連線
[5800] 2017/12/07 16:44:01.893 >> Host srvsolace-fg.capital.com.tw
[11644] 2017/12/07 16:44:19.704 >> Host srvsolace-fg.capital.com.tw
[11644] 2017/12/07 16:44:21.450 連線
[8532] 2017/12/07 20:28:11.953 >> Host srvsolace-fg.capital.com.tw
[8532] 2017/12/07 20:28:14.327 連線
[10996] 2017/12/07 20:29:10.280 >> Host srvsolace-tp.capital.com.tw
[10996] 2017/12/07 20:29:12.609 連線
[12844] 2017/12/07 20:29:54.426 >> Host srvsolace-fg.capital.com.tw
[12844] 2017/12/07 20:29:56.663 連線
[12844] 2017/12/07 20:30:35.992 -----------------------------------------------------------------
[3488] 2017/12/07 20:34:17.897 >> Host srvsolace-tp.capital.com.tw
[3488] 2017/12/07 20:34:20.158 連線
[3488] 2017/12/07 20:34:57.482 -----------------------------------------------------------------
[12760] 2017/12/07 20:35:12.231 >> Host srvsolace-fg.capital.com.tw
[12760] 2017/12/07 20:35:14.460 連線
[12760] 2017/12/07 20:36:00.953 -----------------------------------------------------------------
