-----------------------------------------------------------------
[12756] 2017/12/04 09:22:33.087 Connect Server: FORT14.capital.com.tw 443
[12756] 2017/12/04 09:22:36.152 SK_SUBJECT_CONNECTION_CONNECTED메Code: 0
[12756] 2017/12/04 09:22:37.050 OnConnect ( 3001 , 0 ) 
[12756] 2017/12/04 09:22:41.271 SKOSQuoteLib_RequestKLine (CME,ES_1712,0)
[12756] 2017/12/04 09:22:43.790 SKOSQuoteLib_RequestKLine (CME,ES_1712,1)
[12756] 2017/12/04 09:22:46.630 SKOSQuoteLib_RequestStocks (0,CME,ES_1712)
[12756] 2017/12/04 09:22:46.636 SKOSQuoteLib_RequestTicks (1,CME,ES_1712)
[12756] 2017/12/04 10:08:52.937 -----------------------------------------------------------------
[15472] 2017/12/04 10:10:43.103 Connect Server: FORT14.capital.com.tw 443
[15472] 2017/12/04 10:10:46.164 SK_SUBJECT_CONNECTION_CONNECTED메Code: 0
[15472] 2017/12/04 10:10:47.053 OnConnect ( 3001 , 0 ) 
[15472] 2017/12/04 10:10:51.213 SKOSQuoteLib_RequestKLine (CME,ES_1712,0)
[15472] 2017/12/04 10:10:53.145 SKOSQuoteLib_RequestKLine (CME,ES_1712,1)
[15940] 2017/12/04 10:33:18.117 Connect Server: FORT03.capital.com.tw 443
[15940] 2017/12/04 10:33:21.025 SK_SUBJECT_CONNECTION_CONNECTED메Code: 0
[15940] 2017/12/04 10:33:21.916 OnConnect ( 3001 , 0 ) 
[15940] 2017/12/04 10:33:26.982 SKOSQuoteLib_RequestKLine (CME,ES_1712,0)
[15940] 2017/12/04 10:33:28.895 SKOSQuoteLib_RequestKLine (CME,ES_1712,1)
[15940] 2017/12/04 10:33:31.117 SKOSQuoteLib_RequestStocks (0,CME,ES_1712)
[15940] 2017/12/04 10:33:31.122 SKOSQuoteLib_RequestTicks (1,CME,ES_1712)
[7124] 2017/12/04 10:35:14.011 Connect Server: FORT03.capital.com.tw 443
[7124] 2017/12/04 10:35:16.910 SK_SUBJECT_CONNECTION_CONNECTED메Code: 0
[7124] 2017/12/04 10:35:17.858 OnConnect ( 3001 , 0 ) 
[7124] 2017/12/04 10:35:21.983 SKOSQuoteLib_RequestKLine (CME,ES_1712,0)
[7124] 2017/12/04 10:35:23.916 SKOSQuoteLib_RequestKLine (CME,ES_1712,1)
[7124] 2017/12/04 10:35:24.840 SKOSQuoteLib_RequestStocks (0,CME,ES_1712)
[7124] 2017/12/04 10:35:24.846 SKOSQuoteLib_RequestTicks (1,CME,ES_1712)
[13012] 2017/12/04 10:44:32.140 Connect Server: FORT14.capital.com.tw 443
[13012] 2017/12/04 10:44:35.184 SK_SUBJECT_CONNECTION_CONNECTED메Code: 0
[13012] 2017/12/04 10:44:36.076 OnConnect ( 3001 , 0 ) 
[13012] 2017/12/04 10:44:41.212 SKOSQuoteLib_RequestKLine (CME,ES_1712,0)
[13012] 2017/12/04 10:44:43.073 SKOSQuoteLib_RequestKLine (CME,ES_1712,1)
[13012] 2017/12/04 10:44:45.090 SKOSQuoteLib_RequestStocks (0,CME,ES_1712)
[13012] 2017/12/04 10:44:45.094 SKOSQuoteLib_RequestTicks (1,CME,ES_1712)
[7228] 2017/12/04 10:46:39.521 Connect Server: FORT03.capital.com.tw 443
[7228] 2017/12/04 10:46:42.573 SK_SUBJECT_CONNECTION_CONNECTED메Code: 0
[7228] 2017/12/04 10:46:43.478 OnConnect ( 3001 , 0 ) 
[7228] 2017/12/04 10:46:49.049 SKOSQuoteLib_RequestKLine (CME,ES_1712,0)
[7228] 2017/12/04 10:46:50.890 SKOSQuoteLib_RequestKLine (CME,ES_1712,1)
[7228] 2017/12/04 10:46:51.760 SKOSQuoteLib_RequestStocks (0,CME,ES_1712)
[7228] 2017/12/04 10:46:51.764 SKOSQuoteLib_RequestTicks (1,CME,ES_1712)
[7228] 2017/12/04 10:47:27.775 SKOSQuoteLib_RequestKLine (TX00,0)
[7228] 2017/12/04 10:47:27.775 KLine Format Error !
[7228] 2017/12/04 10:47:27.889 SKOSQuoteLib_RequestKLine (TX00,1)
[7228] 2017/12/04 10:47:27.889 KLine Format Error !
[7228] 2017/12/04 10:47:29.805 SKOSQuoteLib_RequestStocks (0,TX00)
[7228] 2017/12/04 10:47:29.805 TX00 StockNo Format Error 
[7228] 2017/12/04 10:47:29.805 SKOSQuoteLib_RequestTicks (0,TX00)
[7228] 2017/12/04 10:47:29.805 StockNo Format Error 
[16376] 2017/12/04 10:54:08.749 Connect Server: FORT03.capital.com.tw 443
[16376] 2017/12/04 10:54:11.815 SK_SUBJECT_CONNECTION_CONNECTED메Code: 0
[16376] 2017/12/04 10:54:12.700 OnConnect ( 3001 , 0 ) 
[16376] 2017/12/04 10:54:18.086 SKOSQuoteLib_RequestKLine (CME,ES_1712,0)
[16376] 2017/12/04 10:54:19.981 SKOSQuoteLib_RequestKLine (CME,ES_1712,1)
[16376] 2017/12/04 10:54:20.857 SKOSQuoteLib_RequestStocks (0,CME,ES_1712)
[16376] 2017/12/04 10:54:20.862 SKOSQuoteLib_RequestTicks (1,CME,ES_1712)
[16376] 2017/12/04 10:55:02.173 -----------------------------------------------------------------
[3284] 2017/12/04 11:36:32.867 Connect Server: FORT14.capital.com.tw 443
[3284] 2017/12/04 11:36:36.040 SK_SUBJECT_CONNECTION_CONNECTED메Code: 0
[3284] 2017/12/04 11:36:36.939 OnConnect ( 3001 , 0 ) 
[3284] 2017/12/04 11:36:41.090 SKOSQuoteLib_RequestKLine (CME,ES_1712,0)
[3284] 2017/12/04 11:36:44.079 SKOSQuoteLib_RequestKLine (CME,ES_1712,1)
[3284] 2017/12/04 11:36:46.900 SKOSQuoteLib_RequestStocks (0,CME,ES_1712)
[3284] 2017/12/04 11:36:46.905 SKOSQuoteLib_RequestTicks (1,CME,ES_1712)
[12908] 2017/12/04 11:37:05.639 Connect Server: FORT03.capital.com.tw 443
[12908] 2017/12/04 11:37:08.900 SK_SUBJECT_CONNECTION_CONNECTED메Code: 0
[12908] 2017/12/04 11:37:09.807 OnConnect ( 3001 , 0 ) 
[12908] 2017/12/04 11:37:15.107 SKOSQuoteLib_RequestKLine (CME,ES_1712,0)
[12908] 2017/12/04 11:37:17.072 SKOSQuoteLib_RequestKLine (CME,ES_1712,1)
[12908] 2017/12/04 11:37:17.837 SKOSQuoteLib_RequestStocks (0,CME,ES_1712)
[12908] 2017/12/04 11:37:17.844 SKOSQuoteLib_RequestTicks (1,CME,ES_1712)
[2396] 2017/12/04 11:41:51.205 Connect Server: FORT14.capital.com.tw 443
[2396] 2017/12/04 11:41:54.343 SK_SUBJECT_CONNECTION_CONNECTED메Code: 0
[2396] 2017/12/04 11:41:55.238 OnConnect ( 3001 , 0 ) 
[2396] 2017/12/04 11:41:59.377 SKOSQuoteLib_RequestKLine (CME,ES_1712,0)
[2396] 2017/12/04 11:42:01.403 SKOSQuoteLib_RequestKLine (CME,ES_1712,1)
[2396] 2017/12/04 11:42:03.881 SKOSQuoteLib_RequestStocks (0,CME,ES_1712)
[2396] 2017/12/04 11:42:03.887 SKOSQuoteLib_RequestTicks (1,CME,ES_1712)
[5068] 2017/12/04 11:42:23.848 Connect Server: FORT03.capital.com.tw 443
[5068] 2017/12/04 11:42:27.090 SK_SUBJECT_CONNECTION_CONNECTED메Code: 0
[5068] 2017/12/04 11:42:27.988 OnConnect ( 3001 , 0 ) 
[5068] 2017/12/04 11:42:32.132 SKOSQuoteLib_RequestKLine (CME,ES_1712,0)
[5068] 2017/12/04 11:42:34.124 SKOSQuoteLib_RequestKLine (CME,ES_1712,1)
[5068] 2017/12/04 11:42:34.843 SKOSQuoteLib_RequestStocks (0,CME,ES_1712)
[5068] 2017/12/04 11:42:34.849 SKOSQuoteLib_RequestTicks (1,CME,ES_1712)
[13172] 2017/12/04 11:44:08.565 Connect Server: FORT14.capital.com.tw 443
[13172] 2017/12/04 11:44:11.633 SK_SUBJECT_CONNECTION_CONNECTED메Code: 0
[13172] 2017/12/04 11:44:12.579 OnConnect ( 3001 , 0 ) 
[13172] 2017/12/04 11:44:17.631 SKOSQuoteLib_RequestKLine (CME,ES_1712,0)
[13172] 2017/12/04 11:44:19.530 SKOSQuoteLib_RequestKLine (CME,ES_1712,1)
[13172] 2017/12/04 11:44:22.001 SKOSQuoteLib_RequestStocks (0,CME,ES_1712)
[13172] 2017/12/04 11:44:22.007 SKOSQuoteLib_RequestTicks (1,CME,ES_1712)
[7808] 2017/12/04 11:44:43.707 Connect Server: FORT14.capital.com.tw 443
[7808] 2017/12/04 11:44:46.808 SK_SUBJECT_CONNECTION_CONNECTED메Code: 0
[7808] 2017/12/04 11:44:47.755 OnConnect ( 3001 , 0 ) 
[7808] 2017/12/04 11:44:53.414 SKOSQuoteLib_RequestKLine (CME,ES_1712,0)
[7808] 2017/12/04 11:44:55.273 SKOSQuoteLib_RequestKLine (CME,ES_1712,1)
[7808] 2017/12/04 11:44:56.098 SKOSQuoteLib_RequestStocks (0,CME,ES_1712)
[7808] 2017/12/04 11:44:56.104 SKOSQuoteLib_RequestTicks (1,CME,ES_1712)
[7808] 2017/12/04 11:47:56.332 -----------------------------------------------------------------
[12380] 2017/12/04 11:52:39.609 Connect Server: FORT14.capital.com.tw 443
[12380] 2017/12/04 11:52:43.383 SK_SUBJECT_CONNECTION_CONNECTED메Code: 0
[12380] 2017/12/04 11:52:43.751 OnConnect ( 3001 , 0 ) 
[12380] 2017/12/04 11:52:48.047 SKOSQuoteLib_RequestKLine (CME,ES_1712,0)
[12380] 2017/12/04 11:52:50.103 SKOSQuoteLib_RequestKLine (CME,ES_1712,1)
[12380] 2017/12/04 11:56:34.553 SK_SUBJECT_CONNECTION_DISCONNECT메Code: 10054
[12380] 2017/12/04 11:56:38.988 OnConnect ( 3002 , 10054 ) 
[10336] 2017/12/04 12:15:39.021 Connect Server: FORT03.capital.com.tw 443
[10336] 2017/12/04 12:15:42.482 SK_SUBJECT_CONNECTION_CONNECTED메Code: 0
[10336] 2017/12/04 12:15:43.356 OnConnect ( 3001 , 0 ) 
[10336] 2017/12/04 12:15:47.544 SKOSQuoteLib_RequestKLine (CME,ES_1712,0)
[10336] 2017/12/04 12:15:49.550 SKOSQuoteLib_RequestKLine (CME,ES_1712,1)
[6360] 2017/12/04 12:30:48.174 Connect Server: FORT14.capital.com.tw 443
[6360] 2017/12/04 12:30:51.703 SK_SUBJECT_CONNECTION_CONNECTED메Code: 0
[6360] 2017/12/04 12:30:52.608 OnConnect ( 3001 , 0 ) 
[11772] 2017/12/04 12:32:55.654 Connect Server: FORT14.capital.com.tw 443
[11772] 2017/12/04 12:32:58.693 SK_SUBJECT_CONNECTION_CONNECTED메Code: 0
[11772] 2017/12/04 12:32:59.644 OnConnect ( 3001 , 0 ) 
[11772] 2017/12/04 12:34:09.519 SKOSQuoteLib_RequestKLine (CME,ES_1712,0)
[11772] 2017/12/04 12:34:10.997 SKOSQuoteLib_RequestKLine (CME,ES_1712,1)
[11772] 2017/12/04 12:39:35.675 SK_SUBJECT_CONNECTION_DISCONNECT메Code: 10054
[11772] 2017/12/04 12:39:47.478 OnConnect ( 3002 , 10054 ) 
[7668] 2017/12/04 12:42:09.552 Connect Server: FORT14.capital.com.tw 443
[7668] 2017/12/04 12:42:12.761 SK_SUBJECT_CONNECTION_CONNECTED메Code: 0
[7668] 2017/12/04 12:42:13.661 OnConnect ( 3001 , 0 ) 
[9240] 2017/12/04 12:43:02.246 Connect Server: FORT03.capital.com.tw 443
[9240] 2017/12/04 12:43:05.400 SK_SUBJECT_CONNECTION_CONNECTED메Code: 0
[9240] 2017/12/04 12:43:06.300 OnConnect ( 3001 , 0 ) 
[15036] 2017/12/04 12:43:44.499 Connect Server: FORT14.capital.com.tw 443
[15036] 2017/12/04 12:43:47.413 SK_SUBJECT_CONNECTION_CONNECTED메Code: 0
[15036] 2017/12/04 12:43:48.365 OnConnect ( 3001 , 0 ) 
[2204] 2017/12/04 13:52:45.436 Connect Server: FORT03.capital.com.tw 443
[2204] 2017/12/04 13:52:48.486 SK_SUBJECT_CONNECTION_CONNECTED메Code: 0
[2204] 2017/12/04 13:52:49.383 OnConnect ( 3001 , 0 ) 
[12960] 2017/12/04 13:54:23.236 Connect Server: FORT14.capital.com.tw 443
[12960] 2017/12/04 13:54:26.336 SK_SUBJECT_CONNECTION_CONNECTED메Code: 0
[12960] 2017/12/04 13:54:27.250 OnConnect ( 3001 , 0 ) 
[12396] 2017/12/04 13:57:17.139 Connect Server: FORT03.capital.com.tw 443
[12396] 2017/12/04 13:57:20.207 SK_SUBJECT_CONNECTION_CONNECTED메Code: 0
[12396] 2017/12/04 13:57:21.104 OnConnect ( 3001 , 0 ) 
[14028] 2017/12/04 14:01:47.149 Connect Server: FORT03.capital.com.tw 443
[14028] 2017/12/04 14:01:50.251 SK_SUBJECT_CONNECTION_CONNECTED메Code: 0
[14028] 2017/12/04 14:01:51.148 OnConnect ( 3001 , 0 ) 
[12048] 2017/12/04 14:02:20.222 Connect Server: FORT14.capital.com.tw 443
[12048] 2017/12/04 14:02:20.840 SK_SUBJECT_CONNECTION_CONNECTED메Code: 0
[12048] 2017/12/04 14:02:21.764 OnConnect ( 3001 , 0 ) 
[12048] 2017/12/04 14:02:27.880 SKOSQuoteLib_RequestKLine (CME,ES_1712,0)
[12048] 2017/12/04 14:02:29.498 SKOSQuoteLib_RequestKLine (CME,ES_1712,1)
[12048] 2017/12/04 14:02:30.286 SKOSQuoteLib_RequestStocks (0,CME,ES_1712)
[12048] 2017/12/04 14:02:30.289 SKOSQuoteLib_RequestTicks (1,CME,ES_1712)
[12048] 2017/12/04 14:02:57.618 -----------------------------------------------------------------
[6944] 2017/12/04 14:03:09.371 Connect Server: FORT03.capital.com.tw 443
[6944] 2017/12/04 14:03:09.939 SK_SUBJECT_CONNECTION_CONNECTED메Code: 0
[6944] 2017/12/04 14:03:10.930 OnConnect ( 3001 , 0 ) 
[6944] 2017/12/04 14:03:15.043 SKOSQuoteLib_RequestKLine (CME,ES_1712,0)
[6944] 2017/12/04 14:03:17.153 SKOSQuoteLib_RequestKLine (CME,ES_1712,1)
[6944] 2017/12/04 14:03:19.317 SKOSQuoteLib_RequestStocks (0,CME,ES_1712)
[6944] 2017/12/04 14:03:19.321 SKOSQuoteLib_RequestTicks (1,CME,ES_1712)
[6944] 2017/12/04 14:04:16.168 -----------------------------------------------------------------
[16272] 2017/12/04 14:09:51.529 Connect Server: FORT03.capital.com.tw 443
[16272] 2017/12/04 14:09:54.781 SK_SUBJECT_CONNECTION_CONNECTED메Code: 0
[16272] 2017/12/04 14:09:55.515 OnConnect ( 3001 , 0 ) 
[16272] 2017/12/04 14:10:00.962 SKOSQuoteLib_RequestKLine (CME,ES_1712,0)
[16272] 2017/12/04 14:10:03.914 SKOSQuoteLib_RequestKLine (CME,ES_1712,1)
[16272] 2017/12/04 14:10:07.454 SKOSQuoteLib_RequestStocks (0,CME,ES_1712)
[16272] 2017/12/04 14:10:07.459 SKOSQuoteLib_RequestTicks (1,CME,ES_1712)
[7264] 2017/12/04 14:10:26.648 Connect Server: FORT03.capital.com.tw 443
[7264] 2017/12/04 14:10:29.837 SK_SUBJECT_CONNECTION_CONNECTED메Code: 0
[7264] 2017/12/04 14:10:30.786 OnConnect ( 3001 , 0 ) 
[7264] 2017/12/04 14:10:35.934 SKOSQuoteLib_RequestKLine (CME,ES_1712,0)
[7264] 2017/12/04 14:10:36.237 SKOSQuoteLib_RequestKLine (CME,ES_1712,1)
[7264] 2017/12/04 14:10:36.951 SKOSQuoteLib_RequestStocks (0,CME,ES_1712)
[7264] 2017/12/04 14:10:36.956 SKOSQuoteLib_RequestTicks (1,CME,ES_1712)
[15768] 2017/12/04 14:12:24.415 Connect Server: FORT03.capital.com.tw 443
[15768] 2017/12/04 14:12:27.429 SK_SUBJECT_CONNECTION_CONNECTED메Code: 0
[15768] 2017/12/04 14:12:28.380 OnConnect ( 3001 , 0 ) 
[15768] 2017/12/04 14:12:33.651 SKOSQuoteLib_RequestKLine (CME,ES_1712,0)
[15768] 2017/12/04 14:12:35.721 SKOSQuoteLib_RequestKLine (CME,ES_1712,1)
[15768] 2017/12/04 14:12:49.036 SKOSQuoteLib_RequestStocks (0,CME,ES_1712)
[15768] 2017/12/04 14:12:49.040 SKOSQuoteLib_RequestTicks (1,CME,ES_1712)
[15548] 2017/12/04 14:14:04.779 Connect Server: FORT14.capital.com.tw 443
[15548] 2017/12/04 14:14:07.767 SK_SUBJECT_CONNECTION_CONNECTED메Code: 0
[15548] 2017/12/04 14:14:08.661 OnConnect ( 3001 , 0 ) 
[15548] 2017/12/04 14:14:14.223 SKOSQuoteLib_RequestKLine (CME,ES_1712,0)
[15548] 2017/12/04 14:14:16.212 SKOSQuoteLib_RequestKLine (CME,ES_1712,1)
[15548] 2017/12/04 14:14:19.085 SKOSQuoteLib_RequestStocks (0,CME,ES_1712)
[15548] 2017/12/04 14:14:19.089 SKOSQuoteLib_RequestTicks (1,CME,ES_1712)
[752] 2017/12/04 14:14:48.072 Connect Server: FORT14.capital.com.tw 443
[752] 2017/12/04 14:14:50.937 SK_SUBJECT_CONNECTION_CONNECTED메Code: 0
[752] 2017/12/04 14:14:51.888 OnConnect ( 3001 , 0 ) 
[752] 2017/12/04 14:14:57.010 SKOSQuoteLib_RequestKLine (CME,ES_1712,0)
[752] 2017/12/04 14:15:01.176 SKOSQuoteLib_RequestKLine (CME,ES_1712,1)
[752] 2017/12/04 14:15:02.150 SKOSQuoteLib_RequestStocks (0,CME,ES_1712)
[752] 2017/12/04 14:15:02.156 SKOSQuoteLib_RequestTicks (1,CME,ES_1712)
[15572] 2017/12/04 14:17:02.730 Connect Server: FORT03.capital.com.tw 443
[15572] 2017/12/04 14:17:03.329 SK_SUBJECT_CONNECTION_CONNECTED메Code: 0
[15572] 2017/12/04 14:17:04.260 OnConnect ( 3001 , 0 ) 
[15572] 2017/12/04 14:17:10.574 SKOSQuoteLib_RequestKLine (TX00,0)
[15572] 2017/12/04 14:17:10.575 KLine Format Error !
[15572] 2017/12/04 14:17:10.683 SKOSQuoteLib_RequestKLine (TX00,1)
[15572] 2017/12/04 14:17:10.683 KLine Format Error !
[15572] 2017/12/04 14:17:11.155 SKOSQuoteLib_RequestStocks (0,TX00)
[15572] 2017/12/04 14:17:11.155 TX00 StockNo Format Error 
[15572] 2017/12/04 14:17:11.158 SKOSQuoteLib_RequestTicks (0,TX00)
[15572] 2017/12/04 14:17:11.158 StockNo Format Error 
[15572] 2017/12/04 14:17:55.202 -----------------------------------------------------------------
[14460] 2017/12/04 14:18:05.603 Connect Server: FORT14.capital.com.tw 443
[14460] 2017/12/04 14:18:06.295 SK_SUBJECT_CONNECTION_CONNECTED메Code: 0
[14460] 2017/12/04 14:18:07.210 OnConnect ( 3001 , 0 ) 
[14460] 2017/12/04 14:18:11.973 SKOSQuoteLib_RequestKLine (TX00,0)
[14460] 2017/12/04 14:18:11.973 KLine Format Error !
[14460] 2017/12/04 14:18:12.096 SKOSQuoteLib_RequestKLine (TX00,1)
[14460] 2017/12/04 14:18:12.096 KLine Format Error !
[14460] 2017/12/04 14:18:14.871 SKOSQuoteLib_RequestStocks (0,TX00)
[14460] 2017/12/04 14:18:14.871 TX00 StockNo Format Error 
[14460] 2017/12/04 14:18:14.873 SKOSQuoteLib_RequestTicks (0,TX00)
[14460] 2017/12/04 14:18:14.873 StockNo Format Error 
[14460] 2017/12/04 14:29:08.276 -----------------------------------------------------------------
[5536] 2017/12/04 14:30:36.658 Connect Server: FORT14.capital.com.tw 443
[5536] 2017/12/04 14:30:37.489 SK_SUBJECT_CONNECTION_CONNECTED메Code: 0
[5536] 2017/12/04 14:30:38.379 OnConnect ( 3001 , 0 ) 
[5536] 2017/12/04 14:30:43.972 SKOSQuoteLib_RequestKLine (TX00,0)
[5536] 2017/12/04 14:30:43.972 KLine Format Error !
[5536] 2017/12/04 14:30:44.097 SKOSQuoteLib_RequestKLine (TX00,1)
[5536] 2017/12/04 14:30:44.097 KLine Format Error !
[5536] 2017/12/04 14:30:47.596 SKOSQuoteLib_RequestStocks (0,TX00)
[5536] 2017/12/04 14:30:47.596 TX00 StockNo Format Error 
[5536] 2017/12/04 14:30:47.600 SKOSQuoteLib_RequestTicks (0,TX00)
[5536] 2017/12/04 14:30:47.600 StockNo Format Error 
[5536] 2017/12/04 14:41:24.519 -----------------------------------------------------------------
[11632] 2017/12/04 14:41:41.336 Connect Server: FORT14.capital.com.tw 443
[11632] 2017/12/04 14:41:41.969 SK_SUBJECT_CONNECTION_CONNECTED메Code: 0
[11632] 2017/12/04 14:41:42.878 OnConnect ( 3001 , 0 ) 
[11632] 2017/12/04 14:41:49.429 SKOSQuoteLib_RequestKLine (TX00,0)
[11632] 2017/12/04 14:41:49.429 KLine Format Error !
[11632] 2017/12/04 14:41:54.207 SKOSQuoteLib_RequestKLine (TX00,1)
[11632] 2017/12/04 14:41:54.207 KLine Format Error !
[11632] 2017/12/04 14:41:58.747 SKOSQuoteLib_RequestStocks (0,TX00)
[11632] 2017/12/04 14:41:58.747 TX00 StockNo Format Error 
[11632] 2017/12/04 14:41:58.751 SKOSQuoteLib_RequestTicks (0,TX00)
[11632] 2017/12/04 14:41:58.751 StockNo Format Error 
[11632] 2017/12/04 14:42:10.959 SKOSQuoteLib_RequestKLine (TX00,0)
[11632] 2017/12/04 14:42:10.959 KLine Format Error !
[11632] 2017/12/04 14:42:11.051 SKOSQuoteLib_RequestKLine (TX00,1)
[11632] 2017/12/04 14:42:11.051 KLine Format Error !
[11632] 2017/12/04 14:42:13.262 SKOSQuoteLib_RequestStocks (0,TX00)
[11632] 2017/12/04 14:42:13.262 TX00 StockNo Format Error 
[11632] 2017/12/04 14:42:13.262 SKOSQuoteLib_RequestTicks (1,TX00)
[11632] 2017/12/04 14:42:13.262 StockNo Format Error 
[11632] 2017/12/04 14:42:39.906 SKOSQuoteLib_RequestKLine (TX00,0)
[11632] 2017/12/04 14:42:39.906 KLine Format Error !
[11632] 2017/12/04 14:42:39.996 SKOSQuoteLib_RequestKLine (TX00,1)
[11632] 2017/12/04 14:42:39.996 KLine Format Error !
[11632] 2017/12/04 14:42:40.530 SKOSQuoteLib_RequestStocks (0,TX00)
[11632] 2017/12/04 14:42:40.530 TX00 StockNo Format Error 
[11632] 2017/12/04 14:42:40.530 SKOSQuoteLib_RequestTicks (2,TX00)
[11632] 2017/12/04 14:42:40.530 StockNo Format Error 
[11632] 2017/12/04 14:42:53.599 -----------------------------------------------------------------
[9240] 2017/12/04 14:43:29.613 Connect Server: FORT03.capital.com.tw 443
[9240] 2017/12/04 14:43:30.212 SK_SUBJECT_CONNECTION_CONNECTED메Code: 0
[9240] 2017/12/04 14:43:31.130 OnConnect ( 3001 , 0 ) 
[9240] 2017/12/04 14:43:35.977 SKOSQuoteLib_RequestKLine (TX00,0)
[9240] 2017/12/04 14:43:35.977 KLine Format Error !
[9240] 2017/12/04 14:43:36.111 SKOSQuoteLib_RequestKLine (TX00,1)
[9240] 2017/12/04 14:43:36.111 KLine Format Error !
[9240] 2017/12/04 14:46:18.473 SK_SUBJECT_CONNECTION_DISCONNECT메Code: 10054
[9240] 2017/12/04 14:49:48.107 OnConnect ( 3002 , 10054 ) 
[9240] 2017/12/04 14:54:46.835 -----------------------------------------------------------------
[13316] 2017/12/04 14:58:11.532 Connect Server: FORT14.capital.com.tw 443
[13316] 2017/12/04 14:58:12.211 SK_SUBJECT_CONNECTION_CONNECTED메Code: 0
[13316] 2017/12/04 14:58:13.130 OnConnect ( 3001 , 0 ) 
[13316] 2017/12/04 14:58:18.458 SKOSQuoteLib_RequestKLine (TX00,0)
[13316] 2017/12/04 14:58:18.458 KLine Format Error !
[13316] 2017/12/04 14:58:18.619 SKOSQuoteLib_RequestKLine (TX00,1)
[13316] 2017/12/04 14:58:18.619 KLine Format Error !
[13316] 2017/12/04 14:58:22.226 SKOSQuoteLib_RequestStocks (0,TX00)
[13316] 2017/12/04 14:58:22.226 TX00 StockNo Format Error 
[13316] 2017/12/04 14:58:22.230 SKOSQuoteLib_RequestTicks (0,TX00)
[13316] 2017/12/04 14:58:22.230 StockNo Format Error 
[13316] 2017/12/04 14:59:02.797 -----------------------------------------------------------------
[9272] 2017/12/04 15:00:23.315 Connect Server: FORT03.capital.com.tw 443
[9272] 2017/12/04 15:00:23.999 SK_SUBJECT_CONNECTION_CONNECTED메Code: 0
[9272] 2017/12/04 15:00:24.896 OnConnect ( 3001 , 0 ) 
[9272] 2017/12/04 15:00:30.072 SKOSQuoteLib_RequestKLine (TX00,0)
[9272] 2017/12/04 15:00:30.072 KLine Format Error !
[9272] 2017/12/04 15:00:30.200 SKOSQuoteLib_RequestKLine (TX00,1)
[9272] 2017/12/04 15:00:30.200 KLine Format Error !
[9272] 2017/12/04 15:00:30.683 SKOSQuoteLib_RequestStocks (0,TX00)
[9272] 2017/12/04 15:00:30.683 TX00 StockNo Format Error 
[9272] 2017/12/04 15:00:30.688 SKOSQuoteLib_RequestTicks (0,TX00)
[9272] 2017/12/04 15:00:30.688 StockNo Format Error 
[9272] 2017/12/04 15:04:11.590 -----------------------------------------------------------------
[16076] 2017/12/04 15:08:29.763 Connect Server: FORT14.capital.com.tw 443
[16076] 2017/12/04 15:08:33.049 SK_SUBJECT_CONNECTION_CONNECTED메Code: 0
[16076] 2017/12/04 15:08:33.911 OnConnect ( 3001 , 0 ) 
[16076] 2017/12/04 15:08:39.168 SKOSQuoteLib_RequestKLine (TX00,0)
[16076] 2017/12/04 15:08:39.168 KLine Format Error !
[4448] 2017/12/04 15:14:09.454 Connect Server: FORT03.capital.com.tw 443
[4448] 2017/12/04 15:14:13.002 SK_SUBJECT_CONNECTION_CONNECTED메Code: 0
[4448] 2017/12/04 15:14:13.903 OnConnect ( 3001 , 0 ) 
[4448] 2017/12/04 15:14:18.651 SKOSQuoteLib_RequestKLine (CME,ES_1712,0)
[4448] 2017/12/04 15:14:30.436 SKOSQuoteLib_RequestKLine (CME,ES_1712,1)
[4448] 2017/12/04 15:14:35.827 SKOSQuoteLib_RequestStocks (0,CME,ES_1712)
[4448] 2017/12/04 15:14:35.831 SKOSQuoteLib_RequestTicks (1,CME,ES_1712)
[1132] 2017/12/04 15:16:18.172 Connect Server: FORT14.capital.com.tw 443
[1132] 2017/12/04 15:16:21.508 SK_SUBJECT_CONNECTION_CONNECTED메Code: 0
[1132] 2017/12/04 15:16:22.395 OnConnect ( 3001 , 0 ) 
[1132] 2017/12/04 15:16:27.901 SKOSQuoteLib_RequestKLine (CME,ES_1712,0)
[1132] 2017/12/04 15:16:29.805 SKOSQuoteLib_RequestKLine (CME,ES_1712,1)
[1132] 2017/12/04 15:16:30.661 SKOSQuoteLib_RequestStocks (0,CME,ES_1712)
[1132] 2017/12/04 15:16:30.669 SKOSQuoteLib_RequestTicks (1,CME,ES_1712)
[1248] 2017/12/04 15:16:50.741 Connect Server: FORT14.capital.com.tw 443
[1248] 2017/12/04 15:16:53.967 SK_SUBJECT_CONNECTION_CONNECTED메Code: 0
[1248] 2017/12/04 15:16:54.915 OnConnect ( 3001 , 0 ) 
[2772] 2017/12/04 15:17:21.734 Connect Server: FORT03.capital.com.tw 443
[2772] 2017/12/04 15:17:24.960 SK_SUBJECT_CONNECTION_CONNECTED메Code: 0
[2772] 2017/12/04 15:17:25.858 OnConnect ( 3001 , 0 ) 
[13256] 2017/12/04 15:18:24.947 Connect Server: FORT14.capital.com.tw 443
[13256] 2017/12/04 15:18:28.064 SK_SUBJECT_CONNECTION_CONNECTED메Code: 0
[13256] 2017/12/04 15:18:29.014 OnConnect ( 3001 , 0 ) 
[7656] 2017/12/04 15:19:04.997 Connect Server: FORT14.capital.com.tw 443
[7656] 2017/12/04 15:19:08.122 SK_SUBJECT_CONNECTION_CONNECTED메Code: 0
[7656] 2017/12/04 15:19:09.063 OnConnect ( 3001 , 0 ) 
[7656] 2017/12/04 15:19:13.742 SKOSQuoteLib_RequestKLine (CME,ES_1712,0)
[7656] 2017/12/04 15:19:16.460 SKOSQuoteLib_RequestKLine (CME,ES_1712,1)
[7656] 2017/12/04 15:19:17.228 SKOSQuoteLib_RequestStocks (0,CME,ES_1712)
[7656] 2017/12/04 15:19:17.234 SKOSQuoteLib_RequestTicks (1,CME,ES_1712)
[16020] 2017/12/04 15:19:38.487 Connect Server: FORT14.capital.com.tw 443
[16020] 2017/12/04 15:19:41.799 SK_SUBJECT_CONNECTION_CONNECTED메Code: 0
[16020] 2017/12/04 15:19:42.697 OnConnect ( 3001 , 0 ) 
[13096] 2017/12/04 15:20:32.520 Connect Server: FORT14.capital.com.tw 443
[13096] 2017/12/04 15:20:35.545 SK_SUBJECT_CONNECTION_CONNECTED메Code: 0
[13096] 2017/12/04 15:20:36.498 OnConnect ( 3001 , 0 ) 
[8860] 2017/12/04 15:22:15.204 Connect Server: FORT14.capital.com.tw 443
[8860] 2017/12/04 15:22:18.268 SK_SUBJECT_CONNECTION_CONNECTED메Code: 0
[8860] 2017/12/04 15:22:19.221 OnConnect ( 3001 , 0 ) 
[8860] 2017/12/04 15:22:31.850 SKOSQuoteLib_RequestKLine (TX00,0)
[8860] 2017/12/04 15:22:31.850 KLine Format Error !
[8860] 2017/12/04 15:22:31.994 SKOSQuoteLib_RequestKLine (TX00,1)
[8860] 2017/12/04 15:22:31.994 KLine Format Error !
[8860] 2017/12/04 15:22:32.383 SKOSQuoteLib_RequestStocks (0,TX00)
[8860] 2017/12/04 15:22:32.383 TX00 StockNo Format Error 
[8860] 2017/12/04 15:22:32.387 SKOSQuoteLib_RequestTicks (0,TX00)
[8860] 2017/12/04 15:22:32.387 StockNo Format Error 
[5324] 2017/12/04 15:25:52.941 Connect Server: FORT14.capital.com.tw 443
[5324] 2017/12/04 15:25:56.783 SK_SUBJECT_CONNECTION_CONNECTED메Code: 0
[5324] 2017/12/04 15:25:57.674 OnConnect ( 3001 , 0 ) 
[5324] 2017/12/04 15:26:03.943 SKOSQuoteLib_RequestKLine (TX00,0)
[5324] 2017/12/04 15:26:03.943 KLine Format Error !
[5324] 2017/12/04 15:26:04.050 SKOSQuoteLib_RequestKLine (TX00,1)
[5324] 2017/12/04 15:26:04.050 KLine Format Error !
[5324] 2017/12/04 15:26:06.502 SKOSQuoteLib_RequestStocks (0,TX00)
[5324] 2017/12/04 15:26:06.503 TX00 StockNo Format Error 
[5324] 2017/12/04 15:26:06.508 SKOSQuoteLib_RequestTicks (0,TX00)
[5324] 2017/12/04 15:26:06.509 StockNo Format Error 
[7524] 2017/12/04 15:27:49.946 Connect Server: FORT03.capital.com.tw 443
[7524] 2017/12/04 15:27:53.265 SK_SUBJECT_CONNECTION_CONNECTED메Code: 0
[7524] 2017/12/04 15:27:54.151 OnConnect ( 3001 , 0 ) 
[7524] 2017/12/04 15:28:01.076 SKOSQuoteLib_RequestKLine (TX00,0)
[7524] 2017/12/04 15:28:01.076 KLine Format Error !
[7524] 2017/12/04 15:28:01.220 SKOSQuoteLib_RequestKLine (TX00,1)
[7524] 2017/12/04 15:28:01.220 KLine Format Error !
[16336] 2017/12/04 15:34:15.339 Connect Server: FORT14.capital.com.tw 443
[16336] 2017/12/04 15:34:18.457 SK_SUBJECT_CONNECTION_CONNECTED메Code: 0
[16336] 2017/12/04 15:34:19.361 OnConnect ( 3001 , 0 ) 
[16336] 2017/12/04 15:34:24.718 SKOSQuoteLib_RequestKLine (TX00,0)
[16336] 2017/12/04 15:34:24.718 KLine Format Error !
[16336] 2017/12/04 15:34:25.153 SKOSQuoteLib_RequestKLine (TX00,1)
[16336] 2017/12/04 15:34:25.153 KLine Format Error !
[16336] 2017/12/04 15:38:12.956 SK_SUBJECT_CONNECTION_DISCONNECT메Code: 10054
[16336] 2017/12/04 15:40:25.160 SKOSQuoteLib_RequestStocks (0,TX00)
[16336] 2017/12/04 15:40:25.160 TX00 StockNo Format Error 
[16336] 2017/12/04 15:40:27.443 SKOSQuoteLib_RequestTicks (0,TX00)
[16336] 2017/12/04 15:40:27.443 StockNo Format Error 
[13440] 2017/12/04 15:45:19.477 Connect Server: FORT03.capital.com.tw 443
[13440] 2017/12/04 15:45:22.680 SK_SUBJECT_CONNECTION_CONNECTED메Code: 0
[13440] 2017/12/04 15:45:23.576 OnConnect ( 3001 , 0 ) 
[13440] 2017/12/04 15:45:37.570 SKOSQuoteLib_RequestKLine (TX00,0)
[13440] 2017/12/04 15:45:37.570 KLine Format Error !
[13440] 2017/12/04 15:45:37.690 SKOSQuoteLib_RequestKLine (TX00,1)
[13440] 2017/12/04 15:45:37.690 KLine Format Error !
[13440] 2017/12/04 15:45:54.656 SKOSQuoteLib_RequestStocks (0,TX00)
[13440] 2017/12/04 15:45:54.656 TX00 StockNo Format Error 
[13440] 2017/12/04 15:45:54.660 SKOSQuoteLib_RequestTicks (0,TX00)
[13440] 2017/12/04 15:45:54.660 StockNo Format Error 
[13440] 2017/12/04 16:27:40.009 -----------------------------------------------------------------
[11448] 2017/12/04 16:30:22.086 Connect Server: FORT03.capital.com.tw 443
[11448] 2017/12/04 16:30:25.923 SK_SUBJECT_CONNECTION_CONNECTED메Code: 0
[11448] 2017/12/04 16:30:26.821 OnConnect ( 3001 , 0 ) 
[11448] 2017/12/04 16:30:35.195 SKOSQuoteLib_RequestKLine (TX00,0)
[11448] 2017/12/04 16:30:35.195 KLine Format Error !
[11448] 2017/12/04 16:30:35.377 SKOSQuoteLib_RequestKLine (TX00,1)
[11448] 2017/12/04 16:30:35.378 KLine Format Error !
[11448] 2017/12/04 16:30:40.905 SKOSQuoteLib_RequestStocks (0,TX00)
[11448] 2017/12/04 16:30:40.905 TX00 StockNo Format Error 
[11448] 2017/12/04 16:30:40.908 SKOSQuoteLib_RequestTicks (0,TX00)
[11448] 2017/12/04 16:30:40.908 StockNo Format Error 
[13616] 2017/12/04 16:43:23.356 Connect Server: FORT14.capital.com.tw 443
[13616] 2017/12/04 16:43:26.471 SK_SUBJECT_CONNECTION_CONNECTED메Code: 0
[13616] 2017/12/04 16:43:27.369 OnConnect ( 3001 , 0 ) 
[13616] 2017/12/04 16:43:31.536 SKOSQuoteLib_RequestKLine (CME,ES_1712,0)
[13616] 2017/12/04 16:43:33.733 SKOSQuoteLib_RequestKLine (CME,ES_1712,1)
[13616] 2017/12/04 16:43:34.632 SKOSQuoteLib_RequestStocks (0,CME,ES_1712)
[13616] 2017/12/04 16:43:34.636 SKOSQuoteLib_RequestTicks (1,CME,ES_1712)
[13616] 2017/12/04 16:47:06.870 -----------------------------------------------------------------
[14756] 2017/12/04 16:51:16.439 Connect Server: FORT14.capital.com.tw 443
[14756] 2017/12/04 16:51:19.705 SK_SUBJECT_CONNECTION_CONNECTED메Code: 0
[14756] 2017/12/04 16:51:20.607 OnConnect ( 3001 , 0 ) 
[14756] 2017/12/04 16:51:26.324 SKOSQuoteLib_RequestKLine (CME,ES_1712,0)
[14756] 2017/12/04 16:51:28.205 SKOSQuoteLib_RequestKLine (CME,ES_1712,1)
[14756] 2017/12/04 16:51:31.462 SKOSQuoteLib_RequestStocks (0,CME,ES_1712)
[14756] 2017/12/04 16:51:31.467 SKOSQuoteLib_RequestTicks (1,CME,ES_1712)
[9672] 2017/12/04 16:51:52.158 Connect Server: FORT14.capital.com.tw 443
[9672] 2017/12/04 16:51:55.942 SK_SUBJECT_CONNECTION_CONNECTED메Code: 0
[9672] 2017/12/04 16:51:56.889 OnConnect ( 3001 , 0 ) 
[9672] 2017/12/04 16:52:02.635 SKOSQuoteLib_RequestKLine (CME,ES_1712,0)
[9672] 2017/12/04 16:52:04.515 SKOSQuoteLib_RequestKLine (CME,ES_1712,1)
[9672] 2017/12/04 16:52:05.296 SKOSQuoteLib_RequestStocks (0,CME,ES_1712)
[9672] 2017/12/04 16:52:05.302 SKOSQuoteLib_RequestTicks (1,CME,ES_1712)
[9672] 2017/12/04 17:13:33.305 -----------------------------------------------------------------
[5080] 2017/12/04 17:15:27.125 Connect Server: FORT03.capital.com.tw 443
[5080] 2017/12/04 17:15:30.366 SK_SUBJECT_CONNECTION_CONNECTED메Code: 0
[5080] 2017/12/04 17:15:31.265 OnConnect ( 3001 , 0 ) 
[5080] 2017/12/04 17:15:35.487 SKOSQuoteLib_RequestKLine (CME,ES_1712,0)
[5080] 2017/12/04 17:15:37.513 SKOSQuoteLib_RequestKLine (CME,ES_1712,1)
[5080] 2017/12/04 17:15:40.890 SKOSQuoteLib_RequestStocks (0,CME,ES_1712)
[5080] 2017/12/04 17:15:40.898 SKOSQuoteLib_RequestTicks (1,CME,ES_1712)
[3588] 2017/12/04 17:16:20.271 Connect Server: FORT14.capital.com.tw 443
[3588] 2017/12/04 17:16:23.560 SK_SUBJECT_CONNECTION_CONNECTED메Code: 0
[3588] 2017/12/04 17:16:24.456 OnConnect ( 3001 , 0 ) 
[3588] 2017/12/04 17:16:28.604 SKOSQuoteLib_RequestKLine (CME,ES_1712,0)
[3588] 2017/12/04 17:16:30.573 SKOSQuoteLib_RequestKLine (CME,ES_1712,1)
[3588] 2017/12/04 17:16:31.271 SKOSQuoteLib_RequestStocks (0,CME,ES_1712)
[3588] 2017/12/04 17:16:31.277 SKOSQuoteLib_RequestTicks (1,CME,ES_1712)
[14988] 2017/12/04 17:18:11.408 Connect Server: FORT03.capital.com.tw 443
[14988] 2017/12/04 17:18:14.438 SK_SUBJECT_CONNECTION_CONNECTED메Code: 0
[14988] 2017/12/04 17:18:15.388 OnConnect ( 3001 , 0 ) 
[14988] 2017/12/04 17:18:19.530 SKOSQuoteLib_RequestKLine (CME,ES_1712,0)
[14988] 2017/12/04 17:18:21.578 SKOSQuoteLib_RequestKLine (CME,ES_1712,1)
[14988] 2017/12/04 17:18:24.629 SKOSQuoteLib_RequestStocks (0,CME,ES_1712)
[14988] 2017/12/04 17:18:24.634 SKOSQuoteLib_RequestTicks (1,CME,ES_1712)
[10580] 2017/12/04 17:20:13.567 Connect Server: FORT14.capital.com.tw 443
[3560] 2017/12/04 17:26:05.454 Connect Server: FORT03.capital.com.tw 443
[3560] 2017/12/04 17:26:08.809 SK_SUBJECT_CONNECTION_CONNECTED메Code: 0
[3560] 2017/12/04 17:26:09.708 OnConnect ( 3001 , 0 ) 
[3560] 2017/12/04 17:26:14.836 SKOSQuoteLib_RequestKLine (CME,ES_1712,0)
[3560] 2017/12/04 17:26:16.714 SKOSQuoteLib_RequestKLine (CME,ES_1712,1)
[3560] 2017/12/04 17:26:17.559 SKOSQuoteLib_RequestStocks (0,CME,ES_1712)
[3560] 2017/12/04 17:26:17.566 SKOSQuoteLib_RequestTicks (1,CME,ES_1712)
[2164] 2017/12/04 17:34:02.606 Connect Server: FORT14.capital.com.tw 443
[2164] 2017/12/04 17:34:05.938 SK_SUBJECT_CONNECTION_CONNECTED메Code: 0
[2164] 2017/12/04 17:34:06.840 OnConnect ( 3001 , 0 ) 
[2164] 2017/12/04 17:34:12.729 SKOSQuoteLib_RequestKLine (CME,ES_1712,0)
[2164] 2017/12/04 17:34:14.595 SKOSQuoteLib_RequestKLine (CME,ES_1712,1)
[2164] 2017/12/04 17:34:15.427 SKOSQuoteLib_RequestStocks (0,CME,ES_1712)
[2164] 2017/12/04 17:34:15.433 SKOSQuoteLib_RequestTicks (1,CME,ES_1712)
[2164] 2017/12/04 17:37:02.337 -----------------------------------------------------------------
[9768] 2017/12/04 17:40:01.466 Connect Server: FORT03.capital.com.tw 443
[9768] 2017/12/04 17:40:04.655 SK_SUBJECT_CONNECTION_CONNECTED메Code: 0
[9768] 2017/12/04 17:40:05.554 OnConnect ( 3001 , 0 ) 
[9768] 2017/12/04 17:40:09.695 SKOSQuoteLib_RequestKLine (CME,ES_1712,0)
[9768] 2017/12/04 17:40:11.690 SKOSQuoteLib_RequestKLine (CME,ES_1712,1)
[9768] 2017/12/04 17:40:15.033 SKOSQuoteLib_RequestStocks (0,CME,ES_1712)
[9768] 2017/12/04 17:40:15.038 SKOSQuoteLib_RequestTicks (1,CME,ES_1712)
[10160] 2017/12/04 20:47:17.535 Connect Server: FORT14.capital.com.tw 443
[16716] 2017/12/04 20:48:29.492 Connect Server: FORT03.capital.com.tw 443
[16716] 2017/12/04 20:48:32.469 SK_SUBJECT_CONNECTION_CONNECTED메Code: 0
[16716] 2017/12/04 20:48:33.363 OnConnect ( 3001 , 0 ) 
[16716] 2017/12/04 20:48:37.659 SKOSQuoteLib_RequestKLine (CME,ES_1712,0)
[16716] 2017/12/04 20:48:40.033 SKOSQuoteLib_RequestKLine (CME,ES_1712,1)
[16716] 2017/12/04 20:48:43.115 SKOSQuoteLib_RequestStocks (0,CME,ES_1712)
[16716] 2017/12/04 20:48:43.121 SKOSQuoteLib_RequestTicks (1,CME,ES_1712)
[5624] 2017/12/04 20:50:11.680 Connect Server: FORT14.capital.com.tw 443
[5624] 2017/12/04 20:50:14.939 SK_SUBJECT_CONNECTION_CONNECTED메Code: 0
[5624] 2017/12/04 20:50:15.770 OnConnect ( 3001 , 0 ) 
[5624] 2017/12/04 20:50:20.808 SKOSQuoteLib_RequestKLine (CME,ES_1712,0)
[5624] 2017/12/04 20:50:23.578 SKOSQuoteLib_RequestKLine (CME,ES_1712,1)
[5624] 2017/12/04 20:50:56.593 SKOSQuoteLib_RequestStocks (0,CME,ES_1712)
[5624] 2017/12/04 20:50:56.600 SKOSQuoteLib_RequestTicks (1,CME,ES_1712)
[16880] 2017/12/04 20:58:40.068 Connect Server: FORT14.capital.com.tw 443
[3012] 2017/12/04 20:59:42.215 Connect Server: FORT14.capital.com.tw 443
[3012] 2017/12/04 20:59:45.281 SK_SUBJECT_CONNECTION_CONNECTED메Code: 0
[3012] 2017/12/04 20:59:46.179 OnConnect ( 3001 , 0 ) 
[3012] 2017/12/04 20:59:50.761 SKOSQuoteLib_RequestKLine (CME,ES_1712,0)
[3012] 2017/12/04 20:59:54.067 SKOSQuoteLib_RequestKLine (CME,ES_1712,1)
[3012] 2017/12/04 20:59:59.926 SKOSQuoteLib_RequestStocks (0,CME,ES_1712)
[3012] 2017/12/04 20:59:59.937 SKOSQuoteLib_RequestTicks (1,CME,ES_1712)
[17056] 2017/12/04 21:03:51.860 Connect Server: FORT03.capital.com.tw 443
[17056] 2017/12/04 21:03:55.107 SK_SUBJECT_CONNECTION_CONNECTED메Code: 0
[17056] 2017/12/04 21:03:55.946 OnConnect ( 3001 , 0 ) 
[17056] 2017/12/04 21:04:00.624 SKOSQuoteLib_RequestKLine (CME,ES_1712,0)
[17056] 2017/12/04 21:04:03.009 SKOSQuoteLib_RequestKLine (CME,ES_1712,1)
[17056] 2017/12/04 21:04:06.286 SKOSQuoteLib_RequestStocks (0,CME,ES_1712)
[17056] 2017/12/04 21:04:06.291 SKOSQuoteLib_RequestTicks (1,CME,ES_1712)
[15944] 2017/12/04 21:12:07.296 Connect Server: FORT03.capital.com.tw 443
[15944] 2017/12/04 21:12:11.172 SK_SUBJECT_CONNECTION_CONNECTED메Code: 0
[15944] 2017/12/04 21:12:12.061 OnConnect ( 3001 , 0 ) 
[15944] 2017/12/04 21:12:22.525 SKOSQuoteLib_RequestKLine (CME,ES_1712,0)
[15944] 2017/12/04 21:12:24.588 SKOSQuoteLib_RequestKLine (CME,ES_1712,1)
[15944] 2017/12/04 21:12:25.416 SKOSQuoteLib_RequestStocks (0,CME,ES_1712)
[15944] 2017/12/04 21:12:25.421 SKOSQuoteLib_RequestTicks (1,CME,ES_1712)
[9180] 2017/12/04 21:14:28.535 Connect Server: FORT14.capital.com.tw 443
[9180] 2017/12/04 21:14:32.261 SK_SUBJECT_CONNECTION_CONNECTED메Code: 0
[9180] 2017/12/04 21:14:33.069 OnConnect ( 3001 , 0 ) 
[9180] 2017/12/04 21:14:37.582 SKOSQuoteLib_RequestKLine (CME,ES_1712,0)
[9180] 2017/12/04 21:14:40.096 SKOSQuoteLib_RequestKLine (CME,ES_1712,1)
[12912] 2017/12/04 21:16:40.025 Connect Server: FORT03.capital.com.tw 443
[12912] 2017/12/04 21:16:43.860 SK_SUBJECT_CONNECTION_CONNECTED메Code: 0
[12912] 2017/12/04 21:16:44.659 OnConnect ( 3001 , 0 ) 
[12912] 2017/12/04 21:16:49.564 SKOSQuoteLib_RequestKLine (CME,ES_1712,0)
[12912] 2017/12/04 21:16:51.936 SKOSQuoteLib_RequestKLine (CME,ES_1712,1)
[12912] 2017/12/04 21:20:03.381 SK_SUBJECT_CONNECTION_DISCONNECT메Code: 10054
[16016] 2017/12/04 21:48:35.559 Connect Server: FORT03.capital.com.tw 443
[12328] 2017/12/04 21:49:04.024 Connect Server: FORT03.capital.com.tw 443
[12328] 2017/12/04 21:49:07.174 SK_SUBJECT_CONNECTION_CONNECTED메Code: 0
[12328] 2017/12/04 21:49:08.056 OnConnect ( 3001 , 0 ) 
[12328] 2017/12/04 21:49:12.618 SKOSQuoteLib_RequestKLine (,0)
[12328] 2017/12/04 21:49:12.618 KLine Format Error !
[12328] 2017/12/04 21:49:12.622 SKOSQuoteLib_RequestKLine (,1)
[12328] 2017/12/04 21:49:12.622 KLine Format Error !
[12328] 2017/12/04 21:49:16.056 SKOSQuoteLib_RequestStocks (0,)
[12328] 2017/12/04 21:49:16.062 SKOSQuoteLib_RequestTicks (1,)
[12328] 2017/12/04 21:49:16.062 StockNo Format Error 
[12328] 2017/12/04 21:49:28.561 SKOSQuoteLib_RequestKLine (,0)
[12328] 2017/12/04 21:49:28.561 KLine Format Error !
[12328] 2017/12/04 21:49:28.564 SKOSQuoteLib_RequestKLine (,1)
[12328] 2017/12/04 21:49:28.564 KLine Format Error !
[12328] 2017/12/04 21:49:28.986 SKOSQuoteLib_RequestStocks (0,)
[12328] 2017/12/04 21:49:28.988 SKOSQuoteLib_RequestTicks (2,)
[12328] 2017/12/04 21:49:28.989 StockNo Format Error 
[12328] 2017/12/04 21:49:48.825 SKOSQuoteLib_RequestKLine (,0)
[12328] 2017/12/04 21:49:48.825 KLine Format Error !
[12328] 2017/12/04 21:49:48.828 SKOSQuoteLib_RequestKLine (,1)
[12328] 2017/12/04 21:49:48.828 KLine Format Error !
[13420] 2017/12/04 21:50:41.486 Connect Server: FORT14.capital.com.tw 443
[13420] 2017/12/04 21:50:44.827 SK_SUBJECT_CONNECTION_CONNECTED메Code: 0
[13420] 2017/12/04 21:50:45.725 OnConnect ( 3001 , 0 ) 
[13420] 2017/12/04 21:50:50.175 SKOSQuoteLib_RequestKLine (,0)
[13420] 2017/12/04 21:50:50.175 KLine Format Error !
[13420] 2017/12/04 21:50:50.178 SKOSQuoteLib_RequestKLine (,1)
[13420] 2017/12/04 21:50:50.178 KLine Format Error !
[5392] 2017/12/04 21:52:02.916 Connect Server: FORT03.capital.com.tw 443
[5392] 2017/12/04 21:52:06.490 SK_SUBJECT_CONNECTION_CONNECTED메Code: 0
[5392] 2017/12/04 21:52:07.438 OnConnect ( 3001 , 0 ) 
[5392] 2017/12/04 21:52:11.687 SKOSQuoteLib_RequestKLine (,0)
[5392] 2017/12/04 21:52:11.687 KLine Format Error !
[5392] 2017/12/04 21:52:11.690 SKOSQuoteLib_RequestKLine (,1)
[5392] 2017/12/04 21:52:11.690 KLine Format Error !
[5392] 2017/12/04 21:52:15.273 SKOSQuoteLib_RequestStocks (0,)
[5392] 2017/12/04 21:52:15.279 SKOSQuoteLib_RequestTicks (1,)
[5392] 2017/12/04 21:52:15.279 StockNo Format Error 
[5392] 2017/12/04 21:52:31.137 SKOSQuoteLib_RequestKLine (,0)
[5392] 2017/12/04 21:52:31.137 KLine Format Error !
[5392] 2017/12/04 21:52:31.140 SKOSQuoteLib_RequestKLine (,1)
[5392] 2017/12/04 21:52:31.140 KLine Format Error !
[5392] 2017/12/04 21:52:41.729 SKOSQuoteLib_RequestStocks (0,)
[16444] 2017/12/04 21:55:58.156 Connect Server: FORT03.capital.com.tw 443
[16444] 2017/12/04 21:56:01.584 SK_SUBJECT_CONNECTION_CONNECTED메Code: 0
[16444] 2017/12/04 21:56:02.481 OnConnect ( 3001 , 0 ) 
[16444] 2017/12/04 21:56:06.679 SKOSQuoteLib_RequestKLine (CME,ES_1712,0)
[16444] 2017/12/04 21:56:10.280 SKOSQuoteLib_RequestKLine (CME,ES_1712,1)
[16944] 2017/12/04 21:56:42.669 Connect Server: FORT03.capital.com.tw 443
[16944] 2017/12/04 21:56:45.709 SK_SUBJECT_CONNECTION_CONNECTED메Code: 0
[16944] 2017/12/04 21:56:46.618 OnConnect ( 3001 , 0 ) 
[16944] 2017/12/04 21:56:51.207 SKOSQuoteLib_RequestKLine (CME,ES_1712,0)
[16944] 2017/12/04 21:56:53.448 SKOSQuoteLib_RequestKLine (CME,ES_1712,1)
[16944] 2017/12/04 21:56:56.601 SKOSQuoteLib_RequestStocks (0,CME,ES_1712)
[16944] 2017/12/04 21:56:56.608 SKOSQuoteLib_RequestTicks (1,CME,ES_1712)
[16304] 2017/12/04 21:57:42.097 Connect Server: FORT14.capital.com.tw 443
[16304] 2017/12/04 21:57:45.419 SK_SUBJECT_CONNECTION_CONNECTED메Code: 0
[16304] 2017/12/04 21:57:46.230 OnConnect ( 3001 , 0 ) 
[16304] 2017/12/04 21:57:52.342 SKOSQuoteLib_RequestKLine (CME,ES_1712,0)
[16304] 2017/12/04 21:57:54.820 SKOSQuoteLib_RequestKLine (CME,ES_1712,1)
[16304] 2017/12/04 21:57:59.881 SKOSQuoteLib_RequestStocks (0,CME,ES_1712)
[16304] 2017/12/04 21:57:59.887 SKOSQuoteLib_RequestTicks (1,CME,ES_1712)
[14460] 2017/12/04 22:00:00.489 Connect Server: FORT14.capital.com.tw 443
[14460] 2017/12/04 22:00:03.985 SK_SUBJECT_CONNECTION_CONNECTED메Code: 0
[14460] 2017/12/04 22:00:04.936 OnConnect ( 3001 , 0 ) 
[14460] 2017/12/04 22:00:11.308 SKOSQuoteLib_RequestKLine (CME,ES_1712,0)
[14460] 2017/12/04 22:00:13.511 SKOSQuoteLib_RequestKLine (CME,ES_1712,1)
[13180] 2017/12/04 22:01:14.200 Connect Server: FORT03.capital.com.tw 443
[13180] 2017/12/04 22:01:18.372 SK_SUBJECT_CONNECTION_CONNECTED메Code: 0
[13180] 2017/12/04 22:01:19.242 OnConnect ( 3001 , 0 ) 
[13180] 2017/12/04 22:01:23.512 SKOSQuoteLib_RequestKLine (CME,ES_1712,0)
[13180] 2017/12/04 22:01:27.983 SKOSQuoteLib_RequestKLine (CME,ES_1712,1)
[13180] 2017/12/04 22:01:31.910 SKOSQuoteLib_RequestStocks (0,CME,ES_1712)
[13180] 2017/12/04 22:01:31.918 SKOSQuoteLib_RequestTicks (1,CME,ES_1712)
[13420] 2017/12/04 22:02:33.298 Connect Server: FORT03.capital.com.tw 443
[13420] 2017/12/04 22:02:36.435 SK_SUBJECT_CONNECTION_CONNECTED메Code: 0
[13420] 2017/12/04 22:02:37.290 OnConnect ( 3001 , 0 ) 
[13420] 2017/12/04 22:02:42.026 SKOSQuoteLib_RequestKLine (CME,ES_1712,0)
[13420] 2017/12/04 22:02:45.287 SKOSQuoteLib_RequestKLine (CME,ES_1712,1)
[7720] 2017/12/04 22:06:11.984 Connect Server: FORT03.capital.com.tw 443
[7720] 2017/12/04 22:06:15.314 SK_SUBJECT_CONNECTION_CONNECTED메Code: 0
[7720] 2017/12/04 22:06:16.172 OnConnect ( 3001 , 0 ) 
[7720] 2017/12/04 22:06:21.603 SKOSQuoteLib_RequestKLine (CME,ES_1712,0)
[7720] 2017/12/04 22:06:24.529 SKOSQuoteLib_RequestKLine (CME,ES_1712,1)
[7720] 2017/12/04 22:06:25.328 SKOSQuoteLib_RequestStocks (0,CME,ES_1712)
[7720] 2017/12/04 22:06:25.334 SKOSQuoteLib_RequestTicks (1,CME,ES_1712)
[1824] 2017/12/04 22:07:24.073 Connect Server: FORT14.capital.com.tw 443
[1824] 2017/12/04 22:07:27.271 SK_SUBJECT_CONNECTION_CONNECTED메Code: 0
[1824] 2017/12/04 22:07:28.169 OnConnect ( 3001 , 0 ) 
[1824] 2017/12/04 22:07:33.452 SKOSQuoteLib_RequestKLine (CME,ES_1712,0)
[1824] 2017/12/04 22:07:36.798 SKOSQuoteLib_RequestKLine (CME,ES_1712,1)
[1824] 2017/12/04 22:07:43.823 SKOSQuoteLib_RequestStocks (0,CME,ES_1712)
[1824] 2017/12/04 22:07:43.831 SKOSQuoteLib_RequestTicks (1,CME,ES_1712)
[2728] 2017/12/04 22:14:30.087 Connect Server: FORT03.capital.com.tw 443
[2728] 2017/12/04 22:14:33.287 SK_SUBJECT_CONNECTION_CONNECTED메Code: 0
[2728] 2017/12/04 22:14:34.154 OnConnect ( 3001 , 0 ) 
[2728] 2017/12/04 22:14:38.581 SKOSQuoteLib_RequestKLine (CME,ES_1712,0)
[2728] 2017/12/04 22:14:43.612 SKOSQuoteLib_RequestKLine (CME,ES_1712,1)
[2728] 2017/12/04 22:14:44.460 SKOSQuoteLib_RequestStocks (0,CME,ES_1712)
[2728] 2017/12/04 22:14:44.468 SKOSQuoteLib_RequestTicks (1,CME,ES_1712)
[13164] 2017/12/04 22:19:55.990 Connect Server: FORT14.capital.com.tw 443
[13164] 2017/12/04 22:19:59.211 SK_SUBJECT_CONNECTION_CONNECTED메Code: 0
[13164] 2017/12/04 22:20:00.112 OnConnect ( 3001 , 0 ) 
[13164] 2017/12/04 22:20:04.406 SKOSQuoteLib_RequestKLine (CME,ES_1712,0)
[13164] 2017/12/04 22:20:07.084 SKOSQuoteLib_RequestKLine (CME,ES_1712,1)
[13164] 2017/12/04 22:20:07.951 SKOSQuoteLib_RequestStocks (0,CME,ES_1712)
[13164] 2017/12/04 22:20:07.957 SKOSQuoteLib_RequestTicks (1,CME,ES_1712)
[13760] 2017/12/04 22:21:01.840 Connect Server: FORT14.capital.com.tw 443
[13760] 2017/12/04 22:21:04.986 SK_SUBJECT_CONNECTION_CONNECTED메Code: 0
[13760] 2017/12/04 22:21:05.934 OnConnect ( 3001 , 0 ) 
[13760] 2017/12/04 22:21:10.546 SKOSQuoteLib_RequestKLine (CME,ES_1712,0)
[13760] 2017/12/04 22:21:13.882 SKOSQuoteLib_RequestKLine (CME,ES_1712,1)
[13760] 2017/12/04 22:21:17.463 SKOSQuoteLib_RequestStocks (0,CME,ES_1712)
[13760] 2017/12/04 22:21:17.472 SKOSQuoteLib_RequestTicks (1,CME,ES_1712)
