-----------------------------------------------------------------
[8592] 2017/11/20 08:17:55.424 Connect Server: FORT14.capital.com.tw 443
[8592] 2017/11/20 08:17:58.114 SK_SUBJECT_CONNECTION_CONNECTED메Code: 0
[8592] 2017/11/20 08:17:59.024 OnConnect ( 3001 , 0 ) 
[8592] 2017/11/20 08:18:05.880 SKOSQuoteLib_RequestStocks (0,TX00)
[8592] 2017/11/20 08:18:05.880 TX00 StockNo Format Error 
[8592] 2017/11/20 08:18:05.881 SKOSQuoteLib_RequestTicks (0,TX00)
[8592] 2017/11/20 08:18:05.881 StockNo Format Error 
[2584] 2017/11/20 09:19:54.716 Connect Server: FORT03.capital.com.tw 443
[2584] 2017/11/20 09:19:58.813 SK_SUBJECT_CONNECTION_CONNECTED메Code: 0
[2584] 2017/11/20 09:19:59.707 OnConnect ( 3001 , 0 ) 
[2584] 2017/11/20 09:20:07.208 SKOSQuoteLib_RequestStocks (0,TX00)
[2584] 2017/11/20 09:20:07.208 TX00 StockNo Format Error 
[2584] 2017/11/20 09:20:07.210 SKOSQuoteLib_RequestTicks (0,TX00)
[2584] 2017/11/20 09:20:07.210 StockNo Format Error 
[6368] 2017/11/20 09:22:29.058 Connect Server: FORT14.capital.com.tw 443
[6368] 2017/11/20 09:22:32.234 SK_SUBJECT_CONNECTION_CONNECTED메Code: 0
[6368] 2017/11/20 09:22:32.964 OnConnect ( 3001 , 0 ) 
[6368] 2017/11/20 09:22:37.562 SKOSQuoteLib_RequestStocks (0,CME,ES_1712)
[6368] 2017/11/20 09:22:37.565 SKOSQuoteLib_RequestTicks (1,CME,ES_1712)
[10972] 2017/11/20 09:23:09.066 Connect Server: FORT03.capital.com.tw 443
[10972] 2017/11/20 09:23:12.159 SK_SUBJECT_CONNECTION_CONNECTED메Code: 0
[10972] 2017/11/20 09:23:13.050 OnConnect ( 3001 , 0 ) 
[10972] 2017/11/20 09:23:18.563 SKOSQuoteLib_RequestStocks (0,TX00)
[10972] 2017/11/20 09:23:18.563 TX00 StockNo Format Error 
[10972] 2017/11/20 09:23:18.564 SKOSQuoteLib_RequestTicks (0,TX00)
[10972] 2017/11/20 09:23:18.564 StockNo Format Error 
[804] 2017/11/20 09:24:21.135 Connect Server: FORT14.capital.com.tw 443
[804] 2017/11/20 09:24:23.957 SK_SUBJECT_CONNECTION_CONNECTED메Code: 0
[804] 2017/11/20 09:24:24.905 OnConnect ( 3001 , 0 ) 
[804] 2017/11/20 09:24:33.431 SKOSQuoteLib_RequestStocks (0,TX00)
[804] 2017/11/20 09:24:33.431 TX00 StockNo Format Error 
[804] 2017/11/20 09:24:33.432 SKOSQuoteLib_RequestTicks (0,TX00)
[804] 2017/11/20 09:24:33.432 StockNo Format Error 
[7920] 2017/11/20 09:26:55.512 Connect Server: FORT03.capital.com.tw 443
[7920] 2017/11/20 09:26:58.672 SK_SUBJECT_CONNECTION_CONNECTED메Code: 0
[7920] 2017/11/20 09:26:59.569 OnConnect ( 3001 , 0 ) 
[7920] 2017/11/20 09:27:06.176 SKOSQuoteLib_RequestStocks (0,TX00)
[7920] 2017/11/20 09:27:06.176 TX00 StockNo Format Error 
[7920] 2017/11/20 09:27:06.177 SKOSQuoteLib_RequestTicks (0,TX00)
[7920] 2017/11/20 09:27:06.177 StockNo Format Error 
[2804] 2017/11/20 09:36:37.701 Connect Server: FORT03.capital.com.tw 443
[2804] 2017/11/20 09:36:41.008 SK_SUBJECT_CONNECTION_CONNECTED메Code: 0
[2804] 2017/11/20 09:36:41.755 OnConnect ( 3001 , 0 ) 
[2804] 2017/11/20 09:36:48.365 SKOSQuoteLib_RequestStocks (0,TX00)
[2804] 2017/11/20 09:36:48.366 TX00 StockNo Format Error 
[2804] 2017/11/20 09:36:48.367 SKOSQuoteLib_RequestTicks (0,TX00)
[2804] 2017/11/20 09:36:48.367 StockNo Format Error 
[4684] 2017/11/20 09:38:24.536 Connect Server: FORT14.capital.com.tw 443
[4684] 2017/11/20 09:38:27.649 SK_SUBJECT_CONNECTION_CONNECTED메Code: 0
[4684] 2017/11/20 09:38:28.539 OnConnect ( 3001 , 0 ) 
[4684] 2017/11/20 09:38:35.194 SKOSQuoteLib_RequestStocks (0,TX00)
[4684] 2017/11/20 09:38:35.194 TX00 StockNo Format Error 
[4684] 2017/11/20 09:38:35.195 SKOSQuoteLib_RequestTicks (0,TX00)
[4684] 2017/11/20 09:38:35.195 StockNo Format Error 
[8784] 2017/11/20 09:41:23.548 Connect Server: FORT03.capital.com.tw 443
[8784] 2017/11/20 09:41:26.501 SK_SUBJECT_CONNECTION_CONNECTED메Code: 0
[8784] 2017/11/20 09:41:27.388 OnConnect ( 3001 , 0 ) 
[8784] 2017/11/20 09:41:34.279 SKOSQuoteLib_RequestStocks (0,TX00)
[8784] 2017/11/20 09:41:34.279 TX00 StockNo Format Error 
[8784] 2017/11/20 09:41:34.281 SKOSQuoteLib_RequestTicks (0,TX00)
[8784] 2017/11/20 09:41:34.281 StockNo Format Error 
[1424] 2017/11/20 09:43:29.805 Connect Server: FORT03.capital.com.tw 443
[1424] 2017/11/20 09:43:32.805 SK_SUBJECT_CONNECTION_CONNECTED메Code: 0
[1424] 2017/11/20 09:43:33.754 OnConnect ( 3001 , 0 ) 
[1424] 2017/11/20 09:43:40.392 SKOSQuoteLib_RequestStocks (0,TX00)
[1424] 2017/11/20 09:43:40.392 TX00 StockNo Format Error 
[1424] 2017/11/20 09:43:40.393 SKOSQuoteLib_RequestTicks (0,TX00)
[1424] 2017/11/20 09:43:40.393 StockNo Format Error 
[9136] 2017/11/20 09:45:57.380 Connect Server: FORT03.capital.com.tw 443
[9136] 2017/11/20 09:46:00.473 SK_SUBJECT_CONNECTION_CONNECTED메Code: 0
[9136] 2017/11/20 09:46:01.356 OnConnect ( 3001 , 0 ) 
[9136] 2017/11/20 09:46:08.092 SKOSQuoteLib_RequestStocks (0,TX00)
[9136] 2017/11/20 09:46:08.092 TX00 StockNo Format Error 
[9136] 2017/11/20 09:46:08.093 SKOSQuoteLib_RequestTicks (0,TX00)
[9136] 2017/11/20 09:46:08.093 StockNo Format Error 
[9136] 2017/11/20 09:47:38.032 -----------------------------------------------------------------
[8456] 2017/11/20 09:49:04.733 Connect Server: FORT14.capital.com.tw 443
[8456] 2017/11/20 09:49:07.875 SK_SUBJECT_CONNECTION_CONNECTED메Code: 0
[8456] 2017/11/20 09:49:08.748 OnConnect ( 3001 , 0 ) 
[8456] 2017/11/20 09:49:17.728 SKOSQuoteLib_RequestStocks (0,TX00)
[8456] 2017/11/20 09:49:17.728 TX00 StockNo Format Error 
[8456] 2017/11/20 09:49:17.729 SKOSQuoteLib_RequestTicks (0,TX00)
[8456] 2017/11/20 09:49:17.729 StockNo Format Error 
[2132] 2017/11/20 09:51:25.561 Connect Server: FORT14.capital.com.tw 443
[2132] 2017/11/20 09:51:28.536 SK_SUBJECT_CONNECTION_CONNECTED메Code: 0
[2132] 2017/11/20 09:51:29.488 OnConnect ( 3001 , 0 ) 
[2132] 2017/11/20 09:51:36.617 SKOSQuoteLib_RequestStocks (0,TX00)
[2132] 2017/11/20 09:51:36.617 TX00 StockNo Format Error 
[2132] 2017/11/20 09:51:36.618 SKOSQuoteLib_RequestTicks (0,TX00)
[2132] 2017/11/20 09:51:36.618 StockNo Format Error 
[3344] 2017/11/20 10:00:09.963 Connect Server: FORT03.capital.com.tw 443
[3344] 2017/11/20 10:00:13.086 SK_SUBJECT_CONNECTION_CONNECTED메Code: 0
[3344] 2017/11/20 10:00:13.967 OnConnect ( 3001 , 0 ) 
[3344] 2017/11/20 10:00:19.812 SKOSQuoteLib_RequestStocks (0,TX00)
[3344] 2017/11/20 10:00:19.812 TX00 StockNo Format Error 
[3344] 2017/11/20 10:00:19.813 SKOSQuoteLib_RequestTicks (0,TX00)
[3344] 2017/11/20 10:00:19.813 StockNo Format Error 
[1328] 2017/11/20 10:09:36.872 Connect Server: FORT03.capital.com.tw 443
[1328] 2017/11/20 10:09:40.073 SK_SUBJECT_CONNECTION_CONNECTED메Code: 0
[1328] 2017/11/20 10:09:40.961 OnConnect ( 3001 , 0 ) 
[1328] 2017/11/20 10:09:46.677 SKOSQuoteLib_RequestStocks (0,TX00)
[1328] 2017/11/20 10:09:46.677 TX00 StockNo Format Error 
[1328] 2017/11/20 10:09:46.678 SKOSQuoteLib_RequestTicks (0,TX00)
[1328] 2017/11/20 10:09:46.678 StockNo Format Error 
[10264] 2017/11/20 10:20:27.360 Connect Server: FORT03.capital.com.tw 443
[10264] 2017/11/20 10:20:30.259 SK_SUBJECT_CONNECTION_CONNECTED메Code: 0
[10264] 2017/11/20 10:20:31.110 OnConnect ( 3001 , 0 ) 
[10264] 2017/11/20 10:20:38.326 SKOSQuoteLib_RequestStocks (0,TX00)
[10264] 2017/11/20 10:20:38.326 TX00 StockNo Format Error 
[10264] 2017/11/20 10:20:38.327 SKOSQuoteLib_RequestTicks (0,TX00)
[10264] 2017/11/20 10:20:38.327 StockNo Format Error 
[7300] 2017/11/20 10:25:20.749 Connect Server: FORT03.capital.com.tw 443
[7300] 2017/11/20 10:25:23.631 SK_SUBJECT_CONNECTION_CONNECTED메Code: 0
[7300] 2017/11/20 10:25:24.521 OnConnect ( 3001 , 0 ) 
[7300] 2017/11/20 10:25:33.278 SKOSQuoteLib_RequestStocks (0,TX00)
[7300] 2017/11/20 10:25:33.278 TX00 StockNo Format Error 
[7300] 2017/11/20 10:25:33.279 SKOSQuoteLib_RequestTicks (0,TX00)
[7300] 2017/11/20 10:25:33.279 StockNo Format Error 
[9012] 2017/11/20 10:35:30.577 Connect Server: FORT03.capital.com.tw 443
[9012] 2017/11/20 10:35:33.657 SK_SUBJECT_CONNECTION_CONNECTED메Code: 0
[9012] 2017/11/20 10:35:34.553 OnConnect ( 3001 , 0 ) 
[9012] 2017/11/20 10:35:40.402 SKOSQuoteLib_RequestStocks (0,TX00)
[9012] 2017/11/20 10:35:40.402 TX00 StockNo Format Error 
[9012] 2017/11/20 10:35:40.403 SKOSQuoteLib_RequestTicks (0,TX00)
[9012] 2017/11/20 10:35:40.403 StockNo Format Error 
[4864] 2017/11/20 10:46:35.257 Connect Server: FORT03.capital.com.tw 443
[4864] 2017/11/20 10:46:38.271 SK_SUBJECT_CONNECTION_CONNECTED메Code: 0
[4864] 2017/11/20 10:46:39.106 OnConnect ( 3001 , 0 ) 
[4864] 2017/11/20 10:46:45.208 SKOSQuoteLib_RequestStocks (0,TX00)
[4864] 2017/11/20 10:46:45.208 TX00 StockNo Format Error 
[4864] 2017/11/20 10:46:45.209 SKOSQuoteLib_RequestTicks (0,TX00)
[4864] 2017/11/20 10:46:45.209 StockNo Format Error 
[4864] 2017/11/20 10:48:32.018 -----------------------------------------------------------------
[8052] 2017/11/20 10:53:15.151 Connect Server: FORT03.capital.com.tw 443
[8052] 2017/11/20 10:53:18.031 SK_SUBJECT_CONNECTION_CONNECTED메Code: 0
[8052] 2017/11/20 10:53:18.921 OnConnect ( 3001 , 0 ) 
[7296] 2017/11/20 10:54:29.969 Connect Server: FORT14.capital.com.tw 443
[7296] 2017/11/20 10:54:30.569 SK_SUBJECT_CONNECTION_CONNECTED메Code: 0
[7296] 2017/11/20 10:54:31.469 OnConnect ( 3001 , 0 ) 
[4760] 2017/11/20 10:56:26.105 Connect Server: FORT03.capital.com.tw 443
[4760] 2017/11/20 10:56:26.832 SK_SUBJECT_CONNECTION_CONNECTED메Code: 0
[4760] 2017/11/20 10:56:27.749 OnConnect ( 3001 , 0 ) 
[4760] 2017/11/20 10:58:26.103 -----------------------------------------------------------------
[10180] 2017/11/20 14:07:59.268 Connect Server: FORT14.capital.com.tw 443
[10180] 2017/11/20 14:07:59.861 SK_SUBJECT_CONNECTION_CONNECTED메Code: 0
[10180] 2017/11/20 14:08:00.735 OnConnect ( 3001 , 0 ) 
[10180] 2017/11/20 14:10:36.255 SK_SUBJECT_CONNECTION_DISCONNECT메Code: 10054
[10180] 2017/11/20 14:10:36.258 OnConnect ( 3002 , 10054 ) 
[10180] 2017/11/20 14:15:31.837 -----------------------------------------------------------------
[3196] 2017/11/20 14:16:29.605 Connect Server: FORT03.capital.com.tw 443
[3196] 2017/11/20 14:16:32.488 SK_SUBJECT_CONNECTION_CONNECTED메Code: 0
[3196] 2017/11/20 14:16:33.311 OnConnect ( 3001 , 0 ) 
[3196] 2017/11/20 14:17:38.108 -----------------------------------------------------------------
[4700] 2017/11/20 14:17:52.482 Connect Server: FORT03.capital.com.tw 443
[4700] 2017/11/20 14:17:55.051 SK_SUBJECT_CONNECTION_CONNECTED메Code: 0
[4700] 2017/11/20 14:17:56.017 OnConnect ( 3001 , 0 ) 
[6128] 2017/11/20 14:22:59.327 Connect Server: FORT03.capital.com.tw 443
[6128] 2017/11/20 14:23:02.106 SK_SUBJECT_CONNECTION_CONNECTED메Code: 0
[6128] 2017/11/20 14:23:03.016 OnConnect ( 3001 , 0 ) 
[5864] 2017/11/20 14:26:49.833 Connect Server: FORT03.capital.com.tw 443
[5864] 2017/11/20 14:26:52.619 SK_SUBJECT_CONNECTION_CONNECTED메Code: 0
[5864] 2017/11/20 14:26:53.523 OnConnect ( 3001 , 0 ) 
[7904] 2017/11/20 14:29:32.150 Connect Server: FORT03.capital.com.tw 443
[7904] 2017/11/20 14:29:34.770 SK_SUBJECT_CONNECTION_CONNECTED메Code: 0
[7904] 2017/11/20 14:29:35.734 OnConnect ( 3001 , 0 ) 
[7904] 2017/11/20 14:29:45.513 SKOSQuoteLib_RequestStocks (0,TX00)
[7904] 2017/11/20 14:29:45.513 TX00 StockNo Format Error 
[7904] 2017/11/20 14:29:45.515 SKOSQuoteLib_RequestTicks (0,TX00)
[7904] 2017/11/20 14:29:45.515 StockNo Format Error 
[7904] 2017/11/20 14:31:01.256 SKOSQuoteLib_RequestStocks (0,TX00)
[7904] 2017/11/20 14:31:01.256 TX00 StockNo Format Error 
[7904] 2017/11/20 14:31:01.256 SKOSQuoteLib_RequestTicks (1,TX00)
[7904] 2017/11/20 14:31:01.256 StockNo Format Error 
[8760] 2017/11/20 14:32:31.914 Connect Server: FORT03.capital.com.tw 443
[8760] 2017/11/20 14:32:34.692 SK_SUBJECT_CONNECTION_CONNECTED메Code: 0
[8760] 2017/11/20 14:32:35.605 OnConnect ( 3001 , 0 ) 
[8760] 2017/11/20 14:35:11.018 SK_SUBJECT_CONNECTION_DISCONNECT메Code: 10054
[8760] 2017/11/20 14:35:11.021 OnConnect ( 3002 , 10054 ) 
[8352] 2017/11/20 14:36:19.985 Connect Server: FORT14.capital.com.tw 443
[8352] 2017/11/20 14:36:22.943 SK_SUBJECT_CONNECTION_CONNECTED메Code: 0
[8352] 2017/11/20 14:36:23.645 OnConnect ( 3001 , 0 ) 
[7696] 2017/11/20 14:41:57.956 Connect Server: FORT14.capital.com.tw 443
[7696] 2017/11/20 14:42:00.814 SK_SUBJECT_CONNECTION_CONNECTED메Code: 0
[7696] 2017/11/20 14:42:01.700 OnConnect ( 3001 , 0 ) 
[10048] 2017/11/20 14:45:06.774 Connect Server: FORT14.capital.com.tw 443
[10048] 2017/11/20 14:45:09.816 SK_SUBJECT_CONNECTION_CONNECTED메Code: 0
[10048] 2017/11/20 14:45:10.540 OnConnect ( 3001 , 0 ) 
[5424] 2017/11/20 14:45:58.014 Connect Server: FORT14.capital.com.tw 443
[5424] 2017/11/20 14:46:00.706 SK_SUBJECT_CONNECTION_CONNECTED메Code: 0
[5424] 2017/11/20 14:46:01.671 OnConnect ( 3001 , 0 ) 
[9800] 2017/11/20 14:48:39.016 Connect Server: FORT03.capital.com.tw 443
[9800] 2017/11/20 14:48:42.146 SK_SUBJECT_CONNECTION_CONNECTED메Code: 0
[9800] 2017/11/20 14:48:43.027 OnConnect ( 3001 , 0 ) 
[6768] 2017/11/20 14:50:33.659 Connect Server: FORT14.capital.com.tw 443
[6768] 2017/11/20 14:50:36.698 SK_SUBJECT_CONNECTION_CONNECTED메Code: 0
[6768] 2017/11/20 14:50:37.606 OnConnect ( 3001 , 0 ) 
[6768] 2017/11/20 14:50:47.359 SKOSQuoteLib_RequestStocks (0,TX00)
[6768] 2017/11/20 14:50:47.359 TX00 StockNo Format Error 
[6768] 2017/11/20 14:50:47.360 SKOSQuoteLib_RequestTicks (0,TX00)
[6768] 2017/11/20 14:50:47.360 StockNo Format Error 
[9260] 2017/11/20 14:55:53.597 Connect Server: FORT14.capital.com.tw 443
[9260] 2017/11/20 14:55:56.554 SK_SUBJECT_CONNECTION_CONNECTED메Code: 0
[9260] 2017/11/20 14:55:57.461 OnConnect ( 3001 , 0 ) 
[9260] 2017/11/20 14:56:02.018 SKOSQuoteLib_RequestStocks (0,CME,ES_1712)
[9260] 2017/11/20 14:56:02.021 SKOSQuoteLib_RequestTicks (1,CME,ES_1712)
[2248] 2017/11/20 14:56:34.728 Connect Server: FORT03.capital.com.tw 443
[2248] 2017/11/20 14:56:37.563 SK_SUBJECT_CONNECTION_CONNECTED메Code: 0
[2248] 2017/11/20 14:56:38.472 OnConnect ( 3001 , 0 ) 
[2248] 2017/11/20 14:56:47.612 SKOSQuoteLib_RequestStocks (0,TX00)
[2248] 2017/11/20 14:56:47.612 TX00 StockNo Format Error 
[2248] 2017/11/20 14:56:47.613 SKOSQuoteLib_RequestTicks (0,TX00)
[2248] 2017/11/20 14:56:47.613 StockNo Format Error 
[8768] 2017/11/20 15:05:50.007 Connect Server: FORT03.capital.com.tw 443
[8768] 2017/11/20 15:05:52.871 SK_SUBJECT_CONNECTION_CONNECTED메Code: 0
[8768] 2017/11/20 15:05:53.599 OnConnect ( 3001 , 0 ) 
[8768] 2017/11/20 15:06:07.005 SKOSQuoteLib_RequestStocks (0,TX00)
[8768] 2017/11/20 15:06:07.006 TX00 StockNo Format Error 
[8768] 2017/11/20 15:06:07.006 SKOSQuoteLib_RequestTicks (0,TX00)
[8768] 2017/11/20 15:06:07.006 StockNo Format Error 
[7992] 2017/11/20 17:28:29.694 Connect Server: FORT03.capital.com.tw 443
[7992] 2017/11/20 17:28:32.600 SK_SUBJECT_CONNECTION_CONNECTED메Code: 0
[7992] 2017/11/20 17:28:33.514 OnConnect ( 3001 , 0 ) 
[7992] 2017/11/20 17:28:42.655 SKOSQuoteLib_RequestStocks (0,TX00)
[7992] 2017/11/20 17:28:42.655 TX00 StockNo Format Error 
[7992] 2017/11/20 17:28:42.657 SKOSQuoteLib_RequestTicks (0,TX00)
[7992] 2017/11/20 17:28:42.657 StockNo Format Error 
[8788] 2017/11/20 17:41:16.760 Connect Server: FORT03.capital.com.tw 443
[8788] 2017/11/20 17:41:19.648 SK_SUBJECT_CONNECTION_CONNECTED메Code: 0
[8788] 2017/11/20 17:41:20.560 OnConnect ( 3001 , 0 ) 
[8788] 2017/11/20 17:41:28.931 SKOSQuoteLib_RequestStocks (0,TX00)
[8788] 2017/11/20 17:41:28.931 TX00 StockNo Format Error 
[8788] 2017/11/20 17:41:28.932 SKOSQuoteLib_RequestTicks (0,TX00)
[8788] 2017/11/20 17:41:28.932 StockNo Format Error 
