-----------------------------------------------------------------
[11384] 2017/12/18 22:23:42.824 Connect Server: FORT14.capital.com.tw 443
[11384] 2017/12/18 22:23:46.122 SK_SUBJECT_CONNECTION_CONNECTED메Code: 0
[11384] 2017/12/18 22:23:47.022 OnConnect ( 3001 , 0 ) 
[10472] 2017/12/18 22:24:19.749 Connect Server: FORT14.capital.com.tw 443
[10472] 2017/12/18 22:24:22.932 SK_SUBJECT_CONNECTION_CONNECTED메Code: 0
[10472] 2017/12/18 22:24:23.843 OnConnect ( 3001 , 0 ) 
[2076] 2017/12/18 22:31:19.550 Connect Server: FORT14.capital.com.tw 443
[2076] 2017/12/18 22:31:22.767 SK_SUBJECT_CONNECTION_CONNECTED메Code: 0
[2076] 2017/12/18 22:31:23.653 OnConnect ( 3001 , 0 ) 
[12152] 2017/12/18 22:33:13.464 Connect Server: FORT14.capital.com.tw 443
[12152] 2017/12/18 22:33:16.551 SK_SUBJECT_CONNECTION_CONNECTED메Code: 0
[12152] 2017/12/18 22:33:17.448 OnConnect ( 3001 , 0 ) 
[4580] 2017/12/18 22:35:10.603 Connect Server: FORT14.capital.com.tw 443
[4580] 2017/12/18 22:35:13.842 SK_SUBJECT_CONNECTION_CONNECTED메Code: 0
[4580] 2017/12/18 22:35:14.792 OnConnect ( 3001 , 0 ) 
[2316] 2017/12/18 22:36:04.839 Connect Server: FORT14.capital.com.tw 443
[2316] 2017/12/18 22:36:07.949 SK_SUBJECT_CONNECTION_CONNECTED메Code: 0
[2316] 2017/12/18 22:36:08.901 OnConnect ( 3001 , 0 ) 
[12136] 2017/12/18 22:39:07.279 Connect Server: FORT03.capital.com.tw 443
[12136] 2017/12/18 22:39:50.813 SK_SUBJECT_CONNECTION_CONNECTED메Code: 0
[12136] 2017/12/18 22:39:51.725 OnConnect ( 3001 , 0 ) 
[12136] 2017/12/18 22:41:22.572 SKOSQuoteLib_RequestKLine (CME,ES_1712,0)
[12136] 2017/12/18 22:41:22.577 No KLine of Foreign : CME,ES_1712
[12136] 2017/12/18 22:41:22.578 SKOSQuoteLib_RequestKLine (CME,ES_1712,1)
[12136] 2017/12/18 22:41:22.586 No KLine of Foreign : CME,ES_1712
[12136] 2017/12/18 22:41:26.953 SKOSQuoteLib_RequestTicks (0,CME,ES_1712)
[12136] 2017/12/18 22:41:26.957 No Tick of Foreign : CME,ES_1712
[12136] 2017/12/18 22:42:05.760 SKOSQuoteLib_RequestKLine (CME,ES_1712,0)
[12136] 2017/12/18 22:42:05.767 No KLine of Foreign : CME,ES_1712
[12136] 2017/12/18 22:42:05.770 SKOSQuoteLib_RequestKLine (CME,ES_1712,1)
[12136] 2017/12/18 22:42:05.778 No KLine of Foreign : CME,ES_1712
[12136] 2017/12/18 22:42:06.118 SKOSQuoteLib_RequestTicks (0,CME,ES_1712)
[12136] 2017/12/18 22:42:06.122 No Tick of Foreign : CME,ES_1712
[12136] 2017/12/18 22:42:21.622 SKOSQuoteLib_RequestKLine (TX00,0)
[12136] 2017/12/18 22:42:21.623 KLine Format Error !
[12136] 2017/12/18 22:42:21.627 SKOSQuoteLib_RequestKLine (TX00,1)
[12136] 2017/12/18 22:42:21.627 KLine Format Error !
[12136] 2017/12/18 22:42:21.954 SKOSQuoteLib_RequestTicks (0,TX00)
[12136] 2017/12/18 22:42:21.954 StockNo Format Error 
[10844] 2017/12/18 22:42:49.997 Connect Server: FORT14.capital.com.tw 443
[10844] 2017/12/18 22:42:53.267 SK_SUBJECT_CONNECTION_CONNECTED메Code: 0
[10844] 2017/12/18 22:42:54.167 OnConnect ( 3001 , 0 ) 
[13300] 2017/12/18 22:44:24.900 Connect Server: FORT14.capital.com.tw 443
[13300] 2017/12/18 22:44:27.638 SK_SUBJECT_CONNECTION_CONNECTED메Code: 0
[13300] 2017/12/18 22:44:28.590 OnConnect ( 3001 , 0 ) 
[1448] 2017/12/18 22:45:42.569 Connect Server: FORT03.capital.com.tw 443
[1448] 2017/12/18 22:45:45.712 SK_SUBJECT_CONNECTION_CONNECTED메Code: 0
[1448] 2017/12/18 22:45:46.608 OnConnect ( 3001 , 0 ) 
[12016] 2017/12/18 22:46:18.436 Connect Server: FORT14.capital.com.tw 443
[12016] 2017/12/18 22:46:35.637 SK_SUBJECT_CONNECTION_CONNECTED메Code: 0
[12016] 2017/12/18 22:46:36.543 OnConnect ( 3001 , 0 ) 
