-----------------------------------------------------------------
[6032] 2017/12/07 06:57:24.635 SK_SUBJECT_CONNECTION_CONNECTED메Code: 0
[6032] 2017/12/07 06:57:24.761 SKQuoteLib_EnterMonitor IP멚srvsolace-tp.capital.com.tw
[6032] 2017/12/07 06:57:24.967 market(0)  Ready!
[6032] 2017/12/07 06:57:25.138 market(3)  Ready!
[6032] 2017/12/07 06:57:25.139 market(1)  Ready!
[6032] 2017/12/07 06:57:25.141 market(4)  Ready!
[6032] 2017/12/07 06:57:25.154 market(2)  Ready!
[6032] 2017/12/07 06:57:25.890 Market Info is OK!
[6032] 2017/12/07 06:57:26.655 Catalog info is OK!
[6032] 2017/12/07 06:58:06.743 -----------------------------------------------------------------
[7160] 2017/12/07 06:59:30.007 SK_SUBJECT_CONNECTION_CONNECTED메Code: 0
[7160] 2017/12/07 06:59:30.283 SKQuoteLib_EnterMonitor IP멚srvsolace-tp.capital.com.tw
[7160] 2017/12/07 06:59:30.513 market(0)  Ready!
[7160] 2017/12/07 06:59:30.556 market(1)  Ready!
[7160] 2017/12/07 06:59:30.559 market(2)  Ready!
[7160] 2017/12/07 06:59:30.560 market(4)  Ready!
[7160] 2017/12/07 06:59:30.565 market(3)  Ready!
[7160] 2017/12/07 06:59:33.646 Market Info is OK!
[6784] 2017/12/07 07:00:30.334 SK_SUBJECT_CONNECTION_CONNECTED메Code: 0
[6784] 2017/12/07 07:00:30.377 SKQuoteLib_EnterMonitor IP멚srvsolace-tp.capital.com.tw
[6784] 2017/12/07 07:00:30.556 market(0)  Ready!
[6784] 2017/12/07 07:00:30.565 market(1)  Ready!
[6784] 2017/12/07 07:00:30.663 market(2)  Ready!
[6784] 2017/12/07 07:00:30.663 market(3)  Ready!
[6784] 2017/12/07 07:00:30.664 market(4)  Ready!
[6784] 2017/12/07 07:00:31.363 Market Info is OK!
[6784] 2017/12/07 07:00:32.024 Catalog info is OK!
[6784] 2017/12/07 07:01:06.742 -----------------------------------------------------------------
[7032] 2017/12/07 07:46:16.913 SK_SUBJECT_CONNECTION_CONNECTED메Code: 0
[7032] 2017/12/07 07:46:17.237 SKQuoteLib_EnterMonitor IP멚srvsolace-fg.capital.com.tw
[7032] 2017/12/07 07:46:17.499 market(0)  Ready!
[7032] 2017/12/07 07:46:17.510 market(1)  Ready!
[7032] 2017/12/07 07:46:17.510 market(3)  Ready!
[7032] 2017/12/07 07:46:17.512 market(2)  Ready!
[7032] 2017/12/07 07:46:17.520 market(4)  Ready!
[7032] 2017/12/07 07:46:20.837 Market Info is OK!
[7032] 2017/12/07 07:46:21.636 Catalog info is OK!
[7032] 2017/12/07 07:46:42.324  SKQuoteLib_RequestTicks ( 0 , TX00 )
[7032] 2017/12/07 07:46:42.324 Return PageNo멚 0 
[8968] 2017/12/07 08:06:40.593 SK_SUBJECT_CONNECTION_CONNECTED메Code: 0
[8968] 2017/12/07 08:06:40.848 SKQuoteLib_EnterMonitor IP멚srvsolace-tp.capital.com.tw
[8968] 2017/12/07 08:06:41.019 market(0)  Ready!
[8968] 2017/12/07 08:06:41.067 market(1)  Ready!
[8968] 2017/12/07 08:06:41.067 market(2)  Ready!
[8968] 2017/12/07 08:06:41.116 market(4)  Ready!
[8968] 2017/12/07 08:06:41.158 market(3)  Ready!
[8968] 2017/12/07 08:06:44.061 Market Info is OK!
[8968] 2017/12/07 08:06:44.734 Catalog info is OK!
[8968] 2017/12/07 08:07:36.958  SKQuoteLib_RequestTicks ( 0 , TX00 )
[8968] 2017/12/07 08:07:36.958 Return PageNo멚 0 
[7484] 2017/12/07 08:12:06.313 SK_SUBJECT_CONNECTION_CONNECTED메Code: 0
[7484] 2017/12/07 08:12:06.570 SKQuoteLib_EnterMonitor IP멚srvsolace-tp.capital.com.tw
[7484] 2017/12/07 08:12:06.850 market(0)  Ready!
[7484] 2017/12/07 08:12:06.851 market(3)  Ready!
[7484] 2017/12/07 08:12:06.851 market(4)  Ready!
[7484] 2017/12/07 08:12:06.893 market(1)  Ready!
[7484] 2017/12/07 08:12:06.898 market(2)  Ready!
[7484] 2017/12/07 08:12:09.939 Market Info is OK!
[7484] 2017/12/07 08:12:10.749 Catalog info is OK!
[9788] 2017/12/07 08:13:12.927 SK_SUBJECT_CONNECTION_CONNECTED메Code: 0
[9788] 2017/12/07 08:13:13.187 SKQuoteLib_EnterMonitor IP멚srvsolace-fg.capital.com.tw
[9788] 2017/12/07 08:13:13.358 market(0)  Ready!
[9788] 2017/12/07 08:13:13.369 market(1)  Ready!
[9788] 2017/12/07 08:13:13.369 market(2)  Ready!
[9788] 2017/12/07 08:13:13.508 market(3)  Ready!
[9788] 2017/12/07 08:13:13.509 market(4)  Ready!
[9788] 2017/12/07 08:13:16.410 Market Info is OK!
[9788] 2017/12/07 08:13:31.386 Catalog info is OK!
[8840] 2017/12/07 08:14:56.537 SK_SUBJECT_CONNECTION_CONNECTED메Code: 0
[8840] 2017/12/07 08:14:56.788 SKQuoteLib_EnterMonitor IP멚srvsolace-fg.capital.com.tw
[8840] 2017/12/07 08:14:57.029 market(0)  Ready!
[8840] 2017/12/07 08:14:57.030 market(2)  Ready!
[8840] 2017/12/07 08:14:57.030 market(1)  Ready!
[8840] 2017/12/07 08:14:57.071 market(3)  Ready!
[8840] 2017/12/07 08:14:57.078 market(4)  Ready!
[8840] 2017/12/07 08:14:59.992 Market Info is OK!
[8840] 2017/12/07 08:15:00.669 Catalog info is OK!
[8840] 2017/12/07 08:15:02.678 market(4) Not Ready!
[8840] 2017/12/07 08:15:26.086  SKQuoteLib_RequestTicks ( 1 , TX00 )
[8840] 2017/12/07 08:15:26.086 Return PageNo멚 0 
[5896] 2017/12/07 08:26:00.220 SK_SUBJECT_CONNECTION_CONNECTED메Code: 0
[5896] 2017/12/07 08:26:00.492 SKQuoteLib_EnterMonitor IP멚srvsolace-tp.capital.com.tw
[5896] 2017/12/07 08:26:00.698 market(0)  Ready!
[5896] 2017/12/07 08:26:00.709 market(1)  Ready!
[5896] 2017/12/07 08:26:00.709 market(2)  Ready!
[5896] 2017/12/07 08:26:00.809 market(3)  Ready!
[5896] 2017/12/07 08:26:00.809 market(4)  Ready!
[5896] 2017/12/07 08:26:03.639 Market Info is OK!
[5896] 2017/12/07 08:26:04.452 Catalog info is OK!
[9720] 2017/12/07 08:27:07.006 SK_SUBJECT_CONNECTION_CONNECTED메Code: 0
[9720] 2017/12/07 08:27:07.359 SKQuoteLib_EnterMonitor IP멚srvsolace-fg.capital.com.tw
[9720] 2017/12/07 08:27:07.578 market(0)  Ready!
[9720] 2017/12/07 08:27:07.584 market(3)  Ready!
[9720] 2017/12/07 08:27:07.640 market(2)  Ready!
[9720] 2017/12/07 08:27:07.640 market(1)  Ready!
[9720] 2017/12/07 08:27:07.641 market(4)  Ready!
[9720] 2017/12/07 08:27:10.622 Market Info is OK!
[9720] 2017/12/07 08:27:11.369 Catalog info is OK!
[3640] 2017/12/07 08:27:44.697 SK_SUBJECT_CONNECTION_CONNECTED메Code: 0
[3640] 2017/12/07 08:27:44.962 SKQuoteLib_EnterMonitor IP멚srvsolace-tp.capital.com.tw
[3640] 2017/12/07 08:27:45.190 market(0)  Ready!
[3640] 2017/12/07 08:27:45.236 market(3)  Ready!
[3640] 2017/12/07 08:27:45.237 market(1)  Ready!
[3640] 2017/12/07 08:27:45.275 market(2)  Ready!
[3640] 2017/12/07 08:27:45.282 market(4)  Ready!
[3640] 2017/12/07 08:27:48.212 Market Info is OK!
[3640] 2017/12/07 08:27:48.932 Catalog info is OK!
[10232] 2017/12/07 08:28:15.063 SK_SUBJECT_CONNECTION_CONNECTED메Code: 0
[10232] 2017/12/07 08:28:15.109 SKQuoteLib_EnterMonitor IP멚srvsolace-fg.capital.com.tw
[10232] 2017/12/07 08:28:15.286 market(0)  Ready!
[10232] 2017/12/07 08:28:15.399 market(1)  Ready!
[10232] 2017/12/07 08:28:15.443 market(3)  Ready!
[10232] 2017/12/07 08:28:15.443 market(2)  Ready!
[10232] 2017/12/07 08:28:15.444 market(4)  Ready!
[10232] 2017/12/07 08:28:15.900 Market Info is OK!
[10232] 2017/12/07 08:28:16.643 Catalog info is OK!
[10232] 2017/12/07 08:28:23.578  SKQuoteLib_RequestTicks ( 0 , TX00 )
[10232] 2017/12/07 08:28:23.578 Return PageNo멚 0 
[10232] 2017/12/07 08:28:48.878 -----------------------------------------------------------------
[11256] 2017/12/07 08:29:01.104 SK_SUBJECT_CONNECTION_CONNECTED메Code: 0
[11256] 2017/12/07 08:29:01.149 SKQuoteLib_EnterMonitor IP멚srvsolace-tp.capital.com.tw
[11256] 2017/12/07 08:29:01.377 market(0)  Ready!
[11256] 2017/12/07 08:29:01.440 market(1)  Ready!
[11256] 2017/12/07 08:29:01.440 market(2)  Ready!
[11256] 2017/12/07 08:29:01.441 market(3)  Ready!
[11256] 2017/12/07 08:29:01.441 market(4)  Ready!
[11256] 2017/12/07 08:29:02.000 Market Info is OK!
[11256] 2017/12/07 08:29:02.828 Catalog info is OK!
[11256] 2017/12/07 08:29:10.341  SKQuoteLib_RequestTicks ( 0 , CME,ES_1712 )
[11256] 2017/12/07 08:29:21.821  SKQuoteLib_RequestTicks ( 0 , TX00 )
[11256] 2017/12/07 08:29:21.822 Return PageNo멚 0 
[11256] 2017/12/07 08:29:44.979 -----------------------------------------------------------------
[2848] 2017/12/07 08:30:03.680 SK_SUBJECT_CONNECTION_CONNECTED메Code: 0
[2848] 2017/12/07 08:30:03.999 SKQuoteLib_EnterMonitor IP멚srvsolace-fg.capital.com.tw
[2848] 2017/12/07 08:30:04.276 market(0)  Ready!
[2848] 2017/12/07 08:30:04.326 market(4)  Ready!
[2848] 2017/12/07 08:30:04.326 market(1)  Ready!
[2848] 2017/12/07 08:30:04.326 market(2)  Ready!
[2848] 2017/12/07 08:30:04.326 market(3)  Ready!
[2848] 2017/12/07 08:30:07.113 Market Info is OK!
[2848] 2017/12/07 08:30:07.861 Catalog info is OK!
[2848] 2017/12/07 08:30:15.701  SKQuoteLib_RequestTicks ( 0 , TX00 )
[2848] 2017/12/07 08:30:15.701 Return PageNo멚 0 
[4848] 2017/12/07 08:52:35.566 SK_SUBJECT_CONNECTION_CONNECTED메Code: 0
[4848] 2017/12/07 08:52:35.725 SKQuoteLib_EnterMonitor IP멚srvsolace-fg.capital.com.tw
[4848] 2017/12/07 08:52:36.075 market(0)  Ready!
[4848] 2017/12/07 08:52:36.100 market(1)  Ready!
[4848] 2017/12/07 08:52:36.103 market(2)  Ready!
[4848] 2017/12/07 08:52:36.115 market(3)  Ready!
[4848] 2017/12/07 08:52:36.116 market(4)  Ready!
[4848] 2017/12/07 08:52:39.035 Market Info is OK!
[4848] 2017/12/07 08:52:39.911 Catalog info is OK!
[4848] 2017/12/07 08:52:48.140  SKQuoteLib_RequestTicks ( 0 , TX00 )
[4848] 2017/12/07 08:52:48.140 Return PageNo멚 0 
[10368] 2017/12/07 10:28:02.171 SK_SUBJECT_CONNECTION_CONNECTED메Code: 0
[10368] 2017/12/07 10:28:02.523 SKQuoteLib_EnterMonitor IP멚srvsolace-fg.capital.com.tw
[10368] 2017/12/07 10:28:02.750 market(0)  Ready!
[10368] 2017/12/07 10:28:02.751 market(1)  Ready!
[10368] 2017/12/07 10:28:02.751 market(3)  Ready!
[10368] 2017/12/07 10:28:02.806 market(2)  Ready!
[10368] 2017/12/07 10:28:02.807 market(4)  Ready!
[10368] 2017/12/07 10:28:06.628 Market Info is OK!
[10368] 2017/12/07 10:28:07.427 Catalog info is OK!
[10368] 2017/12/07 10:28:16.521  SKQuoteLib_RequestTicks ( 0 , TX00 )
[10368] 2017/12/07 10:28:16.521 Return PageNo멚 0 
[10368] 2017/12/07 10:30:12.942 -----------------------------------------------------------------
[2912] 2017/12/07 10:30:48.264 SK_SUBJECT_CONNECTION_CONNECTED메Code: 0
[2912] 2017/12/07 10:30:48.524 SKQuoteLib_EnterMonitor IP멚srvsolace-fg.capital.com.tw
[2912] 2017/12/07 10:30:48.785 market(3)  Ready!
[2912] 2017/12/07 10:30:48.787 market(4)  Ready!
[2912] 2017/12/07 10:30:48.812 market(0)  Ready!
[2912] 2017/12/07 10:30:48.830 market(1)  Ready!
[2912] 2017/12/07 10:30:48.876 market(2)  Ready!
[2912] 2017/12/07 10:30:51.886 Market Info is OK!
[2912] 2017/12/07 10:30:52.637 Catalog info is OK!
[2912] 2017/12/07 10:30:57.458  SKQuoteLib_RequestTicks ( 0 , TX00 )
[2912] 2017/12/07 10:30:57.458 Return PageNo멚 0 
[2912] 2017/12/07 10:31:48.651 -----------------------------------------------------------------
[3356] 2017/12/07 10:32:40.443 SK_SUBJECT_CONNECTION_CONNECTED메Code: 0
[3356] 2017/12/07 10:32:40.727 SKQuoteLib_EnterMonitor IP멚srvsolace-tp.capital.com.tw
[3356] 2017/12/07 10:32:41.063 market(0)  Ready!
[3356] 2017/12/07 10:32:41.066 market(2)  Ready!
[3356] 2017/12/07 10:32:41.066 market(3)  Ready!
[3356] 2017/12/07 10:32:41.066 market(1)  Ready!
[3356] 2017/12/07 10:32:41.066 market(4)  Ready!
[3356] 2017/12/07 10:32:44.008 Market Info is OK!
[3356] 2017/12/07 10:32:44.699 Catalog info is OK!
[3356] 2017/12/07 10:32:49.666  SKQuoteLib_RequestTicks ( 0 , TX00 )
[3356] 2017/12/07 10:32:49.666 Return PageNo멚 0 
[3356] 2017/12/07 10:33:47.412 -----------------------------------------------------------------
[348] 2017/12/07 10:54:34.381 SK_SUBJECT_CONNECTION_CONNECTED메Code: 0
[348] 2017/12/07 10:54:34.668 SKQuoteLib_EnterMonitor IP멚srvsolace-tp.capital.com.tw
[348] 2017/12/07 10:54:34.857 market(0)  Ready!
[348] 2017/12/07 10:54:34.900 market(2)  Ready!
[348] 2017/12/07 10:54:34.901 market(1)  Ready!
[348] 2017/12/07 10:54:35.014 market(3)  Ready!
[348] 2017/12/07 10:54:35.016 market(4)  Ready!
[348] 2017/12/07 10:54:38.017 Market Info is OK!
[348] 2017/12/07 10:54:38.724 Catalog info is OK!
[348] 2017/12/07 10:54:47.916  SKQuoteLib_RequestTicks ( 0 , TX00 )
[348] 2017/12/07 10:54:47.916 Return PageNo멚 0 
[1820] 2017/12/07 10:56:09.391 SK_SUBJECT_CONNECTION_CONNECTED메Code: 0
[1820] 2017/12/07 10:56:09.673 SKQuoteLib_EnterMonitor IP멚srvsolace-fg.capital.com.tw
[1820] 2017/12/07 10:56:09.894 market(0)  Ready!
[1820] 2017/12/07 10:56:09.957 market(2)  Ready!
[1820] 2017/12/07 10:56:09.957 market(1)  Ready!
[1820] 2017/12/07 10:56:09.958 market(3)  Ready!
[1820] 2017/12/07 10:56:09.958 market(4)  Ready!
[1820] 2017/12/07 10:56:13.254 Market Info is OK!
[1820] 2017/12/07 10:56:13.926 Catalog info is OK!
[1820] 2017/12/07 10:56:21.733  SKQuoteLib_RequestTicks ( 0 , TX00 )
[1820] 2017/12/07 10:56:21.733 Return PageNo멚 0 
[9892] 2017/12/07 11:00:29.624 SK_SUBJECT_CONNECTION_CONNECTED메Code: 0
[9892] 2017/12/07 11:00:29.919 SKQuoteLib_EnterMonitor IP멚srvsolace-fg.capital.com.tw
[9892] 2017/12/07 11:00:30.168 market(0)  Ready!
[9892] 2017/12/07 11:00:30.222 market(1)  Ready!
[9892] 2017/12/07 11:00:30.222 market(3)  Ready!
[9892] 2017/12/07 11:00:30.223 market(2)  Ready!
[9892] 2017/12/07 11:00:30.266 market(4)  Ready!
[9892] 2017/12/07 11:00:33.207 Market Info is OK!
[9892] 2017/12/07 11:00:33.935 Catalog info is OK!
[9892] 2017/12/07 11:00:41.861  SKQuoteLib_RequestTicks ( 0 , TX00 )
[9892] 2017/12/07 11:00:41.861 Return PageNo멚 0 
[9024] 2017/12/07 11:02:08.777 SK_SUBJECT_CONNECTION_CONNECTED메Code: 0
[9024] 2017/12/07 11:02:09.069 SKQuoteLib_EnterMonitor IP멚srvsolace-fg.capital.com.tw
[9024] 2017/12/07 11:02:09.373 market(0)  Ready!
[9024] 2017/12/07 11:02:09.419 market(1)  Ready!
[9024] 2017/12/07 11:02:09.419 market(3)  Ready!
[9024] 2017/12/07 11:02:09.420 market(2)  Ready!
[9024] 2017/12/07 11:02:09.420 market(4)  Ready!
[9024] 2017/12/07 11:02:12.348 Market Info is OK!
[9024] 2017/12/07 11:02:13.148 Catalog info is OK!
[9024] 2017/12/07 11:02:21.620  SKQuoteLib_RequestTicks ( 0 , TX00 )
[9024] 2017/12/07 11:02:21.620 Return PageNo멚 0 
[9012] 2017/12/07 11:35:41.587 SK_SUBJECT_CONNECTION_CONNECTED메Code: 0
[9012] 2017/12/07 11:35:41.886 SKQuoteLib_EnterMonitor IP멚srvsolace-fg.capital.com.tw
[9012] 2017/12/07 11:35:42.125 market(4)  Ready!
[9012] 2017/12/07 11:35:42.130 market(0)  Ready!
[9012] 2017/12/07 11:35:42.131 market(1)  Ready!
[9012] 2017/12/07 11:35:42.132 market(3)  Ready!
[9012] 2017/12/07 11:35:42.185 market(2)  Ready!
[9012] 2017/12/07 11:35:45.326 Market Info is OK!
[9012] 2017/12/07 11:35:46.007 Catalog info is OK!
[9012] 2017/12/07 11:35:55.132  SKQuoteLib_RequestTicks ( 0 , TX00 )
[9012] 2017/12/07 11:35:55.132 Return PageNo멚 0 
[9072] 2017/12/07 11:37:39.826 SK_SUBJECT_CONNECTION_CONNECTED메Code: 0
[9072] 2017/12/07 11:37:40.130 SKQuoteLib_EnterMonitor IP멚srvsolace-fg.capital.com.tw
[9072] 2017/12/07 11:37:40.379 market(0)  Ready!
[9072] 2017/12/07 11:37:40.416 market(1)  Ready!
[9072] 2017/12/07 11:37:40.417 market(2)  Ready!
[9072] 2017/12/07 11:37:40.421 market(3)  Ready!
[9072] 2017/12/07 11:37:40.429 market(4)  Ready!
[9072] 2017/12/07 11:37:43.367 Market Info is OK!
[9072] 2017/12/07 11:37:44.150 Catalog info is OK!
[9072] 2017/12/07 11:37:53.639  SKQuoteLib_RequestTicks ( 0 , TX00 )
[9072] 2017/12/07 11:37:53.639 Return PageNo멚 0 
[5620] 2017/12/07 11:39:10.196 SK_SUBJECT_CONNECTION_CONNECTED메Code: 0
[5620] 2017/12/07 11:39:10.492 SKQuoteLib_EnterMonitor IP멚srvsolace-fg.capital.com.tw
[5620] 2017/12/07 11:39:10.997 market(2)  Ready!
[5620] 2017/12/07 11:39:11.040 market(4)  Ready!
[5620] 2017/12/07 11:39:11.040 market(1)  Ready!
[5620] 2017/12/07 11:39:11.043 market(0)  Ready!
[5620] 2017/12/07 11:39:11.043 market(3)  Ready!
[5620] 2017/12/07 11:39:13.795 Market Info is OK!
[5620] 2017/12/07 11:39:14.540 Catalog info is OK!
[5620] 2017/12/07 11:39:21.023  SKQuoteLib_RequestTicks ( 0 , CME,ES_1712 )
[8604] 2017/12/07 11:45:57.157 SK_SUBJECT_CONNECTION_CONNECTED메Code: 0
[8604] 2017/12/07 11:45:57.437 SKQuoteLib_EnterMonitor IP멚srvsolace-tp.capital.com.tw
[8604] 2017/12/07 11:45:57.711 market(0)  Ready!
[8604] 2017/12/07 11:45:57.738 market(1)  Ready!
[8604] 2017/12/07 11:45:57.738 market(2)  Ready!
[8604] 2017/12/07 11:45:57.756 market(3)  Ready!
[8604] 2017/12/07 11:45:57.756 market(4)  Ready!
[8604] 2017/12/07 11:46:01.014 Market Info is OK!
[8604] 2017/12/07 11:46:01.605 Catalog info is OK!
[8604] 2017/12/07 11:46:10.920  SKQuoteLib_RequestTicks ( 0 , TX00 )
[8604] 2017/12/07 11:46:10.920 Return PageNo멚 0 
[8932] 2017/12/07 11:50:52.905 SK_SUBJECT_CONNECTION_CONNECTED메Code: 0
[8932] 2017/12/07 11:50:53.185 SKQuoteLib_EnterMonitor IP멚srvsolace-fg.capital.com.tw
[8932] 2017/12/07 11:50:53.371 market(1)  Ready!
[8932] 2017/12/07 11:50:53.372 market(2)  Ready!
[8932] 2017/12/07 11:50:53.407 market(3)  Ready!
[8932] 2017/12/07 11:50:53.407 market(4)  Ready!
[8932] 2017/12/07 11:50:53.414 market(0)  Ready!
[8932] 2017/12/07 11:50:56.746 Market Info is OK!
[8932] 2017/12/07 11:50:57.518 Catalog info is OK!
[8932] 2017/12/07 11:51:06.820  SKQuoteLib_RequestTicks ( 0 , TX00 )
[8932] 2017/12/07 11:51:06.821 Return PageNo멚 0 
[8932] 2017/12/07 11:53:32.056 -----------------------------------------------------------------
[10476] 2017/12/07 11:54:02.261 SK_SUBJECT_CONNECTION_CONNECTED메Code: 0
[10476] 2017/12/07 11:54:02.305 SKQuoteLib_EnterMonitor IP멚srvsolace-fg.capital.com.tw
[10476] 2017/12/07 11:54:02.545 market(1)  Ready!
[10476] 2017/12/07 11:54:02.545 market(2)  Ready!
[10476] 2017/12/07 11:54:02.608 market(0)  Ready!
[10476] 2017/12/07 11:54:02.652 market(3)  Ready!
[10476] 2017/12/07 11:54:02.656 market(4)  Ready!
[10476] 2017/12/07 11:54:03.214 Market Info is OK!
[10476] 2017/12/07 11:54:03.911 Catalog info is OK!
[10476] 2017/12/07 11:54:12.261  SKQuoteLib_RequestTicks ( 0 , TX00 )
[10476] 2017/12/07 11:54:12.261 Return PageNo멚 0 
[10476] 2017/12/07 11:55:42.864 -----------------------------------------------------------------
[5384] 2017/12/07 12:00:02.351 SK_SUBJECT_CONNECTION_CONNECTED메Code: 0
[5384] 2017/12/07 12:00:02.623 SKQuoteLib_EnterMonitor IP멚srvsolace-fg.capital.com.tw
[5384] 2017/12/07 12:00:02.862 market(0)  Ready!
[5384] 2017/12/07 12:00:03.019 market(1)  Ready!
[5384] 2017/12/07 12:00:03.020 market(3)  Ready!
[5384] 2017/12/07 12:00:03.020 market(4)  Ready!
[5384] 2017/12/07 12:00:03.021 market(2)  Ready!
[5384] 2017/12/07 12:00:06.125 Market Info is OK!
[5384] 2017/12/07 12:00:06.753 Catalog info is OK!
[5384] 2017/12/07 12:00:16.256  SKQuoteLib_RequestTicks ( 0 , TX00 )
[5384] 2017/12/07 12:00:16.256 Return PageNo멚 0 
[5384] 2017/12/07 12:00:21.999 execute OnNotifyHistoryTicks event exception, please check it
[5384] 2017/12/07 12:00:22.198 execute OnNotifyHistoryTicks event exception, please check it
[5384] 2017/12/07 12:00:24.072 execute OnNotifyHistoryTicks event exception, please check it
[5384] 2017/12/07 12:00:24.560 execute OnNotifyHistoryTicks event exception, please check it
[6572] 2017/12/07 12:02:57.239 SK_SUBJECT_CONNECTION_CONNECTED메Code: 0
[6572] 2017/12/07 12:02:57.583 SKQuoteLib_EnterMonitor IP멚srvsolace-tp.capital.com.tw
[6572] 2017/12/07 12:02:57.854 market(0)  Ready!
[6572] 2017/12/07 12:02:57.902 market(1)  Ready!
[6572] 2017/12/07 12:02:57.902 market(2)  Ready!
[6572] 2017/12/07 12:02:57.902 market(3)  Ready!
[6572] 2017/12/07 12:02:57.903 market(4)  Ready!
[6572] 2017/12/07 12:03:01.064 Market Info is OK!
[6572] 2017/12/07 12:03:01.575 Catalog info is OK!
[6572] 2017/12/07 12:03:11.231  SKQuoteLib_RequestTicks ( 0 , TX00 )
[6572] 2017/12/07 12:03:11.231 Return PageNo멚 0 
[6572] 2017/12/07 12:03:12.821 execute OnNotifyHistoryTicks event exception, please check it
[6572] 2017/12/07 12:03:16.979 execute OnNotifyHistoryTicks event exception, please check it
[6572] 2017/12/07 12:03:18.504 execute OnNotifyHistoryTicks event exception, please check it
[6572] 2017/12/07 12:03:19.008 execute OnNotifyHistoryTicks event exception, please check it
[6572] 2017/12/07 12:03:20.452 execute OnNotifyHistoryTicks event exception, please check it
[6572] 2017/12/07 12:03:21.665 execute OnNotifyHistoryTicks event exception, please check it
[6572] 2017/12/07 12:03:21.964 execute OnNotifyHistoryTicks event exception, please check it
[6572] 2017/12/07 12:03:22.318 execute OnNotifyHistoryTicks event exception, please check it
[6572] 2017/12/07 12:03:22.642 execute OnNotifyHistoryTicks event exception, please check it
[6572] 2017/12/07 12:03:24.558 execute OnNotifyHistoryTicks event exception, please check it
[7160] 2017/12/07 12:04:25.567 SK_SUBJECT_CONNECTION_CONNECTED메Code: 0
[7160] 2017/12/07 12:04:25.852 SKQuoteLib_EnterMonitor IP멚srvsolace-fg.capital.com.tw
[7160] 2017/12/07 12:04:26.028 market(0)  Ready!
[7160] 2017/12/07 12:04:26.073 market(3)  Ready!
[7160] 2017/12/07 12:04:26.074 market(1)  Ready!
[7160] 2017/12/07 12:04:26.074 market(2)  Ready!
[7160] 2017/12/07 12:04:26.179 market(4)  Ready!
[7160] 2017/12/07 12:04:29.127 Market Info is OK!
[7160] 2017/12/07 12:04:29.905 Catalog info is OK!
[7160] 2017/12/07 12:04:40.588  SKQuoteLib_RequestTicks ( 0 , TX00 )
[7160] 2017/12/07 12:04:40.588 Return PageNo멚 0 
[7160] 2017/12/07 12:04:44.863 execute OnNotifyHistoryTicks event exception, please check it
[7160] 2017/12/07 12:04:46.367 execute OnNotifyHistoryTicks event exception, please check it
[7160] 2017/12/07 12:04:48.066 execute OnNotifyHistoryTicks event exception, please check it
[7160] 2017/12/07 12:04:49.396 execute OnNotifyHistoryTicks event exception, please check it
[7160] 2017/12/07 12:04:49.447 execute OnNotifyHistoryTicks event exception, please check it
[7160] 2017/12/07 12:04:50.277 execute OnNotifyHistoryTicks event exception, please check it
[7160] 2017/12/07 12:04:50.876 execute OnNotifyHistoryTicks event exception, please check it
[7160] 2017/12/07 12:04:51.999 execute OnNotifyHistoryTicks event exception, please check it
[7160] 2017/12/07 12:04:54.037 execute OnNotifyHistoryTicks event exception, please check it
[8988] 2017/12/07 12:08:11.891 SK_SUBJECT_CONNECTION_CONNECTED메Code: 0
[8988] 2017/12/07 12:08:12.159 SKQuoteLib_EnterMonitor IP멚srvsolace-tp.capital.com.tw
[8988] 2017/12/07 12:08:12.476 market(0)  Ready!
[8988] 2017/12/07 12:08:12.476 market(1)  Ready!
[8988] 2017/12/07 12:08:12.476 market(3)  Ready!
[8988] 2017/12/07 12:08:12.519 market(2)  Ready!
[8988] 2017/12/07 12:08:12.520 market(4)  Ready!
[8988] 2017/12/07 12:08:15.467 Market Info is OK!
[8988] 2017/12/07 12:08:16.267 Catalog info is OK!
[8988] 2017/12/07 12:08:25.581  SKQuoteLib_RequestTicks ( 0 , TX00 )
[8988] 2017/12/07 12:08:25.581 Return PageNo멚 0 
[7632] 2017/12/07 12:09:50.116 SK_SUBJECT_CONNECTION_CONNECTED메Code: 0
[7632] 2017/12/07 12:09:50.401 SKQuoteLib_EnterMonitor IP멚srvsolace-tp.capital.com.tw
[7632] 2017/12/07 12:09:50.934 market(4)  Ready!
[7632] 2017/12/07 12:09:50.937 market(0)  Ready!
[7632] 2017/12/07 12:09:50.937 market(1)  Ready!
[7632] 2017/12/07 12:09:50.937 market(2)  Ready!
[7632] 2017/12/07 12:09:50.943 market(3)  Ready!
[7632] 2017/12/07 12:09:53.831 Market Info is OK!
[7632] 2017/12/07 12:09:54.444 Catalog info is OK!
[7632] 2017/12/07 12:10:03.718  SKQuoteLib_RequestTicks ( 0 , TX00 )
[7632] 2017/12/07 12:10:03.718 Return PageNo멚 0 
[4080] 2017/12/07 12:12:44.555 SK_SUBJECT_CONNECTION_CONNECTED메Code: 0
[4080] 2017/12/07 12:12:44.838 SKQuoteLib_EnterMonitor IP멚srvsolace-fg.capital.com.tw
[4080] 2017/12/07 12:12:45.060 market(0)  Ready!
[4080] 2017/12/07 12:12:45.099 market(3)  Ready!
[4080] 2017/12/07 12:12:45.102 market(1)  Ready!
[4080] 2017/12/07 12:12:45.115 market(2)  Ready!
[4080] 2017/12/07 12:12:45.145 market(4)  Ready!
[4080] 2017/12/07 12:12:48.346 Market Info is OK!
[4080] 2017/12/07 12:12:48.987 Catalog info is OK!
[4080] 2017/12/07 12:13:00.940  SKQuoteLib_RequestTicks ( 0 , TX00 )
[4080] 2017/12/07 12:13:00.940 Return PageNo멚 0 
[7456] 2017/12/07 12:16:32.604 SK_SUBJECT_CONNECTION_CONNECTED메Code: 0
[7456] 2017/12/07 12:16:32.796 SKQuoteLib_EnterMonitor IP멚srvsolace-tp.capital.com.tw
[7456] 2017/12/07 12:16:33.211 market(0)  Ready!
[7456] 2017/12/07 12:16:33.212 market(3)  Ready!
[7456] 2017/12/07 12:16:33.212 market(1)  Ready!
[7456] 2017/12/07 12:16:33.258 market(2)  Ready!
[7456] 2017/12/07 12:16:33.260 market(4)  Ready!
[7456] 2017/12/07 12:16:36.397 Market Info is OK!
[7456] 2017/12/07 12:16:37.095 Catalog info is OK!
[7456] 2017/12/07 12:16:46.619  SKQuoteLib_RequestTicks ( 0 , TX00 )
[7456] 2017/12/07 12:16:46.619 Return PageNo멚 0 
[7608] 2017/12/07 12:42:13.122 SK_SUBJECT_CONNECTION_CONNECTED메Code: 0
[7608] 2017/12/07 12:42:13.301 SKQuoteLib_EnterMonitor IP멚srvsolace-tp.capital.com.tw
[7608] 2017/12/07 12:42:13.588 market(0)  Ready!
[7608] 2017/12/07 12:42:13.635 market(1)  Ready!
[7608] 2017/12/07 12:42:13.636 market(2)  Ready!
[7608] 2017/12/07 12:42:13.703 market(3)  Ready!
[7608] 2017/12/07 12:42:13.747 market(4)  Ready!
[7608] 2017/12/07 12:42:16.888 Market Info is OK!
[7608] 2017/12/07 12:42:17.523 Catalog info is OK!
[7608] 2017/12/07 12:42:27.918  SKQuoteLib_RequestTicks ( 0 , TX00 )
[7608] 2017/12/07 12:42:27.918 Return PageNo멚 0 
[4996] 2017/12/07 13:32:26.857 SK_SUBJECT_CONNECTION_CONNECTED메Code: 0
[4996] 2017/12/07 13:32:27.192 SKQuoteLib_EnterMonitor IP멚srvsolace-fg.capital.com.tw
[4996] 2017/12/07 13:32:27.431 market(0)  Ready!
[4996] 2017/12/07 13:32:27.481 market(1)  Ready!
[4996] 2017/12/07 13:32:27.482 market(3)  Ready!
[4996] 2017/12/07 13:32:27.531 market(2)  Ready!
[4996] 2017/12/07 13:32:27.531 market(4)  Ready!
[4996] 2017/12/07 13:32:30.610 Market Info is OK!
[4996] 2017/12/07 13:32:31.489 Catalog info is OK!
[4996] 2017/12/07 13:32:42.466  SKQuoteLib_RequestTicks ( 0 , TX00 )
[4996] 2017/12/07 13:32:42.466 Return PageNo멚 0 
[4996] 2017/12/07 13:32:44.231 execute OnNotifyHistoryTicks event exception, please check it
[4996] 2017/12/07 13:32:44.487 execute OnNotifyHistoryTicks event exception, please check it
[4996] 2017/12/07 13:32:46.079 execute OnNotifyHistoryTicks event exception, please check it
[4996] 2017/12/07 13:32:46.231 execute OnNotifyHistoryTicks event exception, please check it
[4996] 2017/12/07 13:32:48.218 execute OnNotifyHistoryTicks event exception, please check it
[4996] 2017/12/07 13:32:50.290 execute OnNotifyHistoryTicks event exception, please check it
[4996] 2017/12/07 13:32:53.235 execute OnNotifyHistoryTicks event exception, please check it
[4996] 2017/12/07 13:32:53.245 execute OnNotifyHistoryTicks event exception, please check it
[4996] 2017/12/07 13:32:53.327 execute OnNotifyHistoryTicks event exception, please check it
[4996] 2017/12/07 13:32:53.373 execute OnNotifyHistoryTicks event exception, please check it
[4996] 2017/12/07 13:32:53.428 execute OnNotifyHistoryTicks event exception, please check it
[4996] 2017/12/07 13:32:53.474 execute OnNotifyHistoryTicks event exception, please check it
[4996] 2017/12/07 13:32:53.577 execute OnNotifyHistoryTicks event exception, please check it
[4996] 2017/12/07 13:32:53.723 execute OnNotifyHistoryTicks event exception, please check it
[4996] 2017/12/07 13:32:53.776 execute OnNotifyHistoryTicks event exception, please check it
[4996] 2017/12/07 13:32:54.019 execute OnNotifyHistoryTicks event exception, please check it
[4996] 2017/12/07 13:32:54.061 execute OnNotifyHistoryTicks event exception, please check it
[4996] 2017/12/07 13:32:54.103 execute OnNotifyHistoryTicks event exception, please check it
[4996] 2017/12/07 13:32:54.106 execute OnNotifyHistoryTicks event exception, please check it
[4996] 2017/12/07 13:32:54.155 execute OnNotifyHistoryTicks event exception, please check it
[4996] 2017/12/07 13:32:54.249 execute OnNotifyHistoryTicks event exception, please check it
[4996] 2017/12/07 13:32:54.714 execute OnNotifyHistoryTicks event exception, please check it
[4996] 2017/12/07 13:32:54.759 execute OnNotifyHistoryTicks event exception, please check it
[4996] 2017/12/07 13:32:55.003 execute OnNotifyHistoryTicks event exception, please check it
[4996] 2017/12/07 13:32:55.210 execute OnNotifyHistoryTicks event exception, please check it
[4996] 2017/12/07 13:32:55.534 execute OnNotifyHistoryTicks event exception, please check it
[4996] 2017/12/07 13:32:55.695 execute OnNotifyHistoryTicks event exception, please check it
[4996] 2017/12/07 13:32:55.880 execute OnNotifyHistoryTicks event exception, please check it
[8656] 2017/12/07 13:35:51.812 SK_SUBJECT_CONNECTION_CONNECTED메Code: 0
[8656] 2017/12/07 13:35:52.098 SKQuoteLib_EnterMonitor IP멚srvsolace-fg.capital.com.tw
[8656] 2017/12/07 13:35:52.334 market(4)  Ready!
[8656] 2017/12/07 13:35:52.334 market(0)  Ready!
[8656] 2017/12/07 13:35:52.392 market(1)  Ready!
[8656] 2017/12/07 13:35:52.409 market(2)  Ready!
[8656] 2017/12/07 13:35:52.448 market(3)  Ready!
[8656] 2017/12/07 13:35:55.456 Market Info is OK!
[8656] 2017/12/07 13:35:56.327 Catalog info is OK!
[8656] 2017/12/07 13:36:05.584  SKQuoteLib_RequestTicks ( 0 , TX00 )
[8656] 2017/12/07 13:36:05.584 Return PageNo멚 0 
[8656] 2017/12/07 13:36:10.825 execute OnNotifyHistoryTicks event exception, please check it
[8656] 2017/12/07 13:36:11.065 execute OnNotifyHistoryTicks event exception, please check it
[8656] 2017/12/07 13:36:12.825 execute OnNotifyHistoryTicks event exception, please check it
[8656] 2017/12/07 13:36:12.923 execute OnNotifyHistoryTicks event exception, please check it
[8656] 2017/12/07 13:36:16.027 execute OnNotifyHistoryTicks event exception, please check it
[8656] 2017/12/07 13:36:16.943 execute OnNotifyHistoryTicks event exception, please check it
[8656] 2017/12/07 13:36:18.422 execute OnNotifyHistoryTicks event exception, please check it
[8656] 2017/12/07 13:36:19.178 execute OnNotifyHistoryTicks event exception, please check it
[11820] 2017/12/07 13:37:02.175 SK_SUBJECT_CONNECTION_CONNECTED메Code: 0
[11820] 2017/12/07 13:37:02.492 SKQuoteLib_EnterMonitor IP멚srvsolace-tp.capital.com.tw
[11820] 2017/12/07 13:37:02.673 market(0)  Ready!
[11820] 2017/12/07 13:37:02.859 market(3)  Ready!
[11820] 2017/12/07 13:37:02.860 market(4)  Ready!
[11820] 2017/12/07 13:37:02.860 market(2)  Ready!
[11820] 2017/12/07 13:37:02.860 market(1)  Ready!
[11820] 2017/12/07 13:37:05.881 Market Info is OK!
[11820] 2017/12/07 13:37:06.625 Catalog info is OK!
[11820] 2017/12/07 13:37:11.393  SKQuoteLib_RequestTicks ( 0 , TX00 )
[11820] 2017/12/07 13:37:11.393 Return PageNo멚 0 
[11820] 2017/12/07 13:37:12.411 execute OnNotifyHistoryTicks event exception, please check it
[11820] 2017/12/07 13:37:15.635 execute OnNotifyHistoryTicks event exception, please check it
[11820] 2017/12/07 13:37:17.836 execute OnNotifyHistoryTicks event exception, please check it
[11820] 2017/12/07 13:37:19.024 execute OnNotifyHistoryTicks event exception, please check it
[11820] 2017/12/07 13:37:19.720 execute OnNotifyHistoryTicks event exception, please check it
[11820] 2017/12/07 13:37:19.962 execute OnNotifyHistoryTicks event exception, please check it
[11820] 2017/12/07 13:37:21.415 execute OnNotifyHistoryTicks event exception, please check it
[11820] 2017/12/07 13:37:25.283 execute OnNotifyHistoryTicks event exception, please check it
[11820] 2017/12/07 13:37:25.586 execute OnNotifyHistoryTicks event exception, please check it
[11820] 2017/12/07 13:37:26.763 execute OnNotifyHistoryTicks event exception, please check it
[4492] 2017/12/07 13:49:46.223 SK_SUBJECT_CONNECTION_CONNECTED메Code: 0
[4492] 2017/12/07 13:49:46.530 SKQuoteLib_EnterMonitor IP멚srvsolace-tp.capital.com.tw
[4492] 2017/12/07 13:49:46.770 market(0)  Ready!
[4492] 2017/12/07 13:49:46.885 market(1)  Ready!
[4492] 2017/12/07 13:49:46.886 market(3)  Ready!
[4492] 2017/12/07 13:49:46.907 market(4)  Ready!
[4492] 2017/12/07 13:49:46.907 market(2)  Ready!
[4492] 2017/12/07 13:49:50.119 Market Info is OK!
[4492] 2017/12/07 13:49:50.728 Catalog info is OK!
[4492] 2017/12/07 13:49:55.459  SKQuoteLib_RequestTicks ( 0 , TX00 )
[4492] 2017/12/07 13:49:55.459 Return PageNo멚 0 
[4492] 2017/12/07 13:49:56.117 execute OnNotifyHistoryTicks event exception, please check it
[4492] 2017/12/07 13:49:58.450 execute OnNotifyHistoryTicks event exception, please check it
[4492] 2017/12/07 13:50:02.019 execute OnNotifyHistoryTicks event exception, please check it
[4492] 2017/12/07 13:50:05.436 execute OnNotifyHistoryTicks event exception, please check it
[4492] 2017/12/07 13:50:07.128 execute OnNotifyHistoryTicks event exception, please check it
[4492] 2017/12/07 13:50:08.161 execute OnNotifyHistoryTicks event exception, please check it
[4492] 2017/12/07 13:50:08.256 execute OnNotifyHistoryTicks event exception, please check it
[8456] 2017/12/07 13:56:17.845 SK_SUBJECT_CONNECTION_CONNECTED메Code: 0
[8456] 2017/12/07 13:56:18.155 SKQuoteLib_EnterMonitor IP멚srvsolace-fg.capital.com.tw
[8456] 2017/12/07 13:56:18.445 market(0)  Ready!
[8456] 2017/12/07 13:56:18.445 market(4)  Ready!
[8456] 2017/12/07 13:56:18.571 market(3)  Ready!
[8456] 2017/12/07 13:56:18.571 market(2)  Ready!
[8456] 2017/12/07 13:56:18.575 market(1)  Ready!
[8456] 2017/12/07 13:56:21.585 Market Info is OK!
[8456] 2017/12/07 13:56:22.318 Catalog info is OK!
[8456] 2017/12/07 13:56:29.112  SKQuoteLib_RequestTicks ( 0 , TX00 )
[8456] 2017/12/07 13:56:29.112 Return PageNo멚 0 
[8456] 2017/12/07 13:56:31.182 execute OnNotifyHistoryTicks event exception, please check it
[8456] 2017/12/07 13:56:31.254 execute OnNotifyHistoryTicks event exception, please check it
[8456] 2017/12/07 13:56:33.653 execute OnNotifyHistoryTicks event exception, please check it
[8456] 2017/12/07 13:56:34.975 execute OnNotifyHistoryTicks event exception, please check it
[8456] 2017/12/07 13:56:36.496 execute OnNotifyHistoryTicks event exception, please check it
[8456] 2017/12/07 13:56:37.833 execute OnNotifyHistoryTicks event exception, please check it
[8456] 2017/12/07 13:56:40.132 execute OnNotifyHistoryTicks event exception, please check it
[8456] 2017/12/07 13:56:40.892 execute OnNotifyHistoryTicks event exception, please check it
[8456] 2017/12/07 13:56:41.276 execute OnNotifyHistoryTicks event exception, please check it
[9728] 2017/12/07 13:58:50.709 SK_SUBJECT_CONNECTION_CONNECTED메Code: 0
[9728] 2017/12/07 13:58:51.014 SKQuoteLib_EnterMonitor IP멚srvsolace-fg.capital.com.tw
[9728] 2017/12/07 13:58:51.251 market(0)  Ready!
[9728] 2017/12/07 13:58:51.251 market(1)  Ready!
[9728] 2017/12/07 13:58:51.251 market(2)  Ready!
[9728] 2017/12/07 13:58:51.291 market(3)  Ready!
[9728] 2017/12/07 13:58:51.299 market(4)  Ready!
[9728] 2017/12/07 13:58:54.352 Market Info is OK!
[9728] 2017/12/07 13:58:55.059 Catalog info is OK!
[9728] 2017/12/07 13:59:00.049  SKQuoteLib_RequestTicks ( 0 , TX00 )
[9728] 2017/12/07 13:59:00.049 Return PageNo멚 0 
[9728] 2017/12/07 13:59:00.590 execute OnNotifyHistoryTicks event exception, please check it
[9728] 2017/12/07 13:59:01.547 execute OnNotifyHistoryTicks event exception, please check it
[9728] 2017/12/07 13:59:02.239 execute OnNotifyHistoryTicks event exception, please check it
[9728] 2017/12/07 13:59:02.930 execute OnNotifyHistoryTicks event exception, please check it
[9728] 2017/12/07 13:59:04.670 execute OnNotifyHistoryTicks event exception, please check it
[9728] 2017/12/07 13:59:04.818 execute OnNotifyHistoryTicks event exception, please check it
[9728] 2017/12/07 13:59:08.819 execute OnNotifyHistoryTicks event exception, please check it
[9728] 2017/12/07 13:59:09.815  SKQuoteLib_RequestTicks ( 0 , TX00 )
[9728] 2017/12/07 13:59:09.815 Return PageNo멚 0 
[9728] 2017/12/07 13:59:09.873 execute OnNotifyHistoryTicks event exception, please check it
[9728] 2017/12/07 13:59:11.478 execute OnNotifyHistoryTicks event exception, please check it
[9728] 2017/12/07 13:59:13.518 execute OnNotifyHistoryTicks event exception, please check it
[11892] 2017/12/07 14:03:10.724 SK_SUBJECT_CONNECTION_CONNECTED메Code: 0
[11892] 2017/12/07 14:03:11.084 SKQuoteLib_EnterMonitor IP멚srvsolace-fg.capital.com.tw
[11892] 2017/12/07 14:03:11.305 market(0)  Ready!
[11892] 2017/12/07 14:03:11.369 market(1)  Ready!
[11892] 2017/12/07 14:03:11.370 market(3)  Ready!
[11892] 2017/12/07 14:03:11.370 market(4)  Ready!
[11892] 2017/12/07 14:03:11.418 market(2)  Ready!
[11892] 2017/12/07 14:03:14.680 Market Info is OK!
[11892] 2017/12/07 14:03:15.245 Catalog info is OK!
[11892] 2017/12/07 14:03:21.648  SKQuoteLib_RequestTicks ( 0 , CME,ES_1712 )
[11892] 2017/12/07 14:03:28.230  SKQuoteLib_RequestTicks ( 0 , TX00 )
[11892] 2017/12/07 14:03:28.230 Return PageNo멚 0 
[11892] 2017/12/07 14:03:30.377 execute OnNotifyHistoryTicks event exception, please check it
[11892] 2017/12/07 14:03:30.844 execute OnNotifyHistoryTicks event exception, please check it
[11892] 2017/12/07 14:03:31.699 execute OnNotifyHistoryTicks event exception, please check it
[11892] 2017/12/07 14:03:34.065 execute OnNotifyHistoryTicks event exception, please check it
[11892] 2017/12/07 14:03:34.451 execute OnNotifyHistoryTicks event exception, please check it
[11892] 2017/12/07 14:03:36.385 execute OnNotifyHistoryTicks event exception, please check it
[11892] 2017/12/07 14:03:36.857 execute OnNotifyHistoryTicks event exception, please check it
[11892] 2017/12/07 14:03:37.326 execute OnNotifyHistoryTicks event exception, please check it
[11892] 2017/12/07 14:03:38.164 execute OnNotifyHistoryTicks event exception, please check it
[11892] 2017/12/07 14:03:38.452 execute OnNotifyHistoryTicks event exception, please check it
[11892] 2017/12/07 14:03:38.691 execute OnNotifyHistoryTicks event exception, please check it
[11892] 2017/12/07 14:03:40.371 execute OnNotifyHistoryTicks event exception, please check it
[11892] 2017/12/07 14:03:41.668 execute OnNotifyHistoryTicks event exception, please check it
[11892] 2017/12/07 14:03:41.990 execute OnNotifyHistoryTicks event exception, please check it
[5280] 2017/12/07 14:07:44.821 SK_SUBJECT_CONNECTION_CONNECTED메Code: 0
[5280] 2017/12/07 14:07:45.147 SKQuoteLib_EnterMonitor IP멚srvsolace-fg.capital.com.tw
[5280] 2017/12/07 14:07:45.368 market(0)  Ready!
[5280] 2017/12/07 14:07:45.430 market(1)  Ready!
[5280] 2017/12/07 14:07:45.431 market(3)  Ready!
[5280] 2017/12/07 14:07:45.479 market(4)  Ready!
[5280] 2017/12/07 14:07:45.480 market(2)  Ready!
[5280] 2017/12/07 14:07:48.659 Market Info is OK!
[5280] 2017/12/07 14:07:49.376 Catalog info is OK!
[11608] 2017/12/07 14:10:30.063 SK_SUBJECT_CONNECTION_CONNECTED메Code: 0
[11608] 2017/12/07 14:10:30.358 SKQuoteLib_EnterMonitor IP멚srvsolace-tp.capital.com.tw
[11608] 2017/12/07 14:10:30.536 market(0)  Ready!
[11608] 2017/12/07 14:10:30.540 market(1)  Ready!
[11608] 2017/12/07 14:10:30.540 market(2)  Ready!
[11608] 2017/12/07 14:10:30.593 market(4)  Ready!
[11608] 2017/12/07 14:10:30.593 market(3)  Ready!
[11608] 2017/12/07 14:10:33.796 Market Info is OK!
[11608] 2017/12/07 14:10:34.418 Catalog info is OK!
[11608] 2017/12/07 14:10:39.451  SKQuoteLib_RequestTicks ( 1 , TX00 )
[11608] 2017/12/07 14:10:39.451 Return PageNo멚 0 
[11608] 2017/12/07 14:10:39.929 execute OnNotifyHistoryTicks event exception, please check it
[11608] 2017/12/07 14:10:40.486 execute OnNotifyHistoryTicks event exception, please check it
[11608] 2017/12/07 14:10:40.769 execute OnNotifyHistoryTicks event exception, please check it
[11608] 2017/12/07 14:10:42.996 execute OnNotifyHistoryTicks event exception, please check it
[11608] 2017/12/07 14:10:47.417 execute OnNotifyHistoryTicks event exception, please check it
[11608] 2017/12/07 14:10:49.509 execute OnNotifyHistoryTicks event exception, please check it
[11608] 2017/12/07 14:10:50.088 execute OnNotifyHistoryTicks event exception, please check it
[11608] 2017/12/07 14:10:51.433 execute OnNotifyHistoryTicks event exception, please check it
[11608] 2017/12/07 14:10:52.008 execute OnNotifyHistoryTicks event exception, please check it
[11608] 2017/12/07 14:10:52.093 execute OnNotifyHistoryTicks event exception, please check it
[11608] 2017/12/07 14:10:53.480 execute OnNotifyHistoryTicks event exception, please check it
[11608] 2017/12/07 14:10:53.853 execute OnNotifyHistoryTicks event exception, please check it
[11608] 2017/12/07 14:10:55.326 execute OnNotifyHistoryTicks event exception, please check it
[11608] 2017/12/07 14:10:55.464 execute OnNotifyHistoryTicks event exception, please check it
[11608] 2017/12/07 14:10:56.720 execute OnNotifyHistoryTicks event exception, please check it
[11608] 2017/12/07 14:10:57.103 execute OnNotifyHistoryTicks event exception, please check it
[11644] 2017/12/07 16:44:21.793 SK_SUBJECT_CONNECTION_CONNECTED메Code: 0
[11644] 2017/12/07 16:44:22.141 SKQuoteLib_EnterMonitor IP멚srvsolace-tp.capital.com.tw
[11644] 2017/12/07 16:44:22.369 market(0)  Ready!
[11644] 2017/12/07 16:44:22.370 market(1)  Ready!
[11644] 2017/12/07 16:44:22.370 market(2)  Ready!
[11644] 2017/12/07 16:44:22.416 market(3)  Ready!
[11644] 2017/12/07 16:44:22.463 market(4)  Ready!
[11644] 2017/12/07 16:44:25.720 Market Info is OK!
[11644] 2017/12/07 16:44:26.405 Catalog info is OK!
[11644] 2017/12/07 16:44:33.744  SKQuoteLib_RequestTicks ( 1 , TX00 )
[11644] 2017/12/07 16:44:33.744 Return PageNo멚 0 
[8532] 2017/12/07 20:28:14.687 SK_SUBJECT_CONNECTION_CONNECTED메Code: 0
[8532] 2017/12/07 20:28:15.109 SKQuoteLib_EnterMonitor IP멚srvsolace-fg.capital.com.tw
[8532] 2017/12/07 20:28:15.334 market(0)  Ready!
[8532] 2017/12/07 20:28:15.388 market(3)  Ready!
[8532] 2017/12/07 20:28:15.390 market(1)  Ready!
[8532] 2017/12/07 20:28:15.392 market(2)  Ready!
[8532] 2017/12/07 20:28:15.455 market(4)  Ready!
[8532] 2017/12/07 20:28:18.477 Market Info is OK!
[8532] 2017/12/07 20:28:19.288 Catalog info is OK!
[8532] 2017/12/07 20:28:22.731 SKQuoteLib_RequestServerTime()
[8532] 2017/12/07 20:28:25.460 SKQuoteLib_RequestServerTime()
[8532] 2017/12/07 20:28:28.960 SKQuoteLib_RequestServerTime()
[8532] 2017/12/07 20:28:32.793  SKQuoteLib_RequestTicks ( 1 , CME,ES_1712 )
[8532] 2017/12/07 20:28:33.129 SKQuoteLib_RequestServerTime()
[8532] 2017/12/07 20:28:33.432 SKQuoteLib_RequestServerTime()
[8532] 2017/12/07 20:28:34.432 SKQuoteLib_RequestServerTime()
[8532] 2017/12/07 20:28:35.465 SKQuoteLib_RequestServerTime()
[8532] 2017/12/07 20:28:37.675 SKQuoteLib_RequestServerTime()
[8532] 2017/12/07 20:28:38.835 SKQuoteLib_RequestServerTime()
[8532] 2017/12/07 20:28:39.609  SKQuoteLib_RequestTicks ( 2 , TX00 )
[8532] 2017/12/07 20:28:39.609 Return PageNo멚 0 
[8532] 2017/12/07 20:28:39.614 SKQuoteLib_RequestServerTime()
[8532] 2017/12/07 20:28:40.444 SKQuoteLib_RequestServerTime()
[8532] 2017/12/07 20:28:41.453 SKQuoteLib_RequestServerTime()
[8532] 2017/12/07 20:28:42.437 SKQuoteLib_RequestServerTime()
[8532] 2017/12/07 20:28:43.436 SKQuoteLib_RequestServerTime()
[8532] 2017/12/07 20:28:44.441 SKQuoteLib_RequestServerTime()
[8532] 2017/12/07 20:28:45.434 SKQuoteLib_RequestServerTime()
[8532] 2017/12/07 20:28:46.433 SKQuoteLib_RequestServerTime()
[8532] 2017/12/07 20:28:47.452 SKQuoteLib_RequestServerTime()
[8532] 2017/12/07 20:28:48.432 SKQuoteLib_RequestServerTime()
[8532] 2017/12/07 20:28:49.432 SKQuoteLib_RequestServerTime()
[8532] 2017/12/07 20:28:50.436 SKQuoteLib_RequestServerTime()
[8532] 2017/12/07 20:28:51.437 SKQuoteLib_RequestServerTime()
[8532] 2017/12/07 20:28:52.434 SKQuoteLib_RequestServerTime()
[8532] 2017/12/07 20:28:53.454 SKQuoteLib_RequestServerTime()
[8532] 2017/12/07 20:28:54.434 SKQuoteLib_RequestServerTime()
[8532] 2017/12/07 20:28:55.441 SKQuoteLib_RequestServerTime()
[8532] 2017/12/07 20:28:56.440 SKQuoteLib_RequestServerTime()
[8532] 2017/12/07 20:28:57.434 SKQuoteLib_RequestServerTime()
[10996] 2017/12/07 20:29:12.902 SK_SUBJECT_CONNECTION_CONNECTED메Code: 0
[10996] 2017/12/07 20:29:13.194 SKQuoteLib_EnterMonitor IP멚srvsolace-tp.capital.com.tw
[10996] 2017/12/07 20:29:13.429 market(0)  Ready!
[10996] 2017/12/07 20:29:13.474 market(1)  Ready!
[10996] 2017/12/07 20:29:13.475 market(4)  Ready!
[10996] 2017/12/07 20:29:13.478 market(2)  Ready!
[10996] 2017/12/07 20:29:13.488 market(3)  Ready!
[10996] 2017/12/07 20:29:16.403 Market Info is OK!
[10996] 2017/12/07 20:29:17.049 SKQuoteLib_RequestServerTime()
[10996] 2017/12/07 20:29:17.238 Catalog info is OK!
[10996] 2017/12/07 20:29:17.938 SKQuoteLib_RequestServerTime()
[10996] 2017/12/07 20:29:18.946 SKQuoteLib_RequestServerTime()
[10996] 2017/12/07 20:29:19.932 SKQuoteLib_RequestServerTime()
[10996] 2017/12/07 20:29:20.933 SKQuoteLib_RequestServerTime()
[10996] 2017/12/07 20:29:22.740 SKQuoteLib_RequestServerTime()
[10996] 2017/12/07 20:29:22.960 SKQuoteLib_RequestServerTime()
[10996] 2017/12/07 20:29:24.572  SKQuoteLib_RequestTicks ( 1 , TX00 )
[10996] 2017/12/07 20:29:24.572 Return PageNo멚 0 
[10996] 2017/12/07 20:29:24.575 SKQuoteLib_RequestServerTime()
[10996] 2017/12/07 20:29:24.931 SKQuoteLib_RequestServerTime()
[10996] 2017/12/07 20:29:25.983 SKQuoteLib_RequestServerTime()
[10996] 2017/12/07 20:29:26.932 SKQuoteLib_RequestServerTime()
[10996] 2017/12/07 20:29:28.077 SKQuoteLib_RequestServerTime()
[10996] 2017/12/07 20:29:28.933 SKQuoteLib_RequestServerTime()
[10996] 2017/12/07 20:29:29.935 SKQuoteLib_RequestServerTime()
[10996] 2017/12/07 20:29:30.931 SKQuoteLib_RequestServerTime()
[10996] 2017/12/07 20:29:31.941 SKQuoteLib_RequestServerTime()
[10996] 2017/12/07 20:29:32.932 SKQuoteLib_RequestServerTime()
[10996] 2017/12/07 20:29:34.017 SKQuoteLib_RequestServerTime()
[10996] 2017/12/07 20:29:34.931 SKQuoteLib_RequestServerTime()
[10996] 2017/12/07 20:29:35.935 SKQuoteLib_RequestServerTime()
[10996] 2017/12/07 20:29:36.936 SKQuoteLib_RequestServerTime()
[10996] 2017/12/07 20:29:37.940 SKQuoteLib_RequestServerTime()
[12844] 2017/12/07 20:29:56.943 SK_SUBJECT_CONNECTION_CONNECTED메Code: 0
[12844] 2017/12/07 20:29:57.270 SKQuoteLib_EnterMonitor IP멚srvsolace-tp.capital.com.tw
[12844] 2017/12/07 20:29:57.506 market(0)  Ready!
[12844] 2017/12/07 20:29:57.550 market(1)  Ready!
[12844] 2017/12/07 20:29:57.553 market(3)  Ready!
[12844] 2017/12/07 20:29:57.561 market(2)  Ready!
[12844] 2017/12/07 20:29:57.590 market(4)  Ready!
[12844] 2017/12/07 20:30:00.796 Market Info is OK!
[12844] 2017/12/07 20:30:01.468 SKQuoteLib_RequestServerTime()
[12844] 2017/12/07 20:30:01.637 Catalog info is OK!
[12844] 2017/12/07 20:30:04.842 SKQuoteLib_RequestServerTime()
[12844] 2017/12/07 20:30:05.120 SKQuoteLib_RequestServerTime()
[12844] 2017/12/07 20:30:06.865 SKQuoteLib_RequestServerTime()
[12844] 2017/12/07 20:30:07.130 SKQuoteLib_RequestServerTime()
[12844] 2017/12/07 20:30:08.725  SKQuoteLib_RequestTicks ( 1 , TX00 )
[12844] 2017/12/07 20:30:08.725 Return PageNo멚 0 
[12844] 2017/12/07 20:30:08.728 SKQuoteLib_RequestServerTime()
[12844] 2017/12/07 20:30:09.123 SKQuoteLib_RequestServerTime()
[12844] 2017/12/07 20:30:09.237 execute OnNotifyHistoryTicks event exception, please check it
[12844] 2017/12/07 20:30:10.119 SKQuoteLib_RequestServerTime()
[12844] 2017/12/07 20:30:11.119 SKQuoteLib_RequestServerTime()
[12844] 2017/12/07 20:30:12.217 SKQuoteLib_RequestServerTime()
[12844] 2017/12/07 20:30:13.128 SKQuoteLib_RequestServerTime()
[12844] 2017/12/07 20:30:14.124 SKQuoteLib_RequestServerTime()
[12844] 2017/12/07 20:30:15.125 SKQuoteLib_RequestServerTime()
[12844] 2017/12/07 20:30:16.121 SKQuoteLib_RequestServerTime()
[12844] 2017/12/07 20:30:35.992 -----------------------------------------------------------------
[3488] 2017/12/07 20:34:20.461 SK_SUBJECT_CONNECTION_CONNECTED메Code: 0
[3488] 2017/12/07 20:34:20.775 SKQuoteLib_EnterMonitor IP멚srvsolace-fg.capital.com.tw
[3488] 2017/12/07 20:34:20.995 market(0)  Ready!
[3488] 2017/12/07 20:34:21.038 market(1)  Ready!
[3488] 2017/12/07 20:34:21.039 market(3)  Ready!
[3488] 2017/12/07 20:34:21.042 market(2)  Ready!
[3488] 2017/12/07 20:34:21.045 market(4)  Ready!
[3488] 2017/12/07 20:34:24.258 Market Info is OK!
[3488] 2017/12/07 20:34:24.874 SKQuoteLib_RequestServerTime()
[3488] 2017/12/07 20:34:25.007 Catalog info is OK!
[3488] 2017/12/07 20:34:27.178 SKQuoteLib_RequestServerTime()
[3488] 2017/12/07 20:34:27.484 SKQuoteLib_RequestServerTime()
[3488] 2017/12/07 20:34:28.485 SKQuoteLib_RequestServerTime()
[3488] 2017/12/07 20:34:29.834  SKQuoteLib_RequestTicks ( 1 , TX00 )
[3488] 2017/12/07 20:34:29.834 Return PageNo멚 0 
[3488] 2017/12/07 20:34:29.956 SKQuoteLib_RequestServerTime()
[3488] 2017/12/07 20:34:30.480 SKQuoteLib_RequestServerTime()
[3488] 2017/12/07 20:34:31.479 SKQuoteLib_RequestServerTime()
[3488] 2017/12/07 20:34:32.484 SKQuoteLib_RequestServerTime()
[3488] 2017/12/07 20:34:33.483 SKQuoteLib_RequestServerTime()
[3488] 2017/12/07 20:34:34.483 SKQuoteLib_RequestServerTime()
[3488] 2017/12/07 20:34:35.508 SKQuoteLib_RequestServerTime()
[3488] 2017/12/07 20:34:36.484 SKQuoteLib_RequestServerTime()
[3488] 2017/12/07 20:34:37.486 SKQuoteLib_RequestServerTime()
[3488] 2017/12/07 20:34:57.482 -----------------------------------------------------------------
[12760] 2017/12/07 20:35:14.758 SK_SUBJECT_CONNECTION_CONNECTED메Code: 0
[12760] 2017/12/07 20:35:15.061 SKQuoteLib_EnterMonitor IP멚srvsolace-fg.capital.com.tw
[12760] 2017/12/07 20:35:15.282 market(0)  Ready!
[12760] 2017/12/07 20:35:15.346 market(1)  Ready!
[12760] 2017/12/07 20:35:15.346 market(2)  Ready!
[12760] 2017/12/07 20:35:15.346 market(3)  Ready!
[12760] 2017/12/07 20:35:15.347 market(4)  Ready!
[12760] 2017/12/07 20:35:18.227 Market Info is OK!
[12760] 2017/12/07 20:35:18.956 SKQuoteLib_RequestServerTime()
[12760] 2017/12/07 20:35:19.380 Catalog info is OK!
[12760] 2017/12/07 20:35:20.195 SKQuoteLib_RequestServerTime()
[12760] 2017/12/07 20:35:21.402 SKQuoteLib_RequestServerTime()
[12760] 2017/12/07 20:35:22.547 SKQuoteLib_RequestServerTime()
[12760] 2017/12/07 20:35:23.012 SKQuoteLib_RequestServerTime()
[12760] 2017/12/07 20:35:29.298 SKQuoteLib_RequestServerTime()
[12760] 2017/12/07 20:35:30.283 SKQuoteLib_RequestServerTime()
[12760] 2017/12/07 20:35:31.035  SKQuoteLib_RequestTicks ( 1 , TX00 )
[12760] 2017/12/07 20:35:31.035 Return PageNo멚 0 
[12760] 2017/12/07 20:35:31.038 SKQuoteLib_RequestServerTime()
[12760] 2017/12/07 20:35:31.593 execute OnNotifyHistoryTicks event exception, please check it
[12760] 2017/12/07 20:35:31.632 execute OnNotifyHistoryTicks event exception, please check it
[12760] 2017/12/07 20:35:31.736 execute OnNotifyHistoryTicks event exception, please check it
[12760] 2017/12/07 20:35:32.204 SKQuoteLib_RequestServerTime()
[12760] 2017/12/07 20:35:32.984 SKQuoteLib_RequestServerTime()
[12760] 2017/12/07 20:35:33.984 SKQuoteLib_RequestServerTime()
[12760] 2017/12/07 20:35:34.984 SKQuoteLib_RequestServerTime()
[12760] 2017/12/07 20:35:35.983 SKQuoteLib_RequestServerTime()
[12760] 2017/12/07 20:35:36.986 SKQuoteLib_RequestServerTime()
[12760] 2017/12/07 20:35:37.983 SKQuoteLib_RequestServerTime()
[12760] 2017/12/07 20:35:38.984 SKQuoteLib_RequestServerTime()
[12760] 2017/12/07 20:35:39.986 SKQuoteLib_RequestServerTime()
[12760] 2017/12/07 20:36:00.953 -----------------------------------------------------------------
