-----------------------------------------------------------------
[12380] 2017/12/02 17:05:47.024 Connect Server: FORT03.capital.com.tw 443
[12380] 2017/12/02 17:05:57.284 SK_SUBJECT_CONNECTION_CONNECTED메Code: 0
[12380] 2017/12/02 17:05:58.166 OnConnect ( 3001 , 0 ) 
[3172] 2017/12/02 17:10:16.117 Connect Server: FORT14.capital.com.tw 443
[3172] 2017/12/02 17:10:27.296 SK_SUBJECT_CONNECTION_CONNECTED메Code: 0
[3172] 2017/12/02 17:10:28.181 OnConnect ( 3001 , 0 ) 
[3172] 2017/12/02 17:10:39.603 SKOSQuoteLib_RequestKLine (TX00,0)
[3172] 2017/12/02 17:10:39.603 KLine Format Error !
[3172] 2017/12/02 17:10:39.947 SKOSQuoteLib_RequestKLine (TX00,1)
[3172] 2017/12/02 17:10:39.947 KLine Format Error !
[3172] 2017/12/02 17:10:42.482 SKOSQuoteLib_RequestStocks (0,TX00)
[3172] 2017/12/02 17:10:42.482 TX00 StockNo Format Error 
[3172] 2017/12/02 17:10:42.485 SKOSQuoteLib_RequestTicks (0,TX00)
[3172] 2017/12/02 17:10:42.486 StockNo Format Error 
[6000] 2017/12/02 17:16:02.851 Connect Server: FORT03.capital.com.tw 443
[6000] 2017/12/02 17:16:13.412 SK_SUBJECT_CONNECTION_CONNECTED메Code: 0
[6000] 2017/12/02 17:16:14.293 OnConnect ( 3001 , 0 ) 
[6000] 2017/12/02 17:16:23.018 SKOSQuoteLib_RequestKLine (CME,ES_1712,0)
[11560] 2017/12/02 17:19:50.286 Connect Server: FORT03.capital.com.tw 443
[11560] 2017/12/02 17:20:01.466 SK_SUBJECT_CONNECTION_CONNECTED메Code: 0
[11560] 2017/12/02 17:20:02.349 OnConnect ( 3001 , 0 ) 
[11560] 2017/12/02 17:20:06.575 SKOSQuoteLib_RequestKLine (CME,ES_1712,0)
[11560] 2017/12/02 17:21:39.085 SKOSQuoteLib_RequestKLine (CME,ES_1712,1)
[11560] 2017/12/02 17:22:41.628 SK_SUBJECT_CONNECTION_DISCONNECT메Code: 10054
[10600] 2017/12/02 17:32:01.224 Connect Server: FORT14.capital.com.tw 443
[10600] 2017/12/02 17:32:12.614 SK_SUBJECT_CONNECTION_CONNECTED메Code: 0
[10600] 2017/12/02 17:32:13.487 OnConnect ( 3001 , 0 ) 
[10600] 2017/12/02 17:32:19.666 SKOSQuoteLib_RequestKLine (CME,ES_1712,0)
[10600] 2017/12/02 17:32:28.124 SKOSQuoteLib_RequestKLine (CME,ES_1712,1)
[10600] 2017/12/02 17:33:19.275 SKOSQuoteLib_RequestStocks (0,CME,ES_1712)
[10600] 2017/12/02 17:33:19.280 SKOSQuoteLib_RequestTicks (1,CME,ES_1712)
[15260] 2017/12/02 17:34:17.202 Connect Server: FORT14.capital.com.tw 443
[15260] 2017/12/02 17:34:27.057 SK_SUBJECT_CONNECTION_CONNECTED메Code: 0
[15260] 2017/12/02 17:34:27.989 OnConnect ( 3001 , 0 ) 
[15260] 2017/12/02 17:34:34.721 SKOSQuoteLib_RequestKLine (CME,ES_1712,0)
[14696] 2017/12/02 17:34:59.422 Connect Server: FORT14.capital.com.tw 443
[14696] 2017/12/02 17:35:06.285 SK_SUBJECT_CONNECTION_CONNECTED메Code: 0
[14696] 2017/12/02 17:35:07.223 OnConnect ( 3001 , 0 ) 
[14696] 2017/12/02 17:35:17.114 SKOSQuoteLib_RequestKLine (CME,ES_1712,0)
[14696] 2017/12/02 17:35:23.856 SKOSQuoteLib_RequestKLine (CME,ES_1712,1)
[10792] 2017/12/02 17:35:52.544 Connect Server: FORT03.capital.com.tw 443
[10792] 2017/12/02 17:36:02.962 SK_SUBJECT_CONNECTION_CONNECTED메Code: 0
[10792] 2017/12/02 17:36:03.843 OnConnect ( 3001 , 0 ) 
[10792] 2017/12/02 17:36:08.143 SKOSQuoteLib_RequestKLine (TX00,0)
[10792] 2017/12/02 17:36:08.143 KLine Format Error !
[10792] 2017/12/02 17:36:08.152 SKOSQuoteLib_RequestKLine (TX00,1)
[10792] 2017/12/02 17:36:08.152 KLine Format Error !
[10792] 2017/12/02 17:36:11.620 SKOSQuoteLib_RequestStocks (0,TX00)
[10792] 2017/12/02 17:36:11.620 TX00 StockNo Format Error 
[10792] 2017/12/02 17:36:11.623 SKOSQuoteLib_RequestTicks (0,TX00)
[10792] 2017/12/02 17:36:11.623 StockNo Format Error 
[6168] 2017/12/02 17:41:45.652 Connect Server: FORT14.capital.com.tw 443
[6168] 2017/12/02 17:41:56.920 SK_SUBJECT_CONNECTION_CONNECTED메Code: 0
[6168] 2017/12/02 17:41:57.794 OnConnect ( 3001 , 0 ) 
[6168] 2017/12/02 17:42:25.056 SKOSQuoteLib_RequestKLine (TX00,0)
[6168] 2017/12/02 17:42:25.056 KLine Format Error !
[6168] 2017/12/02 17:42:25.715 SKOSQuoteLib_RequestKLine (TX00,1)
[6168] 2017/12/02 17:42:25.715 KLine Format Error !
[6168] 2017/12/02 17:42:33.250 SKOSQuoteLib_RequestStocks (0,TX00)
[6168] 2017/12/02 17:42:33.250 TX00 StockNo Format Error 
[6168] 2017/12/02 17:42:33.253 SKOSQuoteLib_RequestTicks (0,TX00)
[6168] 2017/12/02 17:42:33.253 StockNo Format Error 
[14544] 2017/12/02 17:45:42.222 Connect Server: FORT14.capital.com.tw 443
[14544] 2017/12/02 17:45:52.822 SK_SUBJECT_CONNECTION_CONNECTED메Code: 0
[14544] 2017/12/02 17:45:53.702 OnConnect ( 3001 , 0 ) 
[14544] 2017/12/02 17:45:58.269 SKOSQuoteLib_RequestKLine (CME,ES_1712,0)
[14544] 2017/12/02 17:46:06.547 SKOSQuoteLib_RequestKLine (CME,ES_1712,1)
[668] 2017/12/02 21:08:42.068 Connect Server: FORT03.capital.com.tw 443
[668] 2017/12/02 21:08:45.322 SK_SUBJECT_CONNECTION_CONNECTED메Code: 0
[668] 2017/12/02 21:08:46.219 OnConnect ( 3001 , 0 ) 
[668] 2017/12/02 21:08:51.042 SKOSQuoteLib_RequestKLine (TX00,0)
[668] 2017/12/02 21:08:51.042 KLine Format Error !
[668] 2017/12/02 21:08:51.373 SKOSQuoteLib_RequestKLine (TX00,1)
[668] 2017/12/02 21:08:51.373 KLine Format Error !
[3644] 2017/12/02 21:24:25.131 Connect Server: FORT14.capital.com.tw 443
[3644] 2017/12/02 21:24:28.504 SK_SUBJECT_CONNECTION_CONNECTED메Code: 0
[3644] 2017/12/02 21:24:29.357 OnConnect ( 3001 , 0 ) 
[3644] 2017/12/02 21:24:33.765 SKOSQuoteLib_RequestKLine (CME,ES_1712,0)
[10360] 2017/12/02 21:27:02.876 Connect Server: FORT14.capital.com.tw 443
[10360] 2017/12/02 21:27:05.988 SK_SUBJECT_CONNECTION_CONNECTED메Code: 0
[10360] 2017/12/02 21:27:06.938 OnConnect ( 3001 , 0 ) 
[10360] 2017/12/02 21:27:11.056 SKOSQuoteLib_RequestKLine (CME,ES_1712,0)
[9404] 2017/12/02 21:33:00.223 Connect Server: FORT14.capital.com.tw 443
[9404] 2017/12/02 21:33:03.401 SK_SUBJECT_CONNECTION_CONNECTED메Code: 0
[9404] 2017/12/02 21:33:04.295 OnConnect ( 3001 , 0 ) 
[9404] 2017/12/02 21:33:08.821 SKOSQuoteLib_RequestKLine (CME,ES_1712,0)
[9404] 2017/12/02 21:33:22.812 SKOSQuoteLib_RequestKLine (CME,ES_1712,1)
[1268] 2017/12/02 21:33:46.193 Connect Server: FORT14.capital.com.tw 443
[1268] 2017/12/02 21:33:49.504 SK_SUBJECT_CONNECTION_CONNECTED메Code: 0
[1268] 2017/12/02 21:33:50.440 OnConnect ( 3001 , 0 ) 
[1268] 2017/12/02 21:33:54.604 SKOSQuoteLib_RequestKLine (CME,ES_1712,0)
[1268] 2017/12/02 21:33:57.014 SKOSQuoteLib_RequestKLine (CME,ES_1712,1)
[32] 2017/12/02 21:35:56.895 Connect Server: FORT14.capital.com.tw 443
[32] 2017/12/02 21:35:59.962 SK_SUBJECT_CONNECTION_CONNECTED메Code: 0
[32] 2017/12/02 21:36:00.913 OnConnect ( 3001 , 0 ) 
[32] 2017/12/02 21:36:06.638 SKOSQuoteLib_RequestKLine (CME,ES_1712,0)
[32] 2017/12/02 21:36:09.411 SKOSQuoteLib_RequestKLine (CME,ES_1712,1)
[8168] 2017/12/02 21:38:02.352 Connect Server: FORT14.capital.com.tw 443
[8168] 2017/12/02 21:38:05.427 SK_SUBJECT_CONNECTION_CONNECTED메Code: 0
[8168] 2017/12/02 21:38:06.312 OnConnect ( 3001 , 0 ) 
[8168] 2017/12/02 21:38:12.368 SKOSQuoteLib_RequestKLine (CME,ES_1712,0)
[8168] 2017/12/02 21:38:17.883 SKOSQuoteLib_RequestKLine (CME,ES_1712,1)
[12608] 2017/12/02 21:46:39.863 Connect Server: FORT14.capital.com.tw 443
[12608] 2017/12/02 21:46:42.907 SK_SUBJECT_CONNECTION_CONNECTED메Code: 0
[12608] 2017/12/02 21:46:43.805 OnConnect ( 3001 , 0 ) 
[12608] 2017/12/02 21:46:48.924 SKOSQuoteLib_RequestKLine (CME,ES_1712,0)
[12608] 2017/12/02 21:46:51.381 SKOSQuoteLib_RequestKLine (CME,ES_1712,1)
[12560] 2017/12/02 22:01:13.157 Connect Server: FORT03.capital.com.tw 443
[12560] 2017/12/02 22:01:16.343 SK_SUBJECT_CONNECTION_CONNECTED메Code: 0
[12560] 2017/12/02 22:01:17.238 OnConnect ( 3001 , 0 ) 
[12560] 2017/12/02 22:01:23.836 SKOSQuoteLib_RequestKLine (CME,ES_1712,0)
[12560] 2017/12/02 22:01:25.694 SKOSQuoteLib_RequestKLine (CME,ES_1712,1)
[12560] 2017/12/02 22:01:26.549 SKOSQuoteLib_RequestStocks (0,CME,ES_1712)
[12560] 2017/12/02 22:01:26.554 SKOSQuoteLib_RequestTicks (1,CME,ES_1712)
[7656] 2017/12/02 22:31:34.529 Connect Server: FORT03.capital.com.tw 443
[7656] 2017/12/02 22:31:43.970 SK_SUBJECT_CONNECTION_CONNECTED메Code: 0
[7656] 2017/12/02 22:31:44.486 OnConnect ( 3001 , 0 ) 
[7656] 2017/12/02 22:31:48.907 SKOSQuoteLib_RequestKLine (CME,ES_1712,0)
[7656] 2017/12/02 22:31:51.765 SKOSQuoteLib_RequestKLine (CME,ES_1712,1)
[7656] 2017/12/02 22:31:55.709 SKOSQuoteLib_RequestStocks (0,CME,ES_1712)
[7656] 2017/12/02 22:31:55.714 SKOSQuoteLib_RequestTicks (1,CME,ES_1712)
[12960] 2017/12/02 22:35:10.277 Connect Server: FORT14.capital.com.tw 443
[12960] 2017/12/02 22:35:20.710 SK_SUBJECT_CONNECTION_CONNECTED메Code: 0
[12960] 2017/12/02 22:35:21.601 OnConnect ( 3001 , 0 ) 
[12960] 2017/12/02 22:35:27.782 SKOSQuoteLib_RequestKLine (CME,ES_1712,0)
[12960] 2017/12/02 22:35:31.408 SKOSQuoteLib_RequestKLine (CME,ES_1712,1)
[12960] 2017/12/02 22:35:35.143 SKOSQuoteLib_RequestStocks (0,CME,ES_1712)
[12960] 2017/12/02 22:35:35.147 SKOSQuoteLib_RequestTicks (1,CME,ES_1712)
[10988] 2017/12/02 22:36:45.679 Connect Server: FORT14.capital.com.tw 443
[10988] 2017/12/02 22:36:55.567 SK_SUBJECT_CONNECTION_CONNECTED메Code: 0
[10988] 2017/12/02 22:36:56.522 OnConnect ( 3001 , 0 ) 
[10988] 2017/12/02 22:37:01.047 SKOSQuoteLib_RequestKLine (CME,ES_1712,0)
[10988] 2017/12/02 22:37:04.662 SKOSQuoteLib_RequestKLine (CME,ES_1712,1)
[10988] 2017/12/02 22:37:07.818 SKOSQuoteLib_RequestStocks (0,CME,ES_1712)
[10988] 2017/12/02 22:37:07.828 SKOSQuoteLib_RequestTicks (1,CME,ES_1712)
[5644] 2017/12/02 22:38:44.875 Connect Server: FORT14.capital.com.tw 443
[5644] 2017/12/02 22:38:53.805 SK_SUBJECT_CONNECTION_CONNECTED메Code: 0
[5644] 2017/12/02 22:38:54.726 OnConnect ( 3001 , 0 ) 
[5644] 2017/12/02 22:39:01.098 SKOSQuoteLib_RequestKLine (TX00,0)
[5644] 2017/12/02 22:39:01.098 KLine Format Error !
[5644] 2017/12/02 22:39:01.248 SKOSQuoteLib_RequestKLine (TX00,1)
[5644] 2017/12/02 22:39:01.248 KLine Format Error !
[5644] 2017/12/02 22:39:04.596 SKOSQuoteLib_RequestStocks (0,TX00)
[5644] 2017/12/02 22:39:04.596 TX00 StockNo Format Error 
[5644] 2017/12/02 22:39:04.600 SKOSQuoteLib_RequestTicks (0,TX00)
[5644] 2017/12/02 22:39:04.600 StockNo Format Error 
[10504] 2017/12/02 22:45:43.255 Connect Server: FORT03.capital.com.tw 443
[10504] 2017/12/02 22:45:46.731 SK_SUBJECT_CONNECTION_CONNECTED메Code: 0
[10504] 2017/12/02 22:45:47.639 OnConnect ( 3001 , 0 ) 
[10504] 2017/12/02 22:45:52.562 SKOSQuoteLib_RequestKLine (TX00,0)
[10504] 2017/12/02 22:45:52.562 KLine Format Error !
[10504] 2017/12/02 22:45:52.691 SKOSQuoteLib_RequestKLine (TX00,1)
[10504] 2017/12/02 22:45:52.691 KLine Format Error !
[10504] 2017/12/02 22:45:55.547 SKOSQuoteLib_RequestStocks (0,TX00)
[10504] 2017/12/02 22:45:55.547 TX00 StockNo Format Error 
[10504] 2017/12/02 22:45:55.552 SKOSQuoteLib_RequestTicks (0,TX00)
[10504] 2017/12/02 22:45:55.552 StockNo Format Error 
[10504] 2017/12/02 22:47:50.238 -----------------------------------------------------------------
[15280] 2017/12/02 22:56:08.399 Connect Server: FORT14.capital.com.tw 443
[15280] 2017/12/02 22:56:11.874 SK_SUBJECT_CONNECTION_CONNECTED메Code: 0
[15280] 2017/12/02 22:56:12.763 OnConnect ( 3001 , 0 ) 
[15280] 2017/12/02 22:56:17.076 SKOSQuoteLib_RequestKLine (CME,ES_1712,0)
[15280] 2017/12/02 22:56:19.640 SKOSQuoteLib_RequestKLine (CME,ES_1712,1)
[15280] 2017/12/02 22:56:22.715 SKOSQuoteLib_RequestStocks (0,CME,ES_1712)
[15280] 2017/12/02 22:56:22.721 SKOSQuoteLib_RequestTicks (1,CME,ES_1712)
[3676] 2017/12/02 22:57:25.301 Connect Server: FORT14.capital.com.tw 443
[3676] 2017/12/02 22:57:28.756 SK_SUBJECT_CONNECTION_CONNECTED메Code: 0
[3676] 2017/12/02 22:57:29.699 OnConnect ( 3001 , 0 ) 
[3676] 2017/12/02 22:57:33.841 SKOSQuoteLib_RequestKLine (CME,ES_1712,0)
[3676] 2017/12/02 22:57:36.406 SKOSQuoteLib_RequestKLine (CME,ES_1712,1)
[3676] 2017/12/02 22:57:39.459 SKOSQuoteLib_RequestStocks (0,CME,ES_1712)
[3676] 2017/12/02 22:57:39.463 SKOSQuoteLib_RequestTicks (1,CME,ES_1712)
[5304] 2017/12/02 22:59:37.980 Connect Server: FORT14.capital.com.tw 443
[5304] 2017/12/02 22:59:41.073 SK_SUBJECT_CONNECTION_CONNECTED메Code: 0
[5304] 2017/12/02 22:59:41.968 OnConnect ( 3001 , 0 ) 
[5304] 2017/12/02 22:59:48.259 SKOSQuoteLib_RequestKLine (TX00,0)
[5304] 2017/12/02 22:59:48.259 KLine Format Error !
[5304] 2017/12/02 22:59:48.366 SKOSQuoteLib_RequestKLine (TX00,1)
[5304] 2017/12/02 22:59:48.366 KLine Format Error !
[5304] 2017/12/02 22:59:50.902 SKOSQuoteLib_RequestStocks (0,TX00)
[5304] 2017/12/02 22:59:50.903 TX00 StockNo Format Error 
[5304] 2017/12/02 22:59:50.906 SKOSQuoteLib_RequestTicks (0,TX00)
[5304] 2017/12/02 22:59:50.906 StockNo Format Error 
[14456] 2017/12/02 23:01:59.996 Connect Server: FORT14.capital.com.tw 443
[14456] 2017/12/02 23:02:00.525 SK_SUBJECT_CONNECTION_CONNECTED메Code: 0
[14456] 2017/12/02 23:02:01.497 OnConnect ( 3001 , 0 ) 
[14456] 2017/12/02 23:02:08.452 SKOSQuoteLib_RequestKLine (TX00,0)
[14456] 2017/12/02 23:02:08.452 KLine Format Error !
[14456] 2017/12/02 23:02:08.562 SKOSQuoteLib_RequestKLine (TX00,1)
[14456] 2017/12/02 23:02:08.563 KLine Format Error !
[14456] 2017/12/02 23:02:10.442 SKOSQuoteLib_RequestStocks (0,TX00)
[14456] 2017/12/02 23:02:10.442 TX00 StockNo Format Error 
[14456] 2017/12/02 23:02:10.446 SKOSQuoteLib_RequestTicks (0,TX00)
[14456] 2017/12/02 23:02:10.446 StockNo Format Error 
[14456] 2017/12/02 23:03:50.082 -----------------------------------------------------------------
[2588] 2017/12/02 23:04:03.769 Connect Server: FORT03.capital.com.tw 443
[2588] 2017/12/02 23:04:04.790 SK_SUBJECT_CONNECTION_CONNECTED메Code: 0
[2588] 2017/12/02 23:04:05.707 OnConnect ( 3001 , 0 ) 
[2588] 2017/12/02 23:04:10.115 SKOSQuoteLib_RequestKLine (CME,ES_1712,0)
[2588] 2017/12/02 23:04:13.551 SKOSQuoteLib_RequestKLine (CME,ES_1712,1)
[2588] 2017/12/02 23:04:15.917 SKOSQuoteLib_RequestStocks (0,CME,ES_1712)
[2588] 2017/12/02 23:04:15.919 SKOSQuoteLib_RequestTicks (1,CME,ES_1712)
[2588] 2017/12/02 23:05:07.025 SKOSQuoteLib_RequestKLine (TX00,0)
[2588] 2017/12/02 23:05:07.025 KLine Format Error !
[2588] 2017/12/02 23:05:07.122 SKOSQuoteLib_RequestKLine (TX00,1)
[2588] 2017/12/02 23:05:07.122 KLine Format Error !
[2588] 2017/12/02 23:05:07.780 SKOSQuoteLib_RequestStocks (0,TX00)
[2588] 2017/12/02 23:05:07.780 TX00 StockNo Format Error 
[2588] 2017/12/02 23:05:07.780 SKOSQuoteLib_RequestTicks (0,TX00)
[2588] 2017/12/02 23:05:07.780 StockNo Format Error 
[8016] 2017/12/02 23:05:59.980 Connect Server: FORT14.capital.com.tw 443
[8016] 2017/12/02 23:06:00.645 SK_SUBJECT_CONNECTION_CONNECTED메Code: 0
[8016] 2017/12/02 23:06:01.560 OnConnect ( 3001 , 0 ) 
[8016] 2017/12/02 23:06:06.067 SKOSQuoteLib_RequestKLine (CME,ES_1712,0)
[8016] 2017/12/02 23:06:09.787 SKOSQuoteLib_RequestKLine (CME,ES_1712,1)
[8016] 2017/12/02 23:06:12.241 SKOSQuoteLib_RequestStocks (0,CME,ES_1712)
[8016] 2017/12/02 23:06:12.245 SKOSQuoteLib_RequestTicks (1,CME,ES_1712)
[8016] 2017/12/02 23:09:13.817 -----------------------------------------------------------------
[2588] 2017/12/02 23:09:16.105 -----------------------------------------------------------------
[6264] 2017/12/02 23:26:29.148 Connect Server: FORT03.capital.com.tw 443
[6264] 2017/12/02 23:26:29.763 SK_SUBJECT_CONNECTION_CONNECTED메Code: 0
[6264] 2017/12/02 23:26:30.665 OnConnect ( 3001 , 0 ) 
[6264] 2017/12/02 23:26:35.979 SKOSQuoteLib_RequestKLine (CME,ES_1712,0)
[6264] 2017/12/02 23:26:38.427 SKOSQuoteLib_RequestKLine (CME,ES_1712,1)
[6264] 2017/12/02 23:26:52.823 SKOSQuoteLib_RequestKLine (TX00,0)
[6264] 2017/12/02 23:26:52.823 KLine Format Error !
[6264] 2017/12/02 23:26:52.933 SKOSQuoteLib_RequestKLine (TX00,1)
[6264] 2017/12/02 23:26:52.933 KLine Format Error !
[6264] 2017/12/02 23:29:06.111 SK_SUBJECT_CONNECTION_DISCONNECT메Code: 10054
[12260] 2017/12/02 23:32:21.953 Connect Server: FORT03.capital.com.tw 443
[12260] 2017/12/02 23:32:22.608 SK_SUBJECT_CONNECTION_CONNECTED메Code: 0
[12260] 2017/12/02 23:32:23.525 OnConnect ( 3001 , 0 ) 
[12260] 2017/12/02 23:32:28.647 SKOSQuoteLib_RequestKLine (TX00,0)
[12260] 2017/12/02 23:32:28.647 KLine Format Error !
[12260] 2017/12/02 23:32:28.807 SKOSQuoteLib_RequestKLine (TX00,1)
[12260] 2017/12/02 23:32:28.808 KLine Format Error !
