-----------------------------------------------------------------
[15004] 2017/12/14 16:24:04.955 SK_SUBJECT_CONNECTION_CONNECTED메Code: 0
[15004] 2017/12/14 16:24:05.481 SKQuoteLib_EnterMonitor IP멚srvsolace-tp.capital.com.tw
[15004] 2017/12/14 16:24:05.793 market(0)  Ready!
[15004] 2017/12/14 16:24:05.856 market(1)  Ready!
[15004] 2017/12/14 16:24:05.857 market(2)  Ready!
[15004] 2017/12/14 16:24:05.857 market(3)  Ready!
[15004] 2017/12/14 16:24:05.862 market(4)  Ready!
[15004] 2017/12/14 16:24:09.768 Market Info is OK!
[15004] 2017/12/14 16:24:10.000 SKQuoteLib_RequestServerTime()
[15004] 2017/12/14 16:24:10.184 Catalog info is OK!
[15004] 2017/12/14 16:24:10.981 SKQuoteLib_RequestServerTime()
[15004] 2017/12/14 16:24:11.986 SKQuoteLib_RequestServerTime()
[15004] 2017/12/14 16:24:12.980 SKQuoteLib_RequestServerTime()
[15004] 2017/12/14 16:24:14.089 SKQuoteLib_RequestServerTime()
[15004] 2017/12/14 16:24:14.987 SKQuoteLib_RequestServerTime()
[15004] 2017/12/14 16:24:15.980 SKQuoteLib_RequestServerTime()
[15004] 2017/12/14 16:24:16.981 SKQuoteLib_RequestServerTime()
[15004] 2017/12/14 16:24:17.984 SKQuoteLib_RequestServerTime()
[15004] 2017/12/14 16:24:18.992 SKQuoteLib_RequestServerTime()
[15004] 2017/12/14 16:24:19.983 SKQuoteLib_RequestServerTime()
[15004] 2017/12/14 16:24:20.985 SKQuoteLib_RequestServerTime()
[15004] 2017/12/14 16:24:21.980 SKQuoteLib_RequestServerTime()
[15004] 2017/12/14 16:24:22.980 SKQuoteLib_RequestServerTime()
[15004] 2017/12/14 16:24:23.984 SKQuoteLib_RequestServerTime()
[15004] 2017/12/14 16:24:24.981 SKQuoteLib_RequestServerTime()
[15004] 2017/12/14 16:24:25.980 SKQuoteLib_RequestServerTime()
[15004] 2017/12/14 16:24:26.982 SKQuoteLib_RequestServerTime()
[15004] 2017/12/14 16:24:27.980 SKQuoteLib_RequestServerTime()
[15004] 2017/12/14 16:24:28.984 SKQuoteLib_RequestServerTime()
[15004] 2017/12/14 16:24:29.987 SKQuoteLib_RequestServerTime()
[15004] 2017/12/14 16:24:30.982 SKQuoteLib_RequestServerTime()
[15004] 2017/12/14 16:24:31.982 SKQuoteLib_RequestServerTime()
[15004] 2017/12/14 16:24:32.984 SKQuoteLib_RequestServerTime()
[15004] 2017/12/14 16:24:33.980 SKQuoteLib_RequestServerTime()
[15004] 2017/12/14 16:24:34.980 SKQuoteLib_RequestServerTime()
[15004] 2017/12/14 16:24:35.980 SKQuoteLib_RequestServerTime()
[15004] 2017/12/14 16:24:36.981 SKQuoteLib_RequestServerTime()
[15004] 2017/12/14 16:24:37.982 SKQuoteLib_RequestServerTime()
[15004] 2017/12/14 16:24:38.987 SKQuoteLib_RequestServerTime()
[15004] 2017/12/14 16:24:39.980 SKQuoteLib_RequestServerTime()
[15004] 2017/12/14 16:24:40.980 SKQuoteLib_RequestServerTime()
[15004] 2017/12/14 16:24:41.981 SKQuoteLib_RequestServerTime()
[15004] 2017/12/14 16:24:42.980 SKQuoteLib_RequestServerTime()
[15004] 2017/12/14 16:24:43.981 SKQuoteLib_RequestServerTime()
[15004] 2017/12/14 16:24:44.984 SKQuoteLib_RequestServerTime()
[15004] 2017/12/14 16:24:45.981 SKQuoteLib_RequestServerTime()
[15004] 2017/12/14 16:24:46.982 SKQuoteLib_RequestServerTime()
[15004] 2017/12/14 16:24:47.982 SKQuoteLib_RequestServerTime()
[15004] 2017/12/14 16:24:48.980 SKQuoteLib_RequestServerTime()
[15004] 2017/12/14 16:24:49.983 SKQuoteLib_RequestServerTime()
[6116] 2017/12/14 16:26:48.608 SK_SUBJECT_CONNECTION_CONNECTED메Code: 0
[6116] 2017/12/14 16:26:48.993 SKQuoteLib_EnterMonitor IP멚srvsolace-tp.capital.com.tw
[6116] 2017/12/14 16:26:49.325 market(4)  Ready!
[6116] 2017/12/14 16:26:49.328 market(0)  Ready!
[6116] 2017/12/14 16:26:49.328 market(1)  Ready!
[6116] 2017/12/14 16:26:49.334 market(2)  Ready!
[6116] 2017/12/14 16:26:49.390 market(3)  Ready!
[6116] 2017/12/14 16:26:52.768 Market Info is OK!
[6116] 2017/12/14 16:26:53.318 SKQuoteLib_RequestServerTime()
[15868] 2017/12/14 16:38:56.112 SK_SUBJECT_CONNECTION_CONNECTED메Code: 0
[15868] 2017/12/14 16:38:56.540 SKQuoteLib_EnterMonitor IP멚srvsolace-tp.capital.com.tw
[15868] 2017/12/14 16:38:56.841 market(0)  Ready!
[15868] 2017/12/14 16:38:56.915 market(3)  Ready!
[15868] 2017/12/14 16:38:56.916 market(1)  Ready!
[15868] 2017/12/14 16:38:56.916 market(2)  Ready!
[15868] 2017/12/14 16:38:56.983 market(4)  Ready!
[15868] 2017/12/14 16:39:00.158 Market Info is OK!
[15868] 2017/12/14 16:39:00.939 Catalog info is OK!
[15868] 2017/12/14 16:39:03.016 SKQuoteLib_RequestServerTime()
[11976] 2017/12/14 16:44:39.584 SK_SUBJECT_CONNECTION_CONNECTED메Code: 0
[11976] 2017/12/14 16:44:39.985 SKQuoteLib_EnterMonitor IP멚srvsolace-fg.capital.com.tw
[11976] 2017/12/14 16:44:40.218 market(0)  Ready!
[11976] 2017/12/14 16:44:40.354 market(2)  Ready!
[11976] 2017/12/14 16:44:40.356 market(3)  Ready!
[11976] 2017/12/14 16:44:40.363 market(4)  Ready!
[11976] 2017/12/14 16:44:40.421 market(1)  Ready!
[11976] 2017/12/14 16:44:43.834 Market Info is OK!
[11976] 2017/12/14 16:44:44.289 SKQuoteLib_RequestServerTime()
[15064] 2017/12/14 16:46:08.555 SK_SUBJECT_CONNECTION_CONNECTED메Code: 0
[15064] 2017/12/14 16:46:08.961 SKQuoteLib_EnterMonitor IP멚srvsolace-fg.capital.com.tw
[15064] 2017/12/14 16:46:09.417 market(0)  Ready!
[15064] 2017/12/14 16:46:09.496 market(1)  Ready!
[15064] 2017/12/14 16:46:09.499 market(3)  Ready!
[15064] 2017/12/14 16:46:09.507 market(2)  Ready!
[15064] 2017/12/14 16:46:09.550 market(4)  Ready!
[15064] 2017/12/14 16:46:12.966 Market Info is OK!
[15064] 2017/12/14 16:46:13.366 SKQuoteLib_RequestServerTime()
[15064] 2017/12/14 16:46:34.660 Catalog info is OK!
[15064] 2017/12/14 16:46:34.806 SKQuoteLib_RequestServerTime()
[15064] 2017/12/14 16:46:37.591 SKQuoteLib_RequestServerTime()
[15064] 2017/12/14 16:46:41.874 SKQuoteLib_RequestServerTime()
[15064] 2017/12/14 16:46:49.166 SKQuoteLib_RequestServerTime()
[15064] 2017/12/14 16:47:06.844 SKQuoteLib_RequestServerTime()
[15064] 2017/12/14 16:47:06.980 SKQuoteLib_RequestServerTime()
[15064] 2017/12/14 16:47:07.983 SKQuoteLib_RequestServerTime()
[15064] 2017/12/14 16:47:08.981 SKQuoteLib_RequestServerTime()
[15064] 2017/12/14 16:47:09.981 SKQuoteLib_RequestServerTime()
[15064] 2017/12/14 16:47:10.982 SKQuoteLib_RequestServerTime()
[15064] 2017/12/14 16:47:11.985 SKQuoteLib_RequestServerTime()
[15064] 2017/12/14 16:47:12.980 SKQuoteLib_RequestServerTime()
[15064] 2017/12/14 16:47:14.142 SKQuoteLib_RequestServerTime()
[15064] 2017/12/14 16:47:14.988 SKQuoteLib_RequestServerTime()
[15064] 2017/12/14 16:47:15.981 SKQuoteLib_RequestServerTime()
[13852] 2017/12/14 16:49:46.666 SK_SUBJECT_CONNECTION_CONNECTED메Code: 0
[13852] 2017/12/14 16:49:47.051 SKQuoteLib_EnterMonitor IP멚srvsolace-fg.capital.com.tw
[13852] 2017/12/14 16:49:47.354 market(0)  Ready!
[13852] 2017/12/14 16:49:47.404 market(3)  Ready!
[13852] 2017/12/14 16:49:47.423 market(1)  Ready!
[13852] 2017/12/14 16:49:47.424 market(4)  Ready!
[13852] 2017/12/14 16:49:47.425 market(2)  Ready!
[13852] 2017/12/14 16:49:50.998 Market Info is OK!
[13852] 2017/12/14 16:49:51.616 Catalog info is OK!
[13852] 2017/12/14 16:49:53.824 SKQuoteLib_RequestServerTime()
[13852] 2017/12/14 16:50:14.036 SKQuoteLib_RequestServerTime()
[13852] 2017/12/14 16:50:27.120 SKQuoteLib_RequestServerTime()
[13852] 2017/12/14 16:50:32.990 SKQuoteLib_RequestServerTime()
[13852] 2017/12/14 16:50:34.107 SKQuoteLib_RequestServerTime()
[13852] 2017/12/14 16:50:34.760  SKQuoteLib_RequestTicks ( 0 , CME,ES_1712 )
[13852] 2017/12/14 16:50:34.967 SKQuoteLib_RequestServerTime()
[13852] 2017/12/14 16:50:36.322 SKQuoteLib_RequestServerTime()
[13852] 2017/12/14 16:50:36.967 SKQuoteLib_RequestServerTime()
[13852] 2017/12/14 16:50:37.966 SKQuoteLib_RequestServerTime()
[13852] 2017/12/14 16:50:38.966 SKQuoteLib_RequestServerTime()
[13852] 2017/12/14 16:50:40.148 SKQuoteLib_RequestServerTime()
[13852] 2017/12/14 16:50:40.965 SKQuoteLib_RequestServerTime()
[13852] 2017/12/14 16:50:41.966 SKQuoteLib_RequestServerTime()
[13852] 2017/12/14 16:50:42.967 SKQuoteLib_RequestServerTime()
[13852] 2017/12/14 16:50:43.966 SKQuoteLib_RequestServerTime()
[13852] 2017/12/14 16:50:44.967 SKQuoteLib_RequestServerTime()
[13852] 2017/12/14 16:50:46.172 SKQuoteLib_RequestServerTime()
[13852] 2017/12/14 16:50:46.968 SKQuoteLib_RequestServerTime()
[13852] 2017/12/14 16:50:47.966 SKQuoteLib_RequestServerTime()
[13852] 2017/12/14 16:50:48.966 SKQuoteLib_RequestServerTime()
[13852] 2017/12/14 16:50:49.965 SKQuoteLib_RequestServerTime()
[13852] 2017/12/14 16:50:50.967 SKQuoteLib_RequestServerTime()
[13852] 2017/12/14 16:50:52.151 SKQuoteLib_RequestServerTime()
[13852] 2017/12/14 16:50:52.964 SKQuoteLib_RequestServerTime()
[13852] 2017/12/14 16:50:53.966 SKQuoteLib_RequestServerTime()
[13852] 2017/12/14 16:50:54.969 SKQuoteLib_RequestServerTime()
[13852] 2017/12/14 16:50:55.967 SKQuoteLib_RequestServerTime()
[13852] 2017/12/14 16:50:56.966 SKQuoteLib_RequestServerTime()
[13852] 2017/12/14 16:50:58.154 SKQuoteLib_RequestServerTime()
[13852] 2017/12/14 16:50:58.967 SKQuoteLib_RequestServerTime()
[13852] 2017/12/14 16:50:59.967 SKQuoteLib_RequestServerTime()
[13852] 2017/12/14 16:51:00.966 SKQuoteLib_RequestServerTime()
[13852] 2017/12/14 16:51:01.966 SKQuoteLib_RequestServerTime()
[13852] 2017/12/14 16:51:02.965 SKQuoteLib_RequestServerTime()
[13852] 2017/12/14 16:51:04.138 SKQuoteLib_RequestServerTime()
[13852] 2017/12/14 16:51:04.968 SKQuoteLib_RequestServerTime()
[13852] 2017/12/14 16:51:05.968 SKQuoteLib_RequestServerTime()
[13852] 2017/12/14 16:51:06.965 SKQuoteLib_RequestServerTime()
[13852] 2017/12/14 16:51:07.965 SKQuoteLib_RequestServerTime()
[13852] 2017/12/14 16:51:08.966 SKQuoteLib_RequestServerTime()
[13852] 2017/12/14 16:51:10.145 SKQuoteLib_RequestServerTime()
[13852] 2017/12/14 16:51:10.967 SKQuoteLib_RequestServerTime()
[13852] 2017/12/14 16:51:11.966 SKQuoteLib_RequestServerTime()
[13852] 2017/12/14 16:51:12.968 SKQuoteLib_RequestServerTime()
[13852] 2017/12/14 16:51:13.968 SKQuoteLib_RequestServerTime()
[13852] 2017/12/14 16:51:14.966 SKQuoteLib_RequestServerTime()
[13852] 2017/12/14 16:51:16.230 SKQuoteLib_RequestServerTime()
[13852] 2017/12/14 16:51:16.965 SKQuoteLib_RequestServerTime()
[13852] 2017/12/14 16:51:17.968 SKQuoteLib_RequestServerTime()
[13852] 2017/12/14 16:51:18.967 SKQuoteLib_RequestServerTime()
[13852] 2017/12/14 16:51:19.965 SKQuoteLib_RequestServerTime()
[13852] 2017/12/14 16:51:20.966 SKQuoteLib_RequestServerTime()
[13852] 2017/12/14 16:51:22.137 SKQuoteLib_RequestServerTime()
[13852] 2017/12/14 16:51:22.965 SKQuoteLib_RequestServerTime()
[13852] 2017/12/14 16:51:23.965 SKQuoteLib_RequestServerTime()
[13852] 2017/12/14 16:51:24.966 SKQuoteLib_RequestServerTime()
[13852] 2017/12/14 16:51:25.982 SKQuoteLib_RequestServerTime()
[13852] 2017/12/14 16:51:26.965 SKQuoteLib_RequestServerTime()
[13852] 2017/12/14 16:51:28.117 SKQuoteLib_RequestServerTime()
[13852] 2017/12/14 16:51:28.965 SKQuoteLib_RequestServerTime()
[13852] 2017/12/14 16:51:29.966 SKQuoteLib_RequestServerTime()
[13852] 2017/12/14 16:51:30.966 SKQuoteLib_RequestServerTime()
[13852] 2017/12/14 16:51:31.966 SKQuoteLib_RequestServerTime()
[13852] 2017/12/14 16:51:32.965 SKQuoteLib_RequestServerTime()
[13852] 2017/12/14 16:51:34.133 SKQuoteLib_RequestServerTime()
[13852] 2017/12/14 16:51:34.966 SKQuoteLib_RequestServerTime()
[13852] 2017/12/14 16:51:35.966 SKQuoteLib_RequestServerTime()
[13852] 2017/12/14 16:51:36.967 SKQuoteLib_RequestServerTime()
[13852] 2017/12/14 16:51:37.967 SKQuoteLib_RequestServerTime()
[13852] 2017/12/14 16:51:38.966 SKQuoteLib_RequestServerTime()
[13852] 2017/12/14 16:51:40.150 SKQuoteLib_RequestServerTime()
[13852] 2017/12/14 16:51:40.966 SKQuoteLib_RequestServerTime()
[13852] 2017/12/14 16:51:41.965 SKQuoteLib_RequestServerTime()
[13852] 2017/12/14 16:51:42.966 SKQuoteLib_RequestServerTime()
[13852] 2017/12/14 16:51:43.966 SKQuoteLib_RequestServerTime()
[13852] 2017/12/14 16:51:44.968 SKQuoteLib_RequestServerTime()
[13852] 2017/12/14 16:51:46.178 SKQuoteLib_RequestServerTime()
[13852] 2017/12/14 16:51:46.965 SKQuoteLib_RequestServerTime()
[13852] 2017/12/14 16:51:47.966 SKQuoteLib_RequestServerTime()
[13852] 2017/12/14 16:51:48.966 SKQuoteLib_RequestServerTime()
[13852] 2017/12/14 16:51:49.967 SKQuoteLib_RequestServerTime()
[13852] 2017/12/14 16:51:50.966 SKQuoteLib_RequestServerTime()
[13852] 2017/12/14 16:51:52.169 SKQuoteLib_RequestServerTime()
[13852] 2017/12/14 16:51:52.966 SKQuoteLib_RequestServerTime()
[13852] 2017/12/14 16:51:53.976 SKQuoteLib_RequestServerTime()
[13852] 2017/12/14 16:51:54.966 SKQuoteLib_RequestServerTime()
[13852] 2017/12/14 16:51:55.966 SKQuoteLib_RequestServerTime()
[13852] 2017/12/14 16:51:56.965 SKQuoteLib_RequestServerTime()
[13852] 2017/12/14 16:51:58.160 SKQuoteLib_RequestServerTime()
[13852] 2017/12/14 16:51:58.966 SKQuoteLib_RequestServerTime()
[13852] 2017/12/14 16:51:59.966 SKQuoteLib_RequestServerTime()
[13852] 2017/12/14 16:52:00.965 SKQuoteLib_RequestServerTime()
[13852] 2017/12/14 16:52:01.964 SKQuoteLib_RequestServerTime()
[13852] 2017/12/14 16:52:02.966 SKQuoteLib_RequestServerTime()
[13852] 2017/12/14 16:52:04.139 SKQuoteLib_RequestServerTime()
[13852] 2017/12/14 16:52:04.967 SKQuoteLib_RequestServerTime()
[13852] 2017/12/14 16:52:05.968 SKQuoteLib_RequestServerTime()
[13852] 2017/12/14 16:52:06.966 SKQuoteLib_RequestServerTime()
[13852] 2017/12/14 16:52:07.966 SKQuoteLib_RequestServerTime()
[13852] 2017/12/14 16:52:08.968 SKQuoteLib_RequestServerTime()
[13852] 2017/12/14 16:52:10.128 SKQuoteLib_RequestServerTime()
[13852] 2017/12/14 16:52:10.967 SKQuoteLib_RequestServerTime()
[13852] 2017/12/14 16:52:11.965 SKQuoteLib_RequestServerTime()
[13852] 2017/12/14 16:52:12.968 SKQuoteLib_RequestServerTime()
[13852] 2017/12/14 16:52:14.125 SKQuoteLib_RequestServerTime()
[13852] 2017/12/14 16:52:14.967 SKQuoteLib_RequestServerTime()
[13852] 2017/12/14 16:52:16.166 SKQuoteLib_RequestServerTime()
[13852] 2017/12/14 16:52:16.965 SKQuoteLib_RequestServerTime()
[13852] 2017/12/14 16:52:17.968 SKQuoteLib_RequestServerTime()
[13852] 2017/12/14 16:52:18.965 SKQuoteLib_RequestServerTime()
[13852] 2017/12/14 16:52:19.967 SKQuoteLib_RequestServerTime()
[13852] 2017/12/14 16:52:20.965 SKQuoteLib_RequestServerTime()
[13852] 2017/12/14 16:52:22.115 SKQuoteLib_RequestServerTime()
[13852] 2017/12/14 16:52:22.968 SKQuoteLib_RequestServerTime()
[13852] 2017/12/14 16:52:26.451 -----------------------------------------------------------------
[12964] 2017/12/14 16:52:47.681 SK_SUBJECT_CONNECTION_CONNECTED메Code: 0
[12964] 2017/12/14 16:52:48.056 SKQuoteLib_EnterMonitor IP멚srvsolace-tp.capital.com.tw
[12964] 2017/12/14 16:52:48.361 market(1)  Ready!
[12964] 2017/12/14 16:52:48.363 market(2)  Ready!
[12964] 2017/12/14 16:52:48.363 market(3)  Ready!
[12964] 2017/12/14 16:52:48.363 market(4)  Ready!
[12964] 2017/12/14 16:52:48.368 market(0)  Ready!
[12964] 2017/12/14 16:52:51.950 Market Info is OK!
[12964] 2017/12/14 16:52:52.452 SKQuoteLib_RequestServerTime()
[12964] 2017/12/14 16:52:52.551 Catalog info is OK!
[12964] 2017/12/14 16:52:53.658 SKQuoteLib_RequestServerTime()
[12964] 2017/12/14 16:52:54.151 SKQuoteLib_RequestServerTime()
[12964] 2017/12/14 16:52:55.090 SKQuoteLib_RequestServerTime()
[12964] 2017/12/14 16:52:56.089 SKQuoteLib_RequestServerTime()
[12964] 2017/12/14 16:52:58.119 SKQuoteLib_RequestServerTime()
[12964] 2017/12/14 16:52:59.733  SKQuoteLib_RequestTicks ( 0 , TX00 )
[12964] 2017/12/14 16:52:59.733 Return PageNo멚 0 
[12964] 2017/12/14 16:52:59.737 SKQuoteLib_RequestServerTime()
[12964] 2017/12/14 16:53:00.089 SKQuoteLib_RequestServerTime()
[12964] 2017/12/14 16:53:01.089 SKQuoteLib_RequestServerTime()
[12964] 2017/12/14 16:53:02.090 SKQuoteLib_RequestServerTime()
[12964] 2017/12/14 16:53:03.093 SKQuoteLib_RequestServerTime()
[12964] 2017/12/14 16:53:04.090 SKQuoteLib_RequestServerTime()
[12964] 2017/12/14 16:53:05.272 SKQuoteLib_RequestServerTime()
[12964] 2017/12/14 16:53:06.091 SKQuoteLib_RequestServerTime()
[12964] 2017/12/14 16:53:07.114 SKQuoteLib_RequestServerTime()
[12964] 2017/12/14 16:53:08.090 SKQuoteLib_RequestServerTime()
[12964] 2017/12/14 16:53:09.092 SKQuoteLib_RequestServerTime()
[12964] 2017/12/14 16:53:10.092 SKQuoteLib_RequestServerTime()
[12964] 2017/12/14 16:53:11.090 SKQuoteLib_RequestServerTime()
[12964] 2017/12/14 16:53:12.093 SKQuoteLib_RequestServerTime()
[12964] 2017/12/14 16:53:13.090 SKQuoteLib_RequestServerTime()
[12964] 2017/12/14 16:53:14.091 SKQuoteLib_RequestServerTime()
[14436] 2017/12/14 16:58:47.109 SK_SUBJECT_CONNECTION_CONNECTED메Code: 0
[14436] 2017/12/14 16:58:47.496 SKQuoteLib_EnterMonitor IP멚srvsolace-tp.capital.com.tw
[14436] 2017/12/14 16:58:47.803 market(0)  Ready!
[14436] 2017/12/14 16:58:47.811 market(1)  Ready!
[14436] 2017/12/14 16:58:47.862 market(2)  Ready!
[14436] 2017/12/14 16:58:47.878 market(3)  Ready!
[14436] 2017/12/14 16:58:47.878 market(4)  Ready!
[14436] 2017/12/14 16:58:51.381 Market Info is OK!
[14436] 2017/12/14 16:58:52.113 Catalog info is OK!
[14436] 2017/12/14 16:58:53.035 SKQuoteLib_RequestServerTime()
[14436] 2017/12/14 16:58:53.659 SKQuoteLib_RequestServerTime()
[14436] 2017/12/14 16:58:54.713 SKQuoteLib_RequestServerTime()
[14436] 2017/12/14 16:58:55.339 SKQuoteLib_RequestServerTime()
[14436] 2017/12/14 16:58:56.342 SKQuoteLib_RequestServerTime()
[14436] 2017/12/14 16:58:58.784 SKQuoteLib_RequestServerTime()
[14436] 2017/12/14 16:58:59.341 SKQuoteLib_RequestServerTime()
[14436] 2017/12/14 16:59:00.907  SKQuoteLib_RequestTicks ( 0 , TX00 )
[14436] 2017/12/14 16:59:00.907 Return PageNo멚 0 
[14436] 2017/12/14 16:59:00.912 SKQuoteLib_RequestServerTime()
[14436] 2017/12/14 16:59:01.350 SKQuoteLib_RequestServerTime()
[14436] 2017/12/14 16:59:01.537 execute OnNotifyHistoryTicks event exception, please check it
[14436] 2017/12/14 16:59:02.340 SKQuoteLib_RequestServerTime()
[14436] 2017/12/14 16:59:03.340 SKQuoteLib_RequestServerTime()
[14436] 2017/12/14 16:59:04.663 SKQuoteLib_RequestServerTime()
[14436] 2017/12/14 16:59:05.340 SKQuoteLib_RequestServerTime()
[14436] 2017/12/14 16:59:06.342 SKQuoteLib_RequestServerTime()
[14436] 2017/12/14 16:59:07.340 SKQuoteLib_RequestServerTime()
[14436] 2017/12/14 16:59:08.412 SKQuoteLib_RequestServerTime()
[14436] 2017/12/14 16:59:09.340 SKQuoteLib_RequestServerTime()
[14436] 2017/12/14 16:59:10.342 SKQuoteLib_RequestServerTime()
[14436] 2017/12/14 16:59:11.341 SKQuoteLib_RequestServerTime()
[14436] 2017/12/14 16:59:12.342 SKQuoteLib_RequestServerTime()
[14436] 2017/12/14 16:59:13.342 SKQuoteLib_RequestServerTime()
[14436] 2017/12/14 16:59:14.341 SKQuoteLib_RequestServerTime()
[14436] 2017/12/14 16:59:15.343 SKQuoteLib_RequestServerTime()
[14436] 2017/12/14 16:59:16.340 SKQuoteLib_RequestServerTime()
[14436] 2017/12/14 16:59:17.342 SKQuoteLib_RequestServerTime()
[14436] 2017/12/14 16:59:18.340 SKQuoteLib_RequestServerTime()
[14436] 2017/12/14 16:59:19.340 SKQuoteLib_RequestServerTime()
[14436] 2017/12/14 16:59:20.340 SKQuoteLib_RequestServerTime()
[14436] 2017/12/14 16:59:21.343 SKQuoteLib_RequestServerTime()
[14436] 2017/12/14 16:59:22.341 SKQuoteLib_RequestServerTime()
[14436] 2017/12/14 16:59:23.342 SKQuoteLib_RequestServerTime()
[14436] 2017/12/14 16:59:24.342 SKQuoteLib_RequestServerTime()
[14436] 2017/12/14 16:59:25.341 SKQuoteLib_RequestServerTime()
[14436] 2017/12/14 16:59:26.342 SKQuoteLib_RequestServerTime()
[14436] 2017/12/14 16:59:27.341 SKQuoteLib_RequestServerTime()
[14436] 2017/12/14 16:59:28.341 SKQuoteLib_RequestServerTime()
[14436] 2017/12/14 16:59:29.456 SKQuoteLib_RequestServerTime()
[14436] 2017/12/14 16:59:30.342 SKQuoteLib_RequestServerTime()
[14436] 2017/12/14 16:59:31.340 SKQuoteLib_RequestServerTime()
[14436] 2017/12/14 16:59:32.339 SKQuoteLib_RequestServerTime()
[14436] 2017/12/14 16:59:33.340 SKQuoteLib_RequestServerTime()
[14436] 2017/12/14 16:59:34.341 SKQuoteLib_RequestServerTime()
[14436] 2017/12/14 16:59:35.341 SKQuoteLib_RequestServerTime()
[14436] 2017/12/14 16:59:36.344 SKQuoteLib_RequestServerTime()
[14436] 2017/12/14 16:59:37.340 SKQuoteLib_RequestServerTime()
[14436] 2017/12/14 16:59:38.342 SKQuoteLib_RequestServerTime()
[14436] 2017/12/14 16:59:39.340 SKQuoteLib_RequestServerTime()
[14436] 2017/12/14 16:59:40.340 SKQuoteLib_RequestServerTime()
[14436] 2017/12/14 16:59:41.340 SKQuoteLib_RequestServerTime()
[14436] 2017/12/14 16:59:42.342 SKQuoteLib_RequestServerTime()
[14436] 2017/12/14 16:59:43.342 SKQuoteLib_RequestServerTime()
[14436] 2017/12/14 16:59:44.340 SKQuoteLib_RequestServerTime()
[14436] 2017/12/14 16:59:45.341 SKQuoteLib_RequestServerTime()
[14436] 2017/12/14 16:59:46.340 SKQuoteLib_RequestServerTime()
[14436] 2017/12/14 16:59:47.341 SKQuoteLib_RequestServerTime()
[14436] 2017/12/14 16:59:48.344 SKQuoteLib_RequestServerTime()
[14436] 2017/12/14 16:59:49.340 SKQuoteLib_RequestServerTime()
[14436] 2017/12/14 16:59:50.341 SKQuoteLib_RequestServerTime()
[14436] 2017/12/14 16:59:51.341 SKQuoteLib_RequestServerTime()
[14436] 2017/12/14 16:59:52.339 SKQuoteLib_RequestServerTime()
[14436] 2017/12/14 16:59:53.342 SKQuoteLib_RequestServerTime()
[14436] 2017/12/14 16:59:54.345 SKQuoteLib_RequestServerTime()
[14436] 2017/12/14 16:59:55.342 SKQuoteLib_RequestServerTime()
[14436] 2017/12/14 16:59:56.342 SKQuoteLib_RequestServerTime()
[14436] 2017/12/14 16:59:57.341 SKQuoteLib_RequestServerTime()
[14436] 2017/12/14 16:59:58.340 SKQuoteLib_RequestServerTime()
[14436] 2017/12/14 16:59:59.342 SKQuoteLib_RequestServerTime()
[14436] 2017/12/14 17:00:00.340 SKQuoteLib_RequestServerTime()
[14436] 2017/12/14 17:00:01.341 SKQuoteLib_RequestServerTime()
[14436] 2017/12/14 17:00:02.340 SKQuoteLib_RequestServerTime()
[14436] 2017/12/14 17:00:03.341 SKQuoteLib_RequestServerTime()
[14436] 2017/12/14 17:00:04.341 SKQuoteLib_RequestServerTime()
[14436] 2017/12/14 17:00:05.342 SKQuoteLib_RequestServerTime()
[14436] 2017/12/14 17:00:06.340 SKQuoteLib_RequestServerTime()
[14436] 2017/12/14 17:00:07.341 SKQuoteLib_RequestServerTime()
[14436] 2017/12/14 17:00:08.340 SKQuoteLib_RequestServerTime()
[14436] 2017/12/14 17:00:09.339 SKQuoteLib_RequestServerTime()
[14436] 2017/12/14 17:00:10.340 SKQuoteLib_RequestServerTime()
[14436] 2017/12/14 17:00:11.343 SKQuoteLib_RequestServerTime()
[14436] 2017/12/14 17:00:12.344 SKQuoteLib_RequestServerTime()
[14436] 2017/12/14 17:00:13.339 SKQuoteLib_RequestServerTime()
[14436] 2017/12/14 17:00:14.341 SKQuoteLib_RequestServerTime()
[14436] 2017/12/14 17:00:15.340 SKQuoteLib_RequestServerTime()
[14436] 2017/12/14 17:00:16.341 SKQuoteLib_RequestServerTime()
[9396] 2017/12/14 17:34:07.034 SK_SUBJECT_CONNECTION_CONNECTED메Code: 0
[9396] 2017/12/14 17:34:07.103 SKQuoteLib_EnterMonitor IP멚srvsolace-fg.capital.com.tw
[9396] 2017/12/14 17:34:08.670 market(0)  Ready!
[9396] 2017/12/14 17:34:08.719 market(3)  Ready!
[9396] 2017/12/14 17:34:08.758 market(1)  Ready!
[9396] 2017/12/14 17:34:08.758 market(4)  Ready!
[9396] 2017/12/14 17:34:08.761 market(2)  Ready!
[9396] 2017/12/14 17:34:13.602 Market Info is OK!
[9396] 2017/12/14 17:34:14.312 Catalog info is OK!
[9396] 2017/12/14 17:34:16.229 SKQuoteLib_RequestServerTime()
[9396] 2017/12/14 17:34:17.712 SKQuoteLib_RequestServerTime()
[9396] 2017/12/14 17:34:18.572 SKQuoteLib_RequestServerTime()
[9396] 2017/12/14 17:34:19.772 SKQuoteLib_RequestServerTime()
[9396] 2017/12/14 17:34:20.200 SKQuoteLib_RequestServerTime()
[9396] 2017/12/14 17:34:23.940 SKQuoteLib_RequestServerTime()
[9396] 2017/12/14 17:34:26.700 SKQuoteLib_RequestServerTime()
[9396] 2017/12/14 17:34:28.124 SKQuoteLib_RequestServerTime()
[9396] 2017/12/14 17:34:29.259  SKQuoteLib_RequestTicks ( 0 , TX00 )
[9396] 2017/12/14 17:34:29.259 Return PageNo멚 0 
[9396] 2017/12/14 17:34:29.270 SKQuoteLib_RequestServerTime()
[9396] 2017/12/14 17:34:30.337 SKQuoteLib_RequestServerTime()
[9396] 2017/12/14 17:34:31.175 SKQuoteLib_RequestServerTime()
[9396] 2017/12/14 17:34:32.169 SKQuoteLib_RequestServerTime()
[9396] 2017/12/14 17:34:33.518 SKQuoteLib_RequestServerTime()
[9396] 2017/12/14 17:34:34.167 SKQuoteLib_RequestServerTime()
[9396] 2017/12/14 17:34:35.174 SKQuoteLib_RequestServerTime()
[9396] 2017/12/14 17:34:36.187 SKQuoteLib_RequestServerTime()
[9396] 2017/12/14 17:34:37.334 SKQuoteLib_RequestServerTime()
[9396] 2017/12/14 17:34:38.184 SKQuoteLib_RequestServerTime()
[9396] 2017/12/14 17:34:39.185 SKQuoteLib_RequestServerTime()
[9396] 2017/12/14 17:34:40.184 SKQuoteLib_RequestServerTime()
[9396] 2017/12/14 17:34:41.184 SKQuoteLib_RequestServerTime()
[9396] 2017/12/14 17:34:42.185 SKQuoteLib_RequestServerTime()
[9396] 2017/12/14 17:34:43.297 SKQuoteLib_RequestServerTime()
[9396] 2017/12/14 17:34:44.184 SKQuoteLib_RequestServerTime()
[9396] 2017/12/14 17:34:45.183 SKQuoteLib_RequestServerTime()
[9396] 2017/12/14 17:34:46.185 SKQuoteLib_RequestServerTime()
[9396] 2017/12/14 17:34:47.183 SKQuoteLib_RequestServerTime()
[9396] 2017/12/14 17:34:48.185 SKQuoteLib_RequestServerTime()
[9396] 2017/12/14 17:34:49.272 SKQuoteLib_RequestServerTime()
[9396] 2017/12/14 17:34:50.183 SKQuoteLib_RequestServerTime()
[9396] 2017/12/14 17:34:51.183 SKQuoteLib_RequestServerTime()
[9396] 2017/12/14 17:34:52.184 SKQuoteLib_RequestServerTime()
[9396] 2017/12/14 17:35:18.976 SKQuoteLib_RequestServerTime()
[9396] 2017/12/14 17:35:19.560 SKQuoteLib_RequestServerTime()
[9396] 2017/12/14 17:35:20.186 SKQuoteLib_RequestServerTime()
[9396] 2017/12/14 17:35:21.185 SKQuoteLib_RequestServerTime()
[9396] 2017/12/14 17:35:22.231 SKQuoteLib_RequestServerTime()
[9396] 2017/12/14 17:35:23.184 SKQuoteLib_RequestServerTime()
[9396] 2017/12/14 17:35:24.184 SKQuoteLib_RequestServerTime()
[15836] 2017/12/14 18:06:49.081 SK_SUBJECT_CONNECTION_CONNECTED메Code: 0
[15836] 2017/12/14 18:06:49.484 SKQuoteLib_EnterMonitor IP멚srvsolace-tp.capital.com.tw
[15836] 2017/12/14 18:06:49.826 market(0)  Ready!
[15836] 2017/12/14 18:06:49.877 market(1)  Ready!
[15836] 2017/12/14 18:06:49.878 market(3)  Ready!
[15836] 2017/12/14 18:06:49.878 market(2)  Ready!
[15836] 2017/12/14 18:06:49.887 market(4)  Ready!
[15836] 2017/12/14 18:06:53.667 Market Info is OK!
[15836] 2017/12/14 18:06:54.082 SKQuoteLib_RequestServerTime()
[15836] 2017/12/14 18:06:54.221 Catalog info is OK!
[15836] 2017/12/14 18:06:54.466 SKQuoteLib_RequestServerTime()
[15836] 2017/12/14 18:06:55.472 SKQuoteLib_RequestServerTime()
[15836] 2017/12/14 18:06:56.465 SKQuoteLib_RequestServerTime()
[15836] 2017/12/14 18:06:57.467 SKQuoteLib_RequestServerTime()
[15836] 2017/12/14 18:06:58.466 SKQuoteLib_RequestServerTime()
[15836] 2017/12/14 18:06:59.466 SKQuoteLib_RequestServerTime()
[15836] 2017/12/14 18:07:00.466 SKQuoteLib_RequestServerTime()
[15836] 2017/12/14 18:07:01.471 SKQuoteLib_RequestServerTime()
[15836] 2017/12/14 18:07:02.473 SKQuoteLib_RequestServerTime()
[15836] 2017/12/14 18:07:03.466 SKQuoteLib_RequestServerTime()
[15836] 2017/12/14 18:07:04.470 SKQuoteLib_RequestServerTime()
[15836] 2017/12/14 18:07:05.472 SKQuoteLib_RequestServerTime()
[15836] 2017/12/14 18:07:06.474 SKQuoteLib_RequestServerTime()
[15836] 2017/12/14 18:07:07.470 SKQuoteLib_RequestServerTime()
[15836] 2017/12/14 18:07:08.469 SKQuoteLib_RequestServerTime()
[15836] 2017/12/14 18:07:09.472 SKQuoteLib_RequestServerTime()
[15836] 2017/12/14 18:07:10.469 SKQuoteLib_RequestServerTime()
[15836] 2017/12/14 18:07:11.470 SKQuoteLib_RequestServerTime()
[15836] 2017/12/14 18:07:12.471 SKQuoteLib_RequestServerTime()
[15836] 2017/12/14 18:07:13.467 SKQuoteLib_RequestServerTime()
[15836] 2017/12/14 18:07:14.470 SKQuoteLib_RequestServerTime()
[15836] 2017/12/14 18:07:15.465 SKQuoteLib_RequestServerTime()
[15836] 2017/12/14 18:07:16.472 SKQuoteLib_RequestServerTime()
[15836] 2017/12/14 18:07:17.472 SKQuoteLib_RequestServerTime()
[15836] 2017/12/14 18:07:18.504 SKQuoteLib_RequestServerTime()
[15836] 2017/12/14 18:07:19.466 SKQuoteLib_RequestServerTime()
[15836] 2017/12/14 18:07:23.777 SKQuoteLib_RequestServerTime()
[15836] 2017/12/14 18:07:24.441  SKQuoteLib_RequestTicks ( 0 , CME,ES_1712 )
[15836] 2017/12/14 18:07:24.736 SKQuoteLib_RequestServerTime()
[15836] 2017/12/14 18:07:25.997 SKQuoteLib_RequestServerTime()
[15836] 2017/12/14 18:07:26.470 SKQuoteLib_RequestServerTime()
[15836] 2017/12/14 18:07:27.465 SKQuoteLib_RequestServerTime()
[15836] 2017/12/14 18:07:28.466 SKQuoteLib_RequestServerTime()
[15836] 2017/12/14 18:07:29.468 SKQuoteLib_RequestServerTime()
[15836] 2017/12/14 18:07:30.467 SKQuoteLib_RequestServerTime()
[15836] 2017/12/14 18:07:31.468 SKQuoteLib_RequestServerTime()
[15836] 2017/12/14 18:07:32.466 SKQuoteLib_RequestServerTime()
[15836] 2017/12/14 18:07:33.484 SKQuoteLib_RequestServerTime()
[15836] 2017/12/14 18:07:34.467 SKQuoteLib_RequestServerTime()
[15836] 2017/12/14 18:07:35.468 SKQuoteLib_RequestServerTime()
[15836] 2017/12/14 18:07:36.465 SKQuoteLib_RequestServerTime()
[15836] 2017/12/14 18:07:37.468 SKQuoteLib_RequestServerTime()
[15836] 2017/12/14 18:07:38.884 SKQuoteLib_RequestServerTime()
[15836] 2017/12/14 18:07:39.474 SKQuoteLib_RequestServerTime()
[15836] 2017/12/14 18:07:40.517 SKQuoteLib_RequestServerTime()
[15836] 2017/12/14 18:07:41.467 SKQuoteLib_RequestServerTime()
[16608] 2017/12/14 23:00:48.951 SK_SUBJECT_CONNECTION_CONNECTED메Code: 0
[16608] 2017/12/14 23:00:49.427 SKQuoteLib_EnterMonitor IP멚srvsolace-fg.capital.com.tw
[16608] 2017/12/14 23:00:49.753 market(1)  Ready!
[16608] 2017/12/14 23:00:49.755 market(0)  Ready!
[16608] 2017/12/14 23:00:49.763 market(2)  Ready!
[16608] 2017/12/14 23:00:49.831 market(3)  Ready!
[16608] 2017/12/14 23:00:49.832 market(4)  Ready!
[16608] 2017/12/14 23:00:56.661 Market Info is OK!
[16608] 2017/12/14 23:00:57.225 SKQuoteLib_RequestServerTime()
[16608] 2017/12/14 23:00:57.383 Catalog info is OK!
[16608] 2017/12/14 23:00:57.809 SKQuoteLib_RequestServerTime()
[16608] 2017/12/14 23:00:58.810 SKQuoteLib_RequestServerTime()
[16608] 2017/12/14 23:00:59.810 SKQuoteLib_RequestServerTime()
[16608] 2017/12/14 23:01:00.873 SKQuoteLib_RequestServerTime()
[16608] 2017/12/14 23:01:01.809 SKQuoteLib_RequestServerTime()
[16608] 2017/12/14 23:01:02.808 SKQuoteLib_RequestServerTime()
[16608] 2017/12/14 23:03:55.860 SKQuoteLib_RequestServerTime()
[16608] 2017/12/14 23:03:56.810 SKQuoteLib_RequestServerTime()
[16608] 2017/12/14 23:03:57.808 SKQuoteLib_RequestServerTime()
[16608] 2017/12/14 23:03:58.809 SKQuoteLib_RequestServerTime()
[16608] 2017/12/14 23:03:59.812 SKQuoteLib_RequestServerTime()
[16608] 2017/12/14 23:04:00.808 SKQuoteLib_RequestServerTime()
[16608] 2017/12/14 23:04:01.810 SKQuoteLib_RequestServerTime()
[16608] 2017/12/14 23:04:02.809 SKQuoteLib_RequestServerTime()
[16608] 2017/12/14 23:04:03.808 SKQuoteLib_RequestServerTime()
[16608] 2017/12/14 23:04:04.810 SKQuoteLib_RequestServerTime()
[16608] 2017/12/14 23:04:05.810 SKQuoteLib_RequestServerTime()
[16608] 2017/12/14 23:04:06.810 SKQuoteLib_RequestServerTime()
[16608] 2017/12/14 23:04:07.812 SKQuoteLib_RequestServerTime()
[16608] 2017/12/14 23:04:08.810 SKQuoteLib_RequestServerTime()
[16608] 2017/12/14 23:04:09.810 SKQuoteLib_RequestServerTime()
[16608] 2017/12/14 23:04:10.809 SKQuoteLib_RequestServerTime()
[16608] 2017/12/14 23:04:11.811 SKQuoteLib_RequestServerTime()
[16608] 2017/12/14 23:04:12.809 SKQuoteLib_RequestServerTime()
[16608] 2017/12/14 23:04:13.808 SKQuoteLib_RequestServerTime()
[16608] 2017/12/14 23:04:14.808 SKQuoteLib_RequestServerTime()
[16608] 2017/12/14 23:04:15.809 SKQuoteLib_RequestServerTime()
[16608] 2017/12/14 23:04:16.808 SKQuoteLib_RequestServerTime()
[16608] 2017/12/14 23:04:17.809 SKQuoteLib_RequestServerTime()
[16608] 2017/12/14 23:04:18.809 SKQuoteLib_RequestServerTime()
[16608] 2017/12/14 23:04:19.812 SKQuoteLib_RequestServerTime()
[16608] 2017/12/14 23:04:20.810 SKQuoteLib_RequestServerTime()
[16608] 2017/12/14 23:04:21.810 SKQuoteLib_RequestServerTime()
[16608] 2017/12/14 23:04:22.808 SKQuoteLib_RequestServerTime()
[16608] 2017/12/14 23:04:23.809 SKQuoteLib_RequestServerTime()
[16608] 2017/12/14 23:04:24.809 SKQuoteLib_RequestServerTime()
[16608] 2017/12/14 23:04:25.809 SKQuoteLib_RequestServerTime()
[16608] 2017/12/14 23:04:26.810 SKQuoteLib_RequestServerTime()
[16608] 2017/12/14 23:04:27.809 SKQuoteLib_RequestServerTime()
[16608] 2017/12/14 23:04:28.809 SKQuoteLib_RequestServerTime()
[16608] 2017/12/14 23:04:29.808 SKQuoteLib_RequestServerTime()
[16608] 2017/12/14 23:04:30.810 SKQuoteLib_RequestServerTime()
[16608] 2017/12/14 23:04:31.809 SKQuoteLib_RequestServerTime()
[16608] 2017/12/14 23:04:32.808 SKQuoteLib_RequestServerTime()
[16608] 2017/12/14 23:04:33.809 SKQuoteLib_RequestServerTime()
[16608] 2017/12/14 23:04:34.809 SKQuoteLib_RequestServerTime()
[16608] 2017/12/14 23:04:35.810 SKQuoteLib_RequestServerTime()
[16608] 2017/12/14 23:04:36.809 SKQuoteLib_RequestServerTime()
[16608] 2017/12/14 23:04:37.810 SKQuoteLib_RequestServerTime()
[16608] 2017/12/14 23:04:38.808 SKQuoteLib_RequestServerTime()
[16608] 2017/12/14 23:04:39.809 SKQuoteLib_RequestServerTime()
[16608] 2017/12/14 23:04:41.026 SKQuoteLib_RequestServerTime()
