-----------------------------------------------------------------
[4524] 2017/11/27 11:01:44.608 Connect Server: FORT14.capital.com.tw 443
[4524] 2017/11/27 11:01:49.372 SK_SUBJECT_CONNECTION_CONNECTED메Code: 0
[4524] 2017/11/27 11:01:50.359 OnConnect ( 3001 , 0 ) 
[4524] 2017/11/27 11:01:58.032 SKOSQuoteLib_RequestStocks (0,CME,ES_1712)
[4524] 2017/11/27 11:01:58.106 SKOSQuoteLib_RequestTicks (1,CME,ES_1712)
[4524] 2017/11/27 11:02:13.261 SKOSQuoteLib_RequestStocks (0,TX00)
[4524] 2017/11/27 11:02:13.261 TX00 StockNo Format Error 
[4524] 2017/11/27 11:02:13.261 SKOSQuoteLib_RequestTicks (0,TX00)
[4524] 2017/11/27 11:02:13.261 StockNo Format Error 
[4020] 2017/11/27 11:04:19.877 Connect Server: FORT14.capital.com.tw 443
[4020] 2017/11/27 11:04:22.752 SK_SUBJECT_CONNECTION_CONNECTED메Code: 0
[4020] 2017/11/27 11:04:23.699 OnConnect ( 3001 , 0 ) 
[4020] 2017/11/27 11:04:34.573 SKOSQuoteLib_RequestStocks (0,TX00)
[4020] 2017/11/27 11:04:34.573 TX00 StockNo Format Error 
[4020] 2017/11/27 11:04:34.575 SKOSQuoteLib_RequestTicks (0,TX00)
[4020] 2017/11/27 11:04:34.575 StockNo Format Error 
[9600] 2017/11/27 11:25:32.080 Connect Server: FORT03.capital.com.tw 443
[9600] 2017/11/27 11:25:32.680 SK_SUBJECT_CONNECTION_CONNECTED메Code: 0
[9600] 2017/11/27 11:25:33.597 OnConnect ( 3001 , 0 ) 
[9600] 2017/11/27 11:28:21.373 SK_SUBJECT_CONNECTION_DISCONNECT메Code: 10054
[9600] 2017/11/27 11:28:21.375 OnConnect ( 3002 , 10054 ) 
[12996] 2017/11/27 11:29:14.956 Connect Server: FORT03.capital.com.tw 443
[12996] 2017/11/27 11:29:15.551 SK_SUBJECT_CONNECTION_CONNECTED메Code: 0
[12996] 2017/11/27 11:29:16.488 OnConnect ( 3001 , 0 ) 
[12996] 2017/11/27 11:32:06.566 SK_SUBJECT_CONNECTION_DISCONNECT메Code: 10054
[12996] 2017/11/27 11:32:06.568 OnConnect ( 3002 , 10054 ) 
[12996] 2017/11/27 11:35:05.655 -----------------------------------------------------------------
[13376] 2017/11/27 11:52:23.122 Connect Server: FORT14.capital.com.tw 443
[13376] 2017/11/27 11:52:26.278 SK_SUBJECT_CONNECTION_CONNECTED메Code: 0
[13376] 2017/11/27 11:52:27.186 OnConnect ( 3001 , 0 ) 
[13376] 2017/11/27 11:52:33.810 SKOSQuoteLib_RequestStocks (0,TX00)
[13376] 2017/11/27 11:52:33.810 TX00 StockNo Format Error 
[13376] 2017/11/27 11:52:33.815 SKOSQuoteLib_RequestTicks (0,TX00)
[13376] 2017/11/27 11:52:33.815 StockNo Format Error 
[13376] 2017/11/27 12:02:04.994 -----------------------------------------------------------------
[10780] 2017/11/27 12:02:39.312 Connect Server: FORT03.capital.com.tw 443
[10780] 2017/11/27 12:02:42.415 SK_SUBJECT_CONNECTION_CONNECTED메Code: 0
[10780] 2017/11/27 12:02:43.317 OnConnect ( 3001 , 0 ) 
[10780] 2017/11/27 12:02:52.310 SKOSQuoteLib_RequestStocks (0,TX00)
[10780] 2017/11/27 12:02:52.310 TX00 StockNo Format Error 
[10780] 2017/11/27 12:02:52.312 SKOSQuoteLib_RequestTicks (0,TX00)
[10780] 2017/11/27 12:02:52.312 StockNo Format Error 
[3904] 2017/11/27 12:08:27.633 Connect Server: FORT14.capital.com.tw 443
[3904] 2017/11/27 12:08:30.629 SK_SUBJECT_CONNECTION_CONNECTED메Code: 0
[3904] 2017/11/27 12:08:31.488 OnConnect ( 3001 , 0 ) 
[3904] 2017/11/27 12:08:40.122 SKOSQuoteLib_RequestStocks (0,TX00)
[3904] 2017/11/27 12:08:40.122 TX00 StockNo Format Error 
[3904] 2017/11/27 12:08:40.125 SKOSQuoteLib_RequestTicks (0,TX00)
[3904] 2017/11/27 12:08:40.125 StockNo Format Error 
[14084] 2017/11/27 12:15:27.584 Connect Server: FORT03.capital.com.tw 443
[14084] 2017/11/27 12:15:30.924 SK_SUBJECT_CONNECTION_CONNECTED메Code: 0
[14084] 2017/11/27 12:15:31.813 OnConnect ( 3001 , 0 ) 
[14084] 2017/11/27 12:15:41.350 SKOSQuoteLib_RequestStocks (0,TX00)
[14084] 2017/11/27 12:15:41.350 TX00 StockNo Format Error 
[14084] 2017/11/27 12:15:41.354 SKOSQuoteLib_RequestTicks (0,TX00)
[14084] 2017/11/27 12:15:41.354 StockNo Format Error 
[14084] 2017/11/27 12:17:51.461 -----------------------------------------------------------------
[10600] 2017/11/27 12:31:28.842 Connect Server: FORT14.capital.com.tw 443
[10600] 2017/11/27 12:31:31.779 SK_SUBJECT_CONNECTION_CONNECTED메Code: 0
[10600] 2017/11/27 12:31:32.685 OnConnect ( 3001 , 0 ) 
[10600] 2017/11/27 12:31:40.506 SKOSQuoteLib_RequestStocks (0,TX00)
[10600] 2017/11/27 12:31:40.506 TX00 StockNo Format Error 
[10600] 2017/11/27 12:31:40.508 SKOSQuoteLib_RequestTicks (0,TX00)
[10600] 2017/11/27 12:31:40.508 StockNo Format Error 
[3400] 2017/11/27 12:42:49.175 Connect Server: FORT03.capital.com.tw 443
[3400] 2017/11/27 12:42:52.228 SK_SUBJECT_CONNECTION_CONNECTED메Code: 0
[3400] 2017/11/27 12:42:53.132 OnConnect ( 3001 , 0 ) 
[3400] 2017/11/27 12:43:02.638 SKOSQuoteLib_RequestStocks (0,TX00)
[3400] 2017/11/27 12:43:02.638 TX00 StockNo Format Error 
[3400] 2017/11/27 12:43:02.642 SKOSQuoteLib_RequestTicks (0,TX00)
[3400] 2017/11/27 12:43:02.642 StockNo Format Error 
[4548] 2017/11/27 12:44:22.753 Connect Server: FORT14.capital.com.tw 443
[4548] 2017/11/27 12:44:25.845 SK_SUBJECT_CONNECTION_CONNECTED메Code: 0
[4548] 2017/11/27 12:44:26.743 OnConnect ( 3001 , 0 ) 
[4548] 2017/11/27 12:44:34.683 SKOSQuoteLib_RequestStocks (0,TX00)
[4548] 2017/11/27 12:44:34.683 TX00 StockNo Format Error 
[4548] 2017/11/27 12:44:34.686 SKOSQuoteLib_RequestTicks (0,TX00)
[4548] 2017/11/27 12:44:34.686 StockNo Format Error 
[1796] 2017/11/27 12:45:43.709 Connect Server: FORT03.capital.com.tw 443
[1796] 2017/11/27 12:45:46.767 SK_SUBJECT_CONNECTION_CONNECTED메Code: 0
[1796] 2017/11/27 12:45:47.648 OnConnect ( 3001 , 0 ) 
[1796] 2017/11/27 12:45:56.642 SKOSQuoteLib_RequestStocks (0,TX00)
[1796] 2017/11/27 12:45:56.642 TX00 StockNo Format Error 
[1796] 2017/11/27 12:45:56.645 SKOSQuoteLib_RequestTicks (0,TX00)
[1796] 2017/11/27 12:45:56.645 StockNo Format Error 
[8020] 2017/11/27 12:51:28.661 Connect Server: FORT03.capital.com.tw 443
[8020] 2017/11/27 12:51:31.694 SK_SUBJECT_CONNECTION_CONNECTED메Code: 0
[8020] 2017/11/27 12:51:32.607 OnConnect ( 3001 , 0 ) 
[8020] 2017/11/27 12:51:40.342 SKOSQuoteLib_RequestStocks (0,TX00)
[8020] 2017/11/27 12:51:40.342 TX00 StockNo Format Error 
[8020] 2017/11/27 12:51:40.344 SKOSQuoteLib_RequestTicks (0,TX00)
[8020] 2017/11/27 12:51:40.344 StockNo Format Error 
[7416] 2017/11/27 13:46:26.850 Connect Server: FORT14.capital.com.tw 443
[7416] 2017/11/27 13:46:30.125 SK_SUBJECT_CONNECTION_CONNECTED메Code: 0
[7416] 2017/11/27 13:46:30.990 OnConnect ( 3001 , 0 ) 
[11260] 2017/11/27 13:48:32.630 Connect Server: FORT14.capital.com.tw 443
[11260] 2017/11/27 13:48:35.595 SK_SUBJECT_CONNECTION_CONNECTED메Code: 0
[11260] 2017/11/27 13:48:36.539 OnConnect ( 3001 , 0 ) 
[11260] 2017/11/27 13:48:44.709 SKOSQuoteLib_RequestStocks (0,TX00)
[11260] 2017/11/27 13:48:44.709 TX00 StockNo Format Error 
[11260] 2017/11/27 13:48:44.713 SKOSQuoteLib_RequestTicks (0,TX00)
[11260] 2017/11/27 13:48:44.713 StockNo Format Error 
[7644] 2017/11/27 13:50:09.864 Connect Server: FORT14.capital.com.tw 443
[7644] 2017/11/27 13:50:12.787 SK_SUBJECT_CONNECTION_CONNECTED메Code: 0
[7644] 2017/11/27 13:50:13.679 OnConnect ( 3001 , 0 ) 
[7644] 2017/11/27 13:50:22.976 SKOSQuoteLib_RequestStocks (0,TX00)
[7644] 2017/11/27 13:50:22.976 TX00 StockNo Format Error 
[7644] 2017/11/27 13:50:22.978 SKOSQuoteLib_RequestTicks (0,TX00)
[7644] 2017/11/27 13:50:22.978 StockNo Format Error 
[6564] 2017/11/27 14:11:07.556 Connect Server: FORT14.capital.com.tw 443
[6564] 2017/11/27 14:11:10.402 SK_SUBJECT_CONNECTION_CONNECTED메Code: 0
[6564] 2017/11/27 14:11:11.298 OnConnect ( 3001 , 0 ) 
[6564] 2017/11/27 14:11:20.562 SKOSQuoteLib_RequestStocks (0,TX00)
[6564] 2017/11/27 14:11:20.562 TX00 StockNo Format Error 
[6564] 2017/11/27 14:11:20.565 SKOSQuoteLib_RequestTicks (0,TX00)
[6564] 2017/11/27 14:11:20.565 StockNo Format Error 
[6564] 2017/11/27 14:12:57.952 -----------------------------------------------------------------
[7800] 2017/11/27 14:39:06.215 Connect Server: FORT03.capital.com.tw 443
[7800] 2017/11/27 14:39:09.306 SK_SUBJECT_CONNECTION_CONNECTED메Code: 0
[7800] 2017/11/27 14:39:10.214 OnConnect ( 3001 , 0 ) 
[7800] 2017/11/27 14:39:20.603 SKOSQuoteLib_RequestStocks (0,TX00)
[7800] 2017/11/27 14:39:20.603 TX00 StockNo Format Error 
[7800] 2017/11/27 14:39:20.605 SKOSQuoteLib_RequestTicks (0,TX00)
[7800] 2017/11/27 14:39:20.605 StockNo Format Error 
[14248] 2017/11/27 15:11:08.086 Connect Server: FORT14.capital.com.tw 443
[14248] 2017/11/27 15:11:11.385 SK_SUBJECT_CONNECTION_CONNECTED메Code: 0
[14248] 2017/11/27 15:11:12.241 OnConnect ( 3001 , 0 ) 
[14248] 2017/11/27 15:11:21.626 SKOSQuoteLib_RequestStocks (0,TX00)
[14248] 2017/11/27 15:11:21.626 TX00 StockNo Format Error 
[14248] 2017/11/27 15:11:21.629 SKOSQuoteLib_RequestTicks (0,TX00)
[14248] 2017/11/27 15:11:21.629 StockNo Format Error 
[8240] 2017/11/27 15:12:53.553 Connect Server: FORT14.capital.com.tw 443
[8240] 2017/11/27 15:12:56.880 SK_SUBJECT_CONNECTION_CONNECTED메Code: 0
[8240] 2017/11/27 15:12:57.802 OnConnect ( 3001 , 0 ) 
[8240] 2017/11/27 15:13:07.492 SKOSQuoteLib_RequestStocks (0,TX00)
[8240] 2017/11/27 15:13:07.492 TX00 StockNo Format Error 
[8240] 2017/11/27 15:13:07.494 SKOSQuoteLib_RequestTicks (0,TX00)
[8240] 2017/11/27 15:13:07.494 StockNo Format Error 
[1964] 2017/11/27 15:14:39.811 Connect Server: FORT03.capital.com.tw 443
[1964] 2017/11/27 15:14:43.051 SK_SUBJECT_CONNECTION_CONNECTED메Code: 0
[1964] 2017/11/27 15:14:43.946 OnConnect ( 3001 , 0 ) 
[1964] 2017/11/27 15:14:49.914 SKOSQuoteLib_RequestStocks (0,CME,ES_1712)
[1964] 2017/11/27 15:14:49.918 SKOSQuoteLib_RequestTicks (1,CME,ES_1712)
[2584] 2017/11/27 15:23:04.528 Connect Server: FORT14.capital.com.tw 443
[2584] 2017/11/27 15:23:07.721 SK_SUBJECT_CONNECTION_CONNECTED메Code: 0
[2584] 2017/11/27 15:23:08.620 OnConnect ( 3001 , 0 ) 
[2584] 2017/11/27 15:23:19.033 SKOSQuoteLib_RequestStocks (0,TX00)
[2584] 2017/11/27 15:23:19.033 TX00 StockNo Format Error 
[2584] 2017/11/27 15:23:19.035 SKOSQuoteLib_RequestTicks (0,TX00)
[2584] 2017/11/27 15:23:19.035 StockNo Format Error 
[11444] 2017/11/27 15:28:30.527 Connect Server: FORT14.capital.com.tw 443
[11444] 2017/11/27 15:28:33.869 SK_SUBJECT_CONNECTION_CONNECTED메Code: 0
[11444] 2017/11/27 15:28:34.764 OnConnect ( 3001 , 0 ) 
[11444] 2017/11/27 15:28:45.256 SKOSQuoteLib_RequestStocks (0,TX00)
[11444] 2017/11/27 15:28:45.256 TX00 StockNo Format Error 
[11444] 2017/11/27 15:28:45.259 SKOSQuoteLib_RequestTicks (0,TX00)
[11444] 2017/11/27 15:28:45.259 StockNo Format Error 
[11444] 2017/11/27 15:30:10.740 -----------------------------------------------------------------
[7012] 2017/11/27 15:38:32.426 Connect Server: FORT14.capital.com.tw 443
[7012] 2017/11/27 15:38:35.348 SK_SUBJECT_CONNECTION_CONNECTED메Code: 0
[7012] 2017/11/27 15:38:36.237 OnConnect ( 3001 , 0 ) 
[7012] 2017/11/27 15:38:45.941 SKOSQuoteLib_RequestStocks (0,TX00)
[7012] 2017/11/27 15:38:45.941 TX00 StockNo Format Error 
[7012] 2017/11/27 15:38:45.944 SKOSQuoteLib_RequestTicks (0,TX00)
[7012] 2017/11/27 15:38:45.944 StockNo Format Error 
[11248] 2017/11/27 15:39:18.663 Connect Server: FORT14.capital.com.tw 443
[11248] 2017/11/27 15:39:21.361 SK_SUBJECT_CONNECTION_CONNECTED메Code: 0
[11248] 2017/11/27 15:39:22.311 OnConnect ( 3001 , 0 ) 
[11248] 2017/11/27 15:39:32.174 SKOSQuoteLib_RequestStocks (0,TX00)
[11248] 2017/11/27 15:39:32.174 TX00 StockNo Format Error 
[11248] 2017/11/27 15:39:32.176 SKOSQuoteLib_RequestTicks (0,TX00)
[11248] 2017/11/27 15:39:32.176 StockNo Format Error 
[4732] 2017/11/27 15:40:17.296 Connect Server: FORT03.capital.com.tw 443
[4732] 2017/11/27 15:40:20.353 SK_SUBJECT_CONNECTION_CONNECTED메Code: 0
[4732] 2017/11/27 15:40:21.248 OnConnect ( 3001 , 0 ) 
[4732] 2017/11/27 15:40:30.336 SKOSQuoteLib_RequestStocks (0,TX00)
[4732] 2017/11/27 15:40:30.336 TX00 StockNo Format Error 
[4732] 2017/11/27 15:40:30.338 SKOSQuoteLib_RequestTicks (0,TX00)
[4732] 2017/11/27 15:40:30.338 StockNo Format Error 
[13120] 2017/11/27 15:41:36.456 Connect Server: FORT03.capital.com.tw 443
[13120] 2017/11/27 15:41:39.443 SK_SUBJECT_CONNECTION_CONNECTED메Code: 0
[13120] 2017/11/27 15:41:40.391 OnConnect ( 3001 , 0 ) 
[13120] 2017/11/27 15:41:50.677 SKOSQuoteLib_RequestStocks (0,TX00)
[13120] 2017/11/27 15:41:50.677 TX00 StockNo Format Error 
[13120] 2017/11/27 15:41:50.679 SKOSQuoteLib_RequestTicks (0,TX00)
[13120] 2017/11/27 15:41:50.679 StockNo Format Error 
[9324] 2017/11/27 15:47:29.346 Connect Server: FORT14.capital.com.tw 443
[9324] 2017/11/27 15:47:32.435 SK_SUBJECT_CONNECTION_CONNECTED메Code: 0
[9324] 2017/11/27 15:47:33.293 OnConnect ( 3001 , 0 ) 
[9324] 2017/11/27 15:47:43.568 SKOSQuoteLib_RequestStocks (0,TX00)
[9324] 2017/11/27 15:47:43.568 TX00 StockNo Format Error 
[9324] 2017/11/27 15:47:43.572 SKOSQuoteLib_RequestTicks (0,TX00)
[9324] 2017/11/27 15:47:43.572 StockNo Format Error 
[12748] 2017/11/27 16:20:32.527 Connect Server: FORT14.capital.com.tw 443
[12748] 2017/11/27 16:20:35.918 SK_SUBJECT_CONNECTION_CONNECTED메Code: 0
[12748] 2017/11/27 16:20:36.818 OnConnect ( 3001 , 0 ) 
[12748] 2017/11/27 16:20:42.776 SKOSQuoteLib_RequestStocks (0,CME,ES_1712)
[12748] 2017/11/27 16:20:42.780 SKOSQuoteLib_RequestTicks (1,CME,ES_1712)
[12904] 2017/11/27 16:21:02.210 Connect Server: FORT03.capital.com.tw 443
[12904] 2017/11/27 16:21:05.461 SK_SUBJECT_CONNECTION_CONNECTED메Code: 0
[12904] 2017/11/27 16:21:06.358 OnConnect ( 3001 , 0 ) 
[12904] 2017/11/27 16:21:16.563 SKOSQuoteLib_RequestStocks (0,TX00)
[12904] 2017/11/27 16:21:16.563 TX00 StockNo Format Error 
[12904] 2017/11/27 16:21:16.565 SKOSQuoteLib_RequestTicks (0,TX00)
[12904] 2017/11/27 16:21:16.565 StockNo Format Error 
[8628] 2017/11/27 16:24:52.878 Connect Server: FORT14.capital.com.tw 443
[8628] 2017/11/27 16:24:56.059 SK_SUBJECT_CONNECTION_CONNECTED메Code: 0
[8628] 2017/11/27 16:24:56.967 OnConnect ( 3001 , 0 ) 
[8628] 2017/11/27 16:25:06.837 SKOSQuoteLib_RequestStocks (0,TX00)
[8628] 2017/11/27 16:25:06.837 TX00 StockNo Format Error 
[8628] 2017/11/27 16:25:06.840 SKOSQuoteLib_RequestTicks (0,TX00)
[8628] 2017/11/27 16:25:06.840 StockNo Format Error 
[8628] 2017/11/27 16:29:32.784 -----------------------------------------------------------------
[2852] 2017/11/27 18:43:27.520 Connect Server: FORT14.capital.com.tw 443
[2852] 2017/11/27 18:43:30.584 SK_SUBJECT_CONNECTION_CONNECTED메Code: 0
[2852] 2017/11/27 18:43:31.457 OnConnect ( 3001 , 0 ) 
[2852] 2017/11/27 18:43:40.789 SKOSQuoteLib_RequestStocks (0,TX00)
[2852] 2017/11/27 18:43:40.789 TX00 StockNo Format Error 
[2852] 2017/11/27 18:43:40.791 SKOSQuoteLib_RequestTicks (0,TX00)
[2852] 2017/11/27 18:43:40.791 StockNo Format Error 
[12516] 2017/11/27 18:48:34.232 Connect Server: FORT14.capital.com.tw 443
[12516] 2017/11/27 18:48:37.189 SK_SUBJECT_CONNECTION_CONNECTED메Code: 0
[12516] 2017/11/27 18:48:38.078 OnConnect ( 3001 , 0 ) 
[12516] 2017/11/27 18:48:48.834 SKOSQuoteLib_RequestStocks (0,TX00)
[12516] 2017/11/27 18:48:48.834 TX00 StockNo Format Error 
[12516] 2017/11/27 18:48:48.836 SKOSQuoteLib_RequestTicks (0,TX00)
[12516] 2017/11/27 18:48:48.836 StockNo Format Error 
[10988] 2017/11/27 18:51:07.182 Connect Server: FORT14.capital.com.tw 443
[10988] 2017/11/27 18:51:10.035 SK_SUBJECT_CONNECTION_CONNECTED메Code: 0
[10988] 2017/11/27 18:51:10.980 OnConnect ( 3001 , 0 ) 
[10988] 2017/11/27 18:51:20.236 SKOSQuoteLib_RequestStocks (0,TX00)
[10988] 2017/11/27 18:51:20.236 TX00 StockNo Format Error 
[10988] 2017/11/27 18:51:20.238 SKOSQuoteLib_RequestTicks (0,TX00)
[10988] 2017/11/27 18:51:20.238 StockNo Format Error 
[13756] 2017/11/27 18:52:52.479 Connect Server: FORT14.capital.com.tw 443
[13756] 2017/11/27 18:52:55.526 SK_SUBJECT_CONNECTION_CONNECTED메Code: 0
[13756] 2017/11/27 18:52:56.377 OnConnect ( 3001 , 0 ) 
[13756] 2017/11/27 18:53:06.859 SKOSQuoteLib_RequestStocks (0,TX00)
[13756] 2017/11/27 18:53:06.859 TX00 StockNo Format Error 
[13756] 2017/11/27 18:53:06.862 SKOSQuoteLib_RequestTicks (0,TX00)
[13756] 2017/11/27 18:53:06.862 StockNo Format Error 
[9324] 2017/11/27 18:55:25.869 Connect Server: FORT03.capital.com.tw 443
[9324] 2017/11/27 18:55:28.901 SK_SUBJECT_CONNECTION_CONNECTED메Code: 0
[9324] 2017/11/27 18:55:29.806 OnConnect ( 3001 , 0 ) 
[9324] 2017/11/27 18:55:39.277 SKOSQuoteLib_RequestStocks (0,TX00)
[9324] 2017/11/27 18:55:39.277 TX00 StockNo Format Error 
[9324] 2017/11/27 18:55:39.279 SKOSQuoteLib_RequestTicks (0,TX00)
[9324] 2017/11/27 18:55:39.279 StockNo Format Error 
[11500] 2017/11/27 18:59:41.402 Connect Server: FORT14.capital.com.tw 443
[11500] 2017/11/27 18:59:44.376 SK_SUBJECT_CONNECTION_CONNECTED메Code: 0
[11500] 2017/11/27 18:59:45.273 OnConnect ( 3001 , 0 ) 
[11500] 2017/11/27 18:59:55.667 SKOSQuoteLib_RequestStocks (0,TX00)
[11500] 2017/11/27 18:59:55.667 TX00 StockNo Format Error 
[11500] 2017/11/27 18:59:55.670 SKOSQuoteLib_RequestTicks (0,TX00)
[11500] 2017/11/27 18:59:55.670 StockNo Format Error 
[1608] 2017/11/27 19:01:32.836 Connect Server: FORT14.capital.com.tw 443
[1608] 2017/11/27 19:01:35.979 SK_SUBJECT_CONNECTION_CONNECTED메Code: 0
[1608] 2017/11/27 19:01:36.853 OnConnect ( 3001 , 0 ) 
[1608] 2017/11/27 19:01:48.109 SKOSQuoteLib_RequestStocks (0,TX00)
[1608] 2017/11/27 19:01:48.109 TX00 StockNo Format Error 
[1608] 2017/11/27 19:01:48.112 SKOSQuoteLib_RequestTicks (0,TX00)
[1608] 2017/11/27 19:01:48.112 StockNo Format Error 
[11396] 2017/11/27 19:30:54.852 Connect Server: FORT03.capital.com.tw 443
[11396] 2017/11/27 19:30:57.760 SK_SUBJECT_CONNECTION_CONNECTED메Code: 0
[11396] 2017/11/27 19:30:58.671 OnConnect ( 3001 , 0 ) 
[11396] 2017/11/27 19:31:08.947 SKOSQuoteLib_RequestStocks (0,TX00)
[11396] 2017/11/27 19:31:08.947 TX00 StockNo Format Error 
[11396] 2017/11/27 19:31:08.950 SKOSQuoteLib_RequestTicks (0,TX00)
[11396] 2017/11/27 19:31:08.950 StockNo Format Error 
[8008] 2017/11/27 19:32:39.815 Connect Server: FORT14.capital.com.tw 443
[8008] 2017/11/27 19:32:42.735 SK_SUBJECT_CONNECTION_CONNECTED메Code: 0
[8008] 2017/11/27 19:32:43.616 OnConnect ( 3001 , 0 ) 
[8008] 2017/11/27 19:32:54.089 SKOSQuoteLib_RequestStocks (0,TX00)
[8008] 2017/11/27 19:32:54.089 TX00 StockNo Format Error 
[8008] 2017/11/27 19:32:54.092 SKOSQuoteLib_RequestTicks (0,TX00)
[8008] 2017/11/27 19:32:54.092 StockNo Format Error 
[6348] 2017/11/27 19:36:15.725 Connect Server: FORT14.capital.com.tw 443
[6348] 2017/11/27 19:36:18.673 SK_SUBJECT_CONNECTION_CONNECTED메Code: 0
[6348] 2017/11/27 19:36:19.564 OnConnect ( 3001 , 0 ) 
[6348] 2017/11/27 19:36:29.227 SKOSQuoteLib_RequestStocks (0,TX00)
[6348] 2017/11/27 19:36:29.227 TX00 StockNo Format Error 
[6348] 2017/11/27 19:36:29.229 SKOSQuoteLib_RequestTicks (0,TX00)
[6348] 2017/11/27 19:36:29.229 StockNo Format Error 
[11844] 2017/11/27 19:38:37.420 Connect Server: FORT14.capital.com.tw 443
[11844] 2017/11/27 19:38:40.338 SK_SUBJECT_CONNECTION_CONNECTED메Code: 0
[11844] 2017/11/27 19:38:41.288 OnConnect ( 3001 , 0 ) 
[11844] 2017/11/27 19:38:52.614 SKOSQuoteLib_RequestStocks (0,TX00)
[11844] 2017/11/27 19:38:52.614 TX00 StockNo Format Error 
[11844] 2017/11/27 19:38:52.617 SKOSQuoteLib_RequestTicks (0,TX00)
[11844] 2017/11/27 19:38:52.617 StockNo Format Error 
[6012] 2017/11/27 22:13:36.365 Connect Server: FORT03.capital.com.tw 443
[12684] 2017/11/27 22:15:42.989 Connect Server: FORT14.capital.com.tw 443
[12684] 2017/11/27 22:15:43.617 SK_SUBJECT_CONNECTION_CONNECTED메Code: 0
[12684] 2017/11/27 22:15:44.508 OnConnect ( 3001 , 0 ) 
[12684] 2017/11/27 22:15:46.299 -----------------------------------------------------------------
[14152] 2017/11/27 22:16:35.506 Connect Server: FORT03.capital.com.tw 443
[14152] 2017/11/27 22:16:36.097 SK_SUBJECT_CONNECTION_CONNECTED메Code: 0
[14152] 2017/11/27 22:16:37.029 OnConnect ( 3001 , 0 ) 
[14152] 2017/11/27 22:19:31.336 SK_SUBJECT_CONNECTION_DISCONNECT메Code: 10054
[14152] 2017/11/27 22:21:29.929 OnConnect ( 3002 , 10054 ) 
[14152] 2017/11/27 22:24:17.875 -----------------------------------------------------------------
[14024] 2017/11/27 22:24:45.005 Connect Server: FORT03.capital.com.tw 443
[14024] 2017/11/27 22:24:48.284 SK_SUBJECT_CONNECTION_CONNECTED메Code: 0
[14024] 2017/11/27 22:24:49.089 OnConnect ( 3001 , 0 ) 
[12556] 2017/11/27 22:28:23.403 Connect Server: FORT03.capital.com.tw 443
[12556] 2017/11/27 22:28:26.689 SK_SUBJECT_CONNECTION_CONNECTED메Code: 0
[12556] 2017/11/27 22:28:27.590 OnConnect ( 3001 , 0 ) 
[12556] 2017/11/27 22:28:39.255 SKOSQuoteLib_RequestStocks (0,TX00)
[12556] 2017/11/27 22:28:39.255 TX00 StockNo Format Error 
[12556] 2017/11/27 22:28:39.258 SKOSQuoteLib_RequestTicks (0,TX00)
[12556] 2017/11/27 22:28:39.258 StockNo Format Error 
[4636] 2017/11/27 22:30:34.746 Connect Server: FORT03.capital.com.tw 443
[4636] 2017/11/27 22:30:37.799 SK_SUBJECT_CONNECTION_CONNECTED메Code: 0
[4636] 2017/11/27 22:30:38.748 OnConnect ( 3001 , 0 ) 
[4636] 2017/11/27 22:30:48.411 SKOSQuoteLib_RequestStocks (0,TX00)
[4636] 2017/11/27 22:30:48.411 TX00 StockNo Format Error 
[4636] 2017/11/27 22:30:48.413 SKOSQuoteLib_RequestTicks (0,TX00)
[4636] 2017/11/27 22:30:48.413 StockNo Format Error 
[8800] 2017/11/27 22:31:42.124 Connect Server: FORT14.capital.com.tw 443
[8800] 2017/11/27 22:31:45.230 SK_SUBJECT_CONNECTION_CONNECTED메Code: 0
[8800] 2017/11/27 22:31:46.120 OnConnect ( 3001 , 0 ) 
[8800] 2017/11/27 22:31:52.456 SKOSQuoteLib_RequestStocks (0,TX00)
[8800] 2017/11/27 22:31:52.456 TX00 StockNo Format Error 
[8800] 2017/11/27 22:31:52.459 SKOSQuoteLib_RequestTicks (0,TX00)
[8800] 2017/11/27 22:31:52.459 StockNo Format Error 
[11784] 2017/11/27 22:32:50.177 Connect Server: FORT03.capital.com.tw 443
[11784] 2017/11/27 22:32:53.338 SK_SUBJECT_CONNECTION_CONNECTED메Code: 0
[11784] 2017/11/27 22:32:54.218 OnConnect ( 3001 , 0 ) 
[11784] 2017/11/27 22:33:02.485 SKOSQuoteLib_RequestStocks (0,TX00)
[11784] 2017/11/27 22:33:02.485 TX00 StockNo Format Error 
[11784] 2017/11/27 22:33:02.488 SKOSQuoteLib_RequestTicks (0,TX00)
[11784] 2017/11/27 22:33:02.488 StockNo Format Error 
[11784] 2017/11/27 22:50:21.617 -----------------------------------------------------------------
[13376] 2017/11/27 22:52:19.630 Connect Server: FORT14.capital.com.tw 443
[13376] 2017/11/27 22:52:22.802 SK_SUBJECT_CONNECTION_CONNECTED메Code: 0
[13376] 2017/11/27 22:52:23.690 OnConnect ( 3001 , 0 ) 
[13376] 2017/11/27 22:52:31.731 SKOSQuoteLib_RequestStocks (0,TX00)
[13376] 2017/11/27 22:52:31.731 TX00 StockNo Format Error 
[13376] 2017/11/27 22:52:31.734 SKOSQuoteLib_RequestTicks (0,TX00)
[13376] 2017/11/27 22:52:31.734 StockNo Format Error 
[9724] 2017/11/27 22:54:20.537 Connect Server: FORT03.capital.com.tw 443
[9724] 2017/11/27 22:54:23.750 SK_SUBJECT_CONNECTION_CONNECTED메Code: 0
[9724] 2017/11/27 22:54:24.647 OnConnect ( 3001 , 0 ) 
[9724] 2017/11/27 22:54:29.993 SKOSQuoteLib_RequestStocks (0,TX00)
[9724] 2017/11/27 22:54:29.993 TX00 StockNo Format Error 
[9724] 2017/11/27 22:54:29.998 SKOSQuoteLib_RequestTicks (0,TX00)
[9724] 2017/11/27 22:54:29.998 StockNo Format Error 
[12732] 2017/11/27 22:56:08.411 Connect Server: FORT14.capital.com.tw 443
[12732] 2017/11/27 22:56:11.636 SK_SUBJECT_CONNECTION_CONNECTED메Code: 0
[12732] 2017/11/27 22:56:12.530 OnConnect ( 3001 , 0 ) 
[12732] 2017/11/27 22:56:20.185 SKOSQuoteLib_RequestStocks (0,TX00)
[12732] 2017/11/27 22:56:20.185 TX00 StockNo Format Error 
[12732] 2017/11/27 22:56:20.187 SKOSQuoteLib_RequestTicks (0,TX00)
[12732] 2017/11/27 22:56:20.187 StockNo Format Error 
[5532] 2017/11/27 23:01:59.957 Connect Server: FORT03.capital.com.tw 443
[5532] 2017/11/27 23:02:02.971 SK_SUBJECT_CONNECTION_CONNECTED메Code: 0
[5532] 2017/11/27 23:02:03.868 OnConnect ( 3001 , 0 ) 
[5532] 2017/11/27 23:02:13.124 SKOSQuoteLib_RequestStocks (0,CME,ES_1712)
[5532] 2017/11/27 23:02:13.128 SKOSQuoteLib_RequestTicks (1,CME,ES_1712)
[8676] 2017/11/27 23:09:24.506 Connect Server: FORT03.capital.com.tw 443
[8676] 2017/11/27 23:09:27.721 SK_SUBJECT_CONNECTION_CONNECTED메Code: 0
[8676] 2017/11/27 23:09:28.620 OnConnect ( 3001 , 0 ) 
[14104] 2017/11/27 23:10:32.624 Connect Server: FORT14.capital.com.tw 443
[14104] 2017/11/27 23:10:35.561 SK_SUBJECT_CONNECTION_CONNECTED메Code: 0
[14104] 2017/11/27 23:10:36.446 OnConnect ( 3001 , 0 ) 
[14104] 2017/11/27 23:10:45.639 SKOSQuoteLib_RequestStocks (0,TX00)
[14104] 2017/11/27 23:10:45.639 TX00 StockNo Format Error 
[14104] 2017/11/27 23:10:45.641 SKOSQuoteLib_RequestTicks (0,TX00)
[14104] 2017/11/27 23:10:45.641 StockNo Format Error 
[14104] 2017/11/27 23:41:13.565 SK_SUBJECT_CONNECTION_DISCONNECT메Code: 10053
[14104] 2017/11/28 00:01:01.278 OnConnect ( 3002 , 10053 ) 
[12740] 2017/11/27 00:02:40.060 Connect Server: FORT14.capital.com.tw 443
[12740] 2017/11/27 00:02:43.383 SK_SUBJECT_CONNECTION_CONNECTED메Code: 0
[12740] 2017/11/27 00:02:44.276 OnConnect ( 3001 , 0 ) 
[12740] 2017/11/27 00:03:01.906 SKOSQuoteLib_RequestStocks (0,TX00)
[12740] 2017/11/27 00:03:01.906 TX00 StockNo Format Error 
[12740] 2017/11/27 00:03:01.909 SKOSQuoteLib_RequestTicks (0,TX00)
[12740] 2017/11/27 00:03:01.909 StockNo Format Error 
