-----------------------------------------------------------------
[12096] 2017/12/24 10:38:27.030 Connect Server: FORT14.capital.com.tw 443
[12096] 2017/12/24 10:38:30.553 SK_SUBJECT_CONNECTION_CONNECTED¡ACode: 0
[12096] 2017/12/24 10:38:31.101 OnConnect ( 3001 , 0 ) 
[12096] 2017/12/24 10:38:32.321 SKOSQuoteLib_RequestServerTime()
[12096] 2017/12/24 10:38:33.098 SKOSQuoteLib_RequestServerTime()
[12096] 2017/12/24 10:38:34.100 SKOSQuoteLib_RequestServerTime()
[12096] 2017/12/24 10:38:35.102 SKOSQuoteLib_RequestServerTime()
[12096] 2017/12/24 10:38:36.097 SKOSQuoteLib_RequestServerTime()
[12096] 2017/12/24 10:38:37.111 SKOSQuoteLib_RequestServerTime()
[12096] 2017/12/24 10:38:38.111 SKOSQuoteLib_RequestServerTime()
[12096] 2017/12/24 10:38:39.577 SKOSQuoteLib_RequestServerTime()
[12096] 2017/12/24 10:38:40.099 SKOSQuoteLib_RequestServerTime()
[12096] 2017/12/24 10:38:41.100 SKOSQuoteLib_RequestServerTime()
[12096] 2017/12/24 10:38:42.098 SKOSQuoteLib_RequestServerTime()
[12096] 2017/12/24 10:38:43.101 SKOSQuoteLib_RequestServerTime()
[12096] 2017/12/24 10:38:44.102 SKOSQuoteLib_RequestServerTime()
[12096] 2017/12/24 10:38:45.096 SKOSQuoteLib_RequestServerTime()
[12096] 2017/12/24 10:38:46.098 SKOSQuoteLib_RequestServerTime()
[12096] 2017/12/24 10:38:47.135 SKOSQuoteLib_RequestServerTime()
[12096] 2017/12/24 10:38:48.103 SKOSQuoteLib_RequestServerTime()
[12096] 2017/12/24 10:38:49.102 SKOSQuoteLib_RequestServerTime()
[12096] 2017/12/24 10:38:50.103 SKOSQuoteLib_RequestServerTime()
[12096] 2017/12/24 10:39:15.586 SKOSQuoteLib_RequestServerTime()
[12096] 2017/12/24 10:39:16.097 SKOSQuoteLib_RequestServerTime()
[12096] 2017/12/24 10:39:17.098 SKOSQuoteLib_RequestServerTime()
[12096] 2017/12/24 10:39:18.099 SKOSQuoteLib_RequestServerTime()
[12096] 2017/12/24 10:39:19.101 SKOSQuoteLib_RequestServerTime()
[12096] 2017/12/24 10:39:20.111 SKOSQuoteLib_RequestServerTime()
[12096] 2017/12/24 10:39:21.099 SKOSQuoteLib_RequestServerTime()
[12096] 2017/12/24 10:39:22.099 SKOSQuoteLib_RequestServerTime()
[12096] 2017/12/24 10:39:23.100 SKOSQuoteLib_RequestServerTime()
[12096] 2017/12/24 10:39:24.099 SKOSQuoteLib_RequestServerTime()
[12096] 2017/12/24 10:39:25.098 SKOSQuoteLib_RequestServerTime()
[12096] 2017/12/24 10:39:26.101 SKOSQuoteLib_RequestServerTime()
[12096] 2017/12/24 10:39:27.111 SKOSQuoteLib_RequestServerTime()
[12096] 2017/12/24 10:39:28.098 SKOSQuoteLib_RequestServerTime()
[12096] 2017/12/24 10:39:29.097 SKOSQuoteLib_RequestServerTime()
[12096] 2017/12/24 10:39:30.100 SKOSQuoteLib_RequestServerTime()
[12096] 2017/12/24 10:39:31.100 SKOSQuoteLib_RequestServerTime()
[12096] 2017/12/24 10:39:32.097 SKOSQuoteLib_RequestServerTime()
[12096] 2017/12/24 10:39:33.264 SKOSQuoteLib_RequestServerTime()
[12096] 2017/12/24 10:39:34.098 SKOSQuoteLib_RequestServerTime()
[12096] 2017/12/24 10:39:35.111 SKOSQuoteLib_RequestServerTime()
[12096] 2017/12/24 10:39:36.097 SKOSQuoteLib_RequestServerTime()
[12096] 2017/12/24 10:39:37.102 SKOSQuoteLib_RequestServerTime()
[12096] 2017/12/24 10:39:38.099 SKOSQuoteLib_RequestServerTime()
[12096] 2017/12/24 10:39:39.101 SKOSQuoteLib_RequestServerTime()
[12096] 2017/12/24 10:39:40.100 SKOSQuoteLib_RequestServerTime()
[12096] 2017/12/24 10:39:41.101 SKOSQuoteLib_RequestServerTime()
[12096] 2017/12/24 10:39:42.097 SKOSQuoteLib_RequestServerTime()
[12096] 2017/12/24 10:39:43.098 SKOSQuoteLib_RequestServerTime()
[12096] 2017/12/24 10:39:44.101 SKOSQuoteLib_RequestServerTime()
[12096] 2017/12/24 10:39:45.097 SKOSQuoteLib_RequestServerTime()
[12096] 2017/12/24 10:39:46.100 SKOSQuoteLib_RequestServerTime()
[12096] 2017/12/24 10:39:47.104 SKOSQuoteLib_RequestServerTime()
[12096] 2017/12/24 10:39:48.111 SKOSQuoteLib_RequestServerTime()
[12096] 2017/12/24 10:39:49.097 SKOSQuoteLib_RequestServerTime()
[12096] 2017/12/24 10:39:50.100 SKOSQuoteLib_RequestServerTime()
[12096] 2017/12/24 10:39:51.103 SKOSQuoteLib_RequestServerTime()
[12096] 2017/12/24 10:39:52.099 SKOSQuoteLib_RequestServerTime()
[12096] 2017/12/24 10:39:53.098 SKOSQuoteLib_RequestServerTime()
[12096] 2017/12/24 10:39:54.102 SKOSQuoteLib_RequestServerTime()
[12096] 2017/12/24 10:39:55.099 SKOSQuoteLib_RequestServerTime()
[12096] 2017/12/24 10:39:56.097 SKOSQuoteLib_RequestServerTime()
[12096] 2017/12/24 10:39:57.098 SKOSQuoteLib_RequestServerTime()
[12096] 2017/12/24 10:39:58.100 SKOSQuoteLib_RequestServerTime()
[12096] 2017/12/24 10:39:59.102 SKOSQuoteLib_RequestServerTime()
[12096] 2017/12/24 10:40:00.097 SKOSQuoteLib_RequestServerTime()
[12096] 2017/12/24 10:40:01.100 SKOSQuoteLib_RequestServerTime()
