-----------------------------------------------------------------
[14012] 2017/12/25 13:52:11.416 SKQuoteLib_GetKLine(0,CME,ES_1803 )
[14012] 2017/12/25 13:52:13.122 SKQuoteLib_GetKLine(3,CME,ES_1803 )
[14012] 2017/12/25 13:52:15.742  SKQuoteLib_RequestTicks ( 0 , CME,ES_1803 )
[14012] 2017/12/25 13:52:30.631 SKQuoteLib_GetKLine(0,CME,ES_1803 )
[14012] 2017/12/25 13:52:33.340 SKQuoteLib_GetKLine(3,CME,ES_1803 )
[14012] 2017/12/25 13:52:34.489  SKQuoteLib_RequestTicks ( 0 , CME,ES_1803 )
[14012] 2017/12/25 13:53:58.332 -----------------------------------------------------------------
[5512] 2017/12/25 13:54:15.682 SKQuoteLib_GetKLine(0,CME,ES_1803 )
[5512] 2017/12/25 13:54:17.193 SKQuoteLib_GetKLine(3,CME,ES_1803 )
[5512] 2017/12/25 13:54:17.851  SKQuoteLib_RequestTicks ( 0 , CME,ES_1803 )
[5512] 2017/12/25 13:54:26.778 SKQuoteLib_GetKLine(0,CME,ES_1803 )
[5512] 2017/12/25 13:54:28.842 SKQuoteLib_GetKLine(3,CME,ES_1803 )
[5512] 2017/12/25 13:54:29.817  SKQuoteLib_RequestTicks ( 0 , CME,ES_1803 )
[5512] 2017/12/25 13:54:51.846 -----------------------------------------------------------------
[2940] 2017/12/25 14:17:00.197 SKQuoteLib_GetKLine(0,CME,ES_1803 )
[2940] 2017/12/25 14:17:01.605 SKQuoteLib_GetKLine(3,CME,ES_1803 )
[2940] 2017/12/25 14:17:23.012 SKQuoteLib_GetKLine(0,CME,ES_1803 )
[2940] 2017/12/25 14:17:24.436 SKQuoteLib_GetKLine(3,CME,ES_1803 )
[2940] 2017/12/25 14:17:32.128  SKQuoteLib_RequestTicks ( 0 , CME,ES_1803 )
[15080] 2017/12/25 14:22:06.212 SKQuoteLib_GetKLine(0,CME,ES_1803 )
[15080] 2017/12/25 14:22:08.608 SKQuoteLib_GetKLine(3,CME,ES_1803 )
[8476] 2017/12/25 14:22:40.760 SKQuoteLib_GetKLine(0,CME,ES_1803 )
[8476] 2017/12/25 14:22:42.318 SKQuoteLib_GetKLine(3,CME,ES_1803 )
[15164] 2017/12/25 14:24:00.872 SKQuoteLib_GetKLine(0,CME,ES_1803 )
[15164] 2017/12/25 14:24:02.780 SKQuoteLib_GetKLine(3,CME,ES_1803 )
[15164] 2017/12/25 14:24:12.813 SKQuoteLib_LeaveMonitor() 
[15164] 2017/12/25 14:24:13.639 -----------------------------------------------------------------
[11672] 2017/12/25 14:24:59.337 SKQuoteLib_GetKLine(0,CME,ES_1803 )
[11672] 2017/12/25 14:25:00.980 SKQuoteLib_GetKLine(3,CME,ES_1803 )
[11672] 2017/12/25 14:25:01.293 SKQuoteLib_LeaveMonitor() 
[11672] 2017/12/25 14:25:01.685 -----------------------------------------------------------------
[3488] 2017/12/25 14:25:56.778 SKQuoteLib_GetKLine(0,CME,ES_1803 )
[3488] 2017/12/25 14:25:58.519 SKQuoteLib_GetKLine(3,CME,ES_1803 )
[3488] 2017/12/25 14:25:59.358 SKQuoteLib_LeaveMonitor() 
[3488] 2017/12/25 14:26:00.858 -----------------------------------------------------------------
[11724] 2017/12/25 14:26:31.962 SKQuoteLib_GetKLine(0,CME,ES_1803 )
[11724] 2017/12/25 14:26:33.711 SKQuoteLib_GetKLine(3,CME,ES_1803 )
[11724] 2017/12/25 14:28:16.866 -----------------------------------------------------------------
