-----------------------------------------------------------------
[17788] 2017/10/26 13:36:47.326 >> Host srvsolace-tp.capital.com.tw
[17788] 2017/10/26 13:36:50.030 連線
[20560] 2017/10/26 13:38:00.824 >> Host srvsolace-fg.capital.com.tw
[20560] 2017/10/26 13:38:03.527 連線
[20756] 2017/10/26 13:45:37.069 >> Host srvsolace-fg.capital.com.tw
[20756] 2017/10/26 13:45:39.722 連線
[13524] 2017/10/26 13:48:24.445 >> Host srvsolace-tp.capital.com.tw
[13524] 2017/10/26 13:48:26.951 連線
[9648] 2017/10/26 14:01:29.064 >> Host srvsolace-tp.capital.com.tw
[9648] 2017/10/26 14:01:31.727 連線
[15912] 2017/10/26 14:07:22.265 >> Host srvsolace-fg.capital.com.tw
[15912] 2017/10/26 14:07:24.935 連線
[16116] 2017/10/26 14:09:47.168 >> Host srvsolace-fg.capital.com.tw
[16116] 2017/10/26 14:09:49.669 連線
[17352] 2017/10/26 14:10:44.370 >> Host srvsolace-fg.capital.com.tw
[17352] 2017/10/26 14:10:46.982 連線
[21024] 2017/10/26 14:14:22.400 >> Host srvsolace-fg.capital.com.tw
[21024] 2017/10/26 14:14:24.928 連線
[1984] 2017/10/26 14:15:49.524 >> Host srvsolace-tp.capital.com.tw
[1984] 2017/10/26 14:15:52.174 連線
[10024] 2017/10/26 14:44:57.734 >> Host srvsolace-tp.capital.com.tw
[10024] 2017/10/26 14:45:00.383 連線
[21132] 2017/10/26 14:58:00.211 >> Host srvsolace-fg.capital.com.tw
[21132] 2017/10/26 14:58:02.797 連線
[16872] 2017/10/26 15:00:22.259 >> Host srvsolace-fg.capital.com.tw
[16872] 2017/10/26 15:00:24.835 連線
[21008] 2017/10/26 15:02:49.939 >> Host srvsolace-tp.capital.com.tw
[21008] 2017/10/26 15:02:52.628 連線
[20276] 2017/10/26 15:25:28.048 >> Host srvsolace-fg.capital.com.tw
[20276] 2017/10/26 15:25:30.607 連線
[16824] 2017/10/26 15:25:53.742 >> Host srvsolace-fg.capital.com.tw
[16824] 2017/10/26 15:25:56.344 連線
[15300] 2017/10/26 15:26:33.120 >> Host srvsolace-tp.capital.com.tw
[15300] 2017/10/26 15:26:35.818 連線
[20260] 2017/10/26 15:27:14.036 >> Host srvsolace-fg.capital.com.tw
[20260] 2017/10/26 15:27:16.699 連線
[19644] 2017/10/26 15:27:35.089 >> Host srvsolace-fg.capital.com.tw
[19644] 2017/10/26 15:27:37.217 連線
[1552] 2017/10/26 15:34:26.967 >> Host srvsolace-tp.capital.com.tw
[1552] 2017/10/26 15:34:29.125 連線
[1552] 2017/10/26 15:38:12.652 -----------------------------------------------------------------
[2656] 2017/10/26 15:39:22.630 >> Host srvsolace-fg.capital.com.tw
[2656] 2017/10/26 15:39:25.238 連線
[17880] 2017/10/26 15:44:13.983 >> Host srvsolace-fg.capital.com.tw
[17880] 2017/10/26 15:44:16.645 連線
[18052] 2017/10/26 15:44:56.983 >> Host srvsolace-fg.capital.com.tw
[18052] 2017/10/26 15:44:59.590 連線
[14172] 2017/10/26 16:29:33.712 >> Host srvsolace-fg.capital.com.tw
[14172] 2017/10/26 16:29:36.287 連線
[1360] 2017/10/26 17:00:52.336 >> Host srvsolace-tp.capital.com.tw
[1360] 2017/10/26 17:00:54.958 連線
