-----------------------------------------------------------------
[10060] 2017/11/19 14:59:05.676 Connect Server: FORT14.capital.com.tw 443
[10060] 2017/11/19 14:59:09.371 SK_SUBJECT_CONNECTION_CONNECTED메Code: 0
[10060] 2017/11/19 14:59:10.266 OnConnect ( 3001 , 0 ) 
[10060] 2017/11/19 14:59:24.874 SKOSQuoteLib_RequestStocks (0,CME,ES_1712)
[10060] 2017/11/19 14:59:24.880 SKOSQuoteLib_RequestTicks (1,CME,ES_1712)
[10060] 2017/11/19 15:00:57.197 SKOSQuoteLib_RequestStocks (0,CME,ES_1712)
[10060] 2017/11/19 15:00:58.346 SKOSQuoteLib_RequestTicks (2,CME,ES_1712)
[10060] 2017/11/19 15:02:21.509 SKOSQuoteLib_RequestStocks (0,CME,ES_1712)
[10060] 2017/11/19 15:02:46.017 SKOSQuoteLib_RequestTicks (3,CME,ES_1712)
[11584] 2017/11/19 15:03:07.471 Connect Server: FORT14.capital.com.tw 443
[11584] 2017/11/19 15:03:10.454 SK_SUBJECT_CONNECTION_CONNECTED메Code: 0
[11584] 2017/11/19 15:03:11.348 OnConnect ( 3001 , 0 ) 
[11584] 2017/11/19 15:03:16.536 SKOSQuoteLib_RequestStocks (0,CME,ES_1712)
[11584] 2017/11/19 15:03:16.541 SKOSQuoteLib_RequestTicks (1,CME,ES_1712)
[9892] 2017/11/19 15:21:28.069 Connect Server: FORT14.capital.com.tw 443
[9892] 2017/11/19 15:21:31.387 SK_SUBJECT_CONNECTION_CONNECTED메Code: 0
[9892] 2017/11/19 15:21:32.303 OnConnect ( 3001 , 0 ) 
[9892] 2017/11/19 15:21:59.934 SKOSQuoteLib_RequestStocks (0,CME,ES_1712)
[9892] 2017/11/19 15:21:59.966 SKOSQuoteLib_RequestTicks (1,CME,ES_1712)
[2960] 2017/11/19 15:45:24.384 Connect Server: FORT03.capital.com.tw 443
[2960] 2017/11/19 15:45:28.181 SK_SUBJECT_CONNECTION_CONNECTED메Code: 0
[2960] 2017/11/19 15:45:29.067 OnConnect ( 3001 , 0 ) 
[2960] 2017/11/19 15:45:39.424 SKOSQuoteLib_RequestStocks (0,CME,ES_1712)
[2960] 2017/11/19 15:45:39.427 SKOSQuoteLib_RequestTicks (1,CME,ES_1712)
[6532] 2017/11/19 15:52:48.483 Connect Server: FORT03.capital.com.tw 443
[6532] 2017/11/19 15:52:51.720 SK_SUBJECT_CONNECTION_CONNECTED메Code: 0
[6532] 2017/11/19 15:52:52.624 OnConnect ( 3001 , 0 ) 
[6532] 2017/11/19 15:57:43.977 SK_SUBJECT_CONNECTION_DISCONNECT메Code: 10054
[9752] 2017/11/19 15:58:42.381 Connect Server: FORT14.capital.com.tw 443
[9752] 2017/11/19 15:58:43.098 SK_SUBJECT_CONNECTION_CONNECTED메Code: 0
[9752] 2017/11/19 15:58:44.026 OnConnect ( 3001 , 0 ) 
[9752] 2017/11/19 16:02:52.162 SK_SUBJECT_CONNECTION_DISCONNECT메Code: 10054
[9752] 2017/11/19 16:03:18.477 OnConnect ( 3002 , 10054 ) 
[9752] 2017/11/19 16:04:12.273 -----------------------------------------------------------------
[7332] 2017/11/19 16:39:25.214 Connect Server: FORT14.capital.com.tw 443
[7332] 2017/11/19 16:39:28.255 SK_SUBJECT_CONNECTION_CONNECTED메Code: 0
[7332] 2017/11/19 16:39:29.149 OnConnect ( 3001 , 0 ) 
[6996] 2017/11/19 16:40:05.566 Connect Server: FORT03.capital.com.tw 443
[6996] 2017/11/19 16:40:08.576 SK_SUBJECT_CONNECTION_CONNECTED메Code: 0
[6996] 2017/11/19 16:40:09.416 OnConnect ( 3001 , 0 ) 
[6996] 2017/11/19 16:40:18.717 SKOSQuoteLib_RequestStocks (0,CME,ES_1712)
[6996] 2017/11/19 16:40:18.719 SKOSQuoteLib_RequestTicks (1,CME,ES_1712)
[6996] 2017/11/19 16:40:49.754 SKOSQuoteLib_RequestStocks (0,TX00)
[6996] 2017/11/19 16:40:49.754 TX00 StockNo Format Error 
[6996] 2017/11/19 16:40:49.754 SKOSQuoteLib_RequestTicks (0,TX00)
[6996] 2017/11/19 16:40:49.754 StockNo Format Error 
[7432] 2017/11/19 17:25:03.874 Connect Server: FORT14.capital.com.tw 443
[7432] 2017/11/19 17:25:06.793 SK_SUBJECT_CONNECTION_CONNECTED메Code: 0
[7432] 2017/11/19 17:25:07.697 OnConnect ( 3001 , 0 ) 
[7432] 2017/11/19 17:25:21.875 SKOSQuoteLib_RequestStocks (0,TX00)
[7432] 2017/11/19 17:25:21.875 TX00 StockNo Format Error 
[7432] 2017/11/19 17:25:21.876 SKOSQuoteLib_RequestTicks (0,TX00)
[7432] 2017/11/19 17:25:21.876 StockNo Format Error 
[10312] 2017/11/19 17:25:52.776 Connect Server: FORT03.capital.com.tw 443
[10312] 2017/11/19 17:25:55.863 SK_SUBJECT_CONNECTION_CONNECTED메Code: 0
[10312] 2017/11/19 17:25:56.753 OnConnect ( 3001 , 0 ) 
[10312] 2017/11/19 17:26:08.072 SKOSQuoteLib_RequestStocks (0,TX00)
[10312] 2017/11/19 17:26:08.072 TX00 StockNo Format Error 
[10312] 2017/11/19 17:26:08.073 SKOSQuoteLib_RequestTicks (0,TX00)
[10312] 2017/11/19 17:26:08.073 StockNo Format Error 
[7272] 2017/11/19 17:27:52.162 Connect Server: FORT14.capital.com.tw 443
[7272] 2017/11/19 17:27:54.934 SK_SUBJECT_CONNECTION_CONNECTED메Code: 0
[7272] 2017/11/19 17:27:55.879 OnConnect ( 3001 , 0 ) 
[7272] 2017/11/19 17:28:09.081 SKOSQuoteLib_RequestStocks (0,TX00)
[7272] 2017/11/19 17:28:09.081 TX00 StockNo Format Error 
[7272] 2017/11/19 17:28:09.082 SKOSQuoteLib_RequestTicks (0,TX00)
[7272] 2017/11/19 17:28:09.082 StockNo Format Error 
[9028] 2017/11/19 17:30:11.132 Connect Server: FORT03.capital.com.tw 443
[9028] 2017/11/19 17:30:14.071 SK_SUBJECT_CONNECTION_CONNECTED메Code: 0
[9028] 2017/11/19 17:30:14.964 OnConnect ( 3001 , 0 ) 
[9028] 2017/11/19 17:30:28.552 SKOSQuoteLib_RequestStocks (0,TX00)
[9028] 2017/11/19 17:30:28.553 TX00 StockNo Format Error 
[9028] 2017/11/19 17:30:28.554 SKOSQuoteLib_RequestTicks (0,TX00)
[9028] 2017/11/19 17:30:28.554 StockNo Format Error 
[6124] 2017/11/19 17:32:22.540 Connect Server: FORT14.capital.com.tw 443
[6124] 2017/11/19 17:32:25.460 SK_SUBJECT_CONNECTION_CONNECTED메Code: 0
[6124] 2017/11/19 17:32:26.347 OnConnect ( 3001 , 0 ) 
[6124] 2017/11/19 17:32:37.588 SKOSQuoteLib_RequestStocks (0,TX00)
[6124] 2017/11/19 17:32:37.588 TX00 StockNo Format Error 
[6124] 2017/11/19 17:32:37.589 SKOSQuoteLib_RequestTicks (0,TX00)
[6124] 2017/11/19 17:32:37.589 StockNo Format Error 
[7824] 2017/11/19 17:38:52.152 Connect Server: FORT03.capital.com.tw 443
[7824] 2017/11/19 17:38:55.022 SK_SUBJECT_CONNECTION_CONNECTED메Code: 0
[7824] 2017/11/19 17:38:55.909 OnConnect ( 3001 , 0 ) 
[7232] 2017/11/19 17:40:20.567 Connect Server: FORT03.capital.com.tw 443
[7232] 2017/11/19 17:40:23.230 SK_SUBJECT_CONNECTION_CONNECTED메Code: 0
[7232] 2017/11/19 17:40:24.178 OnConnect ( 3001 , 0 ) 
[4760] 2017/11/19 17:41:08.874 Connect Server: FORT03.capital.com.tw 443
[4760] 2017/11/19 17:41:11.812 SK_SUBJECT_CONNECTION_CONNECTED메Code: 0
[4760] 2017/11/19 17:41:12.753 OnConnect ( 3001 , 0 ) 
[4760] 2017/11/19 17:41:26.955 SKOSQuoteLib_RequestStocks (0,TX00)
[4760] 2017/11/19 17:41:26.955 TX00 StockNo Format Error 
[4760] 2017/11/19 17:41:26.956 SKOSQuoteLib_RequestTicks (0,TX00)
[4760] 2017/11/19 17:41:26.956 StockNo Format Error 
[3564] 2017/11/19 17:44:37.547 Connect Server: FORT03.capital.com.tw 443
[3564] 2017/11/19 17:44:40.430 SK_SUBJECT_CONNECTION_CONNECTED메Code: 0
[3564] 2017/11/19 17:44:41.318 OnConnect ( 3001 , 0 ) 
[3564] 2017/11/19 17:44:53.806 SKOSQuoteLib_RequestStocks (0,TX00)
[3564] 2017/11/19 17:44:53.806 TX00 StockNo Format Error 
[3564] 2017/11/19 17:44:53.807 SKOSQuoteLib_RequestTicks (0,TX00)
[3564] 2017/11/19 17:44:53.807 StockNo Format Error 
[1368] 2017/11/19 17:47:59.700 Connect Server: FORT14.capital.com.tw 443
[1368] 2017/11/19 17:48:02.609 SK_SUBJECT_CONNECTION_CONNECTED메Code: 0
[1368] 2017/11/19 17:48:03.499 OnConnect ( 3001 , 0 ) 
[1284] 2017/11/19 17:54:03.212 Connect Server: FORT14.capital.com.tw 443
[1284] 2017/11/19 17:54:06.429 SK_SUBJECT_CONNECTION_CONNECTED메Code: 0
[1284] 2017/11/19 17:54:07.203 OnConnect ( 3001 , 0 ) 
[3760] 2017/11/19 17:57:25.424 Connect Server: FORT03.capital.com.tw 443
[3760] 2017/11/19 17:57:28.308 SK_SUBJECT_CONNECTION_CONNECTED메Code: 0
[3760] 2017/11/19 17:57:29.203 OnConnect ( 3001 , 0 ) 
[7364] 2017/11/19 18:01:19.774 Connect Server: FORT14.capital.com.tw 443
[7364] 2017/11/19 18:01:22.895 SK_SUBJECT_CONNECTION_CONNECTED메Code: 0
[7364] 2017/11/19 18:01:23.777 OnConnect ( 3001 , 0 ) 
[4576] 2017/11/19 18:03:09.343 Connect Server: FORT14.capital.com.tw 443
[4576] 2017/11/19 18:03:12.408 SK_SUBJECT_CONNECTION_CONNECTED메Code: 0
[4576] 2017/11/19 18:03:13.318 OnConnect ( 3001 , 0 ) 
[4576] 2017/11/19 18:03:23.622 SKOSQuoteLib_RequestStocks (0,CME,ES_1712)
[4576] 2017/11/19 18:03:23.624 SKOSQuoteLib_RequestTicks (1,CME,ES_1712)
[8188] 2017/11/19 18:03:42.344 Connect Server: FORT14.capital.com.tw 443
[8188] 2017/11/19 18:03:45.094 SK_SUBJECT_CONNECTION_CONNECTED메Code: 0
[8188] 2017/11/19 18:03:46.044 OnConnect ( 3001 , 0 ) 
[8188] 2017/11/19 18:04:15.450 SKOSQuoteLib_RequestStocks (0,TX00)
[8188] 2017/11/19 18:04:15.451 TX00 StockNo Format Error 
[8188] 2017/11/19 18:04:15.452 SKOSQuoteLib_RequestTicks (0,TX00)
[8188] 2017/11/19 18:04:15.452 StockNo Format Error 
[4820] 2017/11/19 20:58:53.892 Connect Server: FORT14.capital.com.tw 443
[4820] 2017/11/19 20:58:57.853 SK_SUBJECT_CONNECTION_CONNECTED메Code: 0
[4820] 2017/11/19 20:58:58.997 OnConnect ( 3001 , 0 ) 
[4820] 2017/11/19 20:59:10.606 SKOSQuoteLib_RequestStocks (0,CME,ES_1712)
[4820] 2017/11/19 20:59:10.832 SKOSQuoteLib_RequestTicks (1,CME,ES_1712)
[804] 2017/11/19 21:09:33.644 Connect Server: FORT03.capital.com.tw 443
[804] 2017/11/19 21:09:36.873 SK_SUBJECT_CONNECTION_CONNECTED메Code: 0
[804] 2017/11/19 21:09:37.763 OnConnect ( 3001 , 0 ) 
[804] 2017/11/19 21:09:47.332 SKOSQuoteLib_RequestStocks (0,TX00)
[804] 2017/11/19 21:09:47.332 TX00 StockNo Format Error 
[804] 2017/11/19 21:09:47.333 SKOSQuoteLib_RequestTicks (0,TX00)
[804] 2017/11/19 21:09:47.333 StockNo Format Error 
[8092] 2017/11/19 21:11:41.940 Connect Server: FORT03.capital.com.tw 443
[8092] 2017/11/19 21:11:44.759 SK_SUBJECT_CONNECTION_CONNECTED메Code: 0
[8092] 2017/11/19 21:11:45.699 OnConnect ( 3001 , 0 ) 
[8092] 2017/11/19 21:11:52.837 SKOSQuoteLib_RequestStocks (0,TX00)
[8092] 2017/11/19 21:11:52.838 TX00 StockNo Format Error 
[8092] 2017/11/19 21:11:52.839 SKOSQuoteLib_RequestTicks (0,TX00)
[8092] 2017/11/19 21:11:52.839 StockNo Format Error 
[7272] 2017/11/19 21:14:14.353 Connect Server: FORT03.capital.com.tw 443
[7272] 2017/11/19 21:14:17.865 SK_SUBJECT_CONNECTION_CONNECTED메Code: 0
[7272] 2017/11/19 21:14:18.766 OnConnect ( 3001 , 0 ) 
[7272] 2017/11/19 21:14:24.327 SKOSQuoteLib_RequestStocks (0,TX00)
[7272] 2017/11/19 21:14:24.327 TX00 StockNo Format Error 
[7272] 2017/11/19 21:14:24.328 SKOSQuoteLib_RequestTicks (0,TX00)
[7272] 2017/11/19 21:14:24.328 StockNo Format Error 
[4548] 2017/11/19 21:21:53.531 Connect Server: FORT03.capital.com.tw 443
[4548] 2017/11/19 21:21:57.342 SK_SUBJECT_CONNECTION_CONNECTED메Code: 0
[4548] 2017/11/19 21:21:58.132 OnConnect ( 3001 , 0 ) 
[4548] 2017/11/19 21:22:04.077 SKOSQuoteLib_RequestStocks (0,TX00)
[4548] 2017/11/19 21:22:04.077 TX00 StockNo Format Error 
[4548] 2017/11/19 21:22:04.078 SKOSQuoteLib_RequestTicks (0,TX00)
[4548] 2017/11/19 21:22:04.078 StockNo Format Error 
[4548] 2017/11/19 21:23:04.263 -----------------------------------------------------------------
[3800] 2017/11/19 21:25:44.893 Connect Server: FORT03.capital.com.tw 443
[3800] 2017/11/19 21:25:47.824 SK_SUBJECT_CONNECTION_CONNECTED메Code: 0
[3800] 2017/11/19 21:25:48.709 OnConnect ( 3001 , 0 ) 
[3800] 2017/11/19 21:25:55.175 SKOSQuoteLib_RequestStocks (0,TX00)
[3800] 2017/11/19 21:25:55.175 TX00 StockNo Format Error 
[3800] 2017/11/19 21:25:55.176 SKOSQuoteLib_RequestTicks (0,TX00)
[3800] 2017/11/19 21:25:55.176 StockNo Format Error 
[8836] 2017/11/19 21:26:52.116 Connect Server: FORT14.capital.com.tw 443
[8836] 2017/11/19 21:26:55.232 SK_SUBJECT_CONNECTION_CONNECTED메Code: 0
[8836] 2017/11/19 21:26:56.119 OnConnect ( 3001 , 0 ) 
[8836] 2017/11/19 21:27:03.240 SKOSQuoteLib_RequestStocks (0,TX00)
[8836] 2017/11/19 21:27:03.240 TX00 StockNo Format Error 
[8836] 2017/11/19 21:27:03.241 SKOSQuoteLib_RequestTicks (0,TX00)
[8836] 2017/11/19 21:27:03.241 StockNo Format Error 
[11172] 2017/11/19 23:40:10.957 Connect Server: FORT03.capital.com.tw 443
[11172] 2017/11/19 23:40:14.066 SK_SUBJECT_CONNECTION_CONNECTED메Code: 0
[11172] 2017/11/19 23:40:14.953 OnConnect ( 3001 , 0 ) 
[11172] 2017/11/19 23:40:23.128 SKOSQuoteLib_RequestStocks (0,TX00)
[11172] 2017/11/19 23:40:23.128 TX00 StockNo Format Error 
[11172] 2017/11/19 23:40:23.129 SKOSQuoteLib_RequestTicks (0,TX00)
[11172] 2017/11/19 23:40:23.129 StockNo Format Error 
[4164] 2017/11/19 23:41:00.234 Connect Server: FORT14.capital.com.tw 443
[4164] 2017/11/19 23:41:03.173 SK_SUBJECT_CONNECTION_CONNECTED메Code: 0
[4164] 2017/11/19 23:41:04.072 OnConnect ( 3001 , 0 ) 
[4164] 2017/11/19 23:41:09.448 SKOSQuoteLib_RequestStocks (0,TX00)
[4164] 2017/11/19 23:41:09.448 TX00 StockNo Format Error 
[4164] 2017/11/19 23:41:09.449 SKOSQuoteLib_RequestTicks (0,TX00)
[4164] 2017/11/19 23:41:09.449 StockNo Format Error 
