-----------------------------------------------------------------
[14072] 2017/12/06 09:23:54.385 >> Host srvsolace-fg.capital.com.tw
[14072] 2017/12/06 09:23:57.183 連線
[12404] 2017/12/06 09:24:46.325 >> Host srvsolace-tp.capital.com.tw
[12404] 2017/12/06 09:24:48.860 連線
[15836] 2017/12/06 09:25:51.076 >> Host srvsolace-fg.capital.com.tw
[15836] 2017/12/06 09:25:53.504 連線
[15836] 2017/12/06 09:35:12.423 -----------------------------------------------------------------
[14920] 2017/12/06 09:36:43.864 >> Host srvsolace-fg.capital.com.tw
[14920] 2017/12/06 09:36:45.970 連線
[14920] 2017/12/06 09:37:30.626 -----------------------------------------------------------------
[17352] 2017/12/06 09:37:38.555 >> Host srvsolace-tp.capital.com.tw
[17352] 2017/12/06 09:37:40.527 連線
[17352] 2017/12/06 09:37:45.127 -----------------------------------------------------------------
[2724] 2017/12/06 09:38:19.404 >> Host srvsolace-tp.capital.com.tw
[2724] 2017/12/06 09:38:21.319 連線
[2724] 2017/12/06 09:41:15.573 -----------------------------------------------------------------
[12432] 2017/12/06 10:57:04.447 >> Host srvsolace-fg.capital.com.tw
[12432] 2017/12/06 10:57:06.906 連線
[12432] 2017/12/06 10:58:20.077 -----------------------------------------------------------------
[16868] 2017/12/06 12:04:24.000 >> Host srvsolace-fg.capital.com.tw
[16868] 2017/12/06 12:04:26.553 連線
[6424] 2017/12/06 12:06:32.829 >> Host srvsolace-fg.capital.com.tw
[6424] 2017/12/06 12:06:35.204 連線
[6424] 2017/12/06 12:15:45.086 -----------------------------------------------------------------
[11144] 2017/12/06 12:17:05.770 >> Host srvsolace-tp.capital.com.tw
[9796] 2017/12/06 12:17:26.562 >> Host srvsolace-fg.capital.com.tw
[9796] 2017/12/06 12:17:29.025 連線
[11908] 2017/12/06 20:28:43.859 >> Host srvsolace-fg.capital.com.tw
[11908] 2017/12/06 20:28:46.195 連線
[11528] 2017/12/06 20:29:24.133 >> Host srvsolace-fg.capital.com.tw
[11528] 2017/12/06 20:29:26.474 連線
[11604] 2017/12/06 20:30:09.680 >> Host srvsolace-fg.capital.com.tw
[11604] 2017/12/06 20:30:11.932 連線
[12136] 2017/12/06 20:32:24.903 >> Host srvsolace-tp.capital.com.tw
[12136] 2017/12/06 20:32:27.221 連線
[6524] 2017/12/06 20:33:20.642 >> Host srvsolace-fg.capital.com.tw
[6524] 2017/12/06 20:33:22.959 連線
[12184] 2017/12/06 20:36:45.011 >> Host srvsolace-fg.capital.com.tw
[12184] 2017/12/06 20:36:47.370 連線
[11584] 2017/12/06 20:37:42.730 >> Host srvsolace-tp.capital.com.tw
[11584] 2017/12/06 20:37:45.044 連線
[6492] 2017/12/06 20:38:33.866 >> Host srvsolace-fg.capital.com.tw
[6492] 2017/12/06 20:38:36.083 連線
[11288] 2017/12/06 20:39:31.595 >> Host srvsolace-fg.capital.com.tw
[11288] 2017/12/06 20:39:33.768 連線
[10464] 2017/12/06 20:40:26.112 >> Host srvsolace-fg.capital.com.tw
[10464] 2017/12/06 20:40:28.381 連線
[11384] 2017/12/06 20:41:00.168 >> Host srvsolace-fg.capital.com.tw
[11384] 2017/12/06 20:41:02.636 連線
[10736] 2017/12/06 20:42:20.137 >> Host srvsolace-fg.capital.com.tw
[10736] 2017/12/06 20:42:22.294 連線
[11936] 2017/12/06 20:43:50.241 >> Host srvsolace-fg.capital.com.tw
[11936] 2017/12/06 20:43:52.379 連線
[180] 2017/12/06 20:45:22.229 >> Host srvsolace-fg.capital.com.tw
[180] 2017/12/06 20:45:24.449 連線
[9748] 2017/12/06 20:46:31.913 >> Host srvsolace-fg.capital.com.tw
[9748] 2017/12/06 20:46:34.149 連線
[6860] 2017/12/06 20:47:13.322 >> Host srvsolace-fg.capital.com.tw
[6860] 2017/12/06 20:47:15.565 連線
[3120] 2017/12/06 20:48:13.742 >> Host srvsolace-fg.capital.com.tw
[3120] 2017/12/06 20:48:15.895 連線
[9492] 2017/12/06 20:48:50.778 >> Host srvsolace-fg.capital.com.tw
[9492] 2017/12/06 20:48:53.115 連線
[8200] 2017/12/06 20:53:53.009 >> Host srvsolace-fg.capital.com.tw
[8200] 2017/12/06 20:53:55.169 連線
[11424] 2017/12/06 20:54:34.116 >> Host srvsolace-tp.capital.com.tw
[11424] 2017/12/06 20:54:36.457 連線
[8060] 2017/12/06 20:55:01.323 >> Host srvsolace-fg.capital.com.tw
[8060] 2017/12/06 20:55:03.667 連線
[6764] 2017/12/06 20:55:23.223 >> Host srvsolace-fg.capital.com.tw
[6764] 2017/12/06 20:55:25.535 連線
[11752] 2017/12/06 20:56:10.238 >> Host srvsolace-fg.capital.com.tw
[11752] 2017/12/06 20:56:12.404 連線
[10972] 2017/12/06 20:57:51.496 >> Host srvsolace-fg.capital.com.tw
[10972] 2017/12/06 20:57:53.816 連線
[12008] 2017/12/06 20:59:22.034 >> Host srvsolace-fg.capital.com.tw
[12008] 2017/12/06 20:59:23.928 連線
[12008] 2017/12/06 20:59:34.914 -----------------------------------------------------------------
[3800] 2017/12/06 21:00:13.773 >> Host srvsolace-fg.capital.com.tw
[3800] 2017/12/06 21:00:15.981 連線
[7160] 2017/12/06 21:02:05.842 >> Host srvsolace-fg.capital.com.tw
[7160] 2017/12/06 21:02:08.131 連線
[3196] 2017/12/06 21:02:36.506 >> Host srvsolace-fg.capital.com.tw
[3196] 2017/12/06 21:02:38.722 連線
[1324] 2017/12/06 21:06:31.525 >> Host srvsolace-fg.capital.com.tw
[1324] 2017/12/06 21:06:33.893 連線
[1392] 2017/12/06 21:07:26.866 >> Host srvsolace-fg.capital.com.tw
[1392] 2017/12/06 21:07:29.131 連線
[6944] 2017/12/06 21:08:21.959 >> Host srvsolace-tp.capital.com.tw
[6944] 2017/12/06 21:08:24.173 連線
[9772] 2017/12/06 21:10:17.282 >> Host srvsolace-fg.capital.com.tw
[9772] 2017/12/06 21:10:19.566 連線
[1836] 2017/12/06 21:11:56.086 >> Host srvsolace-fg.capital.com.tw
[1836] 2017/12/06 21:11:58.289 連線
[3456] 2017/12/06 21:12:31.036 >> Host srvsolace-fg.capital.com.tw
[3456] 2017/12/06 21:12:33.215 連線
[5576] 2017/12/06 21:13:24.882 >> Host srvsolace-fg.capital.com.tw
[5576] 2017/12/06 21:13:26.980 連線
[7172] 2017/12/06 21:14:10.742 >> Host srvsolace-fg.capital.com.tw
[7172] 2017/12/06 21:14:12.969 連線
[5644] 2017/12/06 21:14:38.444 >> Host srvsolace-fg.capital.com.tw
[5644] 2017/12/06 21:14:40.337 連線
[5644] 2017/12/06 21:14:47.627 -----------------------------------------------------------------
[148] 2017/12/06 21:16:26.357 >> Host srvsolace-fg.capital.com.tw
[148] 2017/12/06 21:16:28.573 連線
[8660] 2017/12/06 22:12:27.300 >> Host srvsolace-fg.capital.com.tw
[8660] 2017/12/06 22:12:29.600 連線
