-----------------------------------------------------------------
[10060] 2017/11/19 14:59:02.959 >> Host srvsolace-tp.capital.com.tw
[10060] 2017/11/19 14:59:04.985 連線
[11584] 2017/11/19 15:03:04.741 >> Host srvsolace-fg.capital.com.tw
[11584] 2017/11/19 15:03:06.799 連線
[9892] 2017/11/19 15:21:24.478 >> Host srvsolace-tp.capital.com.tw
[9892] 2017/11/19 15:21:27.034 連線
[2960] 2017/11/19 15:45:21.508 >> Host srvsolace-tp.capital.com.tw
[2960] 2017/11/19 15:45:23.865 連線
[6532] 2017/11/19 15:52:45.537 >> Host srvsolace-tp.capital.com.tw
[6532] 2017/11/19 15:52:47.883 連線
[9752] 2017/11/19 15:58:40.123 >> Host srvsolace-fg.capital.com.tw
[9752] 2017/11/19 15:58:42.108 連線
[9752] 2017/11/19 16:04:12.273 -----------------------------------------------------------------
[7332] 2017/11/19 16:39:22.464 >> Host srvsolace-fg.capital.com.tw
[7332] 2017/11/19 16:39:24.635 連線
[6996] 2017/11/19 16:40:02.930 >> Host srvsolace-fg.capital.com.tw
[6996] 2017/11/19 16:40:04.999 連線
[7432] 2017/11/19 17:25:01.181 >> Host srvsolace-fg.capital.com.tw
[7432] 2017/11/19 17:25:03.309 連線
[10312] 2017/11/19 17:25:50.035 >> Host srvsolace-fg.capital.com.tw
[10312] 2017/11/19 17:25:52.188 連線
[7272] 2017/11/19 17:27:49.448 >> Host srvsolace-fg.capital.com.tw
[7272] 2017/11/19 17:27:51.613 連線
[9028] 2017/11/19 17:30:08.303 >> Host srvsolace-fg.capital.com.tw
[9028] 2017/11/19 17:30:10.536 連線
[6124] 2017/11/19 17:32:19.647 >> Host srvsolace-fg.capital.com.tw
[6124] 2017/11/19 17:32:21.943 連線
[7824] 2017/11/19 17:38:49.429 >> Host srvsolace-fg.capital.com.tw
[7824] 2017/11/19 17:38:51.540 連線
[7232] 2017/11/19 17:40:17.839 >> Host srvsolace-fg.capital.com.tw
[7232] 2017/11/19 17:40:19.909 連線
[4760] 2017/11/19 17:41:06.101 >> Host srvsolace-fg.capital.com.tw
[4760] 2017/11/19 17:41:08.281 連線
[3564] 2017/11/19 17:44:34.870 >> Host srvsolace-fg.capital.com.tw
[3564] 2017/11/19 17:44:36.974 連線
[1368] 2017/11/19 17:47:56.983 >> Host srvsolace-tp.capital.com.tw
[1368] 2017/11/19 17:47:59.164 連線
[1284] 2017/11/19 17:54:00.457 >> Host srvsolace-fg.capital.com.tw
[1284] 2017/11/19 17:54:02.652 連線
[3760] 2017/11/19 17:57:22.552 >> Host srvsolace-fg.capital.com.tw
[3760] 2017/11/19 17:57:24.854 連線
[7364] 2017/11/19 18:01:17.075 >> Host srvsolace-fg.capital.com.tw
[7364] 2017/11/19 18:01:19.186 連線
[4576] 2017/11/19 18:03:06.728 >> Host srvsolace-fg.capital.com.tw
[4576] 2017/11/19 18:03:08.762 連線
[8188] 2017/11/19 18:03:39.675 >> Host srvsolace-fg.capital.com.tw
[8188] 2017/11/19 18:03:41.758 連線
[4820] 2017/11/19 20:58:50.171 >> Host srvsolace-fg.capital.com.tw
[4820] 2017/11/19 20:58:52.765 連線
[804] 2017/11/19 21:09:30.555 >> Host srvsolace-fg.capital.com.tw
[804] 2017/11/19 21:09:32.988 連線
[8092] 2017/11/19 21:11:39.143 >> Host srvsolace-fg.capital.com.tw
[8092] 2017/11/19 21:11:41.333 連線
[7272] 2017/11/19 21:14:11.563 >> Host srvsolace-fg.capital.com.tw
[7272] 2017/11/19 21:14:13.692 連線
[4548] 2017/11/19 21:21:50.517 >> Host srvsolace-fg.capital.com.tw
[4548] 2017/11/19 21:21:52.893 連線
[4548] 2017/11/19 21:23:04.264 -----------------------------------------------------------------
[3800] 2017/11/19 21:25:42.042 >> Host srvsolace-tp.capital.com.tw
[3800] 2017/11/19 21:25:44.314 連線
[8836] 2017/11/19 21:26:48.793 >> Host srvsolace-fg.capital.com.tw
[8836] 2017/11/19 21:26:50.943 連線
[11172] 2017/11/19 23:40:08.102 >> Host srvsolace-fg.capital.com.tw
[11172] 2017/11/19 23:40:10.358 連線
[4164] 2017/11/19 23:40:57.600 >> Host srvsolace-fg.capital.com.tw
[4164] 2017/11/19 23:40:59.664 連線
