-----------------------------------------------------------------
[20892] 2017/10/25 15:47:23.794 Connect Server: FORT14.capital.com.tw 443
[20892] 2017/10/25 15:47:26.749 SK_SUBJECT_CONNECTION_CONNECTED메Code: 0
[20892] 2017/10/25 15:47:27.620 OnConnect ( 3001 , 0 ) 
[20892] 2017/10/25 15:47:35.241 SKOSQuoteLib_RequestTicks (0,???3)
[20892] 2017/10/25 15:47:35.241 StockNo Format Error 
[8776] 2017/10/25 15:48:32.266 Connect Server: FORT14.capital.com.tw 443
[8776] 2017/10/25 15:48:32.806 SK_SUBJECT_CONNECTION_CONNECTED메Code: 0
[8776] 2017/10/25 15:48:33.757 OnConnect ( 3001 , 0 ) 
[8776] 2017/10/25 15:48:46.872 SKOSQuoteLib_RequestTicks (0,??싧)
[8776] 2017/10/25 15:48:46.872 StockNo Format Error 
[8776] 2017/10/25 15:48:56.891 -----------------------------------------------------------------
[18136] 2017/10/25 16:18:28.855 Connect Server: FORT14.capital.com.tw 443
[18136] 2017/10/25 16:18:32.514 SK_SUBJECT_CONNECTION_CONNECTED메Code: 0
[18136] 2017/10/25 16:18:33.477 OnConnect ( 3001 , 0 ) 
[15820] 2017/10/25 17:25:30.724 Connect Server: FORT03.capital.com.tw 443
[15820] 2017/10/25 17:25:34.038 SK_SUBJECT_CONNECTION_CONNECTED메Code: 0
[15820] 2017/10/25 17:25:34.939 OnConnect ( 3001 , 0 ) 
[21440] 2017/10/25 17:26:05.116 Connect Server: FORT14.capital.com.tw 443
[21440] 2017/10/25 17:26:08.282 SK_SUBJECT_CONNECTION_CONNECTED메Code: 0
[21440] 2017/10/25 17:26:09.180 OnConnect ( 3001 , 0 ) 
[21440] 2017/10/25 17:26:16.881 SKOSQuoteLib_RequestTicks (0,??쉳)
[21440] 2017/10/25 17:26:16.881 StockNo Format Error 
[21440] 2017/10/25 17:26:28.430 SKOSQuoteLib_RequestTicks (0,??쉳)
[21440] 2017/10/25 17:26:28.431 StockNo Format Error 
[18812] 2017/10/25 17:31:34.513 Connect Server: FORT14.capital.com.tw 443
[18812] 2017/10/25 17:31:37.894 SK_SUBJECT_CONNECTION_CONNECTED메Code: 0
[18812] 2017/10/25 17:31:38.672 OnConnect ( 3001 , 0 ) 
[18812] 2017/10/25 17:31:53.642 SKOSQuoteLib_RequestTicks (0,??쉳)
[18812] 2017/10/25 17:31:53.642 StockNo Format Error 
[13428] 2017/10/25 17:35:18.647 Connect Server: FORT03.capital.com.tw 443
[13428] 2017/10/25 17:35:21.878 SK_SUBJECT_CONNECTION_CONNECTED메Code: 0
[13428] 2017/10/25 17:35:22.775 OnConnect ( 3001 , 0 ) 
[21108] 2017/10/25 17:35:58.586 Connect Server: FORT03.capital.com.tw 443
[21108] 2017/10/25 17:36:01.746 SK_SUBJECT_CONNECTION_CONNECTED메Code: 0
[21108] 2017/10/25 17:36:02.689 OnConnect ( 3001 , 0 ) 
[21108] 2017/10/25 17:36:24.184 SKOSQuoteLib_RequestTicks (0,??쉳)
[21108] 2017/10/25 17:36:24.184 StockNo Format Error 
[21108] 2017/10/25 17:38:39.000 SK_SUBJECT_CONNECTION_DISCONNECT메Code: 10054
[21108] 2017/10/25 17:38:41.443 SKOSQuoteLib_RequestTicks (0,??뱱?쉳)
[21108] 2017/10/25 17:38:41.443 StockNo Format Error 
[21108] 2017/10/25 17:38:41.443 OnConnect ( 3002 , 10054 ) 
[5408] 2017/10/25 17:47:06.995 Connect Server: FORT14.capital.com.tw 443
[5408] 2017/10/25 17:47:10.208 SK_SUBJECT_CONNECTION_CONNECTED메Code: 0
[5408] 2017/10/25 17:47:11.101 OnConnect ( 3001 , 0 ) 
[5408] 2017/10/25 17:47:19.966 SKOSQuoteLib_RequestTicks (0,??쉳)
[5408] 2017/10/25 17:47:19.966 StockNo Format Error 
[5408] 2017/10/25 17:48:08.172 SKOSQuoteLib_RequestTicks (0,??뱱??2)
[5408] 2017/10/25 17:48:08.172 StockNo Format Error 
[5408] 2017/10/25 17:48:33.561 SKOSQuoteLib_RequestTicks (0,뱱??2???)
[5408] 2017/10/25 17:48:33.561 StockNo Format Error 
[5408] 2017/10/25 17:49:46.771 SK_SUBJECT_CONNECTION_DISCONNECT메Code: 10054
[5408] 2017/10/25 17:49:46.773 OnConnect ( 3002 , 10054 ) 
[15992] 2017/10/25 17:51:21.162 Connect Server: FORT03.capital.com.tw 443
[15992] 2017/10/25 17:51:24.491 SK_SUBJECT_CONNECTION_CONNECTED메Code: 0
[15992] 2017/10/25 17:51:25.392 OnConnect ( 3001 , 0 ) 
[15992] 2017/10/25 17:51:41.905 SKOSQuoteLib_RequestTicks (0,E71712)
[15992] 2017/10/25 17:51:41.905 StockNo Format Error 
[15992] 2017/10/25 17:51:51.017 SKOSQuoteLib_RequestTicks (0,CME,ES_1712)
[17024] 2017/10/25 17:59:53.373 Connect Server: FORT14.capital.com.tw 443
[17024] 2017/10/25 17:59:57.018 SK_SUBJECT_CONNECTION_CONNECTED메Code: 0
[17024] 2017/10/25 17:59:57.796 OnConnect ( 3001 , 0 ) 
[17024] 2017/10/25 18:00:04.734 SKOSQuoteLib_RequestTicks (0,CME,E71712)
[17024] 2017/10/25 18:00:38.109 SKOSQuoteLib_RequestTicks (0,CME,E71712)
[18080] 2017/10/25 18:03:02.969 Connect Server: FORT03.capital.com.tw 443
[18080] 2017/10/25 18:03:06.218 SK_SUBJECT_CONNECTION_CONNECTED메Code: 0
[18080] 2017/10/25 18:03:07.115 OnConnect ( 3001 , 0 ) 
[18080] 2017/10/25 18:03:13.455 SKOSQuoteLib_RequestTicks (0,CME,E71712)
[6720] 2017/10/25 22:52:05.780 Connect Server: FORT14.capital.com.tw 443
[6720] 2017/10/25 22:52:08.890 SK_SUBJECT_CONNECTION_CONNECTED메Code: 0
[6720] 2017/10/25 22:52:09.788 OnConnect ( 3001 , 0 ) 
[6720] 2017/10/25 22:52:17.286 SKOSQuoteLib_RequestTicks (0,CME,E71712)
[6720] 2017/10/25 22:52:17.554 execute OnNotifyHistoryTicks event exception, please check it
[6720] 2017/10/25 22:52:50.914 SKOSQuoteLib_RequestTicks (0,CME,E71712)
[19204] 2017/10/25 22:54:15.333 Connect Server: FORT03.capital.com.tw 443
[19204] 2017/10/25 22:54:18.883 SK_SUBJECT_CONNECTION_CONNECTED메Code: 0
[19204] 2017/10/25 22:54:19.771 OnConnect ( 3001 , 0 ) 
[19204] 2017/10/25 22:54:26.100 SKOSQuoteLib_RequestTicks (0,CME,E71712)
[17092] 2017/10/25 22:55:01.450 Connect Server: FORT03.capital.com.tw 443
[17092] 2017/10/25 22:55:04.614 SK_SUBJECT_CONNECTION_CONNECTED메Code: 0
[17092] 2017/10/25 22:55:05.565 OnConnect ( 3001 , 0 ) 
[17092] 2017/10/25 22:55:11.768 SKOSQuoteLib_RequestTicks (0,CME,E71712)
[17092] 2017/10/25 22:56:27.128 SKOSQuoteLib_RequestTicks (0,CME,E71712)
[4452] 2017/10/25 23:42:47.178 Connect Server: FORT03.capital.com.tw 443
[4452] 2017/10/25 23:42:50.117 SK_SUBJECT_CONNECTION_CONNECTED메Code: 0
[4452] 2017/10/25 23:42:51.007 OnConnect ( 3001 , 0 ) 
[4452] 2017/10/25 23:42:57.336 SKOSQuoteLib_RequestTicks (0,CME,E71712)
[4452] 2017/10/25 23:43:30.557 SKOSQuoteLib_RequestTicks (0,CME,E71712)
