-----------------------------------------------------------------
[12756] 2017/12/04 09:22:29.961 >> Host srvsolace-fg.capital.com.tw
[12756] 2017/12/04 09:22:32.322 連線
[12756] 2017/12/04 10:08:52.937 -----------------------------------------------------------------
[15472] 2017/12/04 10:10:40.123 >> Host srvsolace-fg.capital.com.tw
[15472] 2017/12/04 10:10:42.375 連線
[15940] 2017/12/04 10:33:15.154 >> Host srvsolace-fg.capital.com.tw
[15940] 2017/12/04 10:33:17.334 連線
[7124] 2017/12/04 10:35:11.061 >> Host srvsolace-tp.capital.com.tw
[7124] 2017/12/04 10:35:13.290 連線
[13012] 2017/12/04 10:44:29.305 >> Host srvsolace-fg.capital.com.tw
[13012] 2017/12/04 10:44:31.429 連線
[7228] 2017/12/04 10:46:36.622 >> Host srvsolace-fg.capital.com.tw
[7228] 2017/12/04 10:46:38.833 連線
[16376] 2017/12/04 10:54:05.593 >> Host srvsolace-fg.capital.com.tw
[16376] 2017/12/04 10:54:08.037 連線
[16376] 2017/12/04 10:55:02.173 -----------------------------------------------------------------
[3284] 2017/12/04 11:36:29.783 >> Host srvsolace-fg.capital.com.tw
[3284] 2017/12/04 11:36:32.177 連線
[12908] 2017/12/04 11:37:02.487 >> Host srvsolace-fg.capital.com.tw
[12908] 2017/12/04 11:37:04.823 連線
[2396] 2017/12/04 11:41:48.293 >> Host srvsolace-tp.capital.com.tw
[2396] 2017/12/04 11:41:50.585 連線
[5068] 2017/12/04 11:42:20.798 >> Host srvsolace-fg.capital.com.tw
[5068] 2017/12/04 11:42:23.145 連線
[13172] 2017/12/04 11:44:05.576 >> Host srvsolace-fg.capital.com.tw
[13172] 2017/12/04 11:44:07.797 連線
[7808] 2017/12/04 11:44:40.686 >> Host srvsolace-fg.capital.com.tw
[7808] 2017/12/04 11:44:43.052 連線
[7808] 2017/12/04 11:47:56.332 -----------------------------------------------------------------
[12380] 2017/12/04 11:52:36.401 >> Host srvsolace-fg.capital.com.tw
[12380] 2017/12/04 11:52:38.784 連線
[10336] 2017/12/04 12:15:36.004 >> Host srvsolace-tp.capital.com.tw
[10336] 2017/12/04 12:15:38.283 連線
[6360] 2017/12/04 12:30:44.995 >> Host srvsolace-fg.capital.com.tw
[6360] 2017/12/04 12:30:47.334 連線
[11772] 2017/12/04 12:32:52.479 >> Host srvsolace-fg.capital.com.tw
[11772] 2017/12/04 12:32:54.869 連線
[7668] 2017/12/04 12:42:06.562 >> Host srvsolace-fg.capital.com.tw
[7668] 2017/12/04 12:42:08.769 連線
[9240] 2017/12/04 12:42:59.137 >> Host srvsolace-fg.capital.com.tw
[9240] 2017/12/04 12:43:01.377 連線
[15036] 2017/12/04 12:43:41.400 >> Host srvsolace-fg.capital.com.tw
[15036] 2017/12/04 12:43:43.752 連線
[2204] 2017/12/04 13:52:42.250 >> Host srvsolace-fg.capital.com.tw
[2204] 2017/12/04 13:52:44.643 連線
[2204] 2017/12/04 13:53:00.517 SK_SUBJECT_CONNECTION_FAIL_WITHOUTNETWORK，Code: 3
[12960] 2017/12/04 13:54:20.058 >> Host srvsolace-fg.capital.com.tw
[12960] 2017/12/04 13:54:22.500 連線
[12396] 2017/12/04 13:57:13.936 >> Host srvsolace-fg.capital.com.tw
[12396] 2017/12/04 13:57:16.313 連線
[14028] 2017/12/04 14:01:44.122 >> Host srvsolace-fg.capital.com.tw
[14028] 2017/12/04 14:01:46.420 連線
[12048] 2017/12/04 14:02:17.920 >> Host srvsolace-fg.capital.com.tw
[12048] 2017/12/04 14:02:19.977 連線
[12048] 2017/12/04 14:02:57.619 -----------------------------------------------------------------
[6944] 2017/12/04 14:03:07.237 >> Host srvsolace-fg.capital.com.tw
[6944] 2017/12/04 14:03:09.104 連線
[6944] 2017/12/04 14:04:16.168 -----------------------------------------------------------------
[16272] 2017/12/04 14:09:48.579 >> Host srvsolace-fg.capital.com.tw
[16272] 2017/12/04 14:09:50.796 連線
[7264] 2017/12/04 14:10:23.648 >> Host srvsolace-tp.capital.com.tw
[7264] 2017/12/04 14:10:25.926 連線
[15768] 2017/12/04 14:12:21.298 >> Host srvsolace-fg.capital.com.tw
[15768] 2017/12/04 14:12:23.666 連線
[15548] 2017/12/04 14:14:01.746 >> Host srvsolace-fg.capital.com.tw
[15548] 2017/12/04 14:14:04.058 連線
[752] 2017/12/04 14:14:45.044 >> Host srvsolace-fg.capital.com.tw
[752] 2017/12/04 14:14:47.170 連線
[15572] 2017/12/04 14:16:59.738 >> Host srvsolace-fg.capital.com.tw
[15572] 2017/12/04 14:17:02.436 連線
[15572] 2017/12/04 14:17:55.202 -----------------------------------------------------------------
[14460] 2017/12/04 14:18:03.481 >> Host srvsolace-fg.capital.com.tw
[14460] 2017/12/04 14:18:05.338 連線
[14460] 2017/12/04 14:29:08.277 -----------------------------------------------------------------
[5536] 2017/12/04 14:30:34.281 >> Host srvsolace-fg.capital.com.tw
[5536] 2017/12/04 14:30:36.317 連線
[5536] 2017/12/04 14:41:24.520 -----------------------------------------------------------------
[11632] 2017/12/04 14:41:38.915 >> Host srvsolace-tp.capital.com.tw
[11632] 2017/12/04 14:41:40.989 連線
[11632] 2017/12/04 14:42:53.599 -----------------------------------------------------------------
[9240] 2017/12/04 14:43:26.827 >> Host srvsolace-fg.capital.com.tw
[9240] 2017/12/04 14:43:29.322 連線
[9240] 2017/12/04 14:54:46.835 -----------------------------------------------------------------
[13316] 2017/12/04 14:58:09.119 >> Host srvsolace-fg.capital.com.tw
[13316] 2017/12/04 14:58:11.164 連線
[13316] 2017/12/04 14:59:02.798 -----------------------------------------------------------------
[9272] 2017/12/04 15:00:21.074 >> Host srvsolace-fg.capital.com.tw
[9272] 2017/12/04 15:00:22.941 連線
[9272] 2017/12/04 15:04:11.590 -----------------------------------------------------------------
[16076] 2017/12/04 15:08:26.591 >> Host srvsolace-fg.capital.com.tw
[16076] 2017/12/04 15:08:28.977 連線
[4448] 2017/12/04 15:14:06.265 >> Host srvsolace-tp.capital.com.tw
[4448] 2017/12/04 15:14:08.668 連線
[1132] 2017/12/04 15:16:14.941 >> Host srvsolace-fg.capital.com.tw
[1132] 2017/12/04 15:16:17.339 連線
[1248] 2017/12/04 15:16:47.512 >> Host srvsolace-fg.capital.com.tw
[1248] 2017/12/04 15:16:49.914 連線
[2772] 2017/12/04 15:17:18.725 >> Host srvsolace-fg.capital.com.tw
[2772] 2017/12/04 15:17:20.877 連線
[13256] 2017/12/04 15:18:21.963 >> Host srvsolace-fg.capital.com.tw
[13256] 2017/12/04 15:18:24.228 連線
[7656] 2017/12/04 15:19:02.024 >> Host srvsolace-fg.capital.com.tw
[7656] 2017/12/04 15:19:04.212 連線
[16020] 2017/12/04 15:19:35.423 >> Host srvsolace-fg.capital.com.tw
[16020] 2017/12/04 15:19:37.635 連線
[13096] 2017/12/04 15:20:29.436 >> Host srvsolace-fg.capital.com.tw
[13096] 2017/12/04 15:20:31.767 連線
[8860] 2017/12/04 15:22:11.914 >> Host srvsolace-tp.capital.com.tw
[8860] 2017/12/04 15:22:14.225 連線
[5324] 2017/12/04 15:25:49.870 >> Host srvsolace-fg.capital.com.tw
[5324] 2017/12/04 15:25:52.191 連線
[7524] 2017/12/04 15:27:46.827 >> Host srvsolace-fg.capital.com.tw
[7524] 2017/12/04 15:27:49.129 連線
[16336] 2017/12/04 15:34:12.376 >> Host srvsolace-fg.capital.com.tw
[16336] 2017/12/04 15:34:14.606 連線
[13440] 2017/12/04 15:45:16.363 >> Host srvsolace-fg.capital.com.tw
[13440] 2017/12/04 15:45:18.744 連線
[13440] 2017/12/04 16:27:40.010 -----------------------------------------------------------------
[11448] 2017/12/04 16:30:19.025 >> Host srvsolace-fg.capital.com.tw
[11448] 2017/12/04 16:30:21.346 連線
[13616] 2017/12/04 16:43:20.268 >> Host srvsolace-fg.capital.com.tw
[13616] 2017/12/04 16:43:22.655 連線
[13616] 2017/12/04 16:47:06.871 -----------------------------------------------------------------
[14756] 2017/12/04 16:51:13.415 >> Host srvsolace-tp.capital.com.tw
[14756] 2017/12/04 16:51:15.719 連線
[9672] 2017/12/04 16:51:48.689 >> Host srvsolace-fg.capital.com.tw
[9672] 2017/12/04 16:51:51.414 連線
[9672] 2017/12/04 17:13:33.305 -----------------------------------------------------------------
[5080] 2017/12/04 17:15:23.890 >> Host srvsolace-fg.capital.com.tw
[5080] 2017/12/04 17:15:26.239 連線
[3588] 2017/12/04 17:16:17.288 >> Host srvsolace-fg.capital.com.tw
[3588] 2017/12/04 17:16:19.498 連線
[14988] 2017/12/04 17:18:08.338 >> Host srvsolace-tp.capital.com.tw
[14988] 2017/12/04 17:18:10.675 連線
[10580] 2017/12/04 17:20:10.464 >> Host srvsolace-fg.capital.com.tw
[10580] 2017/12/04 17:20:12.705 連線
[3560] 2017/12/04 17:26:02.349 >> Host srvsolace-tp.capital.com.tw
[3560] 2017/12/04 17:26:04.726 連線
[2164] 2017/12/04 17:33:59.551 >> Host srvsolace-fg.capital.com.tw
[2164] 2017/12/04 17:34:01.836 連線
[2164] 2017/12/04 17:37:02.337 -----------------------------------------------------------------
[9768] 2017/12/04 17:39:58.308 >> Host srvsolace-fg.capital.com.tw
[9768] 2017/12/04 17:40:00.728 連線
[10160] 2017/12/04 20:47:13.870 >> Host srvsolace-tp.capital.com.tw
[10160] 2017/12/04 20:47:16.697 連線
[16716] 2017/12/04 20:48:26.596 >> Host srvsolace-tp.capital.com.tw
[16716] 2017/12/04 20:48:28.776 連線
[5624] 2017/12/04 20:50:08.138 >> Host srvsolace-fg.capital.com.tw
[5624] 2017/12/04 20:50:10.426 連線
[16880] 2017/12/04 20:58:36.736 >> Host srvsolace-fg.capital.com.tw
[16880] 2017/12/04 20:58:39.312 連線
[3012] 2017/12/04 20:59:39.125 >> Host srvsolace-fg.capital.com.tw
[3012] 2017/12/04 20:59:41.416 連線
[17056] 2017/12/04 21:03:48.485 >> Host srvsolace-fg.capital.com.tw
[17056] 2017/12/04 21:03:51.044 連線
[15944] 2017/12/04 21:12:04.008 >> Host srvsolace-tp.capital.com.tw
[15944] 2017/12/04 21:12:06.483 連線
[9180] 2017/12/04 21:14:25.220 >> Host srvsolace-fg.capital.com.tw
[9180] 2017/12/04 21:14:27.616 連線
[12912] 2017/12/04 21:16:36.713 >> Host srvsolace-fg.capital.com.tw
[12912] 2017/12/04 21:16:39.211 連線
[16016] 2017/12/04 21:48:31.959 >> Host srvsolace-fg.capital.com.tw
[16016] 2017/12/04 21:48:34.369 連線
[12328] 2017/12/04 21:49:00.915 >> Host srvsolace-fg.capital.com.tw
[12328] 2017/12/04 21:49:03.253 連線
[13420] 2017/12/04 21:50:38.380 >> Host srvsolace-fg.capital.com.tw
[13420] 2017/12/04 21:50:40.689 連線
[5392] 2017/12/04 21:51:59.769 >> Host srvsolace-fg.capital.com.tw
[5392] 2017/12/04 21:52:02.067 連線
[16444] 2017/12/04 21:55:54.804 >> Host srvsolace-fg.capital.com.tw
[16444] 2017/12/04 21:55:57.245 連線
[16944] 2017/12/04 21:56:39.599 >> Host srvsolace-fg.capital.com.tw
[16944] 2017/12/04 21:56:41.926 連線
[16304] 2017/12/04 21:57:38.969 >> Host srvsolace-tp.capital.com.tw
[16304] 2017/12/04 21:57:41.332 連線
[14460] 2017/12/04 21:59:56.979 >> Host srvsolace-tp.capital.com.tw
[14460] 2017/12/04 21:59:59.219 連線
[13180] 2017/12/04 22:01:11.154 >> Host srvsolace-tp.capital.com.tw
[13180] 2017/12/04 22:01:13.464 連線
[13420] 2017/12/04 22:02:30.232 >> Host srvsolace-fg.capital.com.tw
[13420] 2017/12/04 22:02:32.536 連線
[7720] 2017/12/04 22:06:08.751 >> Host srvsolace-fg.capital.com.tw
[7720] 2017/12/04 22:06:11.211 連線
[1824] 2017/12/04 22:07:20.972 >> Host srvsolace-tp.capital.com.tw
[1824] 2017/12/04 22:07:23.304 連線
[2728] 2017/12/04 22:14:26.944 >> Host srvsolace-fg.capital.com.tw
[2728] 2017/12/04 22:14:29.387 連線
[13164] 2017/12/04 22:19:52.636 >> Host srvsolace-fg.capital.com.tw
[13164] 2017/12/04 22:19:55.143 連線
[13760] 2017/12/04 22:20:58.860 >> Host srvsolace-fg.capital.com.tw
[13760] 2017/12/04 22:21:01.095 連線
