-----------------------------------------------------------------
[11704] 2017/12/20 20:29:44.920 ERROR: Initialization is not complete, you should call Initialize() first
[11704] 2017/12/20 20:30:12.535 ERROR: Initialization is not complete, you should call Initialize() first
[7632] 2017/12/20 20:49:10.008 ERROR: Initialization is not complete, you should call Initialize() first
[11380] 2017/12/20 20:56:57.644 ERROR: Initialization is not complete, you should call Initialize() first
[5876] 2017/12/20 20:58:56.497 ERROR: Initialization is not complete, you should call Initialize() first
[5876] 2017/12/20 20:59:33.108 -----------------------------------------------------------------
[4684] 2017/12/20 21:02:07.601 F0200008847942 尚未登入。請先由 Center 登入後，在進行相關下單動作
[12424] 2017/12/21 10:33:36.229 F0200008847942 尚未登入。請先由 Center 登入後，在進行相關下單動作
[12424] 2017/12/21 10:34:22.656 -----------------------------------------------------------------
[9032] 2017/12/21 10:39:55.497 F0200008847942 尚未登入。請先由 Center 登入後，在進行相關下單動作
[7492] 2017/12/21 11:25:16.638 F0200008847942 尚未登入。請先由 Center 登入後，在進行相關下單動作
[7492] 2017/12/21 11:26:21.871 -----------------------------------------------------------------
[12304] 2017/12/21 11:36:19.016 F0200008847942 尚未登入。請先由 Center 登入後，在進行相關下單動作
[4064] 2017/12/21 11:38:41.889 F0200008847942 尚未登入。請先由 Center 登入後，在進行相關下單動作
[1968] 2017/12/21 11:49:21.701 ERROR: Initialization is not complete, you should call Initialize() first
[7432] 2017/12/21 11:52:13.614 F0200008847942 尚未登入。請先由 Center 登入後，在進行相關下單動作
[12692] 2017/12/21 11:53:45.653 ERROR: Initialization is not complete, you should call Initialize() first
[13252] 2017/12/21 12:20:34.598 ERROR: Oversea future trading data process not complete
[13252] 2017/12/21 13:20:51.069 -----------------------------------------------------------------
[7088] 2017/12/21 13:21:30.569 ERROR: Oversea future trading data process not complete
[12636] 2017/12/21 13:34:12.014 ERROR: Oversea future trading data process not complete
[7292] 2017/12/21 13:42:40.725 ERROR: No Such Product
[12380] 2017/12/21 13:55:08.947 ERROR: No Such Product
[5552] 2017/12/21 14:08:45.338 ERROR: No Such Product
[1052] 2017/12/21 14:12:28.200 ERROR: No Such Product
[13164] 2017/12/21 14:18:07.389 ERROR: No Such Product
[7668] 2017/12/21 14:25:39.682 ERROR: No Such Product
[11016] 2017/12/21 21:04:03.516 ERROR: No Such Product
[12092] 2017/12/21 21:06:29.567 ERROR: No Such Product
[12300] 2017/12/21 22:36:05.064 ERROR: No Such Product
[12300] 2017/12/21 22:40:05.025 -----------------------------------------------------------------
[5272] 2017/12/21 22:53:59.944 Cert CN:A122689579  ID:69b077e5  SDATE:20170419114822  EDATE:20180419235959
[5272] 2017/12/21 22:55:30.683 ERROR: No Such Product
[7608] 2017/12/21 22:57:30.100 Cert CN:A122689579  ID:69b077e5  SDATE:20170419114822  EDATE:20180419235959
[7608] 2017/12/21 22:58:15.674 ERROR: No Such Product
[12972] 2017/12/21 22:59:30.911 Cert CN:A122689579  ID:69b077e5  SDATE:20170419114822  EDATE:20180419235959
[12972] 2017/12/21 22:59:55.780 ERROR: No Such Product
[11324] 2017/12/22 09:13:44.568 Cert CN:A122689579  ID:69b077e5  SDATE:20170419114822  EDATE:20180419235959
[11324] 2017/12/22 09:14:14.684 MSG: Find The Product
[11324] 2017/12/22 09:14:14.685 SendOverseaFutureOrder : &=OFF0200008847942,BNMN02,CME,ES,201803,1,2689.5,2689.5,1,0,0,1
[11324] 2017/12/22 09:14:14.687 下單獨立後驗
[11324] 2017/12/22 09:14:14.718 CertWorker 驗章ID：A122689579
[11324] 2017/12/22 09:14:14.840 CertWorker 下單驗章完成
[11324] 2017/12/22 09:14:15.015 同步-委託:M200 insert order err [-1438][ORA-01438: value larger than specified precision allowed for this colu]#
[11324] 2017/12/22 09:17:17.121 -----------------------------------------------------------------
[13572] 2017/12/22 10:38:10.680 Cert CN:A122689579  ID:69b077e5  SDATE:20170419114822  EDATE:20180419235959
[14312] 2017/12/22 12:06:21.649 Cert CN:A122689579  ID:69b077e5  SDATE:20170419114822  EDATE:20180419235959
[14312] 2017/12/22 12:07:26.037 MSG: Find The Product
[14312] 2017/12/22 12:07:26.164 SendOverseaFutureOrder : &=OFF0200008847942,BNMN02,CME,ES,201803,1,2689.75,2689.75,1,0,0,1
[14312] 2017/12/22 12:07:26.165 下單獨立後驗
[14312] 2017/12/22 12:07:26.190 CertWorker 驗章ID：A122689579
[14312] 2017/12/22 12:07:26.536 CertWorker 下單驗章完成
[14312] 2017/12/22 12:07:26.560 同步-委託:M200 insert order err [-1438][ORA-01438: value larger than specified precision allowed for this colu]#
[4136] 2017/12/22 12:08:06.141 Cert CN:A122689579  ID:69b077e5  SDATE:20170419114822  EDATE:20180419235959
[4136] 2017/12/22 12:08:35.039 MSG: Find The Product
[4136] 2017/12/22 12:08:35.163 SendOverseaFutureOrder : &=OFF0200008847942,BNMN02,CME,ES,201803,1,2689.75,0,1,0,0,1
[4136] 2017/12/22 12:08:35.164 下單獨立後驗
[4136] 2017/12/22 12:08:35.197 CertWorker 驗章ID：A122689579
[4136] 2017/12/22 12:08:35.463 CertWorker 下單驗章完成
[4136] 2017/12/22 12:08:35.599 同步-委託:M999 000[060] 此投資人保證金不足, 不可下單 !                                    #
[12096] 2017/12/24 10:38:27.016 Cert CN:A122689579  ID:69b077e5  SDATE:20170419114822  EDATE:20180419235959
[12096] 2017/12/24 10:39:01.092 MSG: Find The Product
[12096] 2017/12/24 10:39:01.093 SendOverseaFutureOrder : &=OFF0200008847942,BNMN02,CME,ES,201803,1,0,0,1,0,0,1
[12096] 2017/12/24 10:39:01.128 下單獨立後驗
[12096] 2017/12/24 10:39:01.149 CertWorker 驗章ID：A122689579
[12096] 2017/12/24 10:39:01.295 CertWorker 下單驗章完成
[12096] 2017/12/24 10:39:01.778 同步-委託:M004 海外期貨市場尚未開盤或已收盤[201712241038].#
[14012] 2017/12/25 13:52:02.640 Cert CN:A122689579  ID:69b077e5  SDATE:20170419114822  EDATE:20180419235959
[14012] 2017/12/25 13:52:48.358 MSG: Find The Product
[14012] 2017/12/25 13:52:48.359 SendOverseaFutureOrder : &=OFF0200008847942,BNMN02,CME,ES,201803,1,0,0,1,0,0,1
[14012] 2017/12/25 13:52:48.359 下單獨立後驗
[14012] 2017/12/25 13:52:48.377 CertWorker 驗章ID：A122689579
[14012] 2017/12/25 13:52:48.527 CertWorker 下單驗章完成
[14012] 2017/12/25 13:52:48.798 同步-委託:M999 000限價單: 需輸入委託價!!                                                  #
[14012] 2017/12/25 13:53:58.334 -----------------------------------------------------------------
[5512] 2017/12/25 13:54:07.187 Cert CN:A122689579  ID:69b077e5  SDATE:20170419114822  EDATE:20180419235959
[5512] 2017/12/25 13:54:51.848 -----------------------------------------------------------------
[2940] 2017/12/25 14:16:51.589 Cert CN:A122689579  ID:69b077e5  SDATE:20170419114822  EDATE:20180419235959
[2940] 2017/12/25 14:18:03.965 MSG: Find The Product
[2940] 2017/12/25 14:18:03.966 SendOverseaFutureOrder : &=OFF0200008847942,BNMN02,CME,ES,201803,208144352,2687,0,1,0,0,1
[2940] 2017/12/25 14:18:03.967 下單獨立後驗
[2940] 2017/12/25 14:18:03.983 CertWorker 驗章ID：A122689579
[2940] 2017/12/25 14:18:04.404 同步-委託:M999 000[024] 單筆委託數量超過限制, 請檢查 ! 上限數量:   000150                 #
[2940] 2017/12/25 14:18:04.417 CertWorker 下單驗章完成
[2940] 2017/12/25 14:20:03.799 MSG: Find The Product
[2940] 2017/12/25 14:20:03.799 SendOverseaFutureOrder : &=OFF0200008847942,BNMN02,CME,ES,201803,2,2687,0,1,0,0,1
[2940] 2017/12/25 14:20:03.800 下單獨立後驗
[2940] 2017/12/25 14:20:03.821 CertWorker 驗章ID：A122689579
[2940] 2017/12/25 14:20:04.238 同步-委託:M999 000[060] 此投資人保證金不足, 不可下單 !                                    #
[2940] 2017/12/25 14:20:04.334 CertWorker 下單驗章完成
[2940] 2017/12/25 14:20:09.251 MSG: Find The Product
[2940] 2017/12/25 14:20:09.252 SendOverseaFutureOrder : &=OFF0200008847942,SNMN02,CME,ES,201803,1,2687,0,1,0,0,1
[2940] 2017/12/25 14:20:09.252 下單獨立後驗
[2940] 2017/12/25 14:20:09.274 CertWorker 驗章ID：A122689579
[2940] 2017/12/25 14:20:09.408 同步-委託:M999 000[060] 此投資人保證金不足, 不可下單 !                                    #
[2940] 2017/12/25 14:20:09.420 CertWorker 下單驗章完成
[15080] 2017/12/25 14:21:57.769 Cert CN:A122689579  ID:69b077e5  SDATE:20170419114822  EDATE:20180419235959
[8476] 2017/12/25 14:22:32.457 Cert CN:A122689579  ID:69b077e5  SDATE:20170419114822  EDATE:20180419235959
[15164] 2017/12/25 14:23:52.388 Cert CN:A122689579  ID:69b077e5  SDATE:20170419114822  EDATE:20180419235959
[15164] 2017/12/25 14:24:13.641 -----------------------------------------------------------------
[11672] 2017/12/25 14:24:51.023 Cert CN:A122689579  ID:69b077e5  SDATE:20170419114822  EDATE:20180419235959
[11672] 2017/12/25 14:25:01.687 -----------------------------------------------------------------
[3488] 2017/12/25 14:25:48.035 Cert CN:A122689579  ID:69b077e5  SDATE:20170419114822  EDATE:20180419235959
[3488] 2017/12/25 14:26:00.860 -----------------------------------------------------------------
[11724] 2017/12/25 14:26:23.361 Cert CN:A122689579  ID:69b077e5  SDATE:20170419114822  EDATE:20180419235959
[11724] 2017/12/25 14:28:16.870 -----------------------------------------------------------------
