-----------------------------------------------------------------
[20892] 2017/10/25 15:47:26.752 SK_SUBJECT_CONNECTION_CONNECTED메Code: 0
[8776] 2017/10/25 15:48:32.806 SK_SUBJECT_CONNECTION_CONNECTED메Code: 0
[8776] 2017/10/25 15:48:56.893 -----------------------------------------------------------------
[18136] 2017/10/25 16:18:32.514 SK_SUBJECT_CONNECTION_CONNECTED메Code: 0
[15820] 2017/10/25 17:25:34.040 SK_SUBJECT_CONNECTION_CONNECTED메Code: 0
[21440] 2017/10/25 17:26:08.283 SK_SUBJECT_CONNECTION_CONNECTED메Code: 0
[18812] 2017/10/25 17:31:37.895 SK_SUBJECT_CONNECTION_CONNECTED메Code: 0
[13428] 2017/10/25 17:35:21.878 SK_SUBJECT_CONNECTION_CONNECTED메Code: 0
[21108] 2017/10/25 17:36:01.747 SK_SUBJECT_CONNECTION_CONNECTED메Code: 0
[21108] 2017/10/25 17:38:39.001 SK_SUBJECT_CONNECTION_DISCONNECT메Code: 10054
[5408] 2017/10/25 17:47:10.209 SK_SUBJECT_CONNECTION_CONNECTED메Code: 0
[5408] 2017/10/25 17:49:46.771 SK_SUBJECT_CONNECTION_DISCONNECT메Code: 10054
[15992] 2017/10/25 17:51:24.492 SK_SUBJECT_CONNECTION_CONNECTED메Code: 0
[17024] 2017/10/25 17:59:57.019 SK_SUBJECT_CONNECTION_CONNECTED메Code: 0
[18080] 2017/10/25 18:03:06.219 SK_SUBJECT_CONNECTION_CONNECTED메Code: 0
[6720] 2017/10/25 22:52:08.923 SK_SUBJECT_CONNECTION_CONNECTED메Code: 0
[19204] 2017/10/25 22:54:18.884 SK_SUBJECT_CONNECTION_CONNECTED메Code: 0
[17092] 2017/10/25 22:55:04.614 SK_SUBJECT_CONNECTION_CONNECTED메Code: 0
[4452] 2017/10/25 23:42:50.118 SK_SUBJECT_CONNECTION_CONNECTED메Code: 0
[18580] 2017/10/26 09:15:13.821 SK_SUBJECT_CONNECTION_CONNECTED메Code: 0
[16672] 2017/10/26 09:33:42.582 SK_SUBJECT_CONNECTION_CONNECTED메Code: 0
[16672] 2017/10/26 09:39:25.592 -----------------------------------------------------------------
[20388] 2017/10/26 09:58:51.426 SK_SUBJECT_CONNECTION_CONNECTED메Code: 0
[20388] 2017/10/26 10:07:46.324 -----------------------------------------------------------------
[20972] 2017/10/26 10:08:06.815 SK_SUBJECT_CONNECTION_CONNECTED메Code: 0
[20972] 2017/10/26 10:09:59.898 -----------------------------------------------------------------
[18216] 2017/10/26 10:13:41.721 SK_SUBJECT_CONNECTION_CONNECTED메Code: 0
[18216] 2017/10/26 10:16:18.794 -----------------------------------------------------------------
[8584] 2017/10/26 11:18:14.518 SK_SUBJECT_CONNECTION_CONNECTED메Code: 0
[8584] 2017/10/26 11:18:43.423 -----------------------------------------------------------------
[16304] 2017/10/26 11:22:21.386 SK_SUBJECT_CONNECTION_CONNECTED메Code: 0
[16304] 2017/10/26 11:22:36.768 -----------------------------------------------------------------
[21376] 2017/10/26 12:15:56.365 SK_SUBJECT_CONNECTION_CONNECTED메Code: 0
[17788] 2017/10/26 13:36:56.809 SK_SUBJECT_CONNECTION_CONNECTED메Code: 0
[20560] 2017/10/26 13:38:09.928 SK_SUBJECT_CONNECTION_CONNECTED메Code: 0
[20756] 2017/10/26 13:45:45.928 SK_SUBJECT_CONNECTION_CONNECTED메Code: 0
[13524] 2017/10/26 13:48:39.219 SK_SUBJECT_CONNECTION_CONNECTED메Code: 0
[9648] 2017/10/26 14:01:35.887 SK_SUBJECT_CONNECTION_CONNECTED메Code: 0
[15912] 2017/10/26 14:07:29.074 SK_SUBJECT_CONNECTION_CONNECTED메Code: 0
[16116] 2017/10/26 14:09:53.889 SK_SUBJECT_CONNECTION_CONNECTED메Code: 0
[17352] 2017/10/26 14:10:51.167 SK_SUBJECT_CONNECTION_CONNECTED메Code: 0
[1984] 2017/10/26 14:15:56.319 SK_SUBJECT_CONNECTION_CONNECTED메Code: 0
[10024] 2017/10/26 14:45:04.516 SK_SUBJECT_CONNECTION_CONNECTED메Code: 0
[21132] 2017/10/26 14:58:07.233 SK_SUBJECT_CONNECTION_CONNECTED메Code: 0
[16872] 2017/10/26 15:00:28.932 SK_SUBJECT_CONNECTION_CONNECTED메Code: 0
[21008] 2017/10/26 15:02:56.577 SK_SUBJECT_CONNECTION_CONNECTED메Code: 0
[20276] 2017/10/26 15:25:34.584 SK_SUBJECT_CONNECTION_CONNECTED메Code: 0
[16824] 2017/10/26 15:26:00.129 SK_SUBJECT_CONNECTION_CONNECTED메Code: 0
[15300] 2017/10/26 15:26:40.054 SK_SUBJECT_CONNECTION_CONNECTED메Code: 0
[20260] 2017/10/26 15:27:20.661 SK_SUBJECT_CONNECTION_CONNECTED메Code: 0
[19644] 2017/10/26 15:27:38.002 SK_SUBJECT_CONNECTION_CONNECTED메Code: 0
[1552] 2017/10/26 15:34:30.029 SK_SUBJECT_CONNECTION_CONNECTED메Code: 0
[1552] 2017/10/26 15:38:12.655 -----------------------------------------------------------------
[2656] 2017/10/26 15:39:29.215 SK_SUBJECT_CONNECTION_CONNECTED메Code: 0
[17880] 2017/10/26 15:44:20.568 SK_SUBJECT_CONNECTION_CONNECTED메Code: 0
[18052] 2017/10/26 15:45:03.549 SK_SUBJECT_CONNECTION_CONNECTED메Code: 0
[14172] 2017/10/26 16:29:40.915 SK_SUBJECT_CONNECTION_CONNECTED메Code: 0
[14172] 2017/10/26 16:32:17.449 SK_SUBJECT_CONNECTION_DISCONNECT메Code: 10054
[1360] 2017/10/26 17:00:58.941 SK_SUBJECT_CONNECTION_CONNECTED메Code: 0
[20696] 2017/11/07 12:50:18.954 SK_SUBJECT_CONNECTION_CONNECTED메Code: 0
[9028] 2017/11/16 16:42:19.033 SK_SUBJECT_CONNECTION_CONNECTED메Code: 0
[9028] 2017/11/16 16:43:08.404 -----------------------------------------------------------------
[10060] 2017/11/19 14:59:09.381 SK_SUBJECT_CONNECTION_CONNECTED메Code: 0
[11584] 2017/11/19 15:03:10.455 SK_SUBJECT_CONNECTION_CONNECTED메Code: 0
[9892] 2017/11/19 15:21:31.398 SK_SUBJECT_CONNECTION_CONNECTED메Code: 0
[2960] 2017/11/19 15:45:28.182 SK_SUBJECT_CONNECTION_CONNECTED메Code: 0
[6532] 2017/11/19 15:52:51.722 SK_SUBJECT_CONNECTION_CONNECTED메Code: 0
[6532] 2017/11/19 15:57:43.978 SK_SUBJECT_CONNECTION_DISCONNECT메Code: 10054
[9752] 2017/11/19 15:58:43.098 SK_SUBJECT_CONNECTION_CONNECTED메Code: 0
[9752] 2017/11/19 16:02:52.162 SK_SUBJECT_CONNECTION_DISCONNECT메Code: 10054
[9752] 2017/11/19 16:04:12.274 -----------------------------------------------------------------
[7332] 2017/11/19 16:39:28.256 SK_SUBJECT_CONNECTION_CONNECTED메Code: 0
[6996] 2017/11/19 16:40:08.578 SK_SUBJECT_CONNECTION_CONNECTED메Code: 0
[7432] 2017/11/19 17:25:06.794 SK_SUBJECT_CONNECTION_CONNECTED메Code: 0
[10312] 2017/11/19 17:25:55.864 SK_SUBJECT_CONNECTION_CONNECTED메Code: 0
[7272] 2017/11/19 17:27:54.935 SK_SUBJECT_CONNECTION_CONNECTED메Code: 0
[9028] 2017/11/19 17:30:14.072 SK_SUBJECT_CONNECTION_CONNECTED메Code: 0
[6124] 2017/11/19 17:32:25.462 SK_SUBJECT_CONNECTION_CONNECTED메Code: 0
[7824] 2017/11/19 17:38:55.023 SK_SUBJECT_CONNECTION_CONNECTED메Code: 0
[7232] 2017/11/19 17:40:23.231 SK_SUBJECT_CONNECTION_CONNECTED메Code: 0
[4760] 2017/11/19 17:41:11.812 SK_SUBJECT_CONNECTION_CONNECTED메Code: 0
[3564] 2017/11/19 17:44:40.431 SK_SUBJECT_CONNECTION_CONNECTED메Code: 0
[1368] 2017/11/19 17:48:02.610 SK_SUBJECT_CONNECTION_CONNECTED메Code: 0
[1284] 2017/11/19 17:54:06.430 SK_SUBJECT_CONNECTION_CONNECTED메Code: 0
[3760] 2017/11/19 17:57:28.309 SK_SUBJECT_CONNECTION_CONNECTED메Code: 0
[7364] 2017/11/19 18:01:22.896 SK_SUBJECT_CONNECTION_CONNECTED메Code: 0
[4576] 2017/11/19 18:03:12.409 SK_SUBJECT_CONNECTION_CONNECTED메Code: 0
[8188] 2017/11/19 18:03:45.094 SK_SUBJECT_CONNECTION_CONNECTED메Code: 0
[4820] 2017/11/19 20:58:57.893 SK_SUBJECT_CONNECTION_CONNECTED메Code: 0
[804] 2017/11/19 21:09:36.874 SK_SUBJECT_CONNECTION_CONNECTED메Code: 0
[8092] 2017/11/19 21:11:44.760 SK_SUBJECT_CONNECTION_CONNECTED메Code: 0
[7272] 2017/11/19 21:14:17.866 SK_SUBJECT_CONNECTION_CONNECTED메Code: 0
[4548] 2017/11/19 21:21:57.343 SK_SUBJECT_CONNECTION_CONNECTED메Code: 0
[4548] 2017/11/19 21:23:04.264 -----------------------------------------------------------------
[3800] 2017/11/19 21:25:47.825 SK_SUBJECT_CONNECTION_CONNECTED메Code: 0
[8836] 2017/11/19 21:26:55.233 SK_SUBJECT_CONNECTION_CONNECTED메Code: 0
[11172] 2017/11/19 23:40:14.067 SK_SUBJECT_CONNECTION_CONNECTED메Code: 0
[4164] 2017/11/19 23:41:03.174 SK_SUBJECT_CONNECTION_CONNECTED메Code: 0
[8592] 2017/11/20 08:17:58.156 SK_SUBJECT_CONNECTION_CONNECTED메Code: 0
[2584] 2017/11/20 09:19:58.814 SK_SUBJECT_CONNECTION_CONNECTED메Code: 0
[6368] 2017/11/20 09:22:32.235 SK_SUBJECT_CONNECTION_CONNECTED메Code: 0
[10972] 2017/11/20 09:23:12.160 SK_SUBJECT_CONNECTION_CONNECTED메Code: 0
[804] 2017/11/20 09:24:23.958 SK_SUBJECT_CONNECTION_CONNECTED메Code: 0
[7920] 2017/11/20 09:26:58.672 SK_SUBJECT_CONNECTION_CONNECTED메Code: 0
[2804] 2017/11/20 09:36:41.009 SK_SUBJECT_CONNECTION_CONNECTED메Code: 0
[4684] 2017/11/20 09:38:27.650 SK_SUBJECT_CONNECTION_CONNECTED메Code: 0
[8784] 2017/11/20 09:41:26.503 SK_SUBJECT_CONNECTION_CONNECTED메Code: 0
[1424] 2017/11/20 09:43:32.806 SK_SUBJECT_CONNECTION_CONNECTED메Code: 0
[9136] 2017/11/20 09:46:00.475 SK_SUBJECT_CONNECTION_CONNECTED메Code: 0
[9136] 2017/11/20 09:47:38.033 -----------------------------------------------------------------
[8456] 2017/11/20 09:49:07.876 SK_SUBJECT_CONNECTION_CONNECTED메Code: 0
[2132] 2017/11/20 09:51:28.537 SK_SUBJECT_CONNECTION_CONNECTED메Code: 0
[3344] 2017/11/20 10:00:13.087 SK_SUBJECT_CONNECTION_CONNECTED메Code: 0
[1328] 2017/11/20 10:09:40.074 SK_SUBJECT_CONNECTION_CONNECTED메Code: 0
[10264] 2017/11/20 10:20:30.260 SK_SUBJECT_CONNECTION_CONNECTED메Code: 0
[7300] 2017/11/20 10:25:23.632 SK_SUBJECT_CONNECTION_CONNECTED메Code: 0
[9012] 2017/11/20 10:35:33.658 SK_SUBJECT_CONNECTION_CONNECTED메Code: 0
[4864] 2017/11/20 10:46:38.272 SK_SUBJECT_CONNECTION_CONNECTED메Code: 0
[4864] 2017/11/20 10:48:32.020 -----------------------------------------------------------------
[8052] 2017/11/20 10:53:18.032 SK_SUBJECT_CONNECTION_CONNECTED메Code: 0
[7296] 2017/11/20 10:54:30.570 SK_SUBJECT_CONNECTION_CONNECTED메Code: 0
[4760] 2017/11/20 10:56:26.833 SK_SUBJECT_CONNECTION_CONNECTED메Code: 0
[4760] 2017/11/20 10:58:26.104 -----------------------------------------------------------------
[10180] 2017/11/20 14:07:59.888 SK_SUBJECT_CONNECTION_CONNECTED메Code: 0
[10180] 2017/11/20 14:10:36.256 SK_SUBJECT_CONNECTION_DISCONNECT메Code: 10054
[10180] 2017/11/20 14:15:31.837 -----------------------------------------------------------------
[3196] 2017/11/20 14:16:32.489 SK_SUBJECT_CONNECTION_CONNECTED메Code: 0
[3196] 2017/11/20 14:17:38.109 -----------------------------------------------------------------
[4700] 2017/11/20 14:17:55.051 SK_SUBJECT_CONNECTION_CONNECTED메Code: 0
[6128] 2017/11/20 14:23:02.107 SK_SUBJECT_CONNECTION_CONNECTED메Code: 0
[5864] 2017/11/20 14:26:52.620 SK_SUBJECT_CONNECTION_CONNECTED메Code: 0
[7904] 2017/11/20 14:29:34.770 SK_SUBJECT_CONNECTION_CONNECTED메Code: 0
[8760] 2017/11/20 14:32:34.693 SK_SUBJECT_CONNECTION_CONNECTED메Code: 0
[8760] 2017/11/20 14:35:11.018 SK_SUBJECT_CONNECTION_DISCONNECT메Code: 10054
[8352] 2017/11/20 14:36:22.944 SK_SUBJECT_CONNECTION_CONNECTED메Code: 0
[7696] 2017/11/20 14:42:00.815 SK_SUBJECT_CONNECTION_CONNECTED메Code: 0
[10048] 2017/11/20 14:45:09.817 SK_SUBJECT_CONNECTION_CONNECTED메Code: 0
[5424] 2017/11/20 14:46:00.707 SK_SUBJECT_CONNECTION_CONNECTED메Code: 0
[9800] 2017/11/20 14:48:42.147 SK_SUBJECT_CONNECTION_CONNECTED메Code: 0
[6768] 2017/11/20 14:50:36.699 SK_SUBJECT_CONNECTION_CONNECTED메Code: 0
[9260] 2017/11/20 14:55:56.555 SK_SUBJECT_CONNECTION_CONNECTED메Code: 0
[2248] 2017/11/20 14:56:37.564 SK_SUBJECT_CONNECTION_CONNECTED메Code: 0
[8768] 2017/11/20 15:05:52.872 SK_SUBJECT_CONNECTION_CONNECTED메Code: 0
[7992] 2017/11/20 17:28:32.619 SK_SUBJECT_CONNECTION_CONNECTED메Code: 0
[8788] 2017/11/20 17:41:19.649 SK_SUBJECT_CONNECTION_CONNECTED메Code: 0
[4524] 2017/11/27 11:01:49.392 SK_SUBJECT_CONNECTION_CONNECTED메Code: 0
[4020] 2017/11/27 11:04:22.753 SK_SUBJECT_CONNECTION_CONNECTED메Code: 0
[9600] 2017/11/27 11:25:32.681 SK_SUBJECT_CONNECTION_CONNECTED메Code: 0
[9600] 2017/11/27 11:28:21.373 SK_SUBJECT_CONNECTION_DISCONNECT메Code: 10054
[12996] 2017/11/27 11:29:15.552 SK_SUBJECT_CONNECTION_CONNECTED메Code: 0
[12996] 2017/11/27 11:32:06.566 SK_SUBJECT_CONNECTION_DISCONNECT메Code: 10054
[12996] 2017/11/27 11:35:05.656 -----------------------------------------------------------------
[13376] 2017/11/27 11:52:26.279 SK_SUBJECT_CONNECTION_CONNECTED메Code: 0
[13376] 2017/11/27 12:02:04.996 -----------------------------------------------------------------
[10780] 2017/11/27 12:02:42.416 SK_SUBJECT_CONNECTION_CONNECTED메Code: 0
[3904] 2017/11/27 12:08:30.631 SK_SUBJECT_CONNECTION_CONNECTED메Code: 0
[14084] 2017/11/27 12:15:30.925 SK_SUBJECT_CONNECTION_CONNECTED메Code: 0
[14084] 2017/11/27 12:17:51.462 -----------------------------------------------------------------
[10600] 2017/11/27 12:31:31.780 SK_SUBJECT_CONNECTION_CONNECTED메Code: 0
[3400] 2017/11/27 12:42:52.229 SK_SUBJECT_CONNECTION_CONNECTED메Code: 0
[4548] 2017/11/27 12:44:25.847 SK_SUBJECT_CONNECTION_CONNECTED메Code: 0
[1796] 2017/11/27 12:45:46.768 SK_SUBJECT_CONNECTION_CONNECTED메Code: 0
[8020] 2017/11/27 12:51:31.695 SK_SUBJECT_CONNECTION_CONNECTED메Code: 0
[7416] 2017/11/27 13:46:30.162 SK_SUBJECT_CONNECTION_CONNECTED메Code: 0
[11260] 2017/11/27 13:48:35.596 SK_SUBJECT_CONNECTION_CONNECTED메Code: 0
[7644] 2017/11/27 13:50:12.788 SK_SUBJECT_CONNECTION_CONNECTED메Code: 0
[6564] 2017/11/27 14:11:10.403 SK_SUBJECT_CONNECTION_CONNECTED메Code: 0
[6564] 2017/11/27 14:12:57.953 -----------------------------------------------------------------
[7800] 2017/11/27 14:39:09.307 SK_SUBJECT_CONNECTION_CONNECTED메Code: 0
[14248] 2017/11/27 15:11:11.386 SK_SUBJECT_CONNECTION_CONNECTED메Code: 0
[8240] 2017/11/27 15:12:56.881 SK_SUBJECT_CONNECTION_CONNECTED메Code: 0
[1964] 2017/11/27 15:14:43.052 SK_SUBJECT_CONNECTION_CONNECTED메Code: 0
[2584] 2017/11/27 15:23:07.722 SK_SUBJECT_CONNECTION_CONNECTED메Code: 0
[11444] 2017/11/27 15:28:33.871 SK_SUBJECT_CONNECTION_CONNECTED메Code: 0
[11444] 2017/11/27 15:30:10.741 -----------------------------------------------------------------
[7012] 2017/11/27 15:38:35.349 SK_SUBJECT_CONNECTION_CONNECTED메Code: 0
[11248] 2017/11/27 15:39:21.363 SK_SUBJECT_CONNECTION_CONNECTED메Code: 0
[4732] 2017/11/27 15:40:20.353 SK_SUBJECT_CONNECTION_CONNECTED메Code: 0
[13120] 2017/11/27 15:41:39.445 SK_SUBJECT_CONNECTION_CONNECTED메Code: 0
[9324] 2017/11/27 15:47:32.436 SK_SUBJECT_CONNECTION_CONNECTED메Code: 0
[12748] 2017/11/27 16:20:35.994 SK_SUBJECT_CONNECTION_CONNECTED메Code: 0
[12904] 2017/11/27 16:21:05.462 SK_SUBJECT_CONNECTION_CONNECTED메Code: 0
[8628] 2017/11/27 16:24:56.060 SK_SUBJECT_CONNECTION_CONNECTED메Code: 0
[8628] 2017/11/27 16:29:32.785 -----------------------------------------------------------------
[2852] 2017/11/27 18:43:30.633 SK_SUBJECT_CONNECTION_CONNECTED메Code: 0
[12516] 2017/11/27 18:48:37.190 SK_SUBJECT_CONNECTION_CONNECTED메Code: 0
[10988] 2017/11/27 18:51:10.036 SK_SUBJECT_CONNECTION_CONNECTED메Code: 0
[13756] 2017/11/27 18:52:55.527 SK_SUBJECT_CONNECTION_CONNECTED메Code: 0
[9324] 2017/11/27 18:55:28.902 SK_SUBJECT_CONNECTION_CONNECTED메Code: 0
[11500] 2017/11/27 18:59:44.377 SK_SUBJECT_CONNECTION_CONNECTED메Code: 0
[1608] 2017/11/27 19:01:35.980 SK_SUBJECT_CONNECTION_CONNECTED메Code: 0
[11396] 2017/11/27 19:30:57.761 SK_SUBJECT_CONNECTION_CONNECTED메Code: 0
[8008] 2017/11/27 19:32:42.736 SK_SUBJECT_CONNECTION_CONNECTED메Code: 0
[6348] 2017/11/27 19:36:18.674 SK_SUBJECT_CONNECTION_CONNECTED메Code: 0
[11844] 2017/11/27 19:38:40.339 SK_SUBJECT_CONNECTION_CONNECTED메Code: 0
[12684] 2017/11/27 22:15:43.618 SK_SUBJECT_CONNECTION_CONNECTED메Code: 0
[12684] 2017/11/27 22:15:46.300 -----------------------------------------------------------------
[14152] 2017/11/27 22:16:36.098 SK_SUBJECT_CONNECTION_CONNECTED메Code: 0
[14152] 2017/11/27 22:19:31.336 SK_SUBJECT_CONNECTION_DISCONNECT메Code: 10054
[14152] 2017/11/27 22:24:17.876 -----------------------------------------------------------------
[14024] 2017/11/27 22:24:48.285 SK_SUBJECT_CONNECTION_CONNECTED메Code: 0
[12556] 2017/11/27 22:28:26.690 SK_SUBJECT_CONNECTION_CONNECTED메Code: 0
[4636] 2017/11/27 22:30:37.800 SK_SUBJECT_CONNECTION_CONNECTED메Code: 0
[8800] 2017/11/27 22:31:45.232 SK_SUBJECT_CONNECTION_CONNECTED메Code: 0
[11784] 2017/11/27 22:32:53.340 SK_SUBJECT_CONNECTION_CONNECTED메Code: 0
[11784] 2017/11/27 22:50:21.618 -----------------------------------------------------------------
[13376] 2017/11/27 22:52:22.803 SK_SUBJECT_CONNECTION_CONNECTED메Code: 0
[9724] 2017/11/27 22:54:23.751 SK_SUBJECT_CONNECTION_CONNECTED메Code: 0
[12732] 2017/11/27 22:56:11.636 SK_SUBJECT_CONNECTION_CONNECTED메Code: 0
[5532] 2017/11/27 23:02:02.972 SK_SUBJECT_CONNECTION_CONNECTED메Code: 0
[8676] 2017/11/27 23:09:27.722 SK_SUBJECT_CONNECTION_CONNECTED메Code: 0
[14104] 2017/11/27 23:10:35.565 SK_SUBJECT_CONNECTION_CONNECTED메Code: 0
[14104] 2017/11/27 23:41:13.565 SK_SUBJECT_CONNECTION_DISCONNECT메Code: 10053
[12740] 2017/11/27 00:02:43.385 SK_SUBJECT_CONNECTION_CONNECTED메Code: 0
[1816] 2017/11/28 09:46:14.380 SK_SUBJECT_CONNECTION_CONNECTED메Code: 0
[6404] 2017/11/28 09:47:19.412 SK_SUBJECT_CONNECTION_CONNECTED메Code: 0
[1772] 2017/11/28 09:48:01.702 SK_SUBJECT_CONNECTION_CONNECTED메Code: 0
[12336] 2017/11/28 09:53:36.800 SK_SUBJECT_CONNECTION_CONNECTED메Code: 0
[4092] 2017/11/28 09:56:38.911 SK_SUBJECT_CONNECTION_CONNECTED메Code: 0
[6080] 2017/11/28 09:57:27.355 SK_SUBJECT_CONNECTION_CONNECTED메Code: 0
[6700] 2017/11/28 17:13:04.375 SK_SUBJECT_CONNECTION_CONNECTED메Code: 0
[12960] 2017/11/28 17:13:44.125 SK_SUBJECT_CONNECTION_CONNECTED메Code: 0
[2288] 2017/11/28 18:20:22.491 SK_SUBJECT_CONNECTION_CONNECTED메Code: 0
[2288] 2017/11/28 18:20:42.467 -----------------------------------------------------------------
[164] 2017/11/28 18:20:57.933 SK_SUBJECT_CONNECTION_CONNECTED메Code: 0
[192] 2017/11/28 18:48:23.156 SK_SUBJECT_CONNECTION_CONNECTED메Code: 0
[2808] 2017/11/28 19:48:01.918 SK_SUBJECT_CONNECTION_CONNECTED메Code: 0
[6608] 2017/11/28 22:23:44.084 SK_SUBJECT_CONNECTION_CONNECTED메Code: 0
[3604] 2017/11/28 22:25:02.550 SK_SUBJECT_CONNECTION_CONNECTED메Code: 0
[12064] 2017/11/28 22:27:16.175 SK_SUBJECT_CONNECTION_CONNECTED메Code: 0
[11912] 2017/11/28 22:29:53.695 SK_SUBJECT_CONNECTION_CONNECTED메Code: 0
[5624] 2017/11/28 22:41:00.065 SK_SUBJECT_CONNECTION_CONNECTED메Code: 0
[7608] 2017/11/28 22:44:42.639 SK_SUBJECT_CONNECTION_CONNECTED메Code: 0
[7348] 2017/11/28 22:58:25.984 SK_SUBJECT_CONNECTION_CONNECTED메Code: 0
[13432] 2017/11/28 23:02:25.069 SK_SUBJECT_CONNECTION_CONNECTED메Code: 0
[8980] 2017/11/28 23:04:20.109 SK_SUBJECT_CONNECTION_CONNECTED메Code: 0
[3852] 2017/11/28 23:07:10.750 SK_SUBJECT_CONNECTION_CONNECTED메Code: 0
[11916] 2017/11/29 09:42:12.617 SK_SUBJECT_CONNECTION_CONNECTED메Code: 0
[3144] 2017/11/29 09:43:27.395 SK_SUBJECT_CONNECTION_CONNECTED메Code: 0
[12172] 2017/11/29 09:51:33.404 SK_SUBJECT_CONNECTION_CONNECTED메Code: 0
[9324] 2017/11/29 09:52:06.207 SK_SUBJECT_CONNECTION_CONNECTED메Code: 0
[7336] 2017/11/29 09:53:35.142 SK_SUBJECT_CONNECTION_CONNECTED메Code: 0
[11720] 2017/11/29 10:00:02.809 SK_SUBJECT_CONNECTION_CONNECTED메Code: 0
[4704] 2017/12/01 12:03:47.026 SK_SUBJECT_CONNECTION_CONNECTED메Code: 0
[10992] 2017/12/01 12:06:11.158 SK_SUBJECT_CONNECTION_CONNECTED메Code: 0
[12784] 2017/12/01 12:08:28.583 SK_SUBJECT_CONNECTION_CONNECTED메Code: 0
[12784] 2017/12/01 12:14:21.964 SK_SUBJECT_CONNECTION_DISCONNECT메Code: 10054
[10632] 2017/12/01 12:14:45.656 SK_SUBJECT_CONNECTION_CONNECTED메Code: 0
[10632] 2017/12/01 12:16:38.673 -----------------------------------------------------------------
[2396] 2017/12/01 12:17:43.391 SK_SUBJECT_CONNECTION_CONNECTED메Code: 0
[3840] 2017/12/01 12:19:52.107 SK_SUBJECT_CONNECTION_CONNECTED메Code: 0
[7932] 2017/12/01 15:17:50.234 SK_SUBJECT_CONNECTION_CONNECTED메Code: 0
[11552] 2017/12/01 15:19:29.050 SK_SUBJECT_CONNECTION_CONNECTED메Code: 0
[1476] 2017/12/01 20:07:02.916 SK_SUBJECT_CONNECTION_CONNECTED메Code: 0
[11992] 2017/12/01 20:09:07.699 SK_SUBJECT_CONNECTION_CONNECTED메Code: 0
[4032] 2017/12/01 20:11:22.997 SK_SUBJECT_CONNECTION_CONNECTED메Code: 0
[12280] 2017/12/01 20:21:57.626 SK_SUBJECT_CONNECTION_CONNECTED메Code: 0
[11468] 2017/12/01 20:22:43.443 SK_SUBJECT_CONNECTION_CONNECTED메Code: 0
[13736] 2017/12/01 20:24:20.244 SK_SUBJECT_CONNECTION_CONNECTED메Code: 0
[5904] 2017/12/01 20:25:47.083 SK_SUBJECT_CONNECTION_CONNECTED메Code: 0
[10100] 2017/12/01 20:29:13.463 SK_SUBJECT_CONNECTION_CONNECTED메Code: 0
[7512] 2017/12/01 20:31:57.802 SK_SUBJECT_CONNECTION_CONNECTED메Code: 0
[7968] 2017/12/01 20:35:10.016 SK_SUBJECT_CONNECTION_CONNECTED메Code: 0
[1760] 2017/12/01 20:38:00.513 SK_SUBJECT_CONNECTION_CONNECTED메Code: 0
[11632] 2017/12/01 20:39:37.038 SK_SUBJECT_CONNECTION_CONNECTED메Code: 0
[11960] 2017/12/01 20:47:21.370 SK_SUBJECT_CONNECTION_CONNECTED메Code: 0
[13428] 2017/12/01 20:48:36.809 SK_SUBJECT_CONNECTION_CONNECTED메Code: 0
[2144] 2017/12/01 20:50:13.018 SK_SUBJECT_CONNECTION_CONNECTED메Code: 0
[11984] 2017/12/01 20:54:00.749 SK_SUBJECT_CONNECTION_CONNECTED메Code: 0
[13068] 2017/12/01 20:55:19.069 SK_SUBJECT_CONNECTION_CONNECTED메Code: 0
[12380] 2017/12/02 17:05:57.337 SK_SUBJECT_CONNECTION_CONNECTED메Code: 0
[3172] 2017/12/02 17:10:27.297 SK_SUBJECT_CONNECTION_CONNECTED메Code: 0
[6000] 2017/12/02 17:16:13.413 SK_SUBJECT_CONNECTION_CONNECTED메Code: 0
[11560] 2017/12/02 17:20:01.467 SK_SUBJECT_CONNECTION_CONNECTED메Code: 0
[11560] 2017/12/02 17:22:42.345 SK_SUBJECT_CONNECTION_DISCONNECT메Code: 10054
[10600] 2017/12/02 17:32:12.615 SK_SUBJECT_CONNECTION_CONNECTED메Code: 0
[15260] 2017/12/02 17:34:27.058 SK_SUBJECT_CONNECTION_CONNECTED메Code: 0
[14696] 2017/12/02 17:35:06.285 SK_SUBJECT_CONNECTION_CONNECTED메Code: 0
[10792] 2017/12/02 17:36:02.963 SK_SUBJECT_CONNECTION_CONNECTED메Code: 0
[6168] 2017/12/02 17:41:56.921 SK_SUBJECT_CONNECTION_CONNECTED메Code: 0
[14544] 2017/12/02 17:45:52.823 SK_SUBJECT_CONNECTION_CONNECTED메Code: 0
[668] 2017/12/02 21:08:45.370 SK_SUBJECT_CONNECTION_CONNECTED메Code: 0
[3644] 2017/12/02 21:24:28.505 SK_SUBJECT_CONNECTION_CONNECTED메Code: 0
[10360] 2017/12/02 21:27:05.990 SK_SUBJECT_CONNECTION_CONNECTED메Code: 0
[9404] 2017/12/02 21:33:03.402 SK_SUBJECT_CONNECTION_CONNECTED메Code: 0
[1268] 2017/12/02 21:33:49.505 SK_SUBJECT_CONNECTION_CONNECTED메Code: 0
[32] 2017/12/02 21:35:59.963 SK_SUBJECT_CONNECTION_CONNECTED메Code: 0
[8168] 2017/12/02 21:38:05.428 SK_SUBJECT_CONNECTION_CONNECTED메Code: 0
[12608] 2017/12/02 21:46:42.908 SK_SUBJECT_CONNECTION_CONNECTED메Code: 0
[12560] 2017/12/02 22:01:16.344 SK_SUBJECT_CONNECTION_CONNECTED메Code: 0
[7656] 2017/12/02 22:31:43.972 SK_SUBJECT_CONNECTION_CONNECTED메Code: 0
[12960] 2017/12/02 22:35:20.712 SK_SUBJECT_CONNECTION_CONNECTED메Code: 0
[10988] 2017/12/02 22:36:55.568 SK_SUBJECT_CONNECTION_CONNECTED메Code: 0
[5644] 2017/12/02 22:38:53.807 SK_SUBJECT_CONNECTION_CONNECTED메Code: 0
[10504] 2017/12/02 22:45:46.731 SK_SUBJECT_CONNECTION_CONNECTED메Code: 0
[10504] 2017/12/02 22:47:50.239 -----------------------------------------------------------------
[15280] 2017/12/02 22:56:11.875 SK_SUBJECT_CONNECTION_CONNECTED메Code: 0
[3676] 2017/12/02 22:57:28.756 SK_SUBJECT_CONNECTION_CONNECTED메Code: 0
[5304] 2017/12/02 22:59:41.074 SK_SUBJECT_CONNECTION_CONNECTED메Code: 0
[14456] 2017/12/02 23:02:00.525 SK_SUBJECT_CONNECTION_CONNECTED메Code: 0
[14456] 2017/12/02 23:03:50.083 -----------------------------------------------------------------
[2588] 2017/12/02 23:04:04.791 SK_SUBJECT_CONNECTION_CONNECTED메Code: 0
[8016] 2017/12/02 23:06:00.646 SK_SUBJECT_CONNECTION_CONNECTED메Code: 0
[8016] 2017/12/02 23:09:13.818 -----------------------------------------------------------------
[2588] 2017/12/02 23:09:16.106 -----------------------------------------------------------------
[6264] 2017/12/02 23:26:29.764 SK_SUBJECT_CONNECTION_CONNECTED메Code: 0
[6264] 2017/12/02 23:29:06.112 SK_SUBJECT_CONNECTION_DISCONNECT메Code: 10054
[12260] 2017/12/02 23:32:22.609 SK_SUBJECT_CONNECTION_CONNECTED메Code: 0
[4032] 2017/12/03 11:45:05.211 SK_SUBJECT_CONNECTION_CONNECTED메Code: 0
[15096] 2017/12/03 12:31:01.264 SK_SUBJECT_CONNECTION_CONNECTED메Code: 0
[15096] 2017/12/03 12:34:35.102 SK_SUBJECT_CONNECTION_DISCONNECT메Code: 10054
[15096] 2017/12/03 12:51:08.812 -----------------------------------------------------------------
[1764] 2017/12/03 12:52:23.239 SK_SUBJECT_CONNECTION_CONNECTED메Code: 0
[1764] 2017/12/03 12:53:09.665 -----------------------------------------------------------------
[6996] 2017/12/03 12:53:20.142 SK_SUBJECT_CONNECTION_CONNECTED메Code: 0
[6996] 2017/12/03 12:54:09.275 -----------------------------------------------------------------
[11436] 2017/12/03 12:54:20.864 SK_SUBJECT_CONNECTION_CONNECTED메Code: 0
[11436] 2017/12/03 12:55:00.429 -----------------------------------------------------------------
[3692] 2017/12/03 12:55:10.795 SK_SUBJECT_CONNECTION_CONNECTED메Code: 0
[3692] 2017/12/03 12:56:10.047 -----------------------------------------------------------------
[12756] 2017/12/04 09:22:36.206 SK_SUBJECT_CONNECTION_CONNECTED메Code: 0
[12756] 2017/12/04 10:08:52.938 -----------------------------------------------------------------
[15472] 2017/12/04 10:10:46.165 SK_SUBJECT_CONNECTION_CONNECTED메Code: 0
[15940] 2017/12/04 10:33:21.026 SK_SUBJECT_CONNECTION_CONNECTED메Code: 0
[7124] 2017/12/04 10:35:16.911 SK_SUBJECT_CONNECTION_CONNECTED메Code: 0
[13012] 2017/12/04 10:44:35.185 SK_SUBJECT_CONNECTION_CONNECTED메Code: 0
[7228] 2017/12/04 10:46:42.574 SK_SUBJECT_CONNECTION_CONNECTED메Code: 0
[16376] 2017/12/04 10:54:11.816 SK_SUBJECT_CONNECTION_CONNECTED메Code: 0
[16376] 2017/12/04 10:55:02.174 -----------------------------------------------------------------
[3284] 2017/12/04 11:36:36.041 SK_SUBJECT_CONNECTION_CONNECTED메Code: 0
[12908] 2017/12/04 11:37:08.901 SK_SUBJECT_CONNECTION_CONNECTED메Code: 0
[2396] 2017/12/04 11:41:54.344 SK_SUBJECT_CONNECTION_CONNECTED메Code: 0
[5068] 2017/12/04 11:42:27.091 SK_SUBJECT_CONNECTION_CONNECTED메Code: 0
[13172] 2017/12/04 11:44:11.634 SK_SUBJECT_CONNECTION_CONNECTED메Code: 0
[7808] 2017/12/04 11:44:46.809 SK_SUBJECT_CONNECTION_CONNECTED메Code: 0
[7808] 2017/12/04 11:47:56.333 -----------------------------------------------------------------
[12380] 2017/12/04 11:52:43.384 SK_SUBJECT_CONNECTION_CONNECTED메Code: 0
[12380] 2017/12/04 11:56:34.553 SK_SUBJECT_CONNECTION_DISCONNECT메Code: 10054
[10336] 2017/12/04 12:15:42.483 SK_SUBJECT_CONNECTION_CONNECTED메Code: 0
[6360] 2017/12/04 12:30:51.705 SK_SUBJECT_CONNECTION_CONNECTED메Code: 0
[11772] 2017/12/04 12:32:58.693 SK_SUBJECT_CONNECTION_CONNECTED메Code: 0
[11772] 2017/12/04 12:39:35.675 SK_SUBJECT_CONNECTION_DISCONNECT메Code: 10054
[7668] 2017/12/04 12:42:12.762 SK_SUBJECT_CONNECTION_CONNECTED메Code: 0
[9240] 2017/12/04 12:43:05.401 SK_SUBJECT_CONNECTION_CONNECTED메Code: 0
[15036] 2017/12/04 12:43:47.415 SK_SUBJECT_CONNECTION_CONNECTED메Code: 0
[2204] 2017/12/04 13:52:48.487 SK_SUBJECT_CONNECTION_CONNECTED메Code: 0
[12960] 2017/12/04 13:54:26.337 SK_SUBJECT_CONNECTION_CONNECTED메Code: 0
[12396] 2017/12/04 13:57:20.207 SK_SUBJECT_CONNECTION_CONNECTED메Code: 0
[14028] 2017/12/04 14:01:50.252 SK_SUBJECT_CONNECTION_CONNECTED메Code: 0
[12048] 2017/12/04 14:02:20.841 SK_SUBJECT_CONNECTION_CONNECTED메Code: 0
[12048] 2017/12/04 14:02:57.620 -----------------------------------------------------------------
[6944] 2017/12/04 14:03:09.939 SK_SUBJECT_CONNECTION_CONNECTED메Code: 0
[6944] 2017/12/04 14:04:16.169 -----------------------------------------------------------------
[16272] 2017/12/04 14:09:54.783 SK_SUBJECT_CONNECTION_CONNECTED메Code: 0
[7264] 2017/12/04 14:10:29.838 SK_SUBJECT_CONNECTION_CONNECTED메Code: 0
[15768] 2017/12/04 14:12:27.430 SK_SUBJECT_CONNECTION_CONNECTED메Code: 0
[15548] 2017/12/04 14:14:07.768 SK_SUBJECT_CONNECTION_CONNECTED메Code: 0
[752] 2017/12/04 14:14:50.938 SK_SUBJECT_CONNECTION_CONNECTED메Code: 0
[15572] 2017/12/04 14:17:03.330 SK_SUBJECT_CONNECTION_CONNECTED메Code: 0
[15572] 2017/12/04 14:17:55.204 -----------------------------------------------------------------
[14460] 2017/12/04 14:18:06.296 SK_SUBJECT_CONNECTION_CONNECTED메Code: 0
[14460] 2017/12/04 14:29:08.278 -----------------------------------------------------------------
[5536] 2017/12/04 14:30:37.491 SK_SUBJECT_CONNECTION_CONNECTED메Code: 0
[5536] 2017/12/04 14:41:24.521 -----------------------------------------------------------------
[11632] 2017/12/04 14:41:41.970 SK_SUBJECT_CONNECTION_CONNECTED메Code: 0
[11632] 2017/12/04 14:42:53.600 -----------------------------------------------------------------
[9240] 2017/12/04 14:43:30.213 SK_SUBJECT_CONNECTION_CONNECTED메Code: 0
[9240] 2017/12/04 14:46:18.473 SK_SUBJECT_CONNECTION_DISCONNECT메Code: 10054
[9240] 2017/12/04 14:54:46.836 -----------------------------------------------------------------
[13316] 2017/12/04 14:58:12.213 SK_SUBJECT_CONNECTION_CONNECTED메Code: 0
[13316] 2017/12/04 14:59:02.799 -----------------------------------------------------------------
[9272] 2017/12/04 15:00:24.001 SK_SUBJECT_CONNECTION_CONNECTED메Code: 0
[9272] 2017/12/04 15:04:11.591 -----------------------------------------------------------------
[16076] 2017/12/04 15:08:33.050 SK_SUBJECT_CONNECTION_CONNECTED메Code: 0
[4448] 2017/12/04 15:14:13.002 SK_SUBJECT_CONNECTION_CONNECTED메Code: 0
[1132] 2017/12/04 15:16:21.512 SK_SUBJECT_CONNECTION_CONNECTED메Code: 0
[1248] 2017/12/04 15:16:53.968 SK_SUBJECT_CONNECTION_CONNECTED메Code: 0
[2772] 2017/12/04 15:17:24.962 SK_SUBJECT_CONNECTION_CONNECTED메Code: 0
[13256] 2017/12/04 15:18:28.065 SK_SUBJECT_CONNECTION_CONNECTED메Code: 0
[7656] 2017/12/04 15:19:08.123 SK_SUBJECT_CONNECTION_CONNECTED메Code: 0
[16020] 2017/12/04 15:19:41.801 SK_SUBJECT_CONNECTION_CONNECTED메Code: 0
[13096] 2017/12/04 15:20:35.546 SK_SUBJECT_CONNECTION_CONNECTED메Code: 0
[8860] 2017/12/04 15:22:18.270 SK_SUBJECT_CONNECTION_CONNECTED메Code: 0
[5324] 2017/12/04 15:25:56.784 SK_SUBJECT_CONNECTION_CONNECTED메Code: 0
[7524] 2017/12/04 15:27:53.266 SK_SUBJECT_CONNECTION_CONNECTED메Code: 0
[16336] 2017/12/04 15:34:18.458 SK_SUBJECT_CONNECTION_CONNECTED메Code: 0
[16336] 2017/12/04 15:38:12.490 SK_SUBJECT_CONNECTION_DISCONNECT메Code: 10054
[13440] 2017/12/04 15:45:22.682 SK_SUBJECT_CONNECTION_CONNECTED메Code: 0
[13440] 2017/12/04 16:27:40.011 -----------------------------------------------------------------
[11448] 2017/12/04 16:30:25.925 SK_SUBJECT_CONNECTION_CONNECTED메Code: 0
[13616] 2017/12/04 16:43:26.472 SK_SUBJECT_CONNECTION_CONNECTED메Code: 0
[13616] 2017/12/04 16:47:06.872 -----------------------------------------------------------------
[14756] 2017/12/04 16:51:19.706 SK_SUBJECT_CONNECTION_CONNECTED메Code: 0
[9672] 2017/12/04 16:51:55.944 SK_SUBJECT_CONNECTION_CONNECTED메Code: 0
[9672] 2017/12/04 17:13:33.306 -----------------------------------------------------------------
[5080] 2017/12/04 17:15:30.367 SK_SUBJECT_CONNECTION_CONNECTED메Code: 0
[3588] 2017/12/04 17:16:23.561 SK_SUBJECT_CONNECTION_CONNECTED메Code: 0
[14988] 2017/12/04 17:18:14.440 SK_SUBJECT_CONNECTION_CONNECTED메Code: 0
[3560] 2017/12/04 17:26:08.809 SK_SUBJECT_CONNECTION_CONNECTED메Code: 0
[2164] 2017/12/04 17:34:05.939 SK_SUBJECT_CONNECTION_CONNECTED메Code: 0
[2164] 2017/12/04 17:37:02.338 -----------------------------------------------------------------
[9768] 2017/12/04 17:40:04.656 SK_SUBJECT_CONNECTION_CONNECTED메Code: 0
[16716] 2017/12/04 20:48:32.525 SK_SUBJECT_CONNECTION_CONNECTED메Code: 0
[5624] 2017/12/04 20:50:14.940 SK_SUBJECT_CONNECTION_CONNECTED메Code: 0
[3012] 2017/12/04 20:59:45.282 SK_SUBJECT_CONNECTION_CONNECTED메Code: 0
[17056] 2017/12/04 21:03:55.109 SK_SUBJECT_CONNECTION_CONNECTED메Code: 0
[15944] 2017/12/04 21:12:11.173 SK_SUBJECT_CONNECTION_CONNECTED메Code: 0
[9180] 2017/12/04 21:14:32.261 SK_SUBJECT_CONNECTION_CONNECTED메Code: 0
[12912] 2017/12/04 21:16:43.895 SK_SUBJECT_CONNECTION_CONNECTED메Code: 0
[12912] 2017/12/04 21:20:03.381 SK_SUBJECT_CONNECTION_DISCONNECT메Code: 10054
[12328] 2017/12/04 21:49:07.175 SK_SUBJECT_CONNECTION_CONNECTED메Code: 0
[13420] 2017/12/04 21:50:44.829 SK_SUBJECT_CONNECTION_CONNECTED메Code: 0
[5392] 2017/12/04 21:52:06.491 SK_SUBJECT_CONNECTION_CONNECTED메Code: 0
[16444] 2017/12/04 21:56:01.585 SK_SUBJECT_CONNECTION_CONNECTED메Code: 0
[16944] 2017/12/04 21:56:45.710 SK_SUBJECT_CONNECTION_CONNECTED메Code: 0
[16304] 2017/12/04 21:57:45.420 SK_SUBJECT_CONNECTION_CONNECTED메Code: 0
[14460] 2017/12/04 22:00:03.986 SK_SUBJECT_CONNECTION_CONNECTED메Code: 0
[13180] 2017/12/04 22:01:18.373 SK_SUBJECT_CONNECTION_CONNECTED메Code: 0
[13420] 2017/12/04 22:02:36.437 SK_SUBJECT_CONNECTION_CONNECTED메Code: 0
[7720] 2017/12/04 22:06:15.315 SK_SUBJECT_CONNECTION_CONNECTED메Code: 0
[1824] 2017/12/04 22:07:27.273 SK_SUBJECT_CONNECTION_CONNECTED메Code: 0
[2728] 2017/12/04 22:14:33.288 SK_SUBJECT_CONNECTION_CONNECTED메Code: 0
[13164] 2017/12/04 22:19:59.212 SK_SUBJECT_CONNECTION_CONNECTED메Code: 0
[13760] 2017/12/04 22:21:04.987 SK_SUBJECT_CONNECTION_CONNECTED메Code: 0
[14072] 2017/12/06 09:24:03.100 SK_SUBJECT_CONNECTION_CONNECTED메Code: 0
[12404] 2017/12/06 09:24:53.004 SK_SUBJECT_CONNECTION_CONNECTED메Code: 0
[15836] 2017/12/06 09:25:57.571 SK_SUBJECT_CONNECTION_CONNECTED메Code: 0
[15836] 2017/12/06 09:35:12.426 -----------------------------------------------------------------
[14920] 2017/12/06 09:36:47.003 SK_SUBJECT_CONNECTION_CONNECTED메Code: 0
[14920] 2017/12/06 09:37:30.627 -----------------------------------------------------------------
[17352] 2017/12/06 09:37:41.301 SK_SUBJECT_CONNECTION_CONNECTED메Code: 0
[17352] 2017/12/06 09:37:45.128 -----------------------------------------------------------------
[2724] 2017/12/06 09:38:22.158 SK_SUBJECT_CONNECTION_CONNECTED메Code: 0
[2724] 2017/12/06 09:40:58.496 SK_SUBJECT_CONNECTION_DISCONNECT메Code: 10054
[2724] 2017/12/06 09:41:15.573 -----------------------------------------------------------------
[12432] 2017/12/06 10:57:11.046 SK_SUBJECT_CONNECTION_CONNECTED메Code: 0
[12432] 2017/12/06 10:58:20.078 -----------------------------------------------------------------
[16868] 2017/12/06 12:04:30.692 SK_SUBJECT_CONNECTION_CONNECTED메Code: 0
[6424] 2017/12/06 12:06:39.005 SK_SUBJECT_CONNECTION_CONNECTED메Code: 0
[6424] 2017/12/06 12:09:15.466 SK_SUBJECT_CONNECTION_DISCONNECT메Code: 10054
[6424] 2017/12/06 12:15:45.087 -----------------------------------------------------------------
[9796] 2017/12/06 12:17:32.871 SK_SUBJECT_CONNECTION_CONNECTED메Code: 0
[11908] 2017/12/06 20:28:50.394 SK_SUBJECT_CONNECTION_CONNECTED메Code: 0
[11528] 2017/12/06 20:29:29.916 SK_SUBJECT_CONNECTION_CONNECTED메Code: 0
[11604] 2017/12/06 20:30:15.305 SK_SUBJECT_CONNECTION_CONNECTED메Code: 0
[12136] 2017/12/06 20:32:30.783 SK_SUBJECT_CONNECTION_CONNECTED메Code: 0
[6524] 2017/12/06 20:33:26.429 SK_SUBJECT_CONNECTION_CONNECTED메Code: 0
[12184] 2017/12/06 20:36:50.916 SK_SUBJECT_CONNECTION_CONNECTED메Code: 0
[11584] 2017/12/06 20:37:48.475 SK_SUBJECT_CONNECTION_CONNECTED메Code: 0
[6492] 2017/12/06 20:38:39.557 SK_SUBJECT_CONNECTION_CONNECTED메Code: 0
[11288] 2017/12/06 20:39:37.148 SK_SUBJECT_CONNECTION_CONNECTED메Code: 0
[10464] 2017/12/06 20:40:31.920 SK_SUBJECT_CONNECTION_CONNECTED메Code: 0
[11384] 2017/12/06 20:41:06.301 SK_SUBJECT_CONNECTION_CONNECTED메Code: 0
[10736] 2017/12/06 20:42:25.639 SK_SUBJECT_CONNECTION_CONNECTED메Code: 0
[11936] 2017/12/06 20:43:55.792 SK_SUBJECT_CONNECTION_CONNECTED메Code: 0
[180] 2017/12/06 20:45:27.876 SK_SUBJECT_CONNECTION_CONNECTED메Code: 0
[9748] 2017/12/06 20:46:37.448 SK_SUBJECT_CONNECTION_CONNECTED메Code: 0
[6860] 2017/12/06 20:47:18.993 SK_SUBJECT_CONNECTION_CONNECTED메Code: 0
[3120] 2017/12/06 20:48:19.547 SK_SUBJECT_CONNECTION_CONNECTED메Code: 0
[9492] 2017/12/06 20:48:56.440 SK_SUBJECT_CONNECTION_CONNECTED메Code: 0
[8200] 2017/12/06 20:53:58.626 SK_SUBJECT_CONNECTION_CONNECTED메Code: 0
[11424] 2017/12/06 20:54:40.102 SK_SUBJECT_CONNECTION_CONNECTED메Code: 0
[8060] 2017/12/06 20:55:07.061 SK_SUBJECT_CONNECTION_CONNECTED메Code: 0
[6764] 2017/12/06 20:55:28.913 SK_SUBJECT_CONNECTION_CONNECTED메Code: 0
[11752] 2017/12/06 20:56:15.801 SK_SUBJECT_CONNECTION_CONNECTED메Code: 0
[10972] 2017/12/06 20:57:57.463 SK_SUBJECT_CONNECTION_CONNECTED메Code: 0
[12008] 2017/12/06 20:59:24.811 SK_SUBJECT_CONNECTION_CONNECTED메Code: 0
[12008] 2017/12/06 20:59:34.915 -----------------------------------------------------------------
[3800] 2017/12/06 21:00:19.457 SK_SUBJECT_CONNECTION_CONNECTED메Code: 0
[7160] 2017/12/06 21:02:11.705 SK_SUBJECT_CONNECTION_CONNECTED메Code: 0
[3196] 2017/12/06 21:02:42.393 SK_SUBJECT_CONNECTION_CONNECTED메Code: 0
[1324] 2017/12/06 21:06:37.560 SK_SUBJECT_CONNECTION_CONNECTED메Code: 0
[1392] 2017/12/06 21:07:32.895 SK_SUBJECT_CONNECTION_CONNECTED메Code: 0
[6944] 2017/12/06 21:08:27.678 SK_SUBJECT_CONNECTION_CONNECTED메Code: 0
[9772] 2017/12/06 21:10:23.095 SK_SUBJECT_CONNECTION_CONNECTED메Code: 0
[1836] 2017/12/06 21:12:01.992 SK_SUBJECT_CONNECTION_CONNECTED메Code: 0
[3456] 2017/12/06 21:12:36.649 SK_SUBJECT_CONNECTION_CONNECTED메Code: 0
[5576] 2017/12/06 21:13:30.403 SK_SUBJECT_CONNECTION_CONNECTED메Code: 0
[7172] 2017/12/06 21:14:16.578 SK_SUBJECT_CONNECTION_CONNECTED메Code: 0
[5644] 2017/12/06 21:14:40.948 SK_SUBJECT_CONNECTION_CONNECTED메Code: 0
[5644] 2017/12/06 21:14:47.630 -----------------------------------------------------------------
[148] 2017/12/06 21:16:32.059 SK_SUBJECT_CONNECTION_CONNECTED메Code: 0
[8660] 2017/12/06 22:12:33.177 SK_SUBJECT_CONNECTION_CONNECTED메Code: 0
[6032] 2017/12/07 06:57:25.616 SK_SUBJECT_CONNECTION_CONNECTED메Code: 0
[6032] 2017/12/07 06:58:06.744 -----------------------------------------------------------------
[7160] 2017/12/07 06:59:33.263 SK_SUBJECT_CONNECTION_CONNECTED메Code: 0
[6784] 2017/12/07 07:00:30.967 SK_SUBJECT_CONNECTION_CONNECTED메Code: 0
[6784] 2017/12/07 07:01:06.743 -----------------------------------------------------------------
[7032] 2017/12/07 07:46:20.473 SK_SUBJECT_CONNECTION_CONNECTED메Code: 0
[8968] 2017/12/07 08:06:43.724 SK_SUBJECT_CONNECTION_CONNECTED메Code: 0
[7484] 2017/12/07 08:12:09.561 SK_SUBJECT_CONNECTION_CONNECTED메Code: 0
[9788] 2017/12/07 08:13:16.151 SK_SUBJECT_CONNECTION_CONNECTED메Code: 0
[8840] 2017/12/07 08:14:59.617 SK_SUBJECT_CONNECTION_CONNECTED메Code: 0
[5896] 2017/12/07 08:26:03.386 SK_SUBJECT_CONNECTION_CONNECTED메Code: 0
[9720] 2017/12/07 08:27:10.269 SK_SUBJECT_CONNECTION_CONNECTED메Code: 0
[3640] 2017/12/07 08:27:47.776 SK_SUBJECT_CONNECTION_CONNECTED메Code: 0
[10232] 2017/12/07 08:28:15.571 SK_SUBJECT_CONNECTION_CONNECTED메Code: 0
[10232] 2017/12/07 08:28:48.879 -----------------------------------------------------------------
[11256] 2017/12/07 08:29:01.597 SK_SUBJECT_CONNECTION_CONNECTED메Code: 0
[11256] 2017/12/07 08:29:44.980 -----------------------------------------------------------------
[2848] 2017/12/07 08:30:06.724 SK_SUBJECT_CONNECTION_CONNECTED메Code: 0
[2848] 2017/12/07 08:32:43.052 SK_SUBJECT_CONNECTION_DISCONNECT메Code: 10054
[4848] 2017/12/07 08:52:38.753 SK_SUBJECT_CONNECTION_CONNECTED메Code: 0
[10368] 2017/12/07 10:28:06.222 SK_SUBJECT_CONNECTION_CONNECTED메Code: 0
[10368] 2017/12/07 10:30:12.943 -----------------------------------------------------------------
[2912] 2017/12/07 10:30:51.547 SK_SUBJECT_CONNECTION_CONNECTED메Code: 0
[2912] 2017/12/07 10:31:48.652 -----------------------------------------------------------------
[3356] 2017/12/07 10:32:43.610 SK_SUBJECT_CONNECTION_CONNECTED메Code: 0
[3356] 2017/12/07 10:33:47.414 -----------------------------------------------------------------
[348] 2017/12/07 10:54:37.728 SK_SUBJECT_CONNECTION_CONNECTED메Code: 0
[1820] 2017/12/07 10:56:12.718 SK_SUBJECT_CONNECTION_CONNECTED메Code: 0
[9892] 2017/12/07 11:00:32.886 SK_SUBJECT_CONNECTION_CONNECTED메Code: 0
[9024] 2017/12/07 11:02:11.995 SK_SUBJECT_CONNECTION_CONNECTED메Code: 0
[9024] 2017/12/07 11:04:48.317 SK_SUBJECT_CONNECTION_DISCONNECT메Code: 10054
[9012] 2017/12/07 11:35:44.877 SK_SUBJECT_CONNECTION_CONNECTED메Code: 0
[9072] 2017/12/07 11:37:42.944 SK_SUBJECT_CONNECTION_CONNECTED메Code: 0
[5620] 2017/12/07 11:39:13.453 SK_SUBJECT_CONNECTION_CONNECTED메Code: 0
[8604] 2017/12/07 11:46:00.453 SK_SUBJECT_CONNECTION_CONNECTED메Code: 0
[8604] 2017/12/07 11:48:36.780 SK_SUBJECT_CONNECTION_DISCONNECT메Code: 10054
[8932] 2017/12/07 11:50:56.341 SK_SUBJECT_CONNECTION_CONNECTED메Code: 0
[8932] 2017/12/07 11:53:32.057 -----------------------------------------------------------------
[10476] 2017/12/07 11:54:02.829 SK_SUBJECT_CONNECTION_CONNECTED메Code: 0
[10476] 2017/12/07 11:55:42.865 -----------------------------------------------------------------
[5384] 2017/12/07 12:00:05.632 SK_SUBJECT_CONNECTION_CONNECTED메Code: 0
[6572] 2017/12/07 12:03:00.479 SK_SUBJECT_CONNECTION_CONNECTED메Code: 0
[7160] 2017/12/07 12:04:28.774 SK_SUBJECT_CONNECTION_CONNECTED메Code: 0
[8988] 2017/12/07 12:08:15.262 SK_SUBJECT_CONNECTION_CONNECTED메Code: 0
[7632] 2017/12/07 12:09:53.301 SK_SUBJECT_CONNECTION_CONNECTED메Code: 0
[4080] 2017/12/07 12:12:47.934 SK_SUBJECT_CONNECTION_CONNECTED메Code: 0
[7456] 2017/12/07 12:16:35.941 SK_SUBJECT_CONNECTION_CONNECTED메Code: 0
[7456] 2017/12/07 12:33:39.315 SK_SUBJECT_CONNECTION_DISCONNECT메Code: 10054
[7608] 2017/12/07 12:42:16.549 SK_SUBJECT_CONNECTION_CONNECTED메Code: 0
[4996] 2017/12/07 13:32:30.348 SK_SUBJECT_CONNECTION_CONNECTED메Code: 0
[8656] 2017/12/07 13:35:55.149 SK_SUBJECT_CONNECTION_CONNECTED메Code: 0
[11820] 2017/12/07 13:37:05.435 SK_SUBJECT_CONNECTION_CONNECTED메Code: 0
[4492] 2017/12/07 13:49:49.643 SK_SUBJECT_CONNECTION_CONNECTED메Code: 0
[8456] 2017/12/07 13:56:21.219 SK_SUBJECT_CONNECTION_CONNECTED메Code: 0
[9728] 2017/12/07 13:58:53.915 SK_SUBJECT_CONNECTION_CONNECTED메Code: 0
[9728] 2017/12/07 14:02:21.382 SK_SUBJECT_CONNECTION_DISCONNECT메Code: 10054
[11892] 2017/12/07 14:03:14.241 SK_SUBJECT_CONNECTION_CONNECTED메Code: 0
[11892] 2017/12/07 14:06:01.120 SK_SUBJECT_CONNECTION_DISCONNECT메Code: 10054
[5280] 2017/12/07 14:07:48.262 SK_SUBJECT_CONNECTION_CONNECTED메Code: 0
[11608] 2017/12/07 14:10:33.411 SK_SUBJECT_CONNECTION_CONNECTED메Code: 0
[11644] 2017/12/07 16:44:25.349 SK_SUBJECT_CONNECTION_CONNECTED메Code: 0
[8532] 2017/12/07 20:28:18.220 SK_SUBJECT_CONNECTION_CONNECTED메Code: 0
[10996] 2017/12/07 20:29:16.021 SK_SUBJECT_CONNECTION_CONNECTED메Code: 0
[12844] 2017/12/07 20:30:00.436 SK_SUBJECT_CONNECTION_CONNECTED메Code: 0
[12844] 2017/12/07 20:30:35.993 -----------------------------------------------------------------
[3488] 2017/12/07 20:34:23.909 SK_SUBJECT_CONNECTION_CONNECTED메Code: 0
[3488] 2017/12/07 20:34:57.483 -----------------------------------------------------------------
[12760] 2017/12/07 20:35:17.992 SK_SUBJECT_CONNECTION_CONNECTED메Code: 0
[12760] 2017/12/07 20:36:00.954 -----------------------------------------------------------------
[13860] 2017/12/08 10:08:56.373 SK_SUBJECT_CONNECTION_CONNECTED메Code: 0
[12596] 2017/12/08 10:13:25.678 SK_SUBJECT_CONNECTION_CONNECTED메Code: 0
[14020] 2017/12/08 10:20:06.035 SK_SUBJECT_CONNECTION_CONNECTED메Code: 0
[11952] 2017/12/08 10:35:21.613 SK_SUBJECT_CONNECTION_CONNECTED메Code: 0
[11876] 2017/12/08 10:38:40.555 SK_SUBJECT_CONNECTION_CONNECTED메Code: 0
[11876] 2017/12/08 10:42:05.838 SK_SUBJECT_CONNECTION_DISCONNECT메Code: 10054
[11876] 2017/12/08 10:42:50.773 -----------------------------------------------------------------
[12452] 2017/12/08 10:44:38.585 SK_SUBJECT_CONNECTION_CONNECTED메Code: 0
[11436] 2017/12/08 10:47:52.998 SK_SUBJECT_CONNECTION_CONNECTED메Code: 0
[13828] 2017/12/08 10:55:24.882 SK_SUBJECT_CONNECTION_CONNECTED메Code: 0
[13828] 2017/12/08 10:59:11.717 SK_SUBJECT_CONNECTION_DISCONNECT메Code: 10054
[12920] 2017/12/08 11:02:59.136 SK_SUBJECT_CONNECTION_CONNECTED메Code: 0
[13960] 2017/12/08 11:04:38.758 SK_SUBJECT_CONNECTION_CONNECTED메Code: 0
[14120] 2017/12/08 11:06:27.413 SK_SUBJECT_CONNECTION_CONNECTED메Code: 0
[8152] 2017/12/08 11:07:37.628 SK_SUBJECT_CONNECTION_CONNECTED메Code: 0
[8152] 2017/12/08 11:09:33.524 -----------------------------------------------------------------
[14292] 2017/12/08 11:10:15.603 SK_SUBJECT_CONNECTION_CONNECTED메Code: 0
[14292] 2017/12/08 11:12:51.923 SK_SUBJECT_CONNECTION_DISCONNECT메Code: 10054
[14292] 2017/12/08 11:15:53.072 -----------------------------------------------------------------
[6336] 2017/12/08 11:39:51.300 SK_SUBJECT_CONNECTION_CONNECTED메Code: 0
[14180] 2017/12/08 11:42:50.503 SK_SUBJECT_CONNECTION_CONNECTED메Code: 0
[10836] 2017/12/08 11:43:38.711 SK_SUBJECT_CONNECTION_CONNECTED메Code: 0
[12340] 2017/12/08 11:44:21.273 SK_SUBJECT_CONNECTION_CONNECTED메Code: 0
[10132] 2017/12/08 11:45:41.245 SK_SUBJECT_CONNECTION_CONNECTED메Code: 0
[12328] 2017/12/08 14:54:07.493 SK_SUBJECT_CONNECTION_CONNECTED메Code: 0
[12296] 2017/12/08 15:00:02.562 SK_SUBJECT_CONNECTION_CONNECTED메Code: 0
[10172] 2017/12/08 15:01:05.086 SK_SUBJECT_CONNECTION_CONNECTED메Code: 0
[10512] 2017/12/08 17:23:18.890 SK_SUBJECT_CONNECTION_CONNECTED메Code: 0
[13604] 2017/12/08 17:24:22.221 SK_SUBJECT_CONNECTION_CONNECTED메Code: 0
[14236] 2017/12/08 17:30:24.481 SK_SUBJECT_CONNECTION_CONNECTED메Code: 0
[11340] 2017/12/08 17:32:44.354 SK_SUBJECT_CONNECTION_CONNECTED메Code: 0
[14108] 2017/12/08 19:12:56.272 SK_SUBJECT_CONNECTION_CONNECTED메Code: 0
[14108] 2017/12/08 19:14:08.369 -----------------------------------------------------------------
[12868] 2017/12/08 19:15:14.267 SK_SUBJECT_CONNECTION_CONNECTED메Code: 0
[15244] 2017/12/08 19:25:30.965 SK_SUBJECT_CONNECTION_CONNECTED메Code: 0
[7564] 2017/12/08 19:29:08.513 SK_SUBJECT_CONNECTION_CONNECTED메Code: 0
[12688] 2017/12/08 19:30:58.012 SK_SUBJECT_CONNECTION_CONNECTED메Code: 0
[12688] 2017/12/08 19:32:50.278 -----------------------------------------------------------------
[11584] 2017/12/09 17:25:27.081 SK_SUBJECT_CONNECTION_CONNECTED메Code: 0
[8256] 2017/12/09 17:26:41.188 SK_SUBJECT_CONNECTION_CONNECTED메Code: 0
[15236] 2017/12/09 17:27:14.136 SK_SUBJECT_CONNECTION_CONNECTED메Code: 0
[15236] 2017/12/09 17:28:18.601 -----------------------------------------------------------------
[10012] 2017/12/09 19:41:21.167 SK_SUBJECT_CONNECTION_CONNECTED메Code: 0
[14524] 2017/12/09 19:44:23.660 SK_SUBJECT_CONNECTION_CONNECTED메Code: 0
[2680] 2017/12/09 20:19:32.307 SK_SUBJECT_CONNECTION_CONNECTED메Code: 0
[15088] 2017/12/09 20:23:00.058 SK_SUBJECT_CONNECTION_CONNECTED메Code: 0
[15088] 2017/12/09 20:25:32.440 -----------------------------------------------------------------
[14588] 2017/12/09 20:29:59.618 SK_SUBJECT_CONNECTION_CONNECTED메Code: 0
[6488] 2017/12/09 20:32:52.118 SK_SUBJECT_CONNECTION_CONNECTED메Code: 0
[13256] 2017/12/09 20:45:41.396 SK_SUBJECT_CONNECTION_CONNECTED메Code: 0
[14220] 2017/12/09 20:51:36.672 SK_SUBJECT_CONNECTION_CONNECTED메Code: 0
[11712] 2017/12/09 20:53:47.825 SK_SUBJECT_CONNECTION_CONNECTED메Code: 0
[15100] 2017/12/09 21:05:31.974 SK_SUBJECT_CONNECTION_CONNECTED메Code: 0
[5500] 2017/12/09 21:08:47.521 SK_SUBJECT_CONNECTION_CONNECTED메Code: 0
[15120] 2017/12/11 17:45:28.906 SK_SUBJECT_CONNECTION_CONNECTED메Code: 0
[9584] 2017/12/11 17:58:04.990 SK_SUBJECT_CONNECTION_CONNECTED메Code: 0
[12792] 2017/12/12 11:45:51.619 SK_SUBJECT_CONNECTION_CONNECTED메Code: 0
[12796] 2017/12/12 12:01:29.150 SK_SUBJECT_CONNECTION_CONNECTED메Code: 0
[8880] 2017/12/12 12:03:40.194 SK_SUBJECT_CONNECTION_CONNECTED메Code: 0
[15920] 2017/12/12 12:09:46.502 SK_SUBJECT_CONNECTION_CONNECTED메Code: 0
[15920] 2017/12/12 12:12:23.271 SK_SUBJECT_CONNECTION_DISCONNECT메Code: 10054
[9656] 2017/12/12 12:15:49.416 SK_SUBJECT_CONNECTION_CONNECTED메Code: 0
[13308] 2017/12/12 12:16:40.117 SK_SUBJECT_CONNECTION_CONNECTED메Code: 0
[11700] 2017/12/12 12:19:46.651 SK_SUBJECT_CONNECTION_CONNECTED메Code: 0
[11700] 2017/12/12 12:22:23.396 SK_SUBJECT_CONNECTION_DISCONNECT메Code: 10054
[15484] 2017/12/12 12:33:09.892 SK_SUBJECT_CONNECTION_CONNECTED메Code: 0
[10440] 2017/12/12 12:35:57.946 SK_SUBJECT_CONNECTION_CONNECTED메Code: 0
[15180] 2017/12/12 12:36:41.112 SK_SUBJECT_CONNECTION_CONNECTED메Code: 0
[15180] 2017/12/12 12:39:17.471 SK_SUBJECT_CONNECTION_DISCONNECT메Code: 10054
[7640] 2017/12/12 12:43:12.864 SK_SUBJECT_CONNECTION_CONNECTED메Code: 0
[15852] 2017/12/12 12:44:19.139 SK_SUBJECT_CONNECTION_CONNECTED메Code: 0
[15372] 2017/12/12 12:46:35.998 SK_SUBJECT_CONNECTION_CONNECTED메Code: 0
[11332] 2017/12/12 15:02:06.366 SK_SUBJECT_CONNECTION_CONNECTED메Code: 0
[14064] 2017/12/12 15:03:39.267 SK_SUBJECT_CONNECTION_CONNECTED메Code: 0
[12852] 2017/12/12 15:07:11.344 SK_SUBJECT_CONNECTION_CONNECTED메Code: 0
[12636] 2017/12/12 15:15:53.766 SK_SUBJECT_CONNECTION_CONNECTED메Code: 0
[11388] 2017/12/12 15:23:53.570 SK_SUBJECT_CONNECTION_CONNECTED메Code: 0
[15364] 2017/12/12 15:27:04.038 SK_SUBJECT_CONNECTION_CONNECTED메Code: 0
[13372] 2017/12/12 15:28:58.301 SK_SUBJECT_CONNECTION_CONNECTED메Code: 0
[13832] 2017/12/12 15:36:01.616 SK_SUBJECT_CONNECTION_CONNECTED메Code: 0
[16260] 2017/12/12 17:37:40.762 SK_SUBJECT_CONNECTION_CONNECTED메Code: 0
[13856] 2017/12/12 17:38:53.046 SK_SUBJECT_CONNECTION_CONNECTED메Code: 0
[12748] 2017/12/12 17:40:54.455 SK_SUBJECT_CONNECTION_CONNECTED메Code: 0
[4836] 2017/12/12 17:43:04.697 SK_SUBJECT_CONNECTION_CONNECTED메Code: 0
[14324] 2017/12/12 17:58:43.333 SK_SUBJECT_CONNECTION_CONNECTED메Code: 0
[9684] 2017/12/12 17:59:24.357 SK_SUBJECT_CONNECTION_CONNECTED메Code: 0
[15068] 2017/12/12 18:00:52.000 SK_SUBJECT_CONNECTION_CONNECTED메Code: 0
[13204] 2017/12/12 19:51:09.848 SK_SUBJECT_CONNECTION_CONNECTED메Code: 0
[13204] 2017/12/12 19:53:46.186 SK_SUBJECT_CONNECTION_DISCONNECT메Code: 10054
[15800] 2017/12/12 20:00:04.061 SK_SUBJECT_CONNECTION_CONNECTED메Code: 0
[15004] 2017/12/14 16:24:09.128 SK_SUBJECT_CONNECTION_CONNECTED메Code: 0
[6116] 2017/12/14 16:26:52.193 SK_SUBJECT_CONNECTION_CONNECTED메Code: 0
[15868] 2017/12/14 16:38:59.744 SK_SUBJECT_CONNECTION_CONNECTED메Code: 0
[11976] 2017/12/14 16:44:43.312 SK_SUBJECT_CONNECTION_CONNECTED메Code: 0
[15064] 2017/12/14 16:46:12.351 SK_SUBJECT_CONNECTION_CONNECTED메Code: 0
[13852] 2017/12/14 16:49:50.472 SK_SUBJECT_CONNECTION_CONNECTED메Code: 0
[13852] 2017/12/14 16:52:26.455 -----------------------------------------------------------------
[12964] 2017/12/14 16:52:51.430 SK_SUBJECT_CONNECTION_CONNECTED메Code: 0
[14436] 2017/12/14 16:58:50.923 SK_SUBJECT_CONNECTION_CONNECTED메Code: 0
[9396] 2017/12/14 17:34:13.146 SK_SUBJECT_CONNECTION_CONNECTED메Code: 0
[15836] 2017/12/14 18:06:53.034 SK_SUBJECT_CONNECTION_CONNECTED메Code: 0
[16608] 2017/12/14 23:00:56.194 SK_SUBJECT_CONNECTION_CONNECTED메Code: 0
[16608] 2017/12/14 23:03:55.611 SK_SUBJECT_CONNECTION_DISCONNECT메Code: 10054
[3188] 2017/12/17 17:13:16.701 SK_SUBJECT_CONNECTION_CONNECTED메Code: 0
[9548] 2017/12/17 17:15:50.144 SK_SUBJECT_CONNECTION_CONNECTED메Code: 0
[12060] 2017/12/17 17:20:33.272 SK_SUBJECT_CONNECTION_CONNECTED메Code: 0
[5804] 2017/12/17 17:21:20.569 SK_SUBJECT_CONNECTION_CONNECTED메Code: 0
[6612] 2017/12/17 17:31:46.249 SK_SUBJECT_CONNECTION_CONNECTED메Code: 0
[11384] 2017/12/18 22:23:46.151 SK_SUBJECT_CONNECTION_CONNECTED메Code: 0
[10472] 2017/12/18 22:24:22.933 SK_SUBJECT_CONNECTION_CONNECTED메Code: 0
[2076] 2017/12/18 22:31:22.768 SK_SUBJECT_CONNECTION_CONNECTED메Code: 0
[12152] 2017/12/18 22:33:16.552 SK_SUBJECT_CONNECTION_CONNECTED메Code: 0
[4580] 2017/12/18 22:35:13.844 SK_SUBJECT_CONNECTION_CONNECTED메Code: 0
[2316] 2017/12/18 22:36:07.949 SK_SUBJECT_CONNECTION_CONNECTED메Code: 0
[12136] 2017/12/18 22:39:50.814 SK_SUBJECT_CONNECTION_CONNECTED메Code: 0
[10844] 2017/12/18 22:42:53.268 SK_SUBJECT_CONNECTION_CONNECTED메Code: 0
[13300] 2017/12/18 22:44:27.639 SK_SUBJECT_CONNECTION_CONNECTED메Code: 0
[1448] 2017/12/18 22:45:45.713 SK_SUBJECT_CONNECTION_CONNECTED메Code: 0
[12016] 2017/12/18 22:46:35.638 SK_SUBJECT_CONNECTION_CONNECTED메Code: 0
[8424] 2017/12/19 14:16:43.788 SK_SUBJECT_CONNECTION_CONNECTED메Code: 0
[5532] 2017/12/19 14:19:22.329 SK_SUBJECT_CONNECTION_CONNECTED메Code: 0
[1844] 2017/12/19 14:38:30.181 SK_SUBJECT_CONNECTION_CONNECTED메Code: 0
[1844] 2017/12/19 14:41:07.666 SK_SUBJECT_CONNECTION_DISCONNECT메Code: 10054
[11136] 2017/12/19 14:48:25.387 SK_SUBJECT_CONNECTION_CONNECTED메Code: 0
[7060] 2017/12/19 14:58:17.479 SK_SUBJECT_CONNECTION_CONNECTED메Code: 0
[7060] 2017/12/19 15:00:54.239 SK_SUBJECT_CONNECTION_DISCONNECT메Code: 10054
[2736] 2017/12/19 15:07:56.162 SK_SUBJECT_CONNECTION_CONNECTED메Code: 0
[12300] 2017/12/19 15:09:04.713 SK_SUBJECT_CONNECTION_CONNECTED메Code: 0
[944] 2017/12/19 15:09:43.816 SK_SUBJECT_CONNECTION_CONNECTED메Code: 0
[944] 2017/12/19 15:35:36.484 SK_SUBJECT_CONNECTION_DISCONNECT메Code: 10053
[9624] 2017/12/19 16:44:11.730 SK_SUBJECT_CONNECTION_CONNECTED메Code: 0
[3976] 2017/12/19 16:49:14.803 SK_SUBJECT_CONNECTION_CONNECTED메Code: 0
[12372] 2017/12/19 16:54:27.257 SK_SUBJECT_CONNECTION_CONNECTED메Code: 0
[12740] 2017/12/19 16:55:00.199 SK_SUBJECT_CONNECTION_CONNECTED메Code: 0
[1032] 2017/12/20 10:09:06.886 SK_SUBJECT_CONNECTION_CONNECTED메Code: 0
[6728] 2017/12/20 10:09:58.871 SK_SUBJECT_CONNECTION_CONNECTED메Code: 0
[10988] 2017/12/20 10:22:38.414 SK_SUBJECT_CONNECTION_CONNECTED메Code: 0
[12756] 2017/12/20 10:44:48.133 SK_SUBJECT_CONNECTION_CONNECTED메Code: 0
[11672] 2017/12/20 10:48:51.837 SK_SUBJECT_CONNECTION_CONNECTED메Code: 0
[2956] 2017/12/20 10:51:23.466 SK_SUBJECT_CONNECTION_CONNECTED메Code: 0
[6380] 2017/12/20 10:52:08.645 SK_SUBJECT_CONNECTION_CONNECTED메Code: 0
[9248] 2017/12/20 10:56:21.701 SK_SUBJECT_CONNECTION_CONNECTED메Code: 0
[10000] 2017/12/20 11:11:39.128 SK_SUBJECT_CONNECTION_CONNECTED메Code: 0
[11144] 2017/12/20 11:14:42.383 SK_SUBJECT_CONNECTION_CONNECTED메Code: 0
[10284] 2017/12/20 11:15:39.205 SK_SUBJECT_CONNECTION_CONNECTED메Code: 0
[10764] 2017/12/20 11:18:27.671 SK_SUBJECT_CONNECTION_CONNECTED메Code: 0
[10764] 2017/12/20 11:19:02.147 -----------------------------------------------------------------
[7496] 2017/12/20 11:20:08.150 SK_SUBJECT_CONNECTION_CONNECTED메Code: 0
[10340] 2017/12/20 11:21:29.236 SK_SUBJECT_CONNECTION_CONNECTED메Code: 0
[4156] 2017/12/20 11:23:22.509 SK_SUBJECT_CONNECTION_CONNECTED메Code: 0
[8116] 2017/12/20 11:26:21.912 SK_SUBJECT_CONNECTION_CONNECTED메Code: 0
[9192] 2017/12/20 11:27:11.042 SK_SUBJECT_CONNECTION_CONNECTED메Code: 0
[1652] 2017/12/20 11:28:15.478 SK_SUBJECT_CONNECTION_CONNECTED메Code: 0
[560] 2017/12/20 11:29:03.342 SK_SUBJECT_CONNECTION_CONNECTED메Code: 0
[8120] 2017/12/20 11:56:14.347 SK_SUBJECT_CONNECTION_CONNECTED메Code: 0
[2336] 2017/12/20 11:56:58.839 SK_SUBJECT_CONNECTION_CONNECTED메Code: 0
[7224] 2017/12/20 12:02:51.921 SK_SUBJECT_CONNECTION_CONNECTED메Code: 0
[8476] 2017/12/20 12:17:13.664 SK_SUBJECT_CONNECTION_CONNECTED메Code: 0
[3060] 2017/12/20 12:20:17.247 SK_SUBJECT_CONNECTION_CONNECTED메Code: 0
[1892] 2017/12/20 12:21:52.652 SK_SUBJECT_CONNECTION_CONNECTED메Code: 0
[9188] 2017/12/20 12:22:19.787 SK_SUBJECT_CONNECTION_CONNECTED메Code: 0
[1272] 2017/12/20 12:28:09.623 SK_SUBJECT_CONNECTION_CONNECTED메Code: 0
[1272] 2017/12/20 12:28:37.682 -----------------------------------------------------------------
[10268] 2017/12/20 12:29:09.608 SK_SUBJECT_CONNECTION_CONNECTED메Code: 0
[6372] 2017/12/20 12:31:09.022 SK_SUBJECT_CONNECTION_CONNECTED메Code: 0
[6296] 2017/12/20 12:33:10.677 SK_SUBJECT_CONNECTION_CONNECTED메Code: 0
[5108] 2017/12/20 12:33:34.342 SK_SUBJECT_CONNECTION_CONNECTED메Code: 0
[6440] 2017/12/20 12:34:33.616 SK_SUBJECT_CONNECTION_CONNECTED메Code: 0
[9340] 2017/12/20 12:43:42.295 SK_SUBJECT_CONNECTION_CONNECTED메Code: 0
[5880] 2017/12/20 12:44:32.973 SK_SUBJECT_CONNECTION_CONNECTED메Code: 0
[9368] 2017/12/20 12:47:43.451 SK_SUBJECT_CONNECTION_CONNECTED메Code: 0
[3904] 2017/12/20 13:19:20.064 SK_SUBJECT_CONNECTION_CONNECTED메Code: 0
[7564] 2017/12/20 13:20:32.281 SK_SUBJECT_CONNECTION_CONNECTED메Code: 0
[7220] 2017/12/20 13:35:36.093 SK_SUBJECT_CONNECTION_CONNECTED메Code: 0
[7436] 2017/12/20 13:44:44.766 SK_SUBJECT_CONNECTION_CONNECTED메Code: 0
[6812] 2017/12/20 13:46:30.575 SK_SUBJECT_CONNECTION_CONNECTED메Code: 0
[7896] 2017/12/20 13:50:13.210 SK_SUBJECT_CONNECTION_CONNECTED메Code: 0
[2376] 2017/12/20 13:51:21.983 SK_SUBJECT_CONNECTION_CONNECTED메Code: 0
[5708] 2017/12/20 13:54:26.913 SK_SUBJECT_CONNECTION_CONNECTED메Code: 0
[10520] 2017/12/20 13:55:27.409 SK_SUBJECT_CONNECTION_CONNECTED메Code: 0
[2916] 2017/12/20 14:02:55.012 SK_SUBJECT_CONNECTION_CONNECTED메Code: 0
[8640] 2017/12/20 14:25:32.824 SK_SUBJECT_CONNECTION_CONNECTED메Code: 0
[8640] 2017/12/20 14:26:40.161 SK_SUBJECT_CONNECTION_DISCONNECT메Code: 10004
[3592] 2017/12/20 14:41:35.632 SK_SUBJECT_CONNECTION_CONNECTED메Code: 0
[8364] 2017/12/20 16:39:21.184 SK_SUBJECT_CONNECTION_CONNECTED메Code: 0
[5460] 2017/12/20 16:54:30.499 SK_SUBJECT_CONNECTION_CONNECTED메Code: 0
[5460] 2017/12/20 16:54:51.383 SK_SUBJECT_CONNECTION_DISCONNECT메Code: 10004
[5460] 2017/12/20 16:55:51.833 SK_SUBJECT_CONNECTION_CONNECTED메Code: 0
[2652] 2017/12/20 17:14:42.073 SK_SUBJECT_CONNECTION_CONNECTED메Code: 0
[5084] 2017/12/20 17:26:08.772 SK_SUBJECT_CONNECTION_CONNECTED메Code: 0
[8404] 2017/12/20 17:30:10.281 SK_SUBJECT_CONNECTION_CONNECTED메Code: 0
[8404] 2017/12/20 17:30:29.212 SK_SUBJECT_CONNECTION_DISCONNECT메Code: 10004
[5512] 2017/12/20 19:35:30.386 SK_SUBJECT_CONNECTION_CONNECTED메Code: 0
[5512] 2017/12/20 19:35:46.621 SK_SUBJECT_CONNECTION_DISCONNECT메Code: 10004
[10124] 2017/12/20 20:05:27.614 SK_SUBJECT_CONNECTION_CONNECTED메Code: 0
[4060] 2017/12/20 20:07:36.948 SK_SUBJECT_CONNECTION_CONNECTED메Code: 0
[10644] 2017/12/20 20:09:34.621 SK_SUBJECT_CONNECTION_CONNECTED메Code: 0
[3064] 2017/12/20 20:14:58.705 SK_SUBJECT_CONNECTION_CONNECTED메Code: 0
[9864] 2017/12/20 20:17:34.952 SK_SUBJECT_CONNECTION_CONNECTED메Code: 0
[11908] 2017/12/20 20:19:20.593 SK_SUBJECT_CONNECTION_CONNECTED메Code: 0
[11340] 2017/12/20 20:23:27.615 SK_SUBJECT_CONNECTION_CONNECTED메Code: 0
[7852] 2017/12/20 20:25:03.281 SK_SUBJECT_CONNECTION_CONNECTED메Code: 0
[11704] 2017/12/20 20:28:20.461 SK_SUBJECT_CONNECTION_CONNECTED메Code: 0
[4232] 2017/12/20 20:41:19.288 SK_SUBJECT_CONNECTION_CONNECTED메Code: 0
[11912] 2017/12/20 20:42:10.027 SK_SUBJECT_CONNECTION_CONNECTED메Code: 0
[7632] 2017/12/20 20:48:36.979 SK_SUBJECT_CONNECTION_CONNECTED메Code: 0
[11380] 2017/12/20 20:56:15.809 SK_SUBJECT_CONNECTION_CONNECTED메Code: 0
[5876] 2017/12/20 20:58:30.515 SK_SUBJECT_CONNECTION_CONNECTED메Code: 0
[5876] 2017/12/20 20:59:31.616 SK_SUBJECT_CONNECTION_DISCONNECT메Code: 10004
[5876] 2017/12/20 20:59:33.107 -----------------------------------------------------------------
[4684] 2017/12/20 21:01:41.601 SK_SUBJECT_CONNECTION_CONNECTED메Code: 0
[12424] 2017/12/21 10:32:47.650 SK_SUBJECT_CONNECTION_CONNECTED메Code: 0
[12424] 2017/12/21 10:34:21.747 SK_SUBJECT_CONNECTION_DISCONNECT메Code: 10004
[12424] 2017/12/21 10:34:22.655 -----------------------------------------------------------------
[9032] 2017/12/21 10:39:29.587 SK_SUBJECT_CONNECTION_CONNECTED메Code: 0
[12744] 2017/12/21 10:40:29.904 SK_SUBJECT_CONNECTION_CONNECTED메Code: 0
[8376] 2017/12/21 10:47:14.626 SK_SUBJECT_CONNECTION_CONNECTED메Code: 0
[5012] 2017/12/21 10:47:41.852 SK_SUBJECT_CONNECTION_CONNECTED메Code: 0
[4496] 2017/12/21 10:48:29.305 SK_SUBJECT_CONNECTION_CONNECTED메Code: 0
[3408] 2017/12/21 11:00:59.434 SK_SUBJECT_CONNECTION_CONNECTED메Code: 0
[11784] 2017/12/21 11:15:06.649 SK_SUBJECT_CONNECTION_CONNECTED메Code: 0
[7492] 2017/12/21 11:19:33.380 SK_SUBJECT_CONNECTION_CONNECTED메Code: 0
[7492] 2017/12/21 11:26:21.870 -----------------------------------------------------------------
[6036] 2017/12/21 11:26:38.143 SK_SUBJECT_CONNECTION_CONNECTED메Code: 0
[6036] 2017/12/21 11:28:08.180 -----------------------------------------------------------------
[216] 2017/12/21 11:28:47.833 SK_SUBJECT_CONNECTION_CONNECTED메Code: 0
[216] 2017/12/21 11:29:24.106 SK_SUBJECT_CONNECTION_DISCONNECT메Code: 10004
[12304] 2017/12/21 11:36:02.445 SK_SUBJECT_CONNECTION_CONNECTED메Code: 0
[4064] 2017/12/21 11:38:24.121 SK_SUBJECT_CONNECTION_CONNECTED메Code: 0
[1968] 2017/12/21 11:48:46.364 SK_SUBJECT_CONNECTION_CONNECTED메Code: 0
[7432] 2017/12/21 11:52:04.296 SK_SUBJECT_CONNECTION_CONNECTED메Code: 0
[10512] 2017/12/21 12:10:03.249 SK_SUBJECT_CONNECTION_CONNECTED메Code: 0
[2328] 2017/12/21 12:14:48.335 SK_SUBJECT_CONNECTION_CONNECTED메Code: 0
[10248] 2017/12/21 12:19:23.014 SK_SUBJECT_CONNECTION_CONNECTED메Code: 0
[10248] 2017/12/21 12:19:29.847 SK_SUBJECT_CONNECTION_DISCONNECT메Code: 10004
[13252] 2017/12/21 12:20:22.494 SK_SUBJECT_CONNECTION_CONNECTED메Code: 0
[13252] 2017/12/21 13:20:36.030 SK_SUBJECT_CONNECTION_DISCONNECT메Code: 10060
[13252] 2017/12/21 13:20:51.067 -----------------------------------------------------------------
[7088] 2017/12/21 13:21:18.916 SK_SUBJECT_CONNECTION_CONNECTED메Code: 0
[4664] 2017/12/21 13:25:25.455 SK_SUBJECT_CONNECTION_CONNECTED메Code: 0
[12636] 2017/12/21 13:29:41.097 SK_SUBJECT_CONNECTION_CONNECTED메Code: 0
[7152] 2017/12/21 13:40:33.094 SK_SUBJECT_CONNECTION_CONNECTED메Code: 0
[7292] 2017/12/21 13:42:07.746 SK_SUBJECT_CONNECTION_CONNECTED메Code: 0
[12380] 2017/12/21 13:54:44.810 SK_SUBJECT_CONNECTION_CONNECTED메Code: 0
[11672] 2017/12/21 14:00:00.412 SK_SUBJECT_CONNECTION_CONNECTED메Code: 0
[1332] 2017/12/21 14:03:33.121 SK_SUBJECT_CONNECTION_CONNECTED메Code: 0
[3048] 2017/12/21 14:04:20.769 SK_SUBJECT_CONNECTION_CONNECTED메Code: 0
[5552] 2017/12/21 14:08:17.005 SK_SUBJECT_CONNECTION_CONNECTED메Code: 0
[1052] 2017/12/21 14:12:03.410 SK_SUBJECT_CONNECTION_CONNECTED메Code: 0
[13164] 2017/12/21 14:17:38.851 SK_SUBJECT_CONNECTION_CONNECTED메Code: 0
[7668] 2017/12/21 14:25:15.110 SK_SUBJECT_CONNECTION_CONNECTED메Code: 0
[11016] 2017/12/21 21:03:16.552 SK_SUBJECT_CONNECTION_CONNECTED메Code: 0
[12092] 2017/12/21 21:06:01.939 SK_SUBJECT_CONNECTION_CONNECTED메Code: 0
[12300] 2017/12/21 22:35:22.358 SK_SUBJECT_CONNECTION_CONNECTED메Code: 0
[12300] 2017/12/21 22:40:03.342 SK_SUBJECT_CONNECTION_DISCONNECT메Code: 10004
[12300] 2017/12/21 22:40:05.024 -----------------------------------------------------------------
[12428] 2017/12/21 22:41:34.470 SK_SUBJECT_CONNECTION_CONNECTED메Code: 0
[5272] 2017/12/21 22:54:02.893 SK_SUBJECT_CONNECTION_CONNECTED메Code: 0
[7608] 2017/12/21 22:57:33.012 SK_SUBJECT_CONNECTION_CONNECTED메Code: 0
[12972] 2017/12/21 22:59:33.751 SK_SUBJECT_CONNECTION_CONNECTED메Code: 0
[11324] 2017/12/22 09:13:47.396 SK_SUBJECT_CONNECTION_CONNECTED메Code: 0
[11324] 2017/12/22 09:17:17.120 -----------------------------------------------------------------
[13572] 2017/12/22 10:38:13.546 SK_SUBJECT_CONNECTION_CONNECTED메Code: 0
[14312] 2017/12/22 12:06:24.519 SK_SUBJECT_CONNECTION_CONNECTED메Code: 0
[4136] 2017/12/22 12:08:08.826 SK_SUBJECT_CONNECTION_CONNECTED메Code: 0
[12096] 2017/12/24 10:38:30.605 SK_SUBJECT_CONNECTION_CONNECTED메Code: 0
[14012] 2017/12/25 13:52:05.587 SK_SUBJECT_CONNECTION_CONNECTED메Code: 0
[14012] 2017/12/25 13:53:58.333 -----------------------------------------------------------------
[5512] 2017/12/25 13:54:10.031 SK_SUBJECT_CONNECTION_CONNECTED메Code: 0
[5512] 2017/12/25 13:54:51.847 -----------------------------------------------------------------
[2940] 2017/12/25 14:16:54.552 SK_SUBJECT_CONNECTION_CONNECTED메Code: 0
[15080] 2017/12/25 14:22:00.602 SK_SUBJECT_CONNECTION_CONNECTED메Code: 0
[8476] 2017/12/25 14:22:35.167 SK_SUBJECT_CONNECTION_CONNECTED메Code: 0
[15164] 2017/12/25 14:23:55.403 SK_SUBJECT_CONNECTION_CONNECTED메Code: 0
[15164] 2017/12/25 14:24:12.816 SK_SUBJECT_CONNECTION_DISCONNECT메Code: 10004
[15164] 2017/12/25 14:24:13.640 -----------------------------------------------------------------
[11672] 2017/12/25 14:24:53.609 SK_SUBJECT_CONNECTION_CONNECTED메Code: 0
[11672] 2017/12/25 14:25:01.296 SK_SUBJECT_CONNECTION_DISCONNECT메Code: 10004
[11672] 2017/12/25 14:25:01.686 -----------------------------------------------------------------
[3488] 2017/12/25 14:25:51.158 SK_SUBJECT_CONNECTION_CONNECTED메Code: 0
[3488] 2017/12/25 14:25:59.360 SK_SUBJECT_CONNECTION_DISCONNECT메Code: 10004
[3488] 2017/12/25 14:26:00.859 -----------------------------------------------------------------
[11724] 2017/12/25 14:26:26.379 SK_SUBJECT_CONNECTION_CONNECTED메Code: 0
[11724] 2017/12/25 14:28:16.868 -----------------------------------------------------------------
