-----------------------------------------------------------------
[17788] 2017/10/26 13:36:50.724 SK_SUBJECT_CONNECTION_CONNECTED메Code: 0
[20560] 2017/10/26 13:38:03.914 SK_SUBJECT_CONNECTION_CONNECTED메Code: 0
[20756] 2017/10/26 13:45:40.144 SK_SUBJECT_CONNECTION_CONNECTED메Code: 0
[13524] 2017/10/26 13:48:27.343 SK_SUBJECT_CONNECTION_CONNECTED메Code: 0
[9648] 2017/10/26 14:01:32.132 SK_SUBJECT_CONNECTION_CONNECTED메Code: 0
[15912] 2017/10/26 14:07:25.309 SK_SUBJECT_CONNECTION_CONNECTED메Code: 0
[16116] 2017/10/26 14:09:50.058 SK_SUBJECT_CONNECTION_CONNECTED메Code: 0
[17352] 2017/10/26 14:10:47.354 SK_SUBJECT_CONNECTION_CONNECTED메Code: 0
[21024] 2017/10/26 14:14:25.291 SK_SUBJECT_CONNECTION_CONNECTED메Code: 0
[1984] 2017/10/26 14:15:52.530 SK_SUBJECT_CONNECTION_CONNECTED메Code: 0
[10024] 2017/10/26 14:45:00.765 SK_SUBJECT_CONNECTION_CONNECTED메Code: 0
[21132] 2017/10/26 14:58:03.165 SK_SUBJECT_CONNECTION_CONNECTED메Code: 0
[16872] 2017/10/26 15:00:25.197 SK_SUBJECT_CONNECTION_CONNECTED메Code: 0
[21008] 2017/10/26 15:02:53.014 SK_SUBJECT_CONNECTION_CONNECTED메Code: 0
[20276] 2017/10/26 15:25:30.966 SK_SUBJECT_CONNECTION_CONNECTED메Code: 0
[16824] 2017/10/26 15:25:56.706 SK_SUBJECT_CONNECTION_CONNECTED메Code: 0
[15300] 2017/10/26 15:26:36.269 SK_SUBJECT_CONNECTION_CONNECTED메Code: 0
[20260] 2017/10/26 15:27:17.089 SK_SUBJECT_CONNECTION_CONNECTED메Code: 0
[19644] 2017/10/26 15:27:37.405 SK_SUBJECT_CONNECTION_CONNECTED메Code: 0
[1552] 2017/10/26 15:34:29.309 SK_SUBJECT_CONNECTION_CONNECTED메Code: 0
[1552] 2017/10/26 15:38:12.657 -----------------------------------------------------------------
[2656] 2017/10/26 15:39:25.591 SK_SUBJECT_CONNECTION_CONNECTED메Code: 0
[17880] 2017/10/26 15:44:17.008 SK_SUBJECT_CONNECTION_CONNECTED메Code: 0
[18052] 2017/10/26 15:44:59.960 SK_SUBJECT_CONNECTION_CONNECTED메Code: 0
[14172] 2017/10/26 16:29:36.685 SK_SUBJECT_CONNECTION_CONNECTED메Code: 0
[1360] 2017/10/26 17:00:55.340 SK_SUBJECT_CONNECTION_CONNECTED메Code: 0
[20696] 2017/11/07 12:50:14.926 SK_SUBJECT_CONNECTION_CONNECTED메Code: 0
[9028] 2017/11/16 16:42:14.949 SK_SUBJECT_CONNECTION_CONNECTED메Code: 0
[9028] 2017/11/16 16:43:08.405 -----------------------------------------------------------------
[10060] 2017/11/19 14:59:05.331 SK_SUBJECT_CONNECTION_CONNECTED메Code: 0
[11584] 2017/11/19 15:03:07.137 SK_SUBJECT_CONNECTION_CONNECTED메Code: 0
[9892] 2017/11/19 15:21:27.535 SK_SUBJECT_CONNECTION_CONNECTED메Code: 0
[2960] 2017/11/19 15:45:24.130 SK_SUBJECT_CONNECTION_CONNECTED메Code: 0
[6532] 2017/11/19 15:52:48.210 SK_SUBJECT_CONNECTION_CONNECTED메Code: 0
[9752] 2017/11/19 15:58:42.311 SK_SUBJECT_CONNECTION_CONNECTED메Code: 0
[9752] 2017/11/19 16:04:12.275 -----------------------------------------------------------------
[7332] 2017/11/19 16:39:24.933 SK_SUBJECT_CONNECTION_CONNECTED메Code: 0
[6996] 2017/11/19 16:40:05.291 SK_SUBJECT_CONNECTION_CONNECTED메Code: 0
[7432] 2017/11/19 17:25:03.604 SK_SUBJECT_CONNECTION_CONNECTED메Code: 0
[10312] 2017/11/19 17:25:52.500 SK_SUBJECT_CONNECTION_CONNECTED메Code: 0
[7272] 2017/11/19 17:27:51.898 SK_SUBJECT_CONNECTION_CONNECTED메Code: 0
[9028] 2017/11/19 17:30:10.831 SK_SUBJECT_CONNECTION_CONNECTED메Code: 0
[6124] 2017/11/19 17:32:22.248 SK_SUBJECT_CONNECTION_CONNECTED메Code: 0
[7824] 2017/11/19 17:38:51.880 SK_SUBJECT_CONNECTION_CONNECTED메Code: 0
[7232] 2017/11/19 17:40:20.258 SK_SUBJECT_CONNECTION_CONNECTED메Code: 0
[4760] 2017/11/19 17:41:08.600 SK_SUBJECT_CONNECTION_CONNECTED메Code: 0
[3564] 2017/11/19 17:44:37.281 SK_SUBJECT_CONNECTION_CONNECTED메Code: 0
[1368] 2017/11/19 17:47:59.453 SK_SUBJECT_CONNECTION_CONNECTED메Code: 0
[1284] 2017/11/19 17:54:02.955 SK_SUBJECT_CONNECTION_CONNECTED메Code: 0
[3760] 2017/11/19 17:57:25.162 SK_SUBJECT_CONNECTION_CONNECTED메Code: 0
[7364] 2017/11/19 18:01:19.505 SK_SUBJECT_CONNECTION_CONNECTED메Code: 0
[4576] 2017/11/19 18:03:09.062 SK_SUBJECT_CONNECTION_CONNECTED메Code: 0
[8188] 2017/11/19 18:03:42.075 SK_SUBJECT_CONNECTION_CONNECTED메Code: 0
[4820] 2017/11/19 20:58:53.266 SK_SUBJECT_CONNECTION_CONNECTED메Code: 0
[804] 2017/11/19 21:09:33.303 SK_SUBJECT_CONNECTION_CONNECTED메Code: 0
[8092] 2017/11/19 21:11:41.652 SK_SUBJECT_CONNECTION_CONNECTED메Code: 0
[7272] 2017/11/19 21:14:14.040 SK_SUBJECT_CONNECTION_CONNECTED메Code: 0
[4548] 2017/11/19 21:21:53.238 SK_SUBJECT_CONNECTION_CONNECTED메Code: 0
[4548] 2017/11/19 21:23:04.266 -----------------------------------------------------------------
[3800] 2017/11/19 21:25:44.621 SK_SUBJECT_CONNECTION_CONNECTED메Code: 0
[8836] 2017/11/19 21:26:51.259 SK_SUBJECT_CONNECTION_CONNECTED메Code: 0
[11172] 2017/11/19 23:40:10.680 SK_SUBJECT_CONNECTION_CONNECTED메Code: 0
[4164] 2017/11/19 23:40:59.964 SK_SUBJECT_CONNECTION_CONNECTED메Code: 0
[8592] 2017/11/20 08:17:55.144 SK_SUBJECT_CONNECTION_CONNECTED메Code: 0
[2584] 2017/11/20 09:19:54.391 SK_SUBJECT_CONNECTION_CONNECTED메Code: 0
[6368] 2017/11/20 09:22:28.744 SK_SUBJECT_CONNECTION_CONNECTED메Code: 0
[10972] 2017/11/20 09:23:08.775 SK_SUBJECT_CONNECTION_CONNECTED메Code: 0
[804] 2017/11/20 09:24:20.848 SK_SUBJECT_CONNECTION_CONNECTED메Code: 0
[7920] 2017/11/20 09:26:55.238 SK_SUBJECT_CONNECTION_CONNECTED메Code: 0
[2804] 2017/11/20 09:36:37.427 SK_SUBJECT_CONNECTION_CONNECTED메Code: 0
[4684] 2017/11/20 09:38:24.236 SK_SUBJECT_CONNECTION_CONNECTED메Code: 0
[8784] 2017/11/20 09:41:23.267 SK_SUBJECT_CONNECTION_CONNECTED메Code: 0
[1424] 2017/11/20 09:43:29.469 SK_SUBJECT_CONNECTION_CONNECTED메Code: 0
[9136] 2017/11/20 09:45:57.094 SK_SUBJECT_CONNECTION_CONNECTED메Code: 0
[9136] 2017/11/20 09:47:38.034 -----------------------------------------------------------------
[8456] 2017/11/20 09:49:04.437 SK_SUBJECT_CONNECTION_CONNECTED메Code: 0
[2132] 2017/11/20 09:51:25.250 SK_SUBJECT_CONNECTION_CONNECTED메Code: 0
[3344] 2017/11/20 10:00:09.573 SK_SUBJECT_CONNECTION_CONNECTED메Code: 0
[1328] 2017/11/20 10:09:36.591 SK_SUBJECT_CONNECTION_CONNECTED메Code: 0
[10264] 2017/11/20 10:20:27.084 SK_SUBJECT_CONNECTION_CONNECTED메Code: 0
[7300] 2017/11/20 10:25:20.476 SK_SUBJECT_CONNECTION_CONNECTED메Code: 0
[9012] 2017/11/20 10:35:30.291 SK_SUBJECT_CONNECTION_CONNECTED메Code: 0
[4864] 2017/11/20 10:46:34.976 SK_SUBJECT_CONNECTION_CONNECTED메Code: 0
[4864] 2017/11/20 10:48:32.020 -----------------------------------------------------------------
[8052] 2017/11/20 10:53:14.846 SK_SUBJECT_CONNECTION_CONNECTED메Code: 0
[7296] 2017/11/20 10:54:29.908 SK_SUBJECT_CONNECTION_CONNECTED메Code: 0
[4760] 2017/11/20 10:56:26.047 SK_SUBJECT_CONNECTION_CONNECTED메Code: 0
[4760] 2017/11/20 10:58:26.105 -----------------------------------------------------------------
[10180] 2017/11/20 14:07:59.181 SK_SUBJECT_CONNECTION_CONNECTED메Code: 0
[10180] 2017/11/20 14:15:31.838 -----------------------------------------------------------------
[3196] 2017/11/20 14:16:29.351 SK_SUBJECT_CONNECTION_CONNECTED메Code: 0
[3196] 2017/11/20 14:17:38.109 -----------------------------------------------------------------
[4700] 2017/11/20 14:17:52.224 SK_SUBJECT_CONNECTION_CONNECTED메Code: 0
[6128] 2017/11/20 14:22:59.073 SK_SUBJECT_CONNECTION_CONNECTED메Code: 0
[5864] 2017/11/20 14:26:49.561 SK_SUBJECT_CONNECTION_CONNECTED메Code: 0
[7904] 2017/11/20 14:29:31.899 SK_SUBJECT_CONNECTION_CONNECTED메Code: 0
[8760] 2017/11/20 14:32:31.658 SK_SUBJECT_CONNECTION_CONNECTED메Code: 0
[8352] 2017/11/20 14:36:19.726 SK_SUBJECT_CONNECTION_CONNECTED메Code: 0
[7696] 2017/11/20 14:41:57.713 SK_SUBJECT_CONNECTION_CONNECTED메Code: 0
[10048] 2017/11/20 14:45:06.522 SK_SUBJECT_CONNECTION_CONNECTED메Code: 0
[5424] 2017/11/20 14:45:57.752 SK_SUBJECT_CONNECTION_CONNECTED메Code: 0
[9800] 2017/11/20 14:48:38.772 SK_SUBJECT_CONNECTION_CONNECTED메Code: 0
[6768] 2017/11/20 14:50:33.410 SK_SUBJECT_CONNECTION_CONNECTED메Code: 0
[9260] 2017/11/20 14:55:53.327 SK_SUBJECT_CONNECTION_CONNECTED메Code: 0
[2248] 2017/11/20 14:56:34.477 SK_SUBJECT_CONNECTION_CONNECTED메Code: 0
[8768] 2017/11/20 15:05:49.760 SK_SUBJECT_CONNECTION_CONNECTED메Code: 0
[7992] 2017/11/20 17:28:29.385 SK_SUBJECT_CONNECTION_CONNECTED메Code: 0
[8788] 2017/11/20 17:41:16.505 SK_SUBJECT_CONNECTION_CONNECTED메Code: 0
[4524] 2017/11/27 11:01:44.268 SK_SUBJECT_CONNECTION_CONNECTED메Code: 0
[4020] 2017/11/27 11:04:19.539 SK_SUBJECT_CONNECTION_CONNECTED메Code: 0
[9600] 2017/11/27 11:25:32.017 SK_SUBJECT_CONNECTION_CONNECTED메Code: 0
[12996] 2017/11/27 11:29:14.898 SK_SUBJECT_CONNECTION_CONNECTED메Code: 0
[12996] 2017/11/27 11:35:05.657 -----------------------------------------------------------------
[13376] 2017/11/27 11:52:22.679 SK_SUBJECT_CONNECTION_CONNECTED메Code: 0
[13376] 2017/11/27 12:02:04.996 -----------------------------------------------------------------
[10780] 2017/11/27 12:02:38.953 SK_SUBJECT_CONNECTION_CONNECTED메Code: 0
[3904] 2017/11/27 12:08:27.324 SK_SUBJECT_CONNECTION_CONNECTED메Code: 0
[14084] 2017/11/27 12:15:27.242 SK_SUBJECT_CONNECTION_CONNECTED메Code: 0
[14084] 2017/11/27 12:17:51.463 -----------------------------------------------------------------
[10600] 2017/11/27 12:31:28.522 SK_SUBJECT_CONNECTION_CONNECTED메Code: 0
[3400] 2017/11/27 12:42:48.862 SK_SUBJECT_CONNECTION_CONNECTED메Code: 0
[4548] 2017/11/27 12:44:22.426 SK_SUBJECT_CONNECTION_CONNECTED메Code: 0
[1796] 2017/11/27 12:45:43.377 SK_SUBJECT_CONNECTION_CONNECTED메Code: 0
[8020] 2017/11/27 12:51:28.350 SK_SUBJECT_CONNECTION_CONNECTED메Code: 0
[7416] 2017/11/27 13:46:26.444 SK_SUBJECT_CONNECTION_CONNECTED메Code: 0
[11260] 2017/11/27 13:48:32.286 SK_SUBJECT_CONNECTION_CONNECTED메Code: 0
[7644] 2017/11/27 13:50:09.542 SK_SUBJECT_CONNECTION_CONNECTED메Code: 0
[6564] 2017/11/27 14:11:07.254 SK_SUBJECT_CONNECTION_CONNECTED메Code: 0
[6564] 2017/11/27 14:12:57.954 -----------------------------------------------------------------
[7800] 2017/11/27 14:39:05.910 SK_SUBJECT_CONNECTION_CONNECTED메Code: 0
[14248] 2017/11/27 15:11:07.750 SK_SUBJECT_CONNECTION_CONNECTED메Code: 0
[8240] 2017/11/27 15:12:53.194 SK_SUBJECT_CONNECTION_CONNECTED메Code: 0
[1964] 2017/11/27 15:14:39.502 SK_SUBJECT_CONNECTION_CONNECTED메Code: 0
[2584] 2017/11/27 15:23:04.187 SK_SUBJECT_CONNECTION_CONNECTED메Code: 0
[11444] 2017/11/27 15:28:30.193 SK_SUBJECT_CONNECTION_CONNECTED메Code: 0
[11444] 2017/11/27 15:30:10.742 -----------------------------------------------------------------
[7012] 2017/11/27 15:38:32.137 SK_SUBJECT_CONNECTION_CONNECTED메Code: 0
[11248] 2017/11/27 15:39:18.359 SK_SUBJECT_CONNECTION_CONNECTED메Code: 0
[4732] 2017/11/27 15:40:17.008 SK_SUBJECT_CONNECTION_CONNECTED메Code: 0
[13120] 2017/11/27 15:41:36.134 SK_SUBJECT_CONNECTION_CONNECTED메Code: 0
[9324] 2017/11/27 15:47:29.048 SK_SUBJECT_CONNECTION_CONNECTED메Code: 0
[12748] 2017/11/27 16:20:32.088 SK_SUBJECT_CONNECTION_CONNECTED메Code: 0
[12904] 2017/11/27 16:21:01.866 SK_SUBJECT_CONNECTION_CONNECTED메Code: 0
[8628] 2017/11/27 16:24:52.529 SK_SUBJECT_CONNECTION_CONNECTED메Code: 0
[8628] 2017/11/27 16:29:32.786 -----------------------------------------------------------------
[2852] 2017/11/27 18:43:27.092 SK_SUBJECT_CONNECTION_CONNECTED메Code: 0
[12516] 2017/11/27 18:48:33.920 SK_SUBJECT_CONNECTION_CONNECTED메Code: 0
[10988] 2017/11/27 18:51:06.876 SK_SUBJECT_CONNECTION_CONNECTED메Code: 0
[13756] 2017/11/27 18:52:52.169 SK_SUBJECT_CONNECTION_CONNECTED메Code: 0
[9324] 2017/11/27 18:55:25.565 SK_SUBJECT_CONNECTION_CONNECTED메Code: 0
[11500] 2017/11/27 18:59:41.084 SK_SUBJECT_CONNECTION_CONNECTED메Code: 0
[1608] 2017/11/27 19:01:32.530 SK_SUBJECT_CONNECTION_CONNECTED메Code: 0
[11396] 2017/11/27 19:30:54.527 SK_SUBJECT_CONNECTION_CONNECTED메Code: 0
[8008] 2017/11/27 19:32:39.484 SK_SUBJECT_CONNECTION_CONNECTED메Code: 0
[6348] 2017/11/27 19:36:15.398 SK_SUBJECT_CONNECTION_CONNECTED메Code: 0
[11844] 2017/11/27 19:38:37.099 SK_SUBJECT_CONNECTION_CONNECTED메Code: 0
[6012] 2017/11/27 22:13:36.023 SK_SUBJECT_CONNECTION_CONNECTED메Code: 0
[12684] 2017/11/27 22:15:42.916 SK_SUBJECT_CONNECTION_CONNECTED메Code: 0
[12684] 2017/11/27 22:15:46.301 -----------------------------------------------------------------
[14152] 2017/11/27 22:16:35.443 SK_SUBJECT_CONNECTION_CONNECTED메Code: 0
[14152] 2017/11/27 22:24:17.877 -----------------------------------------------------------------
[14024] 2017/11/27 22:24:44.684 SK_SUBJECT_CONNECTION_CONNECTED메Code: 0
[12556] 2017/11/27 22:28:23.028 SK_SUBJECT_CONNECTION_CONNECTED메Code: 0
[4636] 2017/11/27 22:30:34.413 SK_SUBJECT_CONNECTION_CONNECTED메Code: 0
[8800] 2017/11/27 22:31:41.789 SK_SUBJECT_CONNECTION_CONNECTED메Code: 0
[11784] 2017/11/27 22:32:49.846 SK_SUBJECT_CONNECTION_CONNECTED메Code: 0
[11784] 2017/11/27 22:50:21.619 -----------------------------------------------------------------
[13376] 2017/11/27 22:52:19.288 SK_SUBJECT_CONNECTION_CONNECTED메Code: 0
[9724] 2017/11/27 22:54:20.217 SK_SUBJECT_CONNECTION_CONNECTED메Code: 0
[12732] 2017/11/27 22:56:08.080 SK_SUBJECT_CONNECTION_CONNECTED메Code: 0
[5532] 2017/11/27 23:01:59.622 SK_SUBJECT_CONNECTION_CONNECTED메Code: 0
[8676] 2017/11/27 23:09:24.172 SK_SUBJECT_CONNECTION_CONNECTED메Code: 0
[14104] 2017/11/27 23:10:32.298 SK_SUBJECT_CONNECTION_CONNECTED메Code: 0
[14104] 2017/11/27 23:41:13.719 SK_SUBJECT_CONNECTION_FAIL_WITHOUTNETWORK메Code: 3
[12740] 2017/11/27 00:02:39.656 SK_SUBJECT_CONNECTION_CONNECTED메Code: 0
[1816] 2017/11/28 09:46:10.485 SK_SUBJECT_CONNECTION_CONNECTED메Code: 0
[6404] 2017/11/28 09:47:15.648 SK_SUBJECT_CONNECTION_CONNECTED메Code: 0
[1772] 2017/11/28 09:47:58.342 SK_SUBJECT_CONNECTION_CONNECTED메Code: 0
[12336] 2017/11/28 09:53:33.326 SK_SUBJECT_CONNECTION_CONNECTED메Code: 0
[4092] 2017/11/28 09:56:35.519 SK_SUBJECT_CONNECTION_CONNECTED메Code: 0
[6080] 2017/11/28 09:57:24.043 SK_SUBJECT_CONNECTION_CONNECTED메Code: 0
[6700] 2017/11/28 17:13:00.220 SK_SUBJECT_CONNECTION_CONNECTED메Code: 0
[12960] 2017/11/28 17:13:40.819 SK_SUBJECT_CONNECTION_CONNECTED메Code: 0
[2288] 2017/11/28 18:20:21.807 SK_SUBJECT_CONNECTION_CONNECTED메Code: 0
[2288] 2017/11/28 18:20:42.468 -----------------------------------------------------------------
[164] 2017/11/28 18:20:56.696 SK_SUBJECT_CONNECTION_CONNECTED메Code: 0
[192] 2017/11/28 18:48:19.586 SK_SUBJECT_CONNECTION_CONNECTED메Code: 0
[13980] 2017/11/28 19:46:35.826 SK_SUBJECT_CONNECTION_CONNECTED메Code: 0
[2808] 2017/11/28 19:47:58.581 SK_SUBJECT_CONNECTION_CONNECTED메Code: 0
[6608] 2017/11/28 22:23:40.294 SK_SUBJECT_CONNECTION_CONNECTED메Code: 0
[3604] 2017/11/28 22:24:58.795 SK_SUBJECT_CONNECTION_CONNECTED메Code: 0
[12064] 2017/11/28 22:27:12.709 SK_SUBJECT_CONNECTION_CONNECTED메Code: 0
[11912] 2017/11/28 22:29:50.053 SK_SUBJECT_CONNECTION_CONNECTED메Code: 0
[5624] 2017/11/28 22:40:56.630 SK_SUBJECT_CONNECTION_CONNECTED메Code: 0
[7608] 2017/11/28 22:44:38.783 SK_SUBJECT_CONNECTION_CONNECTED메Code: 0
[7348] 2017/11/28 22:58:22.189 SK_SUBJECT_CONNECTION_CONNECTED메Code: 0
[13432] 2017/11/28 23:02:21.623 SK_SUBJECT_CONNECTION_CONNECTED메Code: 0
[8980] 2017/11/28 23:04:16.856 SK_SUBJECT_CONNECTION_CONNECTED메Code: 0
[3852] 2017/11/28 23:07:07.244 SK_SUBJECT_CONNECTION_CONNECTED메Code: 0
[11916] 2017/11/29 09:42:08.933 SK_SUBJECT_CONNECTION_CONNECTED메Code: 0
[3144] 2017/11/29 09:43:23.826 SK_SUBJECT_CONNECTION_CONNECTED메Code: 0
[12172] 2017/11/29 09:51:30.113 SK_SUBJECT_CONNECTION_CONNECTED메Code: 0
[9324] 2017/11/29 09:52:02.985 SK_SUBJECT_CONNECTION_CONNECTED메Code: 0
[7336] 2017/11/29 09:53:31.918 SK_SUBJECT_CONNECTION_CONNECTED메Code: 0
[11720] 2017/11/29 09:59:59.609 SK_SUBJECT_CONNECTION_CONNECTED메Code: 0
[4704] 2017/12/01 12:03:43.338 SK_SUBJECT_CONNECTION_CONNECTED메Code: 0
[10992] 2017/12/01 12:06:07.719 SK_SUBJECT_CONNECTION_CONNECTED메Code: 0
[12784] 2017/12/01 12:08:25.006 SK_SUBJECT_CONNECTION_CONNECTED메Code: 0
[10632] 2017/12/01 12:14:42.122 SK_SUBJECT_CONNECTION_CONNECTED메Code: 0
[10632] 2017/12/01 12:16:38.674 -----------------------------------------------------------------
[2396] 2017/12/01 12:17:40.046 SK_SUBJECT_CONNECTION_CONNECTED메Code: 0
[3840] 2017/12/01 12:19:42.487 SK_SUBJECT_CONNECTION_CONNECTED메Code: 0
[7932] 2017/12/01 15:17:46.774 SK_SUBJECT_CONNECTION_CONNECTED메Code: 0
[11552] 2017/12/01 15:19:25.726 SK_SUBJECT_CONNECTION_CONNECTED메Code: 0
[1476] 2017/12/01 20:06:59.405 SK_SUBJECT_CONNECTION_CONNECTED메Code: 0
[11992] 2017/12/01 20:09:04.159 SK_SUBJECT_CONNECTION_CONNECTED메Code: 0
[4032] 2017/12/01 20:11:19.729 SK_SUBJECT_CONNECTION_CONNECTED메Code: 0
[12280] 2017/12/01 20:21:53.565 SK_SUBJECT_CONNECTION_CONNECTED메Code: 0
[11468] 2017/12/01 20:22:39.543 SK_SUBJECT_CONNECTION_CONNECTED메Code: 0
[13736] 2017/12/01 20:24:16.708 SK_SUBJECT_CONNECTION_CONNECTED메Code: 0
[5904] 2017/12/01 20:25:43.842 SK_SUBJECT_CONNECTION_CONNECTED메Code: 0
[10100] 2017/12/01 20:29:10.035 SK_SUBJECT_CONNECTION_CONNECTED메Code: 0
[7512] 2017/12/01 20:31:54.463 SK_SUBJECT_CONNECTION_CONNECTED메Code: 0
[7968] 2017/12/01 20:35:06.462 SK_SUBJECT_CONNECTION_CONNECTED메Code: 0
[1760] 2017/12/01 20:37:57.103 SK_SUBJECT_CONNECTION_CONNECTED메Code: 0
[11632] 2017/12/01 20:39:33.563 SK_SUBJECT_CONNECTION_CONNECTED메Code: 0
[11960] 2017/12/01 20:47:18.042 SK_SUBJECT_CONNECTION_CONNECTED메Code: 0
[13428] 2017/12/01 20:48:33.372 SK_SUBJECT_CONNECTION_CONNECTED메Code: 0
[2144] 2017/12/01 20:50:09.698 SK_SUBJECT_CONNECTION_CONNECTED메Code: 0
[11984] 2017/12/01 20:53:57.307 SK_SUBJECT_CONNECTION_CONNECTED메Code: 0
[13068] 2017/12/01 20:55:15.749 SK_SUBJECT_CONNECTION_CONNECTED메Code: 0
[12380] 2017/12/02 17:05:46.437 SK_SUBJECT_CONNECTION_CONNECTED메Code: 0
[12380] 2017/12/02 17:06:13.835 SK_SUBJECT_CONNECTION_FAIL_WITHOUTNETWORK메Code: 3
[3172] 2017/12/02 17:10:15.552 SK_SUBJECT_CONNECTION_CONNECTED메Code: 0
[6000] 2017/12/02 17:16:02.226 SK_SUBJECT_CONNECTION_CONNECTED메Code: 0
[11560] 2017/12/02 17:19:49.719 SK_SUBJECT_CONNECTION_CONNECTED메Code: 0
[10600] 2017/12/02 17:32:00.682 SK_SUBJECT_CONNECTION_CONNECTED메Code: 0
[15260] 2017/12/02 17:34:16.797 SK_SUBJECT_CONNECTION_CONNECTED메Code: 0
[14696] 2017/12/02 17:34:58.754 SK_SUBJECT_CONNECTION_CONNECTED메Code: 0
[10792] 2017/12/02 17:35:52.034 SK_SUBJECT_CONNECTION_CONNECTED메Code: 0
[6168] 2017/12/02 17:41:45.252 SK_SUBJECT_CONNECTION_CONNECTED메Code: 0
[14544] 2017/12/02 17:45:41.802 SK_SUBJECT_CONNECTION_CONNECTED메Code: 0
[668] 2017/12/02 21:08:41.644 SK_SUBJECT_CONNECTION_CONNECTED메Code: 0
[3644] 2017/12/02 21:24:24.807 SK_SUBJECT_CONNECTION_CONNECTED메Code: 0
[10360] 2017/12/02 21:27:02.558 SK_SUBJECT_CONNECTION_CONNECTED메Code: 0
[9404] 2017/12/02 21:32:59.882 SK_SUBJECT_CONNECTION_CONNECTED메Code: 0
[1268] 2017/12/02 21:33:45.865 SK_SUBJECT_CONNECTION_CONNECTED메Code: 0
[32] 2017/12/02 21:35:56.521 SK_SUBJECT_CONNECTION_CONNECTED메Code: 0
[8168] 2017/12/02 21:38:02.027 SK_SUBJECT_CONNECTION_CONNECTED메Code: 0
[12608] 2017/12/02 21:46:39.522 SK_SUBJECT_CONNECTION_CONNECTED메Code: 0
[12560] 2017/12/02 22:01:12.806 SK_SUBJECT_CONNECTION_CONNECTED메Code: 0
[7656] 2017/12/02 22:31:34.008 SK_SUBJECT_CONNECTION_CONNECTED메Code: 0
[12960] 2017/12/02 22:35:09.721 SK_SUBJECT_CONNECTION_CONNECTED메Code: 0
[10988] 2017/12/02 22:36:45.031 SK_SUBJECT_CONNECTION_CONNECTED메Code: 0
[5644] 2017/12/02 22:38:44.424 SK_SUBJECT_CONNECTION_CONNECTED메Code: 0
[10504] 2017/12/02 22:45:42.918 SK_SUBJECT_CONNECTION_CONNECTED메Code: 0
[10504] 2017/12/02 22:47:50.241 -----------------------------------------------------------------
[15280] 2017/12/02 22:56:08.063 SK_SUBJECT_CONNECTION_CONNECTED메Code: 0
[3676] 2017/12/02 22:57:24.938 SK_SUBJECT_CONNECTION_CONNECTED메Code: 0
[5304] 2017/12/02 22:59:37.650 SK_SUBJECT_CONNECTION_CONNECTED메Code: 0
[14456] 2017/12/02 23:01:59.932 SK_SUBJECT_CONNECTION_CONNECTED메Code: 0
[14456] 2017/12/02 23:03:50.084 -----------------------------------------------------------------
[2588] 2017/12/02 23:04:03.708 SK_SUBJECT_CONNECTION_CONNECTED메Code: 0
[8016] 2017/12/02 23:05:59.919 SK_SUBJECT_CONNECTION_CONNECTED메Code: 0
[8016] 2017/12/02 23:09:13.819 -----------------------------------------------------------------
[2588] 2017/12/02 23:09:16.106 -----------------------------------------------------------------
[6264] 2017/12/02 23:26:29.079 SK_SUBJECT_CONNECTION_CONNECTED메Code: 0
[12260] 2017/12/02 23:32:21.891 SK_SUBJECT_CONNECTION_CONNECTED메Code: 0
[4032] 2017/12/03 11:45:03.925 SK_SUBJECT_CONNECTION_CONNECTED메Code: 0
[15096] 2017/12/03 12:31:00.613 SK_SUBJECT_CONNECTION_CONNECTED메Code: 0
[15096] 2017/12/03 12:51:08.813 -----------------------------------------------------------------
[1764] 2017/12/03 12:52:22.537 SK_SUBJECT_CONNECTION_CONNECTED메Code: 0
[1764] 2017/12/03 12:53:09.666 -----------------------------------------------------------------
[6996] 2017/12/03 12:53:19.539 SK_SUBJECT_CONNECTION_CONNECTED메Code: 0
[6996] 2017/12/03 12:54:09.276 -----------------------------------------------------------------
[11436] 2017/12/03 12:54:20.176 SK_SUBJECT_CONNECTION_CONNECTED메Code: 0
[11436] 2017/12/03 12:55:00.430 -----------------------------------------------------------------
[3692] 2017/12/03 12:55:10.200 SK_SUBJECT_CONNECTION_CONNECTED메Code: 0
[3692] 2017/12/03 12:56:10.048 -----------------------------------------------------------------
[12756] 2017/12/04 09:22:32.741 SK_SUBJECT_CONNECTION_CONNECTED메Code: 0
[12756] 2017/12/04 10:08:52.939 -----------------------------------------------------------------
[15472] 2017/12/04 10:10:42.728 SK_SUBJECT_CONNECTION_CONNECTED메Code: 0
[15940] 2017/12/04 10:33:17.693 SK_SUBJECT_CONNECTION_CONNECTED메Code: 0
[7124] 2017/12/04 10:35:13.657 SK_SUBJECT_CONNECTION_CONNECTED메Code: 0
[13012] 2017/12/04 10:44:31.793 SK_SUBJECT_CONNECTION_CONNECTED메Code: 0
[7228] 2017/12/04 10:46:39.192 SK_SUBJECT_CONNECTION_CONNECTED메Code: 0
[16376] 2017/12/04 10:54:08.354 SK_SUBJECT_CONNECTION_CONNECTED메Code: 0
[16376] 2017/12/04 10:55:02.175 -----------------------------------------------------------------
[3284] 2017/12/04 11:36:32.534 SK_SUBJECT_CONNECTION_CONNECTED메Code: 0
[12908] 2017/12/04 11:37:05.264 SK_SUBJECT_CONNECTION_CONNECTED메Code: 0
[2396] 2017/12/04 11:41:50.885 SK_SUBJECT_CONNECTION_CONNECTED메Code: 0
[5068] 2017/12/04 11:42:23.475 SK_SUBJECT_CONNECTION_CONNECTED메Code: 0
[13172] 2017/12/04 11:44:08.217 SK_SUBJECT_CONNECTION_CONNECTED메Code: 0
[7808] 2017/12/04 11:44:43.377 SK_SUBJECT_CONNECTION_CONNECTED메Code: 0
[7808] 2017/12/04 11:47:56.334 -----------------------------------------------------------------
[12380] 2017/12/04 11:52:39.248 SK_SUBJECT_CONNECTION_CONNECTED메Code: 0
[10336] 2017/12/04 12:15:38.622 SK_SUBJECT_CONNECTION_CONNECTED메Code: 0
[6360] 2017/12/04 12:30:47.678 SK_SUBJECT_CONNECTION_CONNECTED메Code: 0
[11772] 2017/12/04 12:32:55.263 SK_SUBJECT_CONNECTION_CONNECTED메Code: 0
[7668] 2017/12/04 12:42:09.173 SK_SUBJECT_CONNECTION_CONNECTED메Code: 0
[9240] 2017/12/04 12:43:01.870 SK_SUBJECT_CONNECTION_CONNECTED메Code: 0
[15036] 2017/12/04 12:43:44.135 SK_SUBJECT_CONNECTION_CONNECTED메Code: 0
[2204] 2017/12/04 13:52:45.057 SK_SUBJECT_CONNECTION_CONNECTED메Code: 0
[2204] 2017/12/04 13:53:00.501 SK_SUBJECT_CONNECTION_FAIL_WITHOUTNETWORK메Code: 3
[12960] 2017/12/04 13:54:22.826 SK_SUBJECT_CONNECTION_CONNECTED메Code: 0
[12396] 2017/12/04 13:57:16.751 SK_SUBJECT_CONNECTION_CONNECTED메Code: 0
[14028] 2017/12/04 14:01:46.780 SK_SUBJECT_CONNECTION_CONNECTED메Code: 0
[12048] 2017/12/04 14:02:20.159 SK_SUBJECT_CONNECTION_CONNECTED메Code: 0
[12048] 2017/12/04 14:02:57.621 -----------------------------------------------------------------
[6944] 2017/12/04 14:03:09.301 SK_SUBJECT_CONNECTION_CONNECTED메Code: 0
[6944] 2017/12/04 14:04:16.170 -----------------------------------------------------------------
[16272] 2017/12/04 14:09:51.143 SK_SUBJECT_CONNECTION_CONNECTED메Code: 0
[7264] 2017/12/04 14:10:26.275 SK_SUBJECT_CONNECTION_CONNECTED메Code: 0
[15768] 2017/12/04 14:12:24.053 SK_SUBJECT_CONNECTION_CONNECTED메Code: 0
[15548] 2017/12/04 14:14:04.434 SK_SUBJECT_CONNECTION_CONNECTED메Code: 0
[752] 2017/12/04 14:14:47.528 SK_SUBJECT_CONNECTION_CONNECTED메Code: 0
[15572] 2017/12/04 14:17:02.670 SK_SUBJECT_CONNECTION_CONNECTED메Code: 0
[15572] 2017/12/04 14:17:55.205 -----------------------------------------------------------------
[14460] 2017/12/04 14:18:05.535 SK_SUBJECT_CONNECTION_CONNECTED메Code: 0
[14460] 2017/12/04 14:29:08.278 -----------------------------------------------------------------
[5536] 2017/12/04 14:30:36.575 SK_SUBJECT_CONNECTION_CONNECTED메Code: 0
[5536] 2017/12/04 14:41:24.522 -----------------------------------------------------------------
[11632] 2017/12/04 14:41:41.273 SK_SUBJECT_CONNECTION_CONNECTED메Code: 0
[11632] 2017/12/04 14:42:53.601 -----------------------------------------------------------------
[9240] 2017/12/04 14:43:29.552 SK_SUBJECT_CONNECTION_CONNECTED메Code: 0
[9240] 2017/12/04 14:54:46.837 -----------------------------------------------------------------
[13316] 2017/12/04 14:58:11.458 SK_SUBJECT_CONNECTION_CONNECTED메Code: 0
[13316] 2017/12/04 14:59:02.800 -----------------------------------------------------------------
[9272] 2017/12/04 15:00:23.233 SK_SUBJECT_CONNECTION_CONNECTED메Code: 0
[9272] 2017/12/04 15:04:11.592 -----------------------------------------------------------------
[16076] 2017/12/04 15:08:29.376 SK_SUBJECT_CONNECTION_CONNECTED메Code: 0
[4448] 2017/12/04 15:14:09.051 SK_SUBJECT_CONNECTION_CONNECTED메Code: 0
[1132] 2017/12/04 15:16:17.744 SK_SUBJECT_CONNECTION_CONNECTED메Code: 0
[1248] 2017/12/04 15:16:50.326 SK_SUBJECT_CONNECTION_CONNECTED메Code: 0
[2772] 2017/12/04 15:17:21.313 SK_SUBJECT_CONNECTION_CONNECTED메Code: 0
[13256] 2017/12/04 15:18:24.575 SK_SUBJECT_CONNECTION_CONNECTED메Code: 0
[7656] 2017/12/04 15:19:04.621 SK_SUBJECT_CONNECTION_CONNECTED메Code: 0
[16020] 2017/12/04 15:19:38.008 SK_SUBJECT_CONNECTION_CONNECTED메Code: 0
[13096] 2017/12/04 15:20:32.128 SK_SUBJECT_CONNECTION_CONNECTED메Code: 0
[8860] 2017/12/04 15:22:14.680 SK_SUBJECT_CONNECTION_CONNECTED메Code: 0
[5324] 2017/12/04 15:25:52.555 SK_SUBJECT_CONNECTION_CONNECTED메Code: 0
[7524] 2017/12/04 15:27:49.541 SK_SUBJECT_CONNECTION_CONNECTED메Code: 0
[16336] 2017/12/04 15:34:14.960 SK_SUBJECT_CONNECTION_CONNECTED메Code: 0
[13440] 2017/12/04 15:45:19.100 SK_SUBJECT_CONNECTION_CONNECTED메Code: 0
[13440] 2017/12/04 16:27:40.012 -----------------------------------------------------------------
[11448] 2017/12/04 16:30:21.709 SK_SUBJECT_CONNECTION_CONNECTED메Code: 0
[13616] 2017/12/04 16:43:22.984 SK_SUBJECT_CONNECTION_CONNECTED메Code: 0
[13616] 2017/12/04 16:47:06.873 -----------------------------------------------------------------
[14756] 2017/12/04 16:51:16.070 SK_SUBJECT_CONNECTION_CONNECTED메Code: 0
[9672] 2017/12/04 16:51:51.765 SK_SUBJECT_CONNECTION_CONNECTED메Code: 0
[9672] 2017/12/04 17:13:33.307 -----------------------------------------------------------------
[5080] 2017/12/04 17:15:26.612 SK_SUBJECT_CONNECTION_CONNECTED메Code: 0
[3588] 2017/12/04 17:16:19.855 SK_SUBJECT_CONNECTION_CONNECTED메Code: 0
[14988] 2017/12/04 17:18:11.027 SK_SUBJECT_CONNECTION_CONNECTED메Code: 0
[10580] 2017/12/04 17:20:13.056 SK_SUBJECT_CONNECTION_CONNECTED메Code: 0
[3560] 2017/12/04 17:26:05.078 SK_SUBJECT_CONNECTION_CONNECTED메Code: 0
[2164] 2017/12/04 17:34:02.234 SK_SUBJECT_CONNECTION_CONNECTED메Code: 0
[2164] 2017/12/04 17:37:02.339 -----------------------------------------------------------------
[9768] 2017/12/04 17:40:01.075 SK_SUBJECT_CONNECTION_CONNECTED메Code: 0
[10160] 2017/12/04 20:47:17.107 SK_SUBJECT_CONNECTION_CONNECTED메Code: 0
[16716] 2017/12/04 20:48:29.100 SK_SUBJECT_CONNECTION_CONNECTED메Code: 0
[5624] 2017/12/04 20:50:11.306 SK_SUBJECT_CONNECTION_CONNECTED메Code: 0
[16880] 2017/12/04 20:58:39.688 SK_SUBJECT_CONNECTION_CONNECTED메Code: 0
[3012] 2017/12/04 20:59:41.803 SK_SUBJECT_CONNECTION_CONNECTED메Code: 0
[17056] 2017/12/04 21:03:51.458 SK_SUBJECT_CONNECTION_CONNECTED메Code: 0
[15944] 2017/12/04 21:12:06.855 SK_SUBJECT_CONNECTION_CONNECTED메Code: 0
[9180] 2017/12/04 21:14:27.979 SK_SUBJECT_CONNECTION_CONNECTED메Code: 0
[12912] 2017/12/04 21:16:39.580 SK_SUBJECT_CONNECTION_CONNECTED메Code: 0
[16016] 2017/12/04 21:48:35.172 SK_SUBJECT_CONNECTION_CONNECTED메Code: 0
[12328] 2017/12/04 21:49:03.641 SK_SUBJECT_CONNECTION_CONNECTED메Code: 0
[13420] 2017/12/04 21:50:41.061 SK_SUBJECT_CONNECTION_CONNECTED메Code: 0
[5392] 2017/12/04 21:52:02.497 SK_SUBJECT_CONNECTION_CONNECTED메Code: 0
[16444] 2017/12/04 21:55:57.607 SK_SUBJECT_CONNECTION_CONNECTED메Code: 0
[16944] 2017/12/04 21:56:42.292 SK_SUBJECT_CONNECTION_CONNECTED메Code: 0
[16304] 2017/12/04 21:57:41.706 SK_SUBJECT_CONNECTION_CONNECTED메Code: 0
[14460] 2017/12/04 21:59:59.606 SK_SUBJECT_CONNECTION_CONNECTED메Code: 0
[13180] 2017/12/04 22:01:13.792 SK_SUBJECT_CONNECTION_CONNECTED메Code: 0
[13420] 2017/12/04 22:02:32.892 SK_SUBJECT_CONNECTION_CONNECTED메Code: 0
[7720] 2017/12/04 22:06:11.594 SK_SUBJECT_CONNECTION_CONNECTED메Code: 0
[1824] 2017/12/04 22:07:23.658 SK_SUBJECT_CONNECTION_CONNECTED메Code: 0
[2728] 2017/12/04 22:14:29.727 SK_SUBJECT_CONNECTION_CONNECTED메Code: 0
[13164] 2017/12/04 22:19:55.589 SK_SUBJECT_CONNECTION_CONNECTED메Code: 0
[13760] 2017/12/04 22:21:01.454 SK_SUBJECT_CONNECTION_CONNECTED메Code: 0
[14072] 2017/12/06 09:23:57.711 SK_SUBJECT_CONNECTION_CONNECTED메Code: 0
[12404] 2017/12/06 09:24:49.268 SK_SUBJECT_CONNECTION_CONNECTED메Code: 0
[15836] 2017/12/06 09:25:53.961 SK_SUBJECT_CONNECTION_CONNECTED메Code: 0
[15836] 2017/12/06 09:35:12.427 -----------------------------------------------------------------
[14920] 2017/12/06 09:36:46.248 SK_SUBJECT_CONNECTION_CONNECTED메Code: 0
[14920] 2017/12/06 09:37:30.628 -----------------------------------------------------------------
[17352] 2017/12/06 09:37:40.738 SK_SUBJECT_CONNECTION_CONNECTED메Code: 0
[17352] 2017/12/06 09:37:45.129 -----------------------------------------------------------------
[2724] 2017/12/06 09:38:21.548 SK_SUBJECT_CONNECTION_CONNECTED메Code: 0
[2724] 2017/12/06 09:41:15.574 -----------------------------------------------------------------
[12432] 2017/12/06 10:57:07.300 SK_SUBJECT_CONNECTION_CONNECTED메Code: 0
[12432] 2017/12/06 10:58:20.079 -----------------------------------------------------------------
[16868] 2017/12/06 12:04:26.952 SK_SUBJECT_CONNECTION_CONNECTED메Code: 0
[6424] 2017/12/06 12:06:35.546 SK_SUBJECT_CONNECTION_CONNECTED메Code: 0
[6424] 2017/12/06 12:15:45.088 -----------------------------------------------------------------
[9796] 2017/12/06 12:17:29.380 SK_SUBJECT_CONNECTION_CONNECTED메Code: 0
[11908] 2017/12/06 20:28:46.562 SK_SUBJECT_CONNECTION_CONNECTED메Code: 0
[11528] 2017/12/06 20:29:26.753 SK_SUBJECT_CONNECTION_CONNECTED메Code: 0
[11604] 2017/12/06 20:30:12.211 SK_SUBJECT_CONNECTION_CONNECTED메Code: 0
[12136] 2017/12/06 20:32:27.508 SK_SUBJECT_CONNECTION_CONNECTED메Code: 0
[6524] 2017/12/06 20:33:23.233 SK_SUBJECT_CONNECTION_CONNECTED메Code: 0
[12184] 2017/12/06 20:36:47.647 SK_SUBJECT_CONNECTION_CONNECTED메Code: 0
[11584] 2017/12/06 20:37:45.358 SK_SUBJECT_CONNECTION_CONNECTED메Code: 0
[6492] 2017/12/06 20:38:36.364 SK_SUBJECT_CONNECTION_CONNECTED메Code: 0
[11288] 2017/12/06 20:39:34.077 SK_SUBJECT_CONNECTION_CONNECTED메Code: 0
[10464] 2017/12/06 20:40:28.678 SK_SUBJECT_CONNECTION_CONNECTED메Code: 0
[11384] 2017/12/06 20:41:02.870 SK_SUBJECT_CONNECTION_CONNECTED메Code: 0
[10736] 2017/12/06 20:42:22.563 SK_SUBJECT_CONNECTION_CONNECTED메Code: 0
[11936] 2017/12/06 20:43:52.654 SK_SUBJECT_CONNECTION_CONNECTED메Code: 0
[180] 2017/12/06 20:45:24.719 SK_SUBJECT_CONNECTION_CONNECTED메Code: 0
[9748] 2017/12/06 20:46:34.415 SK_SUBJECT_CONNECTION_CONNECTED메Code: 0
[6860] 2017/12/06 20:47:15.840 SK_SUBJECT_CONNECTION_CONNECTED메Code: 0
[3120] 2017/12/06 20:48:16.167 SK_SUBJECT_CONNECTION_CONNECTED메Code: 0
[9492] 2017/12/06 20:48:53.394 SK_SUBJECT_CONNECTION_CONNECTED메Code: 0
[8200] 2017/12/06 20:53:55.518 SK_SUBJECT_CONNECTION_CONNECTED메Code: 0
[11424] 2017/12/06 20:54:36.760 SK_SUBJECT_CONNECTION_CONNECTED메Code: 0
[8060] 2017/12/06 20:55:03.936 SK_SUBJECT_CONNECTION_CONNECTED메Code: 0
[6764] 2017/12/06 20:55:25.808 SK_SUBJECT_CONNECTION_CONNECTED메Code: 0
[11752] 2017/12/06 20:56:12.710 SK_SUBJECT_CONNECTION_CONNECTED메Code: 0
[10972] 2017/12/06 20:57:54.099 SK_SUBJECT_CONNECTION_CONNECTED메Code: 0
[12008] 2017/12/06 20:59:24.078 SK_SUBJECT_CONNECTION_CONNECTED메Code: 0
[12008] 2017/12/06 20:59:34.916 -----------------------------------------------------------------
[3800] 2017/12/06 21:00:16.270 SK_SUBJECT_CONNECTION_CONNECTED메Code: 0
[7160] 2017/12/06 21:02:08.404 SK_SUBJECT_CONNECTION_CONNECTED메Code: 0
[3196] 2017/12/06 21:02:38.997 SK_SUBJECT_CONNECTION_CONNECTED메Code: 0
[1324] 2017/12/06 21:06:34.173 SK_SUBJECT_CONNECTION_CONNECTED메Code: 0
[1392] 2017/12/06 21:07:29.392 SK_SUBJECT_CONNECTION_CONNECTED메Code: 0
[6944] 2017/12/06 21:08:24.417 SK_SUBJECT_CONNECTION_CONNECTED메Code: 0
[9772] 2017/12/06 21:10:19.834 SK_SUBJECT_CONNECTION_CONNECTED메Code: 0
[1836] 2017/12/06 21:11:58.580 SK_SUBJECT_CONNECTION_CONNECTED메Code: 0
[3456] 2017/12/06 21:12:33.561 SK_SUBJECT_CONNECTION_CONNECTED메Code: 0
[5576] 2017/12/06 21:13:27.277 SK_SUBJECT_CONNECTION_CONNECTED메Code: 0
[7172] 2017/12/06 21:14:13.254 SK_SUBJECT_CONNECTION_CONNECTED메Code: 0
[5644] 2017/12/06 21:14:40.487 SK_SUBJECT_CONNECTION_CONNECTED메Code: 0
[5644] 2017/12/06 21:14:47.631 -----------------------------------------------------------------
[148] 2017/12/06 21:16:28.856 SK_SUBJECT_CONNECTION_CONNECTED메Code: 0
[8660] 2017/12/06 22:12:29.877 SK_SUBJECT_CONNECTION_CONNECTED메Code: 0
[6032] 2017/12/07 06:57:24.696 SK_SUBJECT_CONNECTION_CONNECTED메Code: 0
[6032] 2017/12/07 06:58:06.745 -----------------------------------------------------------------
[7160] 2017/12/07 06:59:30.007 SK_SUBJECT_CONNECTION_CONNECTED메Code: 0
[6784] 2017/12/07 07:00:30.334 SK_SUBJECT_CONNECTION_CONNECTED메Code: 0
[6784] 2017/12/07 07:01:06.744 -----------------------------------------------------------------
[7032] 2017/12/07 07:46:16.950 SK_SUBJECT_CONNECTION_CONNECTED메Code: 0
[8968] 2017/12/07 08:06:40.594 SK_SUBJECT_CONNECTION_CONNECTED메Code: 0
[7484] 2017/12/07 08:12:06.314 SK_SUBJECT_CONNECTION_CONNECTED메Code: 0
[9788] 2017/12/07 08:13:12.928 SK_SUBJECT_CONNECTION_CONNECTED메Code: 0
[8840] 2017/12/07 08:14:56.538 SK_SUBJECT_CONNECTION_CONNECTED메Code: 0
[5896] 2017/12/07 08:26:00.221 SK_SUBJECT_CONNECTION_CONNECTED메Code: 0
[9720] 2017/12/07 08:27:07.007 SK_SUBJECT_CONNECTION_CONNECTED메Code: 0
[3640] 2017/12/07 08:27:44.698 SK_SUBJECT_CONNECTION_CONNECTED메Code: 0
[10232] 2017/12/07 08:28:15.064 SK_SUBJECT_CONNECTION_CONNECTED메Code: 0
[10232] 2017/12/07 08:28:48.879 -----------------------------------------------------------------
[11256] 2017/12/07 08:29:01.105 SK_SUBJECT_CONNECTION_CONNECTED메Code: 0
[11256] 2017/12/07 08:29:44.980 -----------------------------------------------------------------
[2848] 2017/12/07 08:30:03.681 SK_SUBJECT_CONNECTION_CONNECTED메Code: 0
[4848] 2017/12/07 08:52:35.567 SK_SUBJECT_CONNECTION_CONNECTED메Code: 0
[10368] 2017/12/07 10:28:02.191 SK_SUBJECT_CONNECTION_CONNECTED메Code: 0
[10368] 2017/12/07 10:30:12.944 -----------------------------------------------------------------
[2912] 2017/12/07 10:30:48.265 SK_SUBJECT_CONNECTION_CONNECTED메Code: 0
[2912] 2017/12/07 10:31:48.653 -----------------------------------------------------------------
[3356] 2017/12/07 10:32:40.444 SK_SUBJECT_CONNECTION_CONNECTED메Code: 0
[3356] 2017/12/07 10:33:47.415 -----------------------------------------------------------------
[348] 2017/12/07 10:54:34.382 SK_SUBJECT_CONNECTION_CONNECTED메Code: 0
[1820] 2017/12/07 10:56:09.392 SK_SUBJECT_CONNECTION_CONNECTED메Code: 0
[9892] 2017/12/07 11:00:29.625 SK_SUBJECT_CONNECTION_CONNECTED메Code: 0
[9024] 2017/12/07 11:02:08.778 SK_SUBJECT_CONNECTION_CONNECTED메Code: 0
[9012] 2017/12/07 11:35:41.588 SK_SUBJECT_CONNECTION_CONNECTED메Code: 0
[9072] 2017/12/07 11:37:39.827 SK_SUBJECT_CONNECTION_CONNECTED메Code: 0
[5620] 2017/12/07 11:39:10.197 SK_SUBJECT_CONNECTION_CONNECTED메Code: 0
[8604] 2017/12/07 11:45:57.158 SK_SUBJECT_CONNECTION_CONNECTED메Code: 0
[8932] 2017/12/07 11:50:52.906 SK_SUBJECT_CONNECTION_CONNECTED메Code: 0
[8932] 2017/12/07 11:53:32.057 -----------------------------------------------------------------
[10476] 2017/12/07 11:54:02.262 SK_SUBJECT_CONNECTION_CONNECTED메Code: 0
[10476] 2017/12/07 11:55:42.866 -----------------------------------------------------------------
[5384] 2017/12/07 12:00:02.352 SK_SUBJECT_CONNECTION_CONNECTED메Code: 0
[6572] 2017/12/07 12:02:57.240 SK_SUBJECT_CONNECTION_CONNECTED메Code: 0
[7160] 2017/12/07 12:04:25.568 SK_SUBJECT_CONNECTION_CONNECTED메Code: 0
[8988] 2017/12/07 12:08:11.892 SK_SUBJECT_CONNECTION_CONNECTED메Code: 0
[7632] 2017/12/07 12:09:50.117 SK_SUBJECT_CONNECTION_CONNECTED메Code: 0
[4080] 2017/12/07 12:12:44.556 SK_SUBJECT_CONNECTION_CONNECTED메Code: 0
[7456] 2017/12/07 12:16:32.605 SK_SUBJECT_CONNECTION_CONNECTED메Code: 0
[7608] 2017/12/07 12:42:13.123 SK_SUBJECT_CONNECTION_CONNECTED메Code: 0
[4996] 2017/12/07 13:32:26.869 SK_SUBJECT_CONNECTION_CONNECTED메Code: 0
[8656] 2017/12/07 13:35:51.813 SK_SUBJECT_CONNECTION_CONNECTED메Code: 0
[11820] 2017/12/07 13:37:02.176 SK_SUBJECT_CONNECTION_CONNECTED메Code: 0
[4492] 2017/12/07 13:49:46.224 SK_SUBJECT_CONNECTION_CONNECTED메Code: 0
[8456] 2017/12/07 13:56:17.846 SK_SUBJECT_CONNECTION_CONNECTED메Code: 0
[9728] 2017/12/07 13:58:50.710 SK_SUBJECT_CONNECTION_CONNECTED메Code: 0
[11892] 2017/12/07 14:03:10.725 SK_SUBJECT_CONNECTION_CONNECTED메Code: 0
[5280] 2017/12/07 14:07:44.822 SK_SUBJECT_CONNECTION_CONNECTED메Code: 0
[11608] 2017/12/07 14:10:30.064 SK_SUBJECT_CONNECTION_CONNECTED메Code: 0
[11644] 2017/12/07 16:44:21.837 SK_SUBJECT_CONNECTION_CONNECTED메Code: 0
[8532] 2017/12/07 20:28:14.731 SK_SUBJECT_CONNECTION_CONNECTED메Code: 0
[10996] 2017/12/07 20:29:12.903 SK_SUBJECT_CONNECTION_CONNECTED메Code: 0
[12844] 2017/12/07 20:29:56.944 SK_SUBJECT_CONNECTION_CONNECTED메Code: 0
[12844] 2017/12/07 20:30:35.993 -----------------------------------------------------------------
[3488] 2017/12/07 20:34:20.462 SK_SUBJECT_CONNECTION_CONNECTED메Code: 0
[3488] 2017/12/07 20:34:57.484 -----------------------------------------------------------------
[12760] 2017/12/07 20:35:14.759 SK_SUBJECT_CONNECTION_CONNECTED메Code: 0
[12760] 2017/12/07 20:36:00.954 -----------------------------------------------------------------
[13860] 2017/12/08 10:08:52.956 SK_SUBJECT_CONNECTION_CONNECTED메Code: 0
[12596] 2017/12/08 10:13:22.162 SK_SUBJECT_CONNECTION_CONNECTED메Code: 0
[14020] 2017/12/08 10:20:02.695 SK_SUBJECT_CONNECTION_CONNECTED메Code: 0
[11952] 2017/12/08 10:35:18.050 SK_SUBJECT_CONNECTION_CONNECTED메Code: 0
[11876] 2017/12/08 10:38:37.242 SK_SUBJECT_CONNECTION_CONNECTED메Code: 0
[11876] 2017/12/08 10:42:50.773 -----------------------------------------------------------------
[12452] 2017/12/08 10:44:35.261 SK_SUBJECT_CONNECTION_CONNECTED메Code: 0
[11436] 2017/12/08 10:47:49.170 SK_SUBJECT_CONNECTION_CONNECTED메Code: 0
[13828] 2017/12/08 10:55:21.433 SK_SUBJECT_CONNECTION_CONNECTED메Code: 0
[12920] 2017/12/08 11:02:55.826 SK_SUBJECT_CONNECTION_CONNECTED메Code: 0
[13960] 2017/12/08 11:04:35.351 SK_SUBJECT_CONNECTION_CONNECTED메Code: 0
[14120] 2017/12/08 11:06:24.104 SK_SUBJECT_CONNECTION_CONNECTED메Code: 0
[8152] 2017/12/08 11:07:37.030 SK_SUBJECT_CONNECTION_CONNECTED메Code: 0
[8152] 2017/12/08 11:09:33.525 -----------------------------------------------------------------
[14292] 2017/12/08 11:10:14.900 SK_SUBJECT_CONNECTION_CONNECTED메Code: 0
[14292] 2017/12/08 11:15:53.072 -----------------------------------------------------------------
[6336] 2017/12/08 11:39:47.859 SK_SUBJECT_CONNECTION_CONNECTED메Code: 0
[14180] 2017/12/08 11:42:47.081 SK_SUBJECT_CONNECTION_CONNECTED메Code: 0
[10836] 2017/12/08 11:43:35.081 SK_SUBJECT_CONNECTION_CONNECTED메Code: 0
[12340] 2017/12/08 11:44:18.014 SK_SUBJECT_CONNECTION_CONNECTED메Code: 0
[10132] 2017/12/08 11:45:37.885 SK_SUBJECT_CONNECTION_CONNECTED메Code: 0
[12328] 2017/12/08 14:54:03.882 SK_SUBJECT_CONNECTION_CONNECTED메Code: 0
[12296] 2017/12/08 14:59:59.087 SK_SUBJECT_CONNECTION_CONNECTED메Code: 0
[10172] 2017/12/08 15:01:01.645 SK_SUBJECT_CONNECTION_CONNECTED메Code: 0
[10512] 2017/12/08 17:23:15.390 SK_SUBJECT_CONNECTION_CONNECTED메Code: 0
[13604] 2017/12/08 17:24:18.874 SK_SUBJECT_CONNECTION_CONNECTED메Code: 0
[14236] 2017/12/08 17:30:21.094 SK_SUBJECT_CONNECTION_CONNECTED메Code: 0
[11340] 2017/12/08 17:32:40.997 SK_SUBJECT_CONNECTION_CONNECTED메Code: 0
[11340] 2017/12/08 19:01:33.009 SK_SUBJECT_CONNECTION_FAIL_WITHOUTNETWORK메Code: 3
[14108] 2017/12/08 19:12:52.635 SK_SUBJECT_CONNECTION_CONNECTED메Code: 0
[14108] 2017/12/08 19:14:08.370 -----------------------------------------------------------------
[12868] 2017/12/08 19:15:11.152 SK_SUBJECT_CONNECTION_CONNECTED메Code: 0
[15244] 2017/12/08 19:25:27.621 SK_SUBJECT_CONNECTION_CONNECTED메Code: 0
[7564] 2017/12/08 19:29:07.949 SK_SUBJECT_CONNECTION_CONNECTED메Code: 0
[12688] 2017/12/08 19:30:54.635 SK_SUBJECT_CONNECTION_CONNECTED메Code: 0
[12688] 2017/12/08 19:32:50.279 -----------------------------------------------------------------
[11584] 2017/12/09 17:25:23.215 SK_SUBJECT_CONNECTION_CONNECTED메Code: 0
[8256] 2017/12/09 17:26:37.663 SK_SUBJECT_CONNECTION_CONNECTED메Code: 0
[15236] 2017/12/09 17:27:10.682 SK_SUBJECT_CONNECTION_CONNECTED메Code: 0
[15236] 2017/12/09 17:28:18.602 -----------------------------------------------------------------
[10012] 2017/12/09 19:41:16.262 SK_SUBJECT_CONNECTION_CONNECTED메Code: 0
[14524] 2017/12/09 19:44:18.768 SK_SUBJECT_CONNECTION_CONNECTED메Code: 0
[2680] 2017/12/09 20:19:28.741 SK_SUBJECT_CONNECTION_CONNECTED메Code: 0
[15088] 2017/12/09 20:22:56.264 SK_SUBJECT_CONNECTION_CONNECTED메Code: 0
[15088] 2017/12/09 20:25:32.441 -----------------------------------------------------------------
[14588] 2017/12/09 20:29:55.786 SK_SUBJECT_CONNECTION_CONNECTED메Code: 0
[6488] 2017/12/09 20:32:48.134 SK_SUBJECT_CONNECTION_CONNECTED메Code: 0
[13256] 2017/12/09 20:45:37.589 SK_SUBJECT_CONNECTION_CONNECTED메Code: 0
[14220] 2017/12/09 20:51:32.490 SK_SUBJECT_CONNECTION_CONNECTED메Code: 0
[11712] 2017/12/09 20:53:43.911 SK_SUBJECT_CONNECTION_CONNECTED메Code: 0
[15100] 2017/12/09 21:05:28.136 SK_SUBJECT_CONNECTION_CONNECTED메Code: 0
[5500] 2017/12/09 21:08:43.536 SK_SUBJECT_CONNECTION_CONNECTED메Code: 0
[15120] 2017/12/11 17:45:25.318 SK_SUBJECT_CONNECTION_CONNECTED메Code: 0
[9584] 2017/12/11 17:58:01.090 SK_SUBJECT_CONNECTION_CONNECTED메Code: 0
[12792] 2017/12/12 11:45:47.598 SK_SUBJECT_CONNECTION_CONNECTED메Code: 0
[12796] 2017/12/12 12:01:25.576 SK_SUBJECT_CONNECTION_CONNECTED메Code: 0
[8880] 2017/12/12 12:03:36.600 SK_SUBJECT_CONNECTION_CONNECTED메Code: 0
[15920] 2017/12/12 12:09:42.874 SK_SUBJECT_CONNECTION_CONNECTED메Code: 0
[9656] 2017/12/12 12:15:45.815 SK_SUBJECT_CONNECTION_CONNECTED메Code: 0
[13308] 2017/12/12 12:16:36.697 SK_SUBJECT_CONNECTION_CONNECTED메Code: 0
[11700] 2017/12/12 12:19:37.312 SK_SUBJECT_CONNECTION_CONNECTED메Code: 0
[15484] 2017/12/12 12:33:06.186 SK_SUBJECT_CONNECTION_CONNECTED메Code: 0
[10440] 2017/12/12 12:35:54.359 SK_SUBJECT_CONNECTION_CONNECTED메Code: 0
[15180] 2017/12/12 12:36:37.625 SK_SUBJECT_CONNECTION_CONNECTED메Code: 0
[7640] 2017/12/12 12:43:08.995 SK_SUBJECT_CONNECTION_CONNECTED메Code: 0
[15852] 2017/12/12 12:44:15.615 SK_SUBJECT_CONNECTION_CONNECTED메Code: 0
[15372] 2017/12/12 12:46:32.283 SK_SUBJECT_CONNECTION_CONNECTED메Code: 0
[11332] 2017/12/12 15:02:02.226 SK_SUBJECT_CONNECTION_CONNECTED메Code: 0
[14064] 2017/12/12 15:03:35.492 SK_SUBJECT_CONNECTION_CONNECTED메Code: 0
[12852] 2017/12/12 15:07:07.324 SK_SUBJECT_CONNECTION_CONNECTED메Code: 0
[12636] 2017/12/12 15:15:48.737 SK_SUBJECT_CONNECTION_CONNECTED메Code: 0
[11388] 2017/12/12 15:23:50.026 SK_SUBJECT_CONNECTION_CONNECTED메Code: 0
[15364] 2017/12/12 15:26:59.982 SK_SUBJECT_CONNECTION_CONNECTED메Code: 0
[13372] 2017/12/12 15:28:54.316 SK_SUBJECT_CONNECTION_CONNECTED메Code: 0
[13832] 2017/12/12 15:35:57.777 SK_SUBJECT_CONNECTION_CONNECTED메Code: 0
[16260] 2017/12/12 17:37:36.099 SK_SUBJECT_CONNECTION_CONNECTED메Code: 0
[13856] 2017/12/12 17:38:49.182 SK_SUBJECT_CONNECTION_CONNECTED메Code: 0
[12748] 2017/12/12 17:40:50.177 SK_SUBJECT_CONNECTION_CONNECTED메Code: 0
[4836] 2017/12/12 17:43:00.887 SK_SUBJECT_CONNECTION_CONNECTED메Code: 0
[14324] 2017/12/12 17:58:39.107 SK_SUBJECT_CONNECTION_CONNECTED메Code: 0
[9684] 2017/12/12 17:59:20.818 SK_SUBJECT_CONNECTION_CONNECTED메Code: 0
[15068] 2017/12/12 18:00:48.463 SK_SUBJECT_CONNECTION_CONNECTED메Code: 0
[13204] 2017/12/12 19:51:00.138 SK_SUBJECT_CONNECTION_CONNECTED메Code: 0
[15800] 2017/12/12 20:00:00.244 SK_SUBJECT_CONNECTION_CONNECTED메Code: 0
[15004] 2017/12/14 16:24:05.031 SK_SUBJECT_CONNECTION_CONNECTED메Code: 0
[6116] 2017/12/14 16:26:48.609 SK_SUBJECT_CONNECTION_CONNECTED메Code: 0
[15868] 2017/12/14 16:38:56.113 SK_SUBJECT_CONNECTION_CONNECTED메Code: 0
[11976] 2017/12/14 16:44:39.585 SK_SUBJECT_CONNECTION_CONNECTED메Code: 0
[15064] 2017/12/14 16:46:08.556 SK_SUBJECT_CONNECTION_CONNECTED메Code: 0
[13852] 2017/12/14 16:49:46.667 SK_SUBJECT_CONNECTION_CONNECTED메Code: 0
[13852] 2017/12/14 16:52:26.457 -----------------------------------------------------------------
[12964] 2017/12/14 16:52:47.682 SK_SUBJECT_CONNECTION_CONNECTED메Code: 0
[14436] 2017/12/14 16:58:47.110 SK_SUBJECT_CONNECTION_CONNECTED메Code: 0
[9396] 2017/12/14 17:34:07.034 SK_SUBJECT_CONNECTION_CONNECTED메Code: 0
[15836] 2017/12/14 18:06:49.081 SK_SUBJECT_CONNECTION_CONNECTED메Code: 0
[16608] 2017/12/14 23:00:48.951 SK_SUBJECT_CONNECTION_CONNECTED메Code: 0
[3188] 2017/12/17 17:13:12.788 SK_SUBJECT_CONNECTION_CONNECTED메Code: 0
[9548] 2017/12/17 17:15:46.288 SK_SUBJECT_CONNECTION_CONNECTED메Code: 0
[12060] 2017/12/17 17:20:29.534 SK_SUBJECT_CONNECTION_CONNECTED메Code: 0
[5804] 2017/12/17 17:21:16.876 SK_SUBJECT_CONNECTION_CONNECTED메Code: 0
[6612] 2017/12/17 17:31:42.380 SK_SUBJECT_CONNECTION_CONNECTED메Code: 0
[11384] 2017/12/18 22:23:42.460 SK_SUBJECT_CONNECTION_CONNECTED메Code: 0
[10472] 2017/12/18 22:24:19.433 SK_SUBJECT_CONNECTION_CONNECTED메Code: 0
[2076] 2017/12/18 22:31:19.194 SK_SUBJECT_CONNECTION_CONNECTED메Code: 0
[12152] 2017/12/18 22:33:13.107 SK_SUBJECT_CONNECTION_CONNECTED메Code: 0
[4580] 2017/12/18 22:35:10.238 SK_SUBJECT_CONNECTION_CONNECTED메Code: 0
[2316] 2017/12/18 22:36:04.506 SK_SUBJECT_CONNECTION_CONNECTED메Code: 0
[12136] 2017/12/18 22:39:04.431 SK_SUBJECT_CONNECTION_CONNECTED메Code: 0
[10844] 2017/12/18 22:42:49.683 SK_SUBJECT_CONNECTION_CONNECTED메Code: 0
[13300] 2017/12/18 22:44:24.585 SK_SUBJECT_CONNECTION_CONNECTED메Code: 0
[1448] 2017/12/18 22:45:42.283 SK_SUBJECT_CONNECTION_CONNECTED메Code: 0
[12016] 2017/12/18 22:46:17.559 SK_SUBJECT_CONNECTION_CONNECTED메Code: 0
[8424] 2017/12/19 14:16:39.134 SK_SUBJECT_CONNECTION_CONNECTED메Code: 0
[5532] 2017/12/19 14:19:15.872 SK_SUBJECT_CONNECTION_CONNECTED메Code: 0
[1844] 2017/12/19 14:37:29.865 SK_SUBJECT_CONNECTION_CONNECTED메Code: 0
[11136] 2017/12/19 14:48:20.543 SK_SUBJECT_CONNECTION_CONNECTED메Code: 0
[7060] 2017/12/19 14:58:12.848 SK_SUBJECT_CONNECTION_CONNECTED메Code: 0
[2736] 2017/12/19 15:07:51.633 SK_SUBJECT_CONNECTION_CONNECTED메Code: 0
[12300] 2017/12/19 15:09:00.084 SK_SUBJECT_CONNECTION_CONNECTED메Code: 0
[944] 2017/12/19 15:09:39.012 SK_SUBJECT_CONNECTION_CONNECTED메Code: 0
[944] 2017/12/19 15:57:53.513 SK_SUBJECT_CONNECTION_FAIL_WITHOUTNETWORK메Code: 3
[9624] 2017/12/19 16:44:08.354 SK_SUBJECT_CONNECTION_CONNECTED메Code: 0
[3976] 2017/12/19 16:49:11.111 SK_SUBJECT_CONNECTION_CONNECTED메Code: 0
[12372] 2017/12/19 16:54:23.621 SK_SUBJECT_CONNECTION_CONNECTED메Code: 0
[12740] 2017/12/19 16:54:56.503 SK_SUBJECT_CONNECTION_CONNECTED메Code: 0
[1032] 2017/12/20 10:09:03.338 SK_SUBJECT_CONNECTION_CONNECTED메Code: 0
[6728] 2017/12/20 10:09:55.402 SK_SUBJECT_CONNECTION_CONNECTED메Code: 0
[10988] 2017/12/20 10:22:35.067 SK_SUBJECT_CONNECTION_CONNECTED메Code: 0
[12756] 2017/12/20 10:44:44.793 SK_SUBJECT_CONNECTION_CONNECTED메Code: 0
[11672] 2017/12/20 10:48:48.480 SK_SUBJECT_CONNECTION_CONNECTED메Code: 0
[2956] 2017/12/20 10:51:20.145 SK_SUBJECT_CONNECTION_CONNECTED메Code: 0
[6380] 2017/12/20 10:52:05.432 SK_SUBJECT_CONNECTION_CONNECTED메Code: 0
[9248] 2017/12/20 10:56:13.687 SK_SUBJECT_CONNECTION_CONNECTED메Code: 0
[10000] 2017/12/20 11:11:35.359 SK_SUBJECT_CONNECTION_CONNECTED메Code: 0
[11144] 2017/12/20 11:14:39.013 SK_SUBJECT_CONNECTION_CONNECTED메Code: 0
[10284] 2017/12/20 11:15:36.256 SK_SUBJECT_CONNECTION_CONNECTED메Code: 0
[10764] 2017/12/20 11:18:24.175 SK_SUBJECT_CONNECTION_CONNECTED메Code: 0
[10764] 2017/12/20 11:19:02.148 -----------------------------------------------------------------
[7496] 2017/12/20 11:20:04.633 SK_SUBJECT_CONNECTION_CONNECTED메Code: 0
[10340] 2017/12/20 11:21:25.936 SK_SUBJECT_CONNECTION_CONNECTED메Code: 0
[4156] 2017/12/20 11:23:19.069 SK_SUBJECT_CONNECTION_CONNECTED메Code: 0
[8116] 2017/12/20 11:26:13.238 SK_SUBJECT_CONNECTION_CONNECTED메Code: 0
[9192] 2017/12/20 11:27:07.518 SK_SUBJECT_CONNECTION_CONNECTED메Code: 0
[1652] 2017/12/20 11:28:12.142 SK_SUBJECT_CONNECTION_CONNECTED메Code: 0
[560] 2017/12/20 11:29:00.119 SK_SUBJECT_CONNECTION_CONNECTED메Code: 0
[7956] 2017/12/20 11:46:34.997 SK_SUBJECT_CONNECTION_CONNECTED메Code: 0
[6928] 2017/12/20 11:47:13.251 SK_SUBJECT_CONNECTION_CONNECTED메Code: 0
[8120] 2017/12/20 11:56:10.944 SK_SUBJECT_CONNECTION_CONNECTED메Code: 0
[2336] 2017/12/20 11:56:55.417 SK_SUBJECT_CONNECTION_CONNECTED메Code: 0
[7224] 2017/12/20 12:02:48.278 SK_SUBJECT_CONNECTION_CONNECTED메Code: 0
[8476] 2017/12/20 12:17:10.461 SK_SUBJECT_CONNECTION_CONNECTED메Code: 0
[3060] 2017/12/20 12:20:14.233 SK_SUBJECT_CONNECTION_CONNECTED메Code: 0
[1892] 2017/12/20 12:21:49.549 SK_SUBJECT_CONNECTION_CONNECTED메Code: 0
[9188] 2017/12/20 12:22:16.973 SK_SUBJECT_CONNECTION_CONNECTED메Code: 0
[1272] 2017/12/20 12:28:06.617 SK_SUBJECT_CONNECTION_CONNECTED메Code: 0
[1272] 2017/12/20 12:28:37.683 -----------------------------------------------------------------
[10268] 2017/12/20 12:29:06.586 SK_SUBJECT_CONNECTION_CONNECTED메Code: 0
[6372] 2017/12/20 12:31:06.109 SK_SUBJECT_CONNECTION_CONNECTED메Code: 0
[6296] 2017/12/20 12:33:07.739 SK_SUBJECT_CONNECTION_CONNECTED메Code: 0
[5108] 2017/12/20 12:33:31.432 SK_SUBJECT_CONNECTION_CONNECTED메Code: 0
[6440] 2017/12/20 12:34:30.744 SK_SUBJECT_CONNECTION_CONNECTED메Code: 0
[9340] 2017/12/20 12:43:39.297 SK_SUBJECT_CONNECTION_CONNECTED메Code: 0
[5880] 2017/12/20 12:44:29.912 SK_SUBJECT_CONNECTION_CONNECTED메Code: 0
[9368] 2017/12/20 12:47:40.416 SK_SUBJECT_CONNECTION_CONNECTED메Code: 0
[3904] 2017/12/20 13:19:16.672 SK_SUBJECT_CONNECTION_CONNECTED메Code: 0
[7564] 2017/12/20 13:20:29.159 SK_SUBJECT_CONNECTION_CONNECTED메Code: 0
[7220] 2017/12/20 13:35:33.199 SK_SUBJECT_CONNECTION_CONNECTED메Code: 0
[7436] 2017/12/20 13:44:41.789 SK_SUBJECT_CONNECTION_CONNECTED메Code: 0
[6812] 2017/12/20 13:46:27.556 SK_SUBJECT_CONNECTION_CONNECTED메Code: 0
[7896] 2017/12/20 13:50:10.195 SK_SUBJECT_CONNECTION_CONNECTED메Code: 0
[2376] 2017/12/20 13:51:19.200 SK_SUBJECT_CONNECTION_CONNECTED메Code: 0
[5708] 2017/12/20 13:54:23.980 SK_SUBJECT_CONNECTION_CONNECTED메Code: 0
[10520] 2017/12/20 13:55:24.619 SK_SUBJECT_CONNECTION_CONNECTED메Code: 0
[2916] 2017/12/20 14:02:52.036 SK_SUBJECT_CONNECTION_CONNECTED메Code: 0
[8640] 2017/12/20 14:25:29.749 SK_SUBJECT_CONNECTION_CONNECTED메Code: 0
[3592] 2017/12/20 14:41:32.674 SK_SUBJECT_CONNECTION_CONNECTED메Code: 0
[8364] 2017/12/20 16:39:30.549 SK_SUBJECT_CONNECTION_CONNECTED메Code: 0
[5460] 2017/12/20 16:53:33.777 SK_SUBJECT_CONNECTION_CONNECTED메Code: 0
[5460] 2017/12/20 16:54:54.173 SK_SUBJECT_CONNECTION_CONNECTED메Code: 0
[2652] 2017/12/20 17:14:00.008 SK_SUBJECT_CONNECTION_CONNECTED메Code: 0
[5084] 2017/12/20 17:16:08.390 SK_SUBJECT_CONNECTION_CONNECTED메Code: 0
[8404] 2017/12/20 17:29:45.111 SK_SUBJECT_CONNECTION_CONNECTED메Code: 0
[8404] 2017/12/20 17:30:31.818 SK_SUBJECT_CONNECTION_CONNECTED메Code: 0
[5512] 2017/12/20 17:31:37.576 SK_SUBJECT_CONNECTION_CONNECTED메Code: 0
[5512] 2017/12/20 19:35:49.496 SK_SUBJECT_CONNECTION_CONNECTED메Code: 0
[10124] 2017/12/20 20:05:20.809 SK_SUBJECT_CONNECTION_CONNECTED메Code: 0
[4060] 2017/12/20 20:07:29.762 SK_SUBJECT_CONNECTION_CONNECTED메Code: 0
[10644] 2017/12/20 20:09:27.282 SK_SUBJECT_CONNECTION_CONNECTED메Code: 0
[216] 2017/12/21 11:29:26.999 SK_SUBJECT_CONNECTION_CONNECTED메Code: 0
[12304] 2017/12/21 11:34:56.574 SK_SUBJECT_CONNECTION_CONNECTED메Code: 0
[6316] 2017/12/21 11:36:51.828 SK_SUBJECT_CONNECTION_CONNECTED메Code: 0
